CRITICAL - 2022-02-23 00:29:40 --> Undefined variable: filterData
#0 /home/webdev/backend/app/Controllers/Information/Tutorialcontroller.php(12): CodeIgniter\Debug\Exceptions->errorHandler(8, 'Undefined varia...', '/home/webdev/ba...', 12, Array)
#1 /home/webdev/backend/vendor/codeigniter4/framework/system/CodeIgniter.php(918): App\Controllers\Information\Tutorialcontroller->index()
#2 /home/webdev/backend/vendor/codeigniter4/framework/system/CodeIgniter.php(404): CodeIgniter\CodeIgniter->runController(Object(App\Controllers\Information\Tutorialcontroller))
#3 /home/webdev/backend/vendor/codeigniter4/framework/system/CodeIgniter.php(312): CodeIgniter\CodeIgniter->handleRequest(NULL, Object(Config\Cache), false)
#4 /home/webdev/backend/index.php(45): CodeIgniter\CodeIgniter->run()
#5 {main}
CRITICAL - 2022-02-23 00:30:57 --> Undefined variable: filterData
#0 /home/webdev/backend/app/Views/menuinformation/add_infotutorial.php(33): CodeIgniter\Debug\Exceptions->errorHandler(8, 'Undefined varia...', '/home/webdev/ba...', 33, Array)
#1 /home/webdev/backend/vendor/codeigniter4/framework/system/View/View.php(246): include('/home/webdev/ba...')
#2 /home/webdev/backend/vendor/codeigniter4/framework/system/View/View.php(525): CodeIgniter\View\View->render('menuinformation...', NULL, true)
#3 /home/webdev/backend/app/Views/menuinformation/view_infotutorial.php(67): CodeIgniter\View\View->include('menuinformation...')
#4 /home/webdev/backend/vendor/codeigniter4/framework/system/View/View.php(246): include('/home/webdev/ba...')
#5 /home/webdev/backend/vendor/codeigniter4/framework/system/Common.php(1119): CodeIgniter\View\View->render('menuinformation...', Array, true)
#6 /home/webdev/backend/app/Controllers/Information/Tutorialcontroller.php(16): view('menuinformation...')
#7 /home/webdev/backend/vendor/codeigniter4/framework/system/CodeIgniter.php(918): App\Controllers\Information\Tutorialcontroller->index()
#8 /home/webdev/backend/vendor/codeigniter4/framework/system/CodeIgniter.php(404): CodeIgniter\CodeIgniter->runController(Object(App\Controllers\Information\Tutorialcontroller))
#9 /home/webdev/backend/vendor/codeigniter4/framework/system/CodeIgniter.php(312): CodeIgniter\CodeIgniter->handleRequest(NULL, Object(Config\Cache), false)
#10 /home/webdev/backend/index.php(45): CodeIgniter\CodeIgniter->run()
#11 {main}
CRITICAL - 2022-02-23 00:34:00 --> Undefined variable: filterData
#0 /home/webdev/backend/app/Views/menuinformation/add_infotutorial.php(33): CodeIgniter\Debug\Exceptions->errorHandler(8, 'Undefined varia...', '/home/webdev/ba...', 33, Array)
#1 /home/webdev/backend/vendor/codeigniter4/framework/system/View/View.php(246): include('/home/webdev/ba...')
#2 /home/webdev/backend/vendor/codeigniter4/framework/system/View/View.php(525): CodeIgniter\View\View->render('menuinformation...', NULL, true)
#3 /home/webdev/backend/app/Views/menuinformation/view_infotutorial.php(67): CodeIgniter\View\View->include('menuinformation...')
#4 /home/webdev/backend/vendor/codeigniter4/framework/system/View/View.php(246): include('/home/webdev/ba...')
#5 /home/webdev/backend/vendor/codeigniter4/framework/system/Common.php(1119): CodeIgniter\View\View->render('menuinformation...', Array, true)
#6 /home/webdev/backend/app/Controllers/Information/Tutorialcontroller.php(16): view('menuinformation...')
#7 /home/webdev/backend/vendor/codeigniter4/framework/system/CodeIgniter.php(918): App\Controllers\Information\Tutorialcontroller->index()
#8 /home/webdev/backend/vendor/codeigniter4/framework/system/CodeIgniter.php(404): CodeIgniter\CodeIgniter->runController(Object(App\Controllers\Information\Tutorialcontroller))
#9 /home/webdev/backend/vendor/codeigniter4/framework/system/CodeIgniter.php(312): CodeIgniter\CodeIgniter->handleRequest(NULL, Object(Config\Cache), false)
#10 /home/webdev/backend/index.php(45): CodeIgniter\CodeIgniter->run()
#11 {main}
CRITICAL - 2022-02-23 00:34:01 --> Undefined variable: filterData
#0 /home/webdev/backend/app/Views/menuinformation/add_infotutorial.php(33): CodeIgniter\Debug\Exceptions->errorHandler(8, 'Undefined varia...', '/home/webdev/ba...', 33, Array)
#1 /home/webdev/backend/vendor/codeigniter4/framework/system/View/View.php(246): include('/home/webdev/ba...')
#2 /home/webdev/backend/vendor/codeigniter4/framework/system/View/View.php(525): CodeIgniter\View\View->render('menuinformation...', NULL, true)
#3 /home/webdev/backend/app/Views/menuinformation/view_infotutorial.php(67): CodeIgniter\View\View->include('menuinformation...')
#4 /home/webdev/backend/vendor/codeigniter4/framework/system/View/View.php(246): include('/home/webdev/ba...')
#5 /home/webdev/backend/vendor/codeigniter4/framework/system/Common.php(1119): CodeIgniter\View\View->render('menuinformation...', Array, true)
#6 /home/webdev/backend/app/Controllers/Information/Tutorialcontroller.php(16): view('menuinformation...')
#7 /home/webdev/backend/vendor/codeigniter4/framework/system/CodeIgniter.php(918): App\Controllers\Information\Tutorialcontroller->index()
#8 /home/webdev/backend/vendor/codeigniter4/framework/system/CodeIgniter.php(404): CodeIgniter\CodeIgniter->runController(Object(App\Controllers\Information\Tutorialcontroller))
#9 /home/webdev/backend/vendor/codeigniter4/framework/system/CodeIgniter.php(312): CodeIgniter\CodeIgniter->handleRequest(NULL, Object(Config\Cache), false)
#10 /home/webdev/backend/index.php(45): CodeIgniter\CodeIgniter->run()
#11 {main}
CRITICAL - 2022-02-23 00:34:03 --> Undefined variable: filterData
#0 /home/webdev/backend/app/Views/menuinformation/add_infotutorial.php(33): CodeIgniter\Debug\Exceptions->errorHandler(8, 'Undefined varia...', '/home/webdev/ba...', 33, Array)
#1 /home/webdev/backend/vendor/codeigniter4/framework/system/View/View.php(246): include('/home/webdev/ba...')
#2 /home/webdev/backend/vendor/codeigniter4/framework/system/View/View.php(525): CodeIgniter\View\View->render('menuinformation...', NULL, true)
#3 /home/webdev/backend/app/Views/menuinformation/view_infotutorial.php(67): CodeIgniter\View\View->include('menuinformation...')
#4 /home/webdev/backend/vendor/codeigniter4/framework/system/View/View.php(246): include('/home/webdev/ba...')
#5 /home/webdev/backend/vendor/codeigniter4/framework/system/Common.php(1119): CodeIgniter\View\View->render('menuinformation...', Array, true)
#6 /home/webdev/backend/app/Controllers/Information/Tutorialcontroller.php(16): view('menuinformation...')
#7 /home/webdev/backend/vendor/codeigniter4/framework/system/CodeIgniter.php(918): App\Controllers\Information\Tutorialcontroller->index()
#8 /home/webdev/backend/vendor/codeigniter4/framework/system/CodeIgniter.php(404): CodeIgniter\CodeIgniter->runController(Object(App\Controllers\Information\Tutorialcontroller))
#9 /home/webdev/backend/vendor/codeigniter4/framework/system/CodeIgniter.php(312): CodeIgniter\CodeIgniter->handleRequest(NULL, Object(Config\Cache), false)
#10 /home/webdev/backend/index.php(45): CodeIgniter\CodeIgniter->run()
#11 {main}
