CRITICAL - 2022-07-18 20:01:02 --> unlink(public/assets/files/tabel_sakti/TSAK1507220705.xlsx): No such file or directory
#0 [internal function]: CodeIgniter\Debug\Exceptions->errorHandler()
#1 /public_html/monika.panensaham.com/backend/app/Controllers/Features/Tsakticontroller.php(427): unlink()
#2 /public_html/monika.panensaham.com/backend/vendor/codeigniter4/framework/system/CodeIgniter.php(918): App\Controllers\Features\Tsakticontroller->hapusdata()
#3 /public_html/monika.panensaham.com/backend/vendor/codeigniter4/framework/system/CodeIgniter.php(404): CodeIgniter\CodeIgniter->runController()
#4 /public_html/monika.panensaham.com/backend/vendor/codeigniter4/framework/system/CodeIgniter.php(312): CodeIgniter\CodeIgniter->handleRequest()
#5 /public_html/monika.panensaham.com/backend/index.php(45): CodeIgniter\CodeIgniter->run()
#6 {main}
CRITICAL - 2022-07-18 20:01:08 --> unlink(public/assets/files/tabel_sakti/TSAK1507220711.xlsx): No such file or directory
#0 [internal function]: CodeIgniter\Debug\Exceptions->errorHandler()
#1 /public_html/monika.panensaham.com/backend/app/Controllers/Features/Tsakticontroller.php(427): unlink()
#2 /public_html/monika.panensaham.com/backend/vendor/codeigniter4/framework/system/CodeIgniter.php(918): App\Controllers\Features\Tsakticontroller->hapusdata()
#3 /public_html/monika.panensaham.com/backend/vendor/codeigniter4/framework/system/CodeIgniter.php(404): CodeIgniter\CodeIgniter->runController()
#4 /public_html/monika.panensaham.com/backend/vendor/codeigniter4/framework/system/CodeIgniter.php(312): CodeIgniter\CodeIgniter->handleRequest()
#5 /public_html/monika.panensaham.com/backend/index.php(45): CodeIgniter\CodeIgniter->run()
#6 {main}
CRITICAL - 2022-07-18 20:01:13 --> unlink(public/assets/files/tabel_sakti/TSAK1407220708.xlsx): No such file or directory
#0 [internal function]: CodeIgniter\Debug\Exceptions->errorHandler()
#1 /public_html/monika.panensaham.com/backend/app/Controllers/Features/Tsakticontroller.php(427): unlink()
#2 /public_html/monika.panensaham.com/backend/vendor/codeigniter4/framework/system/CodeIgniter.php(918): App\Controllers\Features\Tsakticontroller->hapusdata()
#3 /public_html/monika.panensaham.com/backend/vendor/codeigniter4/framework/system/CodeIgniter.php(404): CodeIgniter\CodeIgniter->runController()
#4 /public_html/monika.panensaham.com/backend/vendor/codeigniter4/framework/system/CodeIgniter.php(312): CodeIgniter\CodeIgniter->handleRequest()
#5 /public_html/monika.panensaham.com/backend/index.php(45): CodeIgniter\CodeIgniter->run()
#6 {main}
CRITICAL - 2022-07-18 20:17:22 --> unlink(public/assets/files/tabel_sakti/TSAK1807220701.xlsx): No such file or directory
#0 [internal function]: CodeIgniter\Debug\Exceptions->errorHandler()
#1 /public_html/monika.panensaham.com/backend/app/Controllers/Features/Tsakticontroller.php(427): unlink()
#2 /public_html/monika.panensaham.com/backend/vendor/codeigniter4/framework/system/CodeIgniter.php(918): App\Controllers\Features\Tsakticontroller->hapusdata()
#3 /public_html/monika.panensaham.com/backend/vendor/codeigniter4/framework/system/CodeIgniter.php(404): CodeIgniter\CodeIgniter->runController()
#4 /public_html/monika.panensaham.com/backend/vendor/codeigniter4/framework/system/CodeIgniter.php(312): CodeIgniter\CodeIgniter->handleRequest()
#5 /public_html/monika.panensaham.com/backend/index.php(45): CodeIgniter\CodeIgniter->run()
#6 {main}
