CRITICAL - 2021-03-01 01:20:39 --> Unable to connect to the database.
#0 /public_html/dev-monika-ps/backend/vendor/codeigniter4/framework/system/Database/BaseConnection.php(646): CodeIgniter\Database\BaseConnection->initialize()
#1 /public_html/dev-monika-ps/backend/vendor/codeigniter4/framework/system/Database/BaseBuilder.php(1860): CodeIgniter\Database\BaseConnection->query('SELECT *\nFROM `...', Array, false)
#2 /public_html/dev-monika-ps/backend/vendor/codeigniter4/framework/system/Model.php(404): CodeIgniter\Database\BaseBuilder->get()
#3 /public_html/dev-monika-ps/backend/app/Models/LoginModel.php(9): CodeIgniter\Model->find()
#4 /public_html/dev-monika-ps/backend/app/Controllers/Login.php(65): App\Models\LoginModel->login('admin@admin.com')
#5 /public_html/dev-monika-ps/backend/vendor/codeigniter4/framework/system/CodeIgniter.php(918): App\Controllers\Login->auth()
#6 /public_html/dev-monika-ps/backend/vendor/codeigniter4/framework/system/CodeIgniter.php(404): CodeIgniter\CodeIgniter->runController(Object(App\Controllers\Login))
#7 /public_html/dev-monika-ps/backend/vendor/codeigniter4/framework/system/CodeIgniter.php(312): CodeIgniter\CodeIgniter->handleRequest(NULL, Object(Config\Cache), false)
#8 /public_html/dev-monika-ps/backend/index.php(45): CodeIgniter\CodeIgniter->run()
#9 {main}
CRITICAL - 2021-03-01 01:21:36 --> Unable to connect to the database.
#0 /public_html/dev-monika-ps/backend/vendor/codeigniter4/framework/system/Database/BaseConnection.php(646): CodeIgniter\Database\BaseConnection->initialize()
#1 /public_html/dev-monika-ps/backend/vendor/codeigniter4/framework/system/Database/BaseBuilder.php(1860): CodeIgniter\Database\BaseConnection->query('SELECT *\nFROM `...', Array, false)
#2 /public_html/dev-monika-ps/backend/vendor/codeigniter4/framework/system/Model.php(404): CodeIgniter\Database\BaseBuilder->get()
#3 /public_html/dev-monika-ps/backend/app/Models/LoginModel.php(9): CodeIgniter\Model->find()
#4 /public_html/dev-monika-ps/backend/app/Controllers/Login.php(65): App\Models\LoginModel->login('admin@admin.com')
#5 /public_html/dev-monika-ps/backend/vendor/codeigniter4/framework/system/CodeIgniter.php(918): App\Controllers\Login->auth()
#6 /public_html/dev-monika-ps/backend/vendor/codeigniter4/framework/system/CodeIgniter.php(404): CodeIgniter\CodeIgniter->runController(Object(App\Controllers\Login))
#7 /public_html/dev-monika-ps/backend/vendor/codeigniter4/framework/system/CodeIgniter.php(312): CodeIgniter\CodeIgniter->handleRequest(NULL, Object(Config\Cache), false)
#8 /public_html/dev-monika-ps/backend/index.php(45): CodeIgniter\CodeIgniter->run()
#9 {main}
CRITICAL - 2021-03-01 01:22:26 --> Unable to connect to the database.
#0 /public_html/dev-monika-ps/backend/vendor/codeigniter4/framework/system/Database/BaseConnection.php(646): CodeIgniter\Database\BaseConnection->initialize()
#1 /public_html/dev-monika-ps/backend/vendor/codeigniter4/framework/system/Database/BaseBuilder.php(1860): CodeIgniter\Database\BaseConnection->query('SELECT *\nFROM `...', Array, false)
#2 /public_html/dev-monika-ps/backend/vendor/codeigniter4/framework/system/Model.php(404): CodeIgniter\Database\BaseBuilder->get()
#3 /public_html/dev-monika-ps/backend/app/Models/LoginModel.php(9): CodeIgniter\Model->find()
#4 /public_html/dev-monika-ps/backend/app/Controllers/Login.php(65): App\Models\LoginModel->login('admin@admin.com')
#5 /public_html/dev-monika-ps/backend/vendor/codeigniter4/framework/system/CodeIgniter.php(918): App\Controllers\Login->auth()
#6 /public_html/dev-monika-ps/backend/vendor/codeigniter4/framework/system/CodeIgniter.php(404): CodeIgniter\CodeIgniter->runController(Object(App\Controllers\Login))
#7 /public_html/dev-monika-ps/backend/vendor/codeigniter4/framework/system/CodeIgniter.php(312): CodeIgniter\CodeIgniter->handleRequest(NULL, Object(Config\Cache), false)
#8 /public_html/dev-monika-ps/backend/index.php(45): CodeIgniter\CodeIgniter->run()
#9 {main}
CRITICAL - 2021-03-01 01:23:11 --> Unable to connect to the database.
#0 /public_html/dev-monika-ps/backend/vendor/codeigniter4/framework/system/Database/BaseConnection.php(646): CodeIgniter\Database\BaseConnection->initialize()
#1 /public_html/dev-monika-ps/backend/vendor/codeigniter4/framework/system/Database/BaseBuilder.php(1860): CodeIgniter\Database\BaseConnection->query('SELECT *\nFROM `...', Array, false)
#2 /public_html/dev-monika-ps/backend/vendor/codeigniter4/framework/system/Model.php(404): CodeIgniter\Database\BaseBuilder->get()
#3 /public_html/dev-monika-ps/backend/app/Models/LoginModel.php(9): CodeIgniter\Model->find()
#4 /public_html/dev-monika-ps/backend/app/Controllers/Login.php(65): App\Models\LoginModel->login('admin@admin.com')
#5 /public_html/dev-monika-ps/backend/vendor/codeigniter4/framework/system/CodeIgniter.php(918): App\Controllers\Login->auth()
#6 /public_html/dev-monika-ps/backend/vendor/codeigniter4/framework/system/CodeIgniter.php(404): CodeIgniter\CodeIgniter->runController(Object(App\Controllers\Login))
#7 /public_html/dev-monika-ps/backend/vendor/codeigniter4/framework/system/CodeIgniter.php(312): CodeIgniter\CodeIgniter->handleRequest(NULL, Object(Config\Cache), false)
#8 /public_html/dev-monika-ps/backend/index.php(45): CodeIgniter\CodeIgniter->run()
#9 {main}
CRITICAL - 2021-03-01 03:29:07 --> Duplicate entry 'KMED010321' for key 'PRIMARY'
#0 /public_html/dev-monika-ps/backend/vendor/codeigniter4/framework/system/Database/MySQLi/Connection.php(331): mysqli->query('INSERT INTO `me...')
#1 /public_html/dev-monika-ps/backend/vendor/codeigniter4/framework/system/Database/BaseConnection.php(741): CodeIgniter\Database\MySQLi\Connection->execute('INSERT INTO `me...')
#2 /public_html/dev-monika-ps/backend/vendor/codeigniter4/framework/system/Database/BaseConnection.php(669): CodeIgniter\Database\BaseConnection->simpleQuery('INSERT INTO `me...')
#3 /public_html/dev-monika-ps/backend/vendor/codeigniter4/framework/system/Database/BaseBuilder.php(2249): CodeIgniter\Database\BaseConnection->query('INSERT INTO `me...', Array, false)
#4 /public_html/dev-monika-ps/backend/vendor/codeigniter4/framework/system/Model.php(755): CodeIgniter\Database\BaseBuilder->insert()
#5 /public_html/dev-monika-ps/backend/app/Controllers/Media/Videomedcontroller.php(192): CodeIgniter\Model->insert(Array)
#6 /public_html/dev-monika-ps/backend/vendor/codeigniter4/framework/system/CodeIgniter.php(918): App\Controllers\Media\Videomedcontroller->simpandata()
#7 /public_html/dev-monika-ps/backend/vendor/codeigniter4/framework/system/CodeIgniter.php(404): CodeIgniter\CodeIgniter->runController(Object(App\Controllers\Media\Videomedcontroller))
#8 /public_html/dev-monika-ps/backend/vendor/codeigniter4/framework/system/CodeIgniter.php(312): CodeIgniter\CodeIgniter->handleRequest(NULL, Object(Config\Cache), false)
#9 /public_html/dev-monika-ps/backend/index.php(45): CodeIgniter\CodeIgniter->run()
#10 {main}
CRITICAL - 2021-03-01 03:29:26 --> Duplicate entry 'KMED010321' for key 'PRIMARY'
#0 /public_html/dev-monika-ps/backend/vendor/codeigniter4/framework/system/Database/MySQLi/Connection.php(331): mysqli->query('INSERT INTO `me...')
#1 /public_html/dev-monika-ps/backend/vendor/codeigniter4/framework/system/Database/BaseConnection.php(741): CodeIgniter\Database\MySQLi\Connection->execute('INSERT INTO `me...')
#2 /public_html/dev-monika-ps/backend/vendor/codeigniter4/framework/system/Database/BaseConnection.php(669): CodeIgniter\Database\BaseConnection->simpleQuery('INSERT INTO `me...')
#3 /public_html/dev-monika-ps/backend/vendor/codeigniter4/framework/system/Database/BaseBuilder.php(2249): CodeIgniter\Database\BaseConnection->query('INSERT INTO `me...', Array, false)
#4 /public_html/dev-monika-ps/backend/vendor/codeigniter4/framework/system/Model.php(755): CodeIgniter\Database\BaseBuilder->insert()
#5 /public_html/dev-monika-ps/backend/app/Controllers/Media/Videomedcontroller.php(192): CodeIgniter\Model->insert(Array)
#6 /public_html/dev-monika-ps/backend/vendor/codeigniter4/framework/system/CodeIgniter.php(918): App\Controllers\Media\Videomedcontroller->simpandata()
#7 /public_html/dev-monika-ps/backend/vendor/codeigniter4/framework/system/CodeIgniter.php(404): CodeIgniter\CodeIgniter->runController(Object(App\Controllers\Media\Videomedcontroller))
#8 /public_html/dev-monika-ps/backend/vendor/codeigniter4/framework/system/CodeIgniter.php(312): CodeIgniter\CodeIgniter->handleRequest(NULL, Object(Config\Cache), false)
#9 /public_html/dev-monika-ps/backend/index.php(45): CodeIgniter\CodeIgniter->run()
#10 {main}
CRITICAL - 2021-03-01 03:29:29 --> Duplicate entry 'KMED010321' for key 'PRIMARY'
#0 /public_html/dev-monika-ps/backend/vendor/codeigniter4/framework/system/Database/MySQLi/Connection.php(331): mysqli->query('INSERT INTO `me...')
#1 /public_html/dev-monika-ps/backend/vendor/codeigniter4/framework/system/Database/BaseConnection.php(741): CodeIgniter\Database\MySQLi\Connection->execute('INSERT INTO `me...')
#2 /public_html/dev-monika-ps/backend/vendor/codeigniter4/framework/system/Database/BaseConnection.php(669): CodeIgniter\Database\BaseConnection->simpleQuery('INSERT INTO `me...')
#3 /public_html/dev-monika-ps/backend/vendor/codeigniter4/framework/system/Database/BaseBuilder.php(2249): CodeIgniter\Database\BaseConnection->query('INSERT INTO `me...', Array, false)
#4 /public_html/dev-monika-ps/backend/vendor/codeigniter4/framework/system/Model.php(755): CodeIgniter\Database\BaseBuilder->insert()
#5 /public_html/dev-monika-ps/backend/app/Controllers/Media/Videomedcontroller.php(192): CodeIgniter\Model->insert(Array)
#6 /public_html/dev-monika-ps/backend/vendor/codeigniter4/framework/system/CodeIgniter.php(918): App\Controllers\Media\Videomedcontroller->simpandata()
#7 /public_html/dev-monika-ps/backend/vendor/codeigniter4/framework/system/CodeIgniter.php(404): CodeIgniter\CodeIgniter->runController(Object(App\Controllers\Media\Videomedcontroller))
#8 /public_html/dev-monika-ps/backend/vendor/codeigniter4/framework/system/CodeIgniter.php(312): CodeIgniter\CodeIgniter->handleRequest(NULL, Object(Config\Cache), false)
#9 /public_html/dev-monika-ps/backend/index.php(45): CodeIgniter\CodeIgniter->run()
#10 {main}
CRITICAL - 2021-03-01 03:29:54 --> Duplicate entry 'KMED010321' for key 'PRIMARY'
#0 /public_html/dev-monika-ps/backend/vendor/codeigniter4/framework/system/Database/MySQLi/Connection.php(331): mysqli->query('INSERT INTO `me...')
#1 /public_html/dev-monika-ps/backend/vendor/codeigniter4/framework/system/Database/BaseConnection.php(741): CodeIgniter\Database\MySQLi\Connection->execute('INSERT INTO `me...')
#2 /public_html/dev-monika-ps/backend/vendor/codeigniter4/framework/system/Database/BaseConnection.php(669): CodeIgniter\Database\BaseConnection->simpleQuery('INSERT INTO `me...')
#3 /public_html/dev-monika-ps/backend/vendor/codeigniter4/framework/system/Database/BaseBuilder.php(2249): CodeIgniter\Database\BaseConnection->query('INSERT INTO `me...', Array, false)
#4 /public_html/dev-monika-ps/backend/vendor/codeigniter4/framework/system/Model.php(755): CodeIgniter\Database\BaseBuilder->insert()
#5 /public_html/dev-monika-ps/backend/app/Controllers/Media/Videomedcontroller.php(192): CodeIgniter\Model->insert(Array)
#6 /public_html/dev-monika-ps/backend/vendor/codeigniter4/framework/system/CodeIgniter.php(918): App\Controllers\Media\Videomedcontroller->simpandata()
#7 /public_html/dev-monika-ps/backend/vendor/codeigniter4/framework/system/CodeIgniter.php(404): CodeIgniter\CodeIgniter->runController(Object(App\Controllers\Media\Videomedcontroller))
#8 /public_html/dev-monika-ps/backend/vendor/codeigniter4/framework/system/CodeIgniter.php(312): CodeIgniter\CodeIgniter->handleRequest(NULL, Object(Config\Cache), false)
#9 /public_html/dev-monika-ps/backend/index.php(45): CodeIgniter\CodeIgniter->run()
#10 {main}
CRITICAL - 2021-03-01 03:30:21 --> Duplicate entry 'KMED010321' for key 'PRIMARY'
#0 /public_html/dev-monika-ps/backend/vendor/codeigniter4/framework/system/Database/MySQLi/Connection.php(331): mysqli->query('INSERT INTO `me...')
#1 /public_html/dev-monika-ps/backend/vendor/codeigniter4/framework/system/Database/BaseConnection.php(741): CodeIgniter\Database\MySQLi\Connection->execute('INSERT INTO `me...')
#2 /public_html/dev-monika-ps/backend/vendor/codeigniter4/framework/system/Database/BaseConnection.php(669): CodeIgniter\Database\BaseConnection->simpleQuery('INSERT INTO `me...')
#3 /public_html/dev-monika-ps/backend/vendor/codeigniter4/framework/system/Database/BaseBuilder.php(2249): CodeIgniter\Database\BaseConnection->query('INSERT INTO `me...', Array, false)
#4 /public_html/dev-monika-ps/backend/vendor/codeigniter4/framework/system/Model.php(755): CodeIgniter\Database\BaseBuilder->insert()
#5 /public_html/dev-monika-ps/backend/app/Controllers/Media/Videomedcontroller.php(192): CodeIgniter\Model->insert(Array)
#6 /public_html/dev-monika-ps/backend/vendor/codeigniter4/framework/system/CodeIgniter.php(918): App\Controllers\Media\Videomedcontroller->simpandata()
#7 /public_html/dev-monika-ps/backend/vendor/codeigniter4/framework/system/CodeIgniter.php(404): CodeIgniter\CodeIgniter->runController(Object(App\Controllers\Media\Videomedcontroller))
#8 /public_html/dev-monika-ps/backend/vendor/codeigniter4/framework/system/CodeIgniter.php(312): CodeIgniter\CodeIgniter->handleRequest(NULL, Object(Config\Cache), false)
#9 /public_html/dev-monika-ps/backend/index.php(45): CodeIgniter\CodeIgniter->run()
#10 {main}
CRITICAL - 2021-03-01 03:30:43 --> Duplicate entry 'KMED010321' for key 'PRIMARY'
#0 /public_html/dev-monika-ps/backend/vendor/codeigniter4/framework/system/Database/MySQLi/Connection.php(331): mysqli->query('INSERT INTO `me...')
#1 /public_html/dev-monika-ps/backend/vendor/codeigniter4/framework/system/Database/BaseConnection.php(741): CodeIgniter\Database\MySQLi\Connection->execute('INSERT INTO `me...')
#2 /public_html/dev-monika-ps/backend/vendor/codeigniter4/framework/system/Database/BaseConnection.php(669): CodeIgniter\Database\BaseConnection->simpleQuery('INSERT INTO `me...')
#3 /public_html/dev-monika-ps/backend/vendor/codeigniter4/framework/system/Database/BaseBuilder.php(2249): CodeIgniter\Database\BaseConnection->query('INSERT INTO `me...', Array, false)
#4 /public_html/dev-monika-ps/backend/vendor/codeigniter4/framework/system/Model.php(755): CodeIgniter\Database\BaseBuilder->insert()
#5 /public_html/dev-monika-ps/backend/app/Controllers/Media/Videomedcontroller.php(192): CodeIgniter\Model->insert(Array)
#6 /public_html/dev-monika-ps/backend/vendor/codeigniter4/framework/system/CodeIgniter.php(918): App\Controllers\Media\Videomedcontroller->simpandata()
#7 /public_html/dev-monika-ps/backend/vendor/codeigniter4/framework/system/CodeIgniter.php(404): CodeIgniter\CodeIgniter->runController(Object(App\Controllers\Media\Videomedcontroller))
#8 /public_html/dev-monika-ps/backend/vendor/codeigniter4/framework/system/CodeIgniter.php(312): CodeIgniter\CodeIgniter->handleRequest(NULL, Object(Config\Cache), false)
#9 /public_html/dev-monika-ps/backend/index.php(45): CodeIgniter\CodeIgniter->run()
#10 {main}
CRITICAL - 2021-03-01 03:53:23 --> Duplicate entry 'KMED010321' for key 'PRIMARY'
#0 /public_html/dev-monika-ps/backend/vendor/codeigniter4/framework/system/Database/MySQLi/Connection.php(331): mysqli->query('INSERT INTO `me...')
#1 /public_html/dev-monika-ps/backend/vendor/codeigniter4/framework/system/Database/BaseConnection.php(741): CodeIgniter\Database\MySQLi\Connection->execute('INSERT INTO `me...')
#2 /public_html/dev-monika-ps/backend/vendor/codeigniter4/framework/system/Database/BaseConnection.php(669): CodeIgniter\Database\BaseConnection->simpleQuery('INSERT INTO `me...')
#3 /public_html/dev-monika-ps/backend/vendor/codeigniter4/framework/system/Database/BaseBuilder.php(2249): CodeIgniter\Database\BaseConnection->query('INSERT INTO `me...', Array, false)
#4 /public_html/dev-monika-ps/backend/vendor/codeigniter4/framework/system/Model.php(755): CodeIgniter\Database\BaseBuilder->insert()
#5 /public_html/dev-monika-ps/backend/app/Controllers/Media/Videomedcontroller.php(192): CodeIgniter\Model->insert(Array)
#6 /public_html/dev-monika-ps/backend/vendor/codeigniter4/framework/system/CodeIgniter.php(918): App\Controllers\Media\Videomedcontroller->simpandata()
#7 /public_html/dev-monika-ps/backend/vendor/codeigniter4/framework/system/CodeIgniter.php(404): CodeIgniter\CodeIgniter->runController(Object(App\Controllers\Media\Videomedcontroller))
#8 /public_html/dev-monika-ps/backend/vendor/codeigniter4/framework/system/CodeIgniter.php(312): CodeIgniter\CodeIgniter->handleRequest(NULL, Object(Config\Cache), false)
#9 /public_html/dev-monika-ps/backend/index.php(45): CodeIgniter\CodeIgniter->run()
#10 {main}
CRITICAL - 2021-03-01 03:53:35 --> Duplicate entry 'KMED010321' for key 'PRIMARY'
#0 /public_html/dev-monika-ps/backend/vendor/codeigniter4/framework/system/Database/MySQLi/Connection.php(331): mysqli->query('INSERT INTO `me...')
#1 /public_html/dev-monika-ps/backend/vendor/codeigniter4/framework/system/Database/BaseConnection.php(741): CodeIgniter\Database\MySQLi\Connection->execute('INSERT INTO `me...')
#2 /public_html/dev-monika-ps/backend/vendor/codeigniter4/framework/system/Database/BaseConnection.php(669): CodeIgniter\Database\BaseConnection->simpleQuery('INSERT INTO `me...')
#3 /public_html/dev-monika-ps/backend/vendor/codeigniter4/framework/system/Database/BaseBuilder.php(2249): CodeIgniter\Database\BaseConnection->query('INSERT INTO `me...', Array, false)
#4 /public_html/dev-monika-ps/backend/vendor/codeigniter4/framework/system/Model.php(755): CodeIgniter\Database\BaseBuilder->insert()
#5 /public_html/dev-monika-ps/backend/app/Controllers/Media/Videomedcontroller.php(192): CodeIgniter\Model->insert(Array)
#6 /public_html/dev-monika-ps/backend/vendor/codeigniter4/framework/system/CodeIgniter.php(918): App\Controllers\Media\Videomedcontroller->simpandata()
#7 /public_html/dev-monika-ps/backend/vendor/codeigniter4/framework/system/CodeIgniter.php(404): CodeIgniter\CodeIgniter->runController(Object(App\Controllers\Media\Videomedcontroller))
#8 /public_html/dev-monika-ps/backend/vendor/codeigniter4/framework/system/CodeIgniter.php(312): CodeIgniter\CodeIgniter->handleRequest(NULL, Object(Config\Cache), false)
#9 /public_html/dev-monika-ps/backend/index.php(45): CodeIgniter\CodeIgniter->run()
#10 {main}
