CRITICAL - 2022-03-28 01:57:29 --> Too few arguments to function App\Models\Information\CategoryModel::__construct(), 0 passed in /public_html/monika.panensaham.com/backend/app/Controllers/Information/Bursaemitencontroller.php on line 151 and exactly 1 expected
#0 /public_html/monika.panensaham.com/backend/app/Controllers/Information/Bursaemitencontroller.php(151): App\Models\Information\CategoryModel->__construct()
#1 /public_html/monika.panensaham.com/backend/vendor/codeigniter4/framework/system/CodeIgniter.php(918): App\Controllers\Information\Bursaemitencontroller->filterJenis()
#2 /public_html/monika.panensaham.com/backend/vendor/codeigniter4/framework/system/CodeIgniter.php(404): CodeIgniter\CodeIgniter->runController()
#3 /public_html/monika.panensaham.com/backend/vendor/codeigniter4/framework/system/CodeIgniter.php(312): CodeIgniter\CodeIgniter->handleRequest()
#4 /public_html/monika.panensaham.com/backend/index.php(45): CodeIgniter\CodeIgniter->run()
#5 {main}
CRITICAL - 2022-03-28 02:00:23 --> Too few arguments to function App\Models\Information\CategoryModel::__construct(), 0 passed in /public_html/monika.panensaham.com/backend/app/Controllers/Information/Bursaemitencontroller.php on line 151 and exactly 1 expected
#0 /public_html/monika.panensaham.com/backend/app/Controllers/Information/Bursaemitencontroller.php(151): App\Models\Information\CategoryModel->__construct()
#1 /public_html/monika.panensaham.com/backend/vendor/codeigniter4/framework/system/CodeIgniter.php(918): App\Controllers\Information\Bursaemitencontroller->filterJenis()
#2 /public_html/monika.panensaham.com/backend/vendor/codeigniter4/framework/system/CodeIgniter.php(404): CodeIgniter\CodeIgniter->runController()
#3 /public_html/monika.panensaham.com/backend/vendor/codeigniter4/framework/system/CodeIgniter.php(312): CodeIgniter\CodeIgniter->handleRequest()
#4 /public_html/monika.panensaham.com/backend/index.php(45): CodeIgniter\CodeIgniter->run()
#5 {main}
CRITICAL - 2022-03-28 02:56:34 --> Too few arguments to function App\Models\Information\CategoryModel::__construct(), 0 passed in /public_html/monika.panensaham.com/backend/app/Controllers/Information/Bursaemitencontroller.php on line 151 and exactly 1 expected
#0 /public_html/monika.panensaham.com/backend/app/Controllers/Information/Bursaemitencontroller.php(151): App\Models\Information\CategoryModel->__construct()
#1 /public_html/monika.panensaham.com/backend/vendor/codeigniter4/framework/system/CodeIgniter.php(918): App\Controllers\Information\Bursaemitencontroller->filterJenis()
#2 /public_html/monika.panensaham.com/backend/vendor/codeigniter4/framework/system/CodeIgniter.php(404): CodeIgniter\CodeIgniter->runController()
#3 /public_html/monika.panensaham.com/backend/vendor/codeigniter4/framework/system/CodeIgniter.php(312): CodeIgniter\CodeIgniter->handleRequest()
#4 /public_html/monika.panensaham.com/backend/index.php(45): CodeIgniter\CodeIgniter->run()
#5 {main}
CRITICAL - 2022-03-28 21:03:14 --> Invalid file: menuultimate/editgambar_infobursaemiten.php
#0 /public_html/monika.panensaham.com/backend/vendor/codeigniter4/framework/system/View/View.php(228): CodeIgniter\Exceptions\FrameworkException::forInvalidFile()
#1 /public_html/monika.panensaham.com/backend/vendor/codeigniter4/framework/system/View/View.php(525): CodeIgniter\View\View->render()
#2 /public_html/monika.panensaham.com/backend/app/Views/menuultimate/view_ultimateopenpos.php(74): CodeIgniter\View\View->include()
#3 /public_html/monika.panensaham.com/backend/vendor/codeigniter4/framework/system/View/View.php(246): include('/public_html/mo...')
#4 /public_html/monika.panensaham.com/backend/vendor/codeigniter4/framework/system/Common.php(1119): CodeIgniter\View\View->render()
#5 /public_html/monika.panensaham.com/backend/app/Controllers/Ultimate/Openposcontroller.php(16): view()
#6 /public_html/monika.panensaham.com/backend/vendor/codeigniter4/framework/system/CodeIgniter.php(918): App\Controllers\Ultimate\Openposcontroller->index()
#7 /public_html/monika.panensaham.com/backend/vendor/codeigniter4/framework/system/CodeIgniter.php(404): CodeIgniter\CodeIgniter->runController()
#8 /public_html/monika.panensaham.com/backend/vendor/codeigniter4/framework/system/CodeIgniter.php(312): CodeIgniter\CodeIgniter->handleRequest()
#9 /public_html/monika.panensaham.com/backend/index.php(45): CodeIgniter\CodeIgniter->run()
#10 {main}
CRITICAL - 2022-03-28 21:03:46 --> Invalid file: menuultimate/editgambar_infobursaemiten.php
#0 /public_html/monika.panensaham.com/backend/vendor/codeigniter4/framework/system/View/View.php(228): CodeIgniter\Exceptions\FrameworkException::forInvalidFile()
#1 /public_html/monika.panensaham.com/backend/vendor/codeigniter4/framework/system/View/View.php(525): CodeIgniter\View\View->render()
#2 /public_html/monika.panensaham.com/backend/app/Views/menuultimate/view_ultimateopenpos.php(74): CodeIgniter\View\View->include()
#3 /public_html/monika.panensaham.com/backend/vendor/codeigniter4/framework/system/View/View.php(246): include('/public_html/mo...')
#4 /public_html/monika.panensaham.com/backend/vendor/codeigniter4/framework/system/Common.php(1119): CodeIgniter\View\View->render()
#5 /public_html/monika.panensaham.com/backend/app/Controllers/Ultimate/Openposcontroller.php(16): view()
#6 /public_html/monika.panensaham.com/backend/vendor/codeigniter4/framework/system/CodeIgniter.php(918): App\Controllers\Ultimate\Openposcontroller->index()
#7 /public_html/monika.panensaham.com/backend/vendor/codeigniter4/framework/system/CodeIgniter.php(404): CodeIgniter\CodeIgniter->runController()
#8 /public_html/monika.panensaham.com/backend/vendor/codeigniter4/framework/system/CodeIgniter.php(312): CodeIgniter\CodeIgniter->handleRequest()
#9 /public_html/monika.panensaham.com/backend/index.php(45): CodeIgniter\CodeIgniter->run()
#10 {main}
CRITICAL - 2022-03-28 21:03:47 --> Invalid file: menuultimate/editgambar_infobursaemiten.php
#0 /public_html/monika.panensaham.com/backend/vendor/codeigniter4/framework/system/View/View.php(228): CodeIgniter\Exceptions\FrameworkException::forInvalidFile()
#1 /public_html/monika.panensaham.com/backend/vendor/codeigniter4/framework/system/View/View.php(525): CodeIgniter\View\View->render()
#2 /public_html/monika.panensaham.com/backend/app/Views/menuultimate/view_ultimateopenpos.php(74): CodeIgniter\View\View->include()
#3 /public_html/monika.panensaham.com/backend/vendor/codeigniter4/framework/system/View/View.php(246): include('/public_html/mo...')
#4 /public_html/monika.panensaham.com/backend/vendor/codeigniter4/framework/system/Common.php(1119): CodeIgniter\View\View->render()
#5 /public_html/monika.panensaham.com/backend/app/Controllers/Ultimate/Openposcontroller.php(16): view()
#6 /public_html/monika.panensaham.com/backend/vendor/codeigniter4/framework/system/CodeIgniter.php(918): App\Controllers\Ultimate\Openposcontroller->index()
#7 /public_html/monika.panensaham.com/backend/vendor/codeigniter4/framework/system/CodeIgniter.php(404): CodeIgniter\CodeIgniter->runController()
#8 /public_html/monika.panensaham.com/backend/vendor/codeigniter4/framework/system/CodeIgniter.php(312): CodeIgniter\CodeIgniter->handleRequest()
#9 /public_html/monika.panensaham.com/backend/index.php(45): CodeIgniter\CodeIgniter->run()
#10 {main}
CRITICAL - 2022-03-28 21:03:49 --> Invalid file: menuultimate/editgambar_infobursaemiten.php
#0 /public_html/monika.panensaham.com/backend/vendor/codeigniter4/framework/system/View/View.php(228): CodeIgniter\Exceptions\FrameworkException::forInvalidFile()
#1 /public_html/monika.panensaham.com/backend/vendor/codeigniter4/framework/system/View/View.php(525): CodeIgniter\View\View->render()
#2 /public_html/monika.panensaham.com/backend/app/Views/menuultimate/view_ultimateopenpos.php(74): CodeIgniter\View\View->include()
#3 /public_html/monika.panensaham.com/backend/vendor/codeigniter4/framework/system/View/View.php(246): include('/public_html/mo...')
#4 /public_html/monika.panensaham.com/backend/vendor/codeigniter4/framework/system/Common.php(1119): CodeIgniter\View\View->render()
#5 /public_html/monika.panensaham.com/backend/app/Controllers/Ultimate/Openposcontroller.php(16): view()
#6 /public_html/monika.panensaham.com/backend/vendor/codeigniter4/framework/system/CodeIgniter.php(918): App\Controllers\Ultimate\Openposcontroller->index()
#7 /public_html/monika.panensaham.com/backend/vendor/codeigniter4/framework/system/CodeIgniter.php(404): CodeIgniter\CodeIgniter->runController()
#8 /public_html/monika.panensaham.com/backend/vendor/codeigniter4/framework/system/CodeIgniter.php(312): CodeIgniter\CodeIgniter->handleRequest()
#9 /public_html/monika.panensaham.com/backend/index.php(45): CodeIgniter\CodeIgniter->run()
#10 {main}
CRITICAL - 2022-03-28 21:04:14 --> Invalid file: menuultimate/editgambar_infobursaemiten.php
#0 /public_html/monika.panensaham.com/backend/vendor/codeigniter4/framework/system/View/View.php(228): CodeIgniter\Exceptions\FrameworkException::forInvalidFile()
#1 /public_html/monika.panensaham.com/backend/vendor/codeigniter4/framework/system/View/View.php(525): CodeIgniter\View\View->render()
#2 /public_html/monika.panensaham.com/backend/app/Views/menuultimate/view_ultimateopenpos.php(74): CodeIgniter\View\View->include()
#3 /public_html/monika.panensaham.com/backend/vendor/codeigniter4/framework/system/View/View.php(246): include('/public_html/mo...')
#4 /public_html/monika.panensaham.com/backend/vendor/codeigniter4/framework/system/Common.php(1119): CodeIgniter\View\View->render()
#5 /public_html/monika.panensaham.com/backend/app/Controllers/Ultimate/Openposcontroller.php(16): view()
#6 /public_html/monika.panensaham.com/backend/vendor/codeigniter4/framework/system/CodeIgniter.php(918): App\Controllers\Ultimate\Openposcontroller->index()
#7 /public_html/monika.panensaham.com/backend/vendor/codeigniter4/framework/system/CodeIgniter.php(404): CodeIgniter\CodeIgniter->runController()
#8 /public_html/monika.panensaham.com/backend/vendor/codeigniter4/framework/system/CodeIgniter.php(312): CodeIgniter\CodeIgniter->handleRequest()
#9 /public_html/monika.panensaham.com/backend/index.php(45): CodeIgniter\CodeIgniter->run()
#10 {main}
CRITICAL - 2022-03-28 21:04:15 --> Invalid file: menuultimate/editgambar_infobursaemiten.php
#0 /public_html/monika.panensaham.com/backend/vendor/codeigniter4/framework/system/View/View.php(228): CodeIgniter\Exceptions\FrameworkException::forInvalidFile()
#1 /public_html/monika.panensaham.com/backend/vendor/codeigniter4/framework/system/View/View.php(525): CodeIgniter\View\View->render()
#2 /public_html/monika.panensaham.com/backend/app/Views/menuultimate/view_ultimateopenpos.php(74): CodeIgniter\View\View->include()
#3 /public_html/monika.panensaham.com/backend/vendor/codeigniter4/framework/system/View/View.php(246): include('/public_html/mo...')
#4 /public_html/monika.panensaham.com/backend/vendor/codeigniter4/framework/system/Common.php(1119): CodeIgniter\View\View->render()
#5 /public_html/monika.panensaham.com/backend/app/Controllers/Ultimate/Openposcontroller.php(16): view()
#6 /public_html/monika.panensaham.com/backend/vendor/codeigniter4/framework/system/CodeIgniter.php(918): App\Controllers\Ultimate\Openposcontroller->index()
#7 /public_html/monika.panensaham.com/backend/vendor/codeigniter4/framework/system/CodeIgniter.php(404): CodeIgniter\CodeIgniter->runController()
#8 /public_html/monika.panensaham.com/backend/vendor/codeigniter4/framework/system/CodeIgniter.php(312): CodeIgniter\CodeIgniter->handleRequest()
#9 /public_html/monika.panensaham.com/backend/index.php(45): CodeIgniter\CodeIgniter->run()
#10 {main}
CRITICAL - 2022-03-28 21:04:16 --> Invalid file: menuultimate/editgambar_infobursaemiten.php
#0 /public_html/monika.panensaham.com/backend/vendor/codeigniter4/framework/system/View/View.php(228): CodeIgniter\Exceptions\FrameworkException::forInvalidFile()
#1 /public_html/monika.panensaham.com/backend/vendor/codeigniter4/framework/system/View/View.php(525): CodeIgniter\View\View->render()
#2 /public_html/monika.panensaham.com/backend/app/Views/menuultimate/view_ultimateopenpos.php(74): CodeIgniter\View\View->include()
#3 /public_html/monika.panensaham.com/backend/vendor/codeigniter4/framework/system/View/View.php(246): include('/public_html/mo...')
#4 /public_html/monika.panensaham.com/backend/vendor/codeigniter4/framework/system/Common.php(1119): CodeIgniter\View\View->render()
#5 /public_html/monika.panensaham.com/backend/app/Controllers/Ultimate/Openposcontroller.php(16): view()
#6 /public_html/monika.panensaham.com/backend/vendor/codeigniter4/framework/system/CodeIgniter.php(918): App\Controllers\Ultimate\Openposcontroller->index()
#7 /public_html/monika.panensaham.com/backend/vendor/codeigniter4/framework/system/CodeIgniter.php(404): CodeIgniter\CodeIgniter->runController()
#8 /public_html/monika.panensaham.com/backend/vendor/codeigniter4/framework/system/CodeIgniter.php(312): CodeIgniter\CodeIgniter->handleRequest()
#9 /public_html/monika.panensaham.com/backend/index.php(45): CodeIgniter\CodeIgniter->run()
#10 {main}
CRITICAL - 2022-03-28 21:04:16 --> Invalid file: menuultimate/editgambar_infobursaemiten.php
#0 /public_html/monika.panensaham.com/backend/vendor/codeigniter4/framework/system/View/View.php(228): CodeIgniter\Exceptions\FrameworkException::forInvalidFile()
#1 /public_html/monika.panensaham.com/backend/vendor/codeigniter4/framework/system/View/View.php(525): CodeIgniter\View\View->render()
#2 /public_html/monika.panensaham.com/backend/app/Views/menuultimate/view_ultimateopenpos.php(74): CodeIgniter\View\View->include()
#3 /public_html/monika.panensaham.com/backend/vendor/codeigniter4/framework/system/View/View.php(246): include('/public_html/mo...')
#4 /public_html/monika.panensaham.com/backend/vendor/codeigniter4/framework/system/Common.php(1119): CodeIgniter\View\View->render()
#5 /public_html/monika.panensaham.com/backend/app/Controllers/Ultimate/Openposcontroller.php(16): view()
#6 /public_html/monika.panensaham.com/backend/vendor/codeigniter4/framework/system/CodeIgniter.php(918): App\Controllers\Ultimate\Openposcontroller->index()
#7 /public_html/monika.panensaham.com/backend/vendor/codeigniter4/framework/system/CodeIgniter.php(404): CodeIgniter\CodeIgniter->runController()
#8 /public_html/monika.panensaham.com/backend/vendor/codeigniter4/framework/system/CodeIgniter.php(312): CodeIgniter\CodeIgniter->handleRequest()
#9 /public_html/monika.panensaham.com/backend/index.php(45): CodeIgniter\CodeIgniter->run()
#10 {main}
CRITICAL - 2022-03-28 21:04:16 --> Invalid file: menuultimate/editgambar_infobursaemiten.php
#0 /public_html/monika.panensaham.com/backend/vendor/codeigniter4/framework/system/View/View.php(228): CodeIgniter\Exceptions\FrameworkException::forInvalidFile()
#1 /public_html/monika.panensaham.com/backend/vendor/codeigniter4/framework/system/View/View.php(525): CodeIgniter\View\View->render()
#2 /public_html/monika.panensaham.com/backend/app/Views/menuultimate/view_ultimateopenpos.php(74): CodeIgniter\View\View->include()
#3 /public_html/monika.panensaham.com/backend/vendor/codeigniter4/framework/system/View/View.php(246): include('/public_html/mo...')
#4 /public_html/monika.panensaham.com/backend/vendor/codeigniter4/framework/system/Common.php(1119): CodeIgniter\View\View->render()
#5 /public_html/monika.panensaham.com/backend/app/Controllers/Ultimate/Openposcontroller.php(16): view()
#6 /public_html/monika.panensaham.com/backend/vendor/codeigniter4/framework/system/CodeIgniter.php(918): App\Controllers\Ultimate\Openposcontroller->index()
#7 /public_html/monika.panensaham.com/backend/vendor/codeigniter4/framework/system/CodeIgniter.php(404): CodeIgniter\CodeIgniter->runController()
#8 /public_html/monika.panensaham.com/backend/vendor/codeigniter4/framework/system/CodeIgniter.php(312): CodeIgniter\CodeIgniter->handleRequest()
#9 /public_html/monika.panensaham.com/backend/index.php(45): CodeIgniter\CodeIgniter->run()
#10 {main}
CRITICAL - 2022-03-28 21:04:16 --> Invalid file: menuultimate/editgambar_infobursaemiten.php
#0 /public_html/monika.panensaham.com/backend/vendor/codeigniter4/framework/system/View/View.php(228): CodeIgniter\Exceptions\FrameworkException::forInvalidFile()
#1 /public_html/monika.panensaham.com/backend/vendor/codeigniter4/framework/system/View/View.php(525): CodeIgniter\View\View->render()
#2 /public_html/monika.panensaham.com/backend/app/Views/menuultimate/view_ultimateopenpos.php(74): CodeIgniter\View\View->include()
#3 /public_html/monika.panensaham.com/backend/vendor/codeigniter4/framework/system/View/View.php(246): include('/public_html/mo...')
#4 /public_html/monika.panensaham.com/backend/vendor/codeigniter4/framework/system/Common.php(1119): CodeIgniter\View\View->render()
#5 /public_html/monika.panensaham.com/backend/app/Controllers/Ultimate/Openposcontroller.php(16): view()
#6 /public_html/monika.panensaham.com/backend/vendor/codeigniter4/framework/system/CodeIgniter.php(918): App\Controllers\Ultimate\Openposcontroller->index()
#7 /public_html/monika.panensaham.com/backend/vendor/codeigniter4/framework/system/CodeIgniter.php(404): CodeIgniter\CodeIgniter->runController()
#8 /public_html/monika.panensaham.com/backend/vendor/codeigniter4/framework/system/CodeIgniter.php(312): CodeIgniter\CodeIgniter->handleRequest()
#9 /public_html/monika.panensaham.com/backend/index.php(45): CodeIgniter\CodeIgniter->run()
#10 {main}
CRITICAL - 2022-03-28 21:04:30 --> Invalid file: menuultimate/editgambar_infobursaemiten.php
#0 /public_html/monika.panensaham.com/backend/vendor/codeigniter4/framework/system/View/View.php(228): CodeIgniter\Exceptions\FrameworkException::forInvalidFile()
#1 /public_html/monika.panensaham.com/backend/vendor/codeigniter4/framework/system/View/View.php(525): CodeIgniter\View\View->render()
#2 /public_html/monika.panensaham.com/backend/app/Views/menuultimate/view_ultimateopenpos.php(74): CodeIgniter\View\View->include()
#3 /public_html/monika.panensaham.com/backend/vendor/codeigniter4/framework/system/View/View.php(246): include('/public_html/mo...')
#4 /public_html/monika.panensaham.com/backend/vendor/codeigniter4/framework/system/Common.php(1119): CodeIgniter\View\View->render()
#5 /public_html/monika.panensaham.com/backend/app/Controllers/Ultimate/Openposcontroller.php(16): view()
#6 /public_html/monika.panensaham.com/backend/vendor/codeigniter4/framework/system/CodeIgniter.php(918): App\Controllers\Ultimate\Openposcontroller->index()
#7 /public_html/monika.panensaham.com/backend/vendor/codeigniter4/framework/system/CodeIgniter.php(404): CodeIgniter\CodeIgniter->runController()
#8 /public_html/monika.panensaham.com/backend/vendor/codeigniter4/framework/system/CodeIgniter.php(312): CodeIgniter\CodeIgniter->handleRequest()
#9 /public_html/monika.panensaham.com/backend/index.php(45): CodeIgniter\CodeIgniter->run()
#10 {main}
CRITICAL - 2022-03-28 21:05:09 --> Invalid file: menuultimate/editgambar_infobursaemiten.php
#0 /public_html/monika.panensaham.com/backend/vendor/codeigniter4/framework/system/View/View.php(228): CodeIgniter\Exceptions\FrameworkException::forInvalidFile()
#1 /public_html/monika.panensaham.com/backend/vendor/codeigniter4/framework/system/View/View.php(525): CodeIgniter\View\View->render()
#2 /public_html/monika.panensaham.com/backend/app/Views/menuultimate/view_ultimateopenpos.php(74): CodeIgniter\View\View->include()
#3 /public_html/monika.panensaham.com/backend/vendor/codeigniter4/framework/system/View/View.php(246): include('/public_html/mo...')
#4 /public_html/monika.panensaham.com/backend/vendor/codeigniter4/framework/system/Common.php(1119): CodeIgniter\View\View->render()
#5 /public_html/monika.panensaham.com/backend/app/Controllers/Ultimate/Openposcontroller.php(16): view()
#6 /public_html/monika.panensaham.com/backend/vendor/codeigniter4/framework/system/CodeIgniter.php(918): App\Controllers\Ultimate\Openposcontroller->index()
#7 /public_html/monika.panensaham.com/backend/vendor/codeigniter4/framework/system/CodeIgniter.php(404): CodeIgniter\CodeIgniter->runController()
#8 /public_html/monika.panensaham.com/backend/vendor/codeigniter4/framework/system/CodeIgniter.php(312): CodeIgniter\CodeIgniter->handleRequest()
#9 /public_html/monika.panensaham.com/backend/index.php(45): CodeIgniter\CodeIgniter->run()
#10 {main}
CRITICAL - 2022-03-28 21:05:09 --> Invalid file: menuultimate/editgambar_infobursaemiten.php
#0 /public_html/monika.panensaham.com/backend/vendor/codeigniter4/framework/system/View/View.php(228): CodeIgniter\Exceptions\FrameworkException::forInvalidFile()
#1 /public_html/monika.panensaham.com/backend/vendor/codeigniter4/framework/system/View/View.php(525): CodeIgniter\View\View->render()
#2 /public_html/monika.panensaham.com/backend/app/Views/menuultimate/view_ultimateopenpos.php(74): CodeIgniter\View\View->include()
#3 /public_html/monika.panensaham.com/backend/vendor/codeigniter4/framework/system/View/View.php(246): include('/public_html/mo...')
#4 /public_html/monika.panensaham.com/backend/vendor/codeigniter4/framework/system/Common.php(1119): CodeIgniter\View\View->render()
#5 /public_html/monika.panensaham.com/backend/app/Controllers/Ultimate/Openposcontroller.php(16): view()
#6 /public_html/monika.panensaham.com/backend/vendor/codeigniter4/framework/system/CodeIgniter.php(918): App\Controllers\Ultimate\Openposcontroller->index()
#7 /public_html/monika.panensaham.com/backend/vendor/codeigniter4/framework/system/CodeIgniter.php(404): CodeIgniter\CodeIgniter->runController()
#8 /public_html/monika.panensaham.com/backend/vendor/codeigniter4/framework/system/CodeIgniter.php(312): CodeIgniter\CodeIgniter->handleRequest()
#9 /public_html/monika.panensaham.com/backend/index.php(45): CodeIgniter\CodeIgniter->run()
#10 {main}
CRITICAL - 2022-03-28 21:05:10 --> Invalid file: menuultimate/editgambar_infobursaemiten.php
#0 /public_html/monika.panensaham.com/backend/vendor/codeigniter4/framework/system/View/View.php(228): CodeIgniter\Exceptions\FrameworkException::forInvalidFile()
#1 /public_html/monika.panensaham.com/backend/vendor/codeigniter4/framework/system/View/View.php(525): CodeIgniter\View\View->render()
#2 /public_html/monika.panensaham.com/backend/app/Views/menuultimate/view_ultimateopenpos.php(74): CodeIgniter\View\View->include()
#3 /public_html/monika.panensaham.com/backend/vendor/codeigniter4/framework/system/View/View.php(246): include('/public_html/mo...')
#4 /public_html/monika.panensaham.com/backend/vendor/codeigniter4/framework/system/Common.php(1119): CodeIgniter\View\View->render()
#5 /public_html/monika.panensaham.com/backend/app/Controllers/Ultimate/Openposcontroller.php(16): view()
#6 /public_html/monika.panensaham.com/backend/vendor/codeigniter4/framework/system/CodeIgniter.php(918): App\Controllers\Ultimate\Openposcontroller->index()
#7 /public_html/monika.panensaham.com/backend/vendor/codeigniter4/framework/system/CodeIgniter.php(404): CodeIgniter\CodeIgniter->runController()
#8 /public_html/monika.panensaham.com/backend/vendor/codeigniter4/framework/system/CodeIgniter.php(312): CodeIgniter\CodeIgniter->handleRequest()
#9 /public_html/monika.panensaham.com/backend/index.php(45): CodeIgniter\CodeIgniter->run()
#10 {main}
CRITICAL - 2022-03-28 21:05:10 --> Invalid file: menuultimate/editgambar_infobursaemiten.php
#0 /public_html/monika.panensaham.com/backend/vendor/codeigniter4/framework/system/View/View.php(228): CodeIgniter\Exceptions\FrameworkException::forInvalidFile()
#1 /public_html/monika.panensaham.com/backend/vendor/codeigniter4/framework/system/View/View.php(525): CodeIgniter\View\View->render()
#2 /public_html/monika.panensaham.com/backend/app/Views/menuultimate/view_ultimateopenpos.php(74): CodeIgniter\View\View->include()
#3 /public_html/monika.panensaham.com/backend/vendor/codeigniter4/framework/system/View/View.php(246): include('/public_html/mo...')
#4 /public_html/monika.panensaham.com/backend/vendor/codeigniter4/framework/system/Common.php(1119): CodeIgniter\View\View->render()
#5 /public_html/monika.panensaham.com/backend/app/Controllers/Ultimate/Openposcontroller.php(16): view()
#6 /public_html/monika.panensaham.com/backend/vendor/codeigniter4/framework/system/CodeIgniter.php(918): App\Controllers\Ultimate\Openposcontroller->index()
#7 /public_html/monika.panensaham.com/backend/vendor/codeigniter4/framework/system/CodeIgniter.php(404): CodeIgniter\CodeIgniter->runController()
#8 /public_html/monika.panensaham.com/backend/vendor/codeigniter4/framework/system/CodeIgniter.php(312): CodeIgniter\CodeIgniter->handleRequest()
#9 /public_html/monika.panensaham.com/backend/index.php(45): CodeIgniter\CodeIgniter->run()
#10 {main}
CRITICAL - 2022-03-28 21:05:10 --> Invalid file: menuultimate/editgambar_infobursaemiten.php
#0 /public_html/monika.panensaham.com/backend/vendor/codeigniter4/framework/system/View/View.php(228): CodeIgniter\Exceptions\FrameworkException::forInvalidFile()
#1 /public_html/monika.panensaham.com/backend/vendor/codeigniter4/framework/system/View/View.php(525): CodeIgniter\View\View->render()
#2 /public_html/monika.panensaham.com/backend/app/Views/menuultimate/view_ultimateopenpos.php(74): CodeIgniter\View\View->include()
#3 /public_html/monika.panensaham.com/backend/vendor/codeigniter4/framework/system/View/View.php(246): include('/public_html/mo...')
#4 /public_html/monika.panensaham.com/backend/vendor/codeigniter4/framework/system/Common.php(1119): CodeIgniter\View\View->render()
#5 /public_html/monika.panensaham.com/backend/app/Controllers/Ultimate/Openposcontroller.php(16): view()
#6 /public_html/monika.panensaham.com/backend/vendor/codeigniter4/framework/system/CodeIgniter.php(918): App\Controllers\Ultimate\Openposcontroller->index()
#7 /public_html/monika.panensaham.com/backend/vendor/codeigniter4/framework/system/CodeIgniter.php(404): CodeIgniter\CodeIgniter->runController()
#8 /public_html/monika.panensaham.com/backend/vendor/codeigniter4/framework/system/CodeIgniter.php(312): CodeIgniter\CodeIgniter->handleRequest()
#9 /public_html/monika.panensaham.com/backend/index.php(45): CodeIgniter\CodeIgniter->run()
#10 {main}
CRITICAL - 2022-03-28 21:05:11 --> Invalid file: menuultimate/editgambar_infobursaemiten.php
#0 /public_html/monika.panensaham.com/backend/vendor/codeigniter4/framework/system/View/View.php(228): CodeIgniter\Exceptions\FrameworkException::forInvalidFile()
#1 /public_html/monika.panensaham.com/backend/vendor/codeigniter4/framework/system/View/View.php(525): CodeIgniter\View\View->render()
#2 /public_html/monika.panensaham.com/backend/app/Views/menuultimate/view_ultimateopenpos.php(74): CodeIgniter\View\View->include()
#3 /public_html/monika.panensaham.com/backend/vendor/codeigniter4/framework/system/View/View.php(246): include('/public_html/mo...')
#4 /public_html/monika.panensaham.com/backend/vendor/codeigniter4/framework/system/Common.php(1119): CodeIgniter\View\View->render()
#5 /public_html/monika.panensaham.com/backend/app/Controllers/Ultimate/Openposcontroller.php(16): view()
#6 /public_html/monika.panensaham.com/backend/vendor/codeigniter4/framework/system/CodeIgniter.php(918): App\Controllers\Ultimate\Openposcontroller->index()
#7 /public_html/monika.panensaham.com/backend/vendor/codeigniter4/framework/system/CodeIgniter.php(404): CodeIgniter\CodeIgniter->runController()
#8 /public_html/monika.panensaham.com/backend/vendor/codeigniter4/framework/system/CodeIgniter.php(312): CodeIgniter\CodeIgniter->handleRequest()
#9 /public_html/monika.panensaham.com/backend/index.php(45): CodeIgniter\CodeIgniter->run()
#10 {main}
CRITICAL - 2022-03-28 21:05:11 --> Invalid file: menuultimate/editgambar_infobursaemiten.php
#0 /public_html/monika.panensaham.com/backend/vendor/codeigniter4/framework/system/View/View.php(228): CodeIgniter\Exceptions\FrameworkException::forInvalidFile()
#1 /public_html/monika.panensaham.com/backend/vendor/codeigniter4/framework/system/View/View.php(525): CodeIgniter\View\View->render()
#2 /public_html/monika.panensaham.com/backend/app/Views/menuultimate/view_ultimateopenpos.php(74): CodeIgniter\View\View->include()
#3 /public_html/monika.panensaham.com/backend/vendor/codeigniter4/framework/system/View/View.php(246): include('/public_html/mo...')
#4 /public_html/monika.panensaham.com/backend/vendor/codeigniter4/framework/system/Common.php(1119): CodeIgniter\View\View->render()
#5 /public_html/monika.panensaham.com/backend/app/Controllers/Ultimate/Openposcontroller.php(16): view()
#6 /public_html/monika.panensaham.com/backend/vendor/codeigniter4/framework/system/CodeIgniter.php(918): App\Controllers\Ultimate\Openposcontroller->index()
#7 /public_html/monika.panensaham.com/backend/vendor/codeigniter4/framework/system/CodeIgniter.php(404): CodeIgniter\CodeIgniter->runController()
#8 /public_html/monika.panensaham.com/backend/vendor/codeigniter4/framework/system/CodeIgniter.php(312): CodeIgniter\CodeIgniter->handleRequest()
#9 /public_html/monika.panensaham.com/backend/index.php(45): CodeIgniter\CodeIgniter->run()
#10 {main}
CRITICAL - 2022-03-28 21:05:11 --> Invalid file: menuultimate/editgambar_infobursaemiten.php
#0 /public_html/monika.panensaham.com/backend/vendor/codeigniter4/framework/system/View/View.php(228): CodeIgniter\Exceptions\FrameworkException::forInvalidFile()
#1 /public_html/monika.panensaham.com/backend/vendor/codeigniter4/framework/system/View/View.php(525): CodeIgniter\View\View->render()
#2 /public_html/monika.panensaham.com/backend/app/Views/menuultimate/view_ultimateopenpos.php(74): CodeIgniter\View\View->include()
#3 /public_html/monika.panensaham.com/backend/vendor/codeigniter4/framework/system/View/View.php(246): include('/public_html/mo...')
#4 /public_html/monika.panensaham.com/backend/vendor/codeigniter4/framework/system/Common.php(1119): CodeIgniter\View\View->render()
#5 /public_html/monika.panensaham.com/backend/app/Controllers/Ultimate/Openposcontroller.php(16): view()
#6 /public_html/monika.panensaham.com/backend/vendor/codeigniter4/framework/system/CodeIgniter.php(918): App\Controllers\Ultimate\Openposcontroller->index()
#7 /public_html/monika.panensaham.com/backend/vendor/codeigniter4/framework/system/CodeIgniter.php(404): CodeIgniter\CodeIgniter->runController()
#8 /public_html/monika.panensaham.com/backend/vendor/codeigniter4/framework/system/CodeIgniter.php(312): CodeIgniter\CodeIgniter->handleRequest()
#9 /public_html/monika.panensaham.com/backend/index.php(45): CodeIgniter\CodeIgniter->run()
#10 {main}
CRITICAL - 2022-03-28 21:05:11 --> Invalid file: menuultimate/editgambar_infobursaemiten.php
#0 /public_html/monika.panensaham.com/backend/vendor/codeigniter4/framework/system/View/View.php(228): CodeIgniter\Exceptions\FrameworkException::forInvalidFile()
#1 /public_html/monika.panensaham.com/backend/vendor/codeigniter4/framework/system/View/View.php(525): CodeIgniter\View\View->render()
#2 /public_html/monika.panensaham.com/backend/app/Views/menuultimate/view_ultimateopenpos.php(74): CodeIgniter\View\View->include()
#3 /public_html/monika.panensaham.com/backend/vendor/codeigniter4/framework/system/View/View.php(246): include('/public_html/mo...')
#4 /public_html/monika.panensaham.com/backend/vendor/codeigniter4/framework/system/Common.php(1119): CodeIgniter\View\View->render()
#5 /public_html/monika.panensaham.com/backend/app/Controllers/Ultimate/Openposcontroller.php(16): view()
#6 /public_html/monika.panensaham.com/backend/vendor/codeigniter4/framework/system/CodeIgniter.php(918): App\Controllers\Ultimate\Openposcontroller->index()
#7 /public_html/monika.panensaham.com/backend/vendor/codeigniter4/framework/system/CodeIgniter.php(404): CodeIgniter\CodeIgniter->runController()
#8 /public_html/monika.panensaham.com/backend/vendor/codeigniter4/framework/system/CodeIgniter.php(312): CodeIgniter\CodeIgniter->handleRequest()
#9 /public_html/monika.panensaham.com/backend/index.php(45): CodeIgniter\CodeIgniter->run()
#10 {main}
CRITICAL - 2022-03-28 21:05:12 --> Invalid file: menuultimate/editgambar_infobursaemiten.php
#0 /public_html/monika.panensaham.com/backend/vendor/codeigniter4/framework/system/View/View.php(228): CodeIgniter\Exceptions\FrameworkException::forInvalidFile()
#1 /public_html/monika.panensaham.com/backend/vendor/codeigniter4/framework/system/View/View.php(525): CodeIgniter\View\View->render()
#2 /public_html/monika.panensaham.com/backend/app/Views/menuultimate/view_ultimateopenpos.php(74): CodeIgniter\View\View->include()
#3 /public_html/monika.panensaham.com/backend/vendor/codeigniter4/framework/system/View/View.php(246): include('/public_html/mo...')
#4 /public_html/monika.panensaham.com/backend/vendor/codeigniter4/framework/system/Common.php(1119): CodeIgniter\View\View->render()
#5 /public_html/monika.panensaham.com/backend/app/Controllers/Ultimate/Openposcontroller.php(16): view()
#6 /public_html/monika.panensaham.com/backend/vendor/codeigniter4/framework/system/CodeIgniter.php(918): App\Controllers\Ultimate\Openposcontroller->index()
#7 /public_html/monika.panensaham.com/backend/vendor/codeigniter4/framework/system/CodeIgniter.php(404): CodeIgniter\CodeIgniter->runController()
#8 /public_html/monika.panensaham.com/backend/vendor/codeigniter4/framework/system/CodeIgniter.php(312): CodeIgniter\CodeIgniter->handleRequest()
#9 /public_html/monika.panensaham.com/backend/index.php(45): CodeIgniter\CodeIgniter->run()
#10 {main}
CRITICAL - 2022-03-28 21:05:12 --> Invalid file: menuultimate/editgambar_infobursaemiten.php
#0 /public_html/monika.panensaham.com/backend/vendor/codeigniter4/framework/system/View/View.php(228): CodeIgniter\Exceptions\FrameworkException::forInvalidFile()
#1 /public_html/monika.panensaham.com/backend/vendor/codeigniter4/framework/system/View/View.php(525): CodeIgniter\View\View->render()
#2 /public_html/monika.panensaham.com/backend/app/Views/menuultimate/view_ultimateopenpos.php(74): CodeIgniter\View\View->include()
#3 /public_html/monika.panensaham.com/backend/vendor/codeigniter4/framework/system/View/View.php(246): include('/public_html/mo...')
#4 /public_html/monika.panensaham.com/backend/vendor/codeigniter4/framework/system/Common.php(1119): CodeIgniter\View\View->render()
#5 /public_html/monika.panensaham.com/backend/app/Controllers/Ultimate/Openposcontroller.php(16): view()
#6 /public_html/monika.panensaham.com/backend/vendor/codeigniter4/framework/system/CodeIgniter.php(918): App\Controllers\Ultimate\Openposcontroller->index()
#7 /public_html/monika.panensaham.com/backend/vendor/codeigniter4/framework/system/CodeIgniter.php(404): CodeIgniter\CodeIgniter->runController()
#8 /public_html/monika.panensaham.com/backend/vendor/codeigniter4/framework/system/CodeIgniter.php(312): CodeIgniter\CodeIgniter->handleRequest()
#9 /public_html/monika.panensaham.com/backend/index.php(45): CodeIgniter\CodeIgniter->run()
#10 {main}
CRITICAL - 2022-03-28 21:06:47 --> Invalid file: menuultimate/editgambar_infobursaemiten.php
#0 /public_html/monika.panensaham.com/backend/vendor/codeigniter4/framework/system/View/View.php(228): CodeIgniter\Exceptions\FrameworkException::forInvalidFile()
#1 /public_html/monika.panensaham.com/backend/vendor/codeigniter4/framework/system/View/View.php(525): CodeIgniter\View\View->render()
#2 /public_html/monika.panensaham.com/backend/app/Views/menuultimate/view_ultimateopenpos.php(74): CodeIgniter\View\View->include()
#3 /public_html/monika.panensaham.com/backend/vendor/codeigniter4/framework/system/View/View.php(246): include('/public_html/mo...')
#4 /public_html/monika.panensaham.com/backend/vendor/codeigniter4/framework/system/Common.php(1119): CodeIgniter\View\View->render()
#5 /public_html/monika.panensaham.com/backend/app/Controllers/Ultimate/Openposcontroller.php(16): view()
#6 /public_html/monika.panensaham.com/backend/vendor/codeigniter4/framework/system/CodeIgniter.php(918): App\Controllers\Ultimate\Openposcontroller->index()
#7 /public_html/monika.panensaham.com/backend/vendor/codeigniter4/framework/system/CodeIgniter.php(404): CodeIgniter\CodeIgniter->runController()
#8 /public_html/monika.panensaham.com/backend/vendor/codeigniter4/framework/system/CodeIgniter.php(312): CodeIgniter\CodeIgniter->handleRequest()
#9 /public_html/monika.panensaham.com/backend/index.php(45): CodeIgniter\CodeIgniter->run()
#10 {main}
CRITICAL - 2022-03-28 22:29:36 --> unlink(public/assets/img/openposition/): Is a directory
#0 [internal function]: CodeIgniter\Debug\Exceptions->errorHandler()
#1 /public_html/monika.panensaham.com/backend/app/Controllers/Ultimate/Openposcontroller.php(368): unlink()
#2 /public_html/monika.panensaham.com/backend/vendor/codeigniter4/framework/system/CodeIgniter.php(918): App\Controllers\Ultimate\Openposcontroller->perbaruigambar()
#3 /public_html/monika.panensaham.com/backend/vendor/codeigniter4/framework/system/CodeIgniter.php(404): CodeIgniter\CodeIgniter->runController()
#4 /public_html/monika.panensaham.com/backend/vendor/codeigniter4/framework/system/CodeIgniter.php(312): CodeIgniter\CodeIgniter->handleRequest()
#5 /public_html/monika.panensaham.com/backend/index.php(45): CodeIgniter\CodeIgniter->run()
#6 {main}
CRITICAL - 2022-03-28 22:30:50 --> unlink(public/assets/img/openposition/): Is a directory
#0 [internal function]: CodeIgniter\Debug\Exceptions->errorHandler()
#1 /public_html/monika.panensaham.com/backend/app/Controllers/Ultimate/Openposcontroller.php(368): unlink()
#2 /public_html/monika.panensaham.com/backend/vendor/codeigniter4/framework/system/CodeIgniter.php(918): App\Controllers\Ultimate\Openposcontroller->perbaruigambar()
#3 /public_html/monika.panensaham.com/backend/vendor/codeigniter4/framework/system/CodeIgniter.php(404): CodeIgniter\CodeIgniter->runController()
#4 /public_html/monika.panensaham.com/backend/vendor/codeigniter4/framework/system/CodeIgniter.php(312): CodeIgniter\CodeIgniter->handleRequest()
#5 /public_html/monika.panensaham.com/backend/index.php(45): CodeIgniter\CodeIgniter->run()
#6 {main}
CRITICAL - 2022-03-28 22:30:55 --> unlink(public/assets/img/openposition/): Is a directory
#0 [internal function]: CodeIgniter\Debug\Exceptions->errorHandler()
#1 /public_html/monika.panensaham.com/backend/app/Controllers/Ultimate/Openposcontroller.php(368): unlink()
#2 /public_html/monika.panensaham.com/backend/vendor/codeigniter4/framework/system/CodeIgniter.php(918): App\Controllers\Ultimate\Openposcontroller->perbaruigambar()
#3 /public_html/monika.panensaham.com/backend/vendor/codeigniter4/framework/system/CodeIgniter.php(404): CodeIgniter\CodeIgniter->runController()
#4 /public_html/monika.panensaham.com/backend/vendor/codeigniter4/framework/system/CodeIgniter.php(312): CodeIgniter\CodeIgniter->handleRequest()
#5 /public_html/monika.panensaham.com/backend/index.php(45): CodeIgniter\CodeIgniter->run()
#6 {main}
CRITICAL - 2022-03-28 22:36:54 --> unlink(public/assets/img/openposition/): Is a directory
#0 [internal function]: CodeIgniter\Debug\Exceptions->errorHandler()
#1 /public_html/monika.panensaham.com/backend/app/Controllers/Ultimate/Openposcontroller.php(368): unlink()
#2 /public_html/monika.panensaham.com/backend/vendor/codeigniter4/framework/system/CodeIgniter.php(918): App\Controllers\Ultimate\Openposcontroller->perbaruigambar()
#3 /public_html/monika.panensaham.com/backend/vendor/codeigniter4/framework/system/CodeIgniter.php(404): CodeIgniter\CodeIgniter->runController()
#4 /public_html/monika.panensaham.com/backend/vendor/codeigniter4/framework/system/CodeIgniter.php(312): CodeIgniter\CodeIgniter->handleRequest()
#5 /public_html/monika.panensaham.com/backend/index.php(45): CodeIgniter\CodeIgniter->run()
#6 {main}
CRITICAL - 2022-03-28 22:37:00 --> unlink(public/assets/img/openposition/): Is a directory
#0 [internal function]: CodeIgniter\Debug\Exceptions->errorHandler()
#1 /public_html/monika.panensaham.com/backend/app/Controllers/Ultimate/Openposcontroller.php(368): unlink()
#2 /public_html/monika.panensaham.com/backend/vendor/codeigniter4/framework/system/CodeIgniter.php(918): App\Controllers\Ultimate\Openposcontroller->perbaruigambar()
#3 /public_html/monika.panensaham.com/backend/vendor/codeigniter4/framework/system/CodeIgniter.php(404): CodeIgniter\CodeIgniter->runController()
#4 /public_html/monika.panensaham.com/backend/vendor/codeigniter4/framework/system/CodeIgniter.php(312): CodeIgniter\CodeIgniter->handleRequest()
#5 /public_html/monika.panensaham.com/backend/index.php(45): CodeIgniter\CodeIgniter->run()
#6 {main}
CRITICAL - 2022-03-28 23:07:43 --> unlink(public/assets/img/openposition/): Is a directory
#0 [internal function]: CodeIgniter\Debug\Exceptions->errorHandler()
#1 /public_html/monika.panensaham.com/backend/app/Controllers/Ultimate/Openposcontroller.php(368): unlink()
#2 /public_html/monika.panensaham.com/backend/vendor/codeigniter4/framework/system/CodeIgniter.php(918): App\Controllers\Ultimate\Openposcontroller->perbaruigambar()
#3 /public_html/monika.panensaham.com/backend/vendor/codeigniter4/framework/system/CodeIgniter.php(404): CodeIgniter\CodeIgniter->runController()
#4 /public_html/monika.panensaham.com/backend/vendor/codeigniter4/framework/system/CodeIgniter.php(312): CodeIgniter\CodeIgniter->handleRequest()
#5 /public_html/monika.panensaham.com/backend/index.php(45): CodeIgniter\CodeIgniter->run()
#6 {main}
