CRITICAL - 2022-05-10 20:18:39 --> Trying to access array offset on value of type null
#0 /public_html/monika.panensaham.com/backend/app/Models/Ultimate/DailyactModel.php(27): CodeIgniter\Debug\Exceptions->errorHandler()
#1 /public_html/monika.panensaham.com/backend/app/Models/Ultimate/DailyactModel.php(51): App\Models\Ultimate\DailyactModel->_get_datatables_query()
#2 /public_html/monika.panensaham.com/backend/app/Controllers/Ultimate/Dailyactcontroller.php(33): App\Models\Ultimate\DailyactModel->get_datatables()
#3 /public_html/monika.panensaham.com/backend/vendor/codeigniter4/framework/system/CodeIgniter.php(918): App\Controllers\Ultimate\Dailyactcontroller->ajax_list()
#4 /public_html/monika.panensaham.com/backend/vendor/codeigniter4/framework/system/CodeIgniter.php(404): CodeIgniter\CodeIgniter->runController()
#5 /public_html/monika.panensaham.com/backend/vendor/codeigniter4/framework/system/CodeIgniter.php(312): CodeIgniter\CodeIgniter->handleRequest()
#6 /public_html/monika.panensaham.com/backend/index.php(45): CodeIgniter\CodeIgniter->run()
#7 {main}
CRITICAL - 2022-05-10 20:22:30 --> Trying to access array offset on value of type null
#0 /public_html/monika.panensaham.com/backend/app/Models/Ultimate/DailyactModel.php(27): CodeIgniter\Debug\Exceptions->errorHandler()
#1 /public_html/monika.panensaham.com/backend/app/Models/Ultimate/DailyactModel.php(51): App\Models\Ultimate\DailyactModel->_get_datatables_query()
#2 /public_html/monika.panensaham.com/backend/app/Controllers/Ultimate/Dailyactcontroller.php(33): App\Models\Ultimate\DailyactModel->get_datatables()
#3 /public_html/monika.panensaham.com/backend/vendor/codeigniter4/framework/system/CodeIgniter.php(918): App\Controllers\Ultimate\Dailyactcontroller->ajax_list()
#4 /public_html/monika.panensaham.com/backend/vendor/codeigniter4/framework/system/CodeIgniter.php(404): CodeIgniter\CodeIgniter->runController()
#5 /public_html/monika.panensaham.com/backend/vendor/codeigniter4/framework/system/CodeIgniter.php(312): CodeIgniter\CodeIgniter->handleRequest()
#6 /public_html/monika.panensaham.com/backend/index.php(45): CodeIgniter\CodeIgniter->run()
#7 {main}
CRITICAL - 2022-05-10 21:37:13 --> Trying to access array offset on value of type null
#0 /public_html/monika.panensaham.com/backend/app/Models/Ultimate/CopyactModel.php(27): CodeIgniter\Debug\Exceptions->errorHandler()
#1 /public_html/monika.panensaham.com/backend/app/Models/Ultimate/CopyactModel.php(51): App\Models\Ultimate\CopyactModel->_get_datatables_query()
#2 /public_html/monika.panensaham.com/backend/app/Controllers/Ultimate/Copyactcontroller.php(34): App\Models\Ultimate\CopyactModel->get_datatables()
#3 /public_html/monika.panensaham.com/backend/vendor/codeigniter4/framework/system/CodeIgniter.php(918): App\Controllers\Ultimate\Copyactcontroller->ajax_list()
#4 /public_html/monika.panensaham.com/backend/vendor/codeigniter4/framework/system/CodeIgniter.php(404): CodeIgniter\CodeIgniter->runController()
#5 /public_html/monika.panensaham.com/backend/vendor/codeigniter4/framework/system/CodeIgniter.php(312): CodeIgniter\CodeIgniter->handleRequest()
#6 /public_html/monika.panensaham.com/backend/index.php(45): CodeIgniter\CodeIgniter->run()
#7 {main}
CRITICAL - 2022-05-10 22:47:56 --> Trying to access array offset on value of type null
#0 /public_html/monika.panensaham.com/backend/app/Models/Ultimate/CopyactModel.php(27): CodeIgniter\Debug\Exceptions->errorHandler()
#1 /public_html/monika.panensaham.com/backend/app/Models/Ultimate/CopyactModel.php(51): App\Models\Ultimate\CopyactModel->_get_datatables_query()
#2 /public_html/monika.panensaham.com/backend/app/Controllers/Ultimate/Copyactcontroller.php(34): App\Models\Ultimate\CopyactModel->get_datatables()
#3 /public_html/monika.panensaham.com/backend/vendor/codeigniter4/framework/system/CodeIgniter.php(918): App\Controllers\Ultimate\Copyactcontroller->ajax_list()
#4 /public_html/monika.panensaham.com/backend/vendor/codeigniter4/framework/system/CodeIgniter.php(404): CodeIgniter\CodeIgniter->runController()
#5 /public_html/monika.panensaham.com/backend/vendor/codeigniter4/framework/system/CodeIgniter.php(312): CodeIgniter\CodeIgniter->handleRequest()
#6 /public_html/monika.panensaham.com/backend/index.php(45): CodeIgniter\CodeIgniter->run()
#7 {main}
CRITICAL - 2022-05-10 22:48:23 --> Trying to access array offset on value of type null
#0 /public_html/monika.panensaham.com/backend/app/Models/Ultimate/CopyactModel.php(27): CodeIgniter\Debug\Exceptions->errorHandler()
#1 /public_html/monika.panensaham.com/backend/app/Models/Ultimate/CopyactModel.php(51): App\Models\Ultimate\CopyactModel->_get_datatables_query()
#2 /public_html/monika.panensaham.com/backend/app/Controllers/Ultimate/Copyactcontroller.php(34): App\Models\Ultimate\CopyactModel->get_datatables()
#3 /public_html/monika.panensaham.com/backend/vendor/codeigniter4/framework/system/CodeIgniter.php(918): App\Controllers\Ultimate\Copyactcontroller->ajax_list()
#4 /public_html/monika.panensaham.com/backend/vendor/codeigniter4/framework/system/CodeIgniter.php(404): CodeIgniter\CodeIgniter->runController()
#5 /public_html/monika.panensaham.com/backend/vendor/codeigniter4/framework/system/CodeIgniter.php(312): CodeIgniter\CodeIgniter->handleRequest()
#6 /public_html/monika.panensaham.com/backend/index.php(45): CodeIgniter\CodeIgniter->run()
#7 {main}
CRITICAL - 2022-05-10 22:48:31 --> Trying to access array offset on value of type null
#0 /public_html/monika.panensaham.com/backend/app/Models/Ultimate/CopyactModel.php(27): CodeIgniter\Debug\Exceptions->errorHandler()
#1 /public_html/monika.panensaham.com/backend/app/Models/Ultimate/CopyactModel.php(51): App\Models\Ultimate\CopyactModel->_get_datatables_query()
#2 /public_html/monika.panensaham.com/backend/app/Controllers/Ultimate/Copyactcontroller.php(34): App\Models\Ultimate\CopyactModel->get_datatables()
#3 /public_html/monika.panensaham.com/backend/vendor/codeigniter4/framework/system/CodeIgniter.php(918): App\Controllers\Ultimate\Copyactcontroller->ajax_list()
#4 /public_html/monika.panensaham.com/backend/vendor/codeigniter4/framework/system/CodeIgniter.php(404): CodeIgniter\CodeIgniter->runController()
#5 /public_html/monika.panensaham.com/backend/vendor/codeigniter4/framework/system/CodeIgniter.php(312): CodeIgniter\CodeIgniter->handleRequest()
#6 /public_html/monika.panensaham.com/backend/index.php(45): CodeIgniter\CodeIgniter->run()
#7 {main}
CRITICAL - 2022-05-10 22:51:24 --> Trying to access array offset on value of type null
#0 /public_html/monika.panensaham.com/backend/app/Models/Ultimate/CopyactModel.php(27): CodeIgniter\Debug\Exceptions->errorHandler()
#1 /public_html/monika.panensaham.com/backend/app/Models/Ultimate/CopyactModel.php(51): App\Models\Ultimate\CopyactModel->_get_datatables_query()
#2 /public_html/monika.panensaham.com/backend/app/Controllers/Ultimate/Copyactcontroller.php(34): App\Models\Ultimate\CopyactModel->get_datatables()
#3 /public_html/monika.panensaham.com/backend/vendor/codeigniter4/framework/system/CodeIgniter.php(918): App\Controllers\Ultimate\Copyactcontroller->ajax_list()
#4 /public_html/monika.panensaham.com/backend/vendor/codeigniter4/framework/system/CodeIgniter.php(404): CodeIgniter\CodeIgniter->runController()
#5 /public_html/monika.panensaham.com/backend/vendor/codeigniter4/framework/system/CodeIgniter.php(312): CodeIgniter\CodeIgniter->handleRequest()
#6 /public_html/monika.panensaham.com/backend/index.php(45): CodeIgniter\CodeIgniter->run()
#7 {main}
CRITICAL - 2022-05-10 22:51:25 --> Trying to access array offset on value of type null
#0 /public_html/monika.panensaham.com/backend/app/Models/Ultimate/CopyactModel.php(27): CodeIgniter\Debug\Exceptions->errorHandler()
#1 /public_html/monika.panensaham.com/backend/app/Models/Ultimate/CopyactModel.php(51): App\Models\Ultimate\CopyactModel->_get_datatables_query()
#2 /public_html/monika.panensaham.com/backend/app/Controllers/Ultimate/Copyactcontroller.php(34): App\Models\Ultimate\CopyactModel->get_datatables()
#3 /public_html/monika.panensaham.com/backend/vendor/codeigniter4/framework/system/CodeIgniter.php(918): App\Controllers\Ultimate\Copyactcontroller->ajax_list()
#4 /public_html/monika.panensaham.com/backend/vendor/codeigniter4/framework/system/CodeIgniter.php(404): CodeIgniter\CodeIgniter->runController()
#5 /public_html/monika.panensaham.com/backend/vendor/codeigniter4/framework/system/CodeIgniter.php(312): CodeIgniter\CodeIgniter->handleRequest()
#6 /public_html/monika.panensaham.com/backend/index.php(45): CodeIgniter\CodeIgniter->run()
#7 {main}
CRITICAL - 2022-05-10 22:51:25 --> Trying to access array offset on value of type null
#0 /public_html/monika.panensaham.com/backend/app/Models/Ultimate/CopyactModel.php(27): CodeIgniter\Debug\Exceptions->errorHandler()
#1 /public_html/monika.panensaham.com/backend/app/Models/Ultimate/CopyactModel.php(51): App\Models\Ultimate\CopyactModel->_get_datatables_query()
#2 /public_html/monika.panensaham.com/backend/app/Controllers/Ultimate/Copyactcontroller.php(34): App\Models\Ultimate\CopyactModel->get_datatables()
#3 /public_html/monika.panensaham.com/backend/vendor/codeigniter4/framework/system/CodeIgniter.php(918): App\Controllers\Ultimate\Copyactcontroller->ajax_list()
#4 /public_html/monika.panensaham.com/backend/vendor/codeigniter4/framework/system/CodeIgniter.php(404): CodeIgniter\CodeIgniter->runController()
#5 /public_html/monika.panensaham.com/backend/vendor/codeigniter4/framework/system/CodeIgniter.php(312): CodeIgniter\CodeIgniter->handleRequest()
#6 /public_html/monika.panensaham.com/backend/index.php(45): CodeIgniter\CodeIgniter->run()
#7 {main}
CRITICAL - 2022-05-10 22:55:32 --> Trying to access array offset on value of type null
#0 /public_html/monika.panensaham.com/backend/app/Models/Ultimate/CopyactModel.php(27): CodeIgniter\Debug\Exceptions->errorHandler()
#1 /public_html/monika.panensaham.com/backend/app/Models/Ultimate/CopyactModel.php(51): App\Models\Ultimate\CopyactModel->_get_datatables_query()
#2 /public_html/monika.panensaham.com/backend/app/Controllers/Ultimate/Copyactcontroller.php(34): App\Models\Ultimate\CopyactModel->get_datatables()
#3 /public_html/monika.panensaham.com/backend/vendor/codeigniter4/framework/system/CodeIgniter.php(918): App\Controllers\Ultimate\Copyactcontroller->ajax_list()
#4 /public_html/monika.panensaham.com/backend/vendor/codeigniter4/framework/system/CodeIgniter.php(404): CodeIgniter\CodeIgniter->runController()
#5 /public_html/monika.panensaham.com/backend/vendor/codeigniter4/framework/system/CodeIgniter.php(312): CodeIgniter\CodeIgniter->handleRequest()
#6 /public_html/monika.panensaham.com/backend/index.php(45): CodeIgniter\CodeIgniter->run()
#7 {main}
CRITICAL - 2022-05-10 22:58:56 --> Trying to access array offset on value of type null
#0 /public_html/monika.panensaham.com/backend/app/Models/Ultimate/CopyactModel.php(27): CodeIgniter\Debug\Exceptions->errorHandler()
#1 /public_html/monika.panensaham.com/backend/app/Models/Ultimate/CopyactModel.php(51): App\Models\Ultimate\CopyactModel->_get_datatables_query()
#2 /public_html/monika.panensaham.com/backend/app/Controllers/Ultimate/Copyactcontroller.php(34): App\Models\Ultimate\CopyactModel->get_datatables()
#3 /public_html/monika.panensaham.com/backend/vendor/codeigniter4/framework/system/CodeIgniter.php(918): App\Controllers\Ultimate\Copyactcontroller->ajax_list()
#4 /public_html/monika.panensaham.com/backend/vendor/codeigniter4/framework/system/CodeIgniter.php(404): CodeIgniter\CodeIgniter->runController()
#5 /public_html/monika.panensaham.com/backend/vendor/codeigniter4/framework/system/CodeIgniter.php(312): CodeIgniter\CodeIgniter->handleRequest()
#6 /public_html/monika.panensaham.com/backend/index.php(45): CodeIgniter\CodeIgniter->run()
#7 {main}
CRITICAL - 2022-05-10 22:59:55 --> Trying to access array offset on value of type null
#0 /public_html/monika.panensaham.com/backend/app/Models/Ultimate/CopyactModel.php(27): CodeIgniter\Debug\Exceptions->errorHandler()
#1 /public_html/monika.panensaham.com/backend/app/Models/Ultimate/CopyactModel.php(51): App\Models\Ultimate\CopyactModel->_get_datatables_query()
#2 /public_html/monika.panensaham.com/backend/app/Controllers/Ultimate/Copyactcontroller.php(34): App\Models\Ultimate\CopyactModel->get_datatables()
#3 /public_html/monika.panensaham.com/backend/vendor/codeigniter4/framework/system/CodeIgniter.php(918): App\Controllers\Ultimate\Copyactcontroller->ajax_list()
#4 /public_html/monika.panensaham.com/backend/vendor/codeigniter4/framework/system/CodeIgniter.php(404): CodeIgniter\CodeIgniter->runController()
#5 /public_html/monika.panensaham.com/backend/vendor/codeigniter4/framework/system/CodeIgniter.php(312): CodeIgniter\CodeIgniter->handleRequest()
#6 /public_html/monika.panensaham.com/backend/index.php(45): CodeIgniter\CodeIgniter->run()
#7 {main}
CRITICAL - 2022-05-10 23:01:43 --> Trying to access array offset on value of type null
#0 /public_html/monika.panensaham.com/backend/app/Models/Ultimate/CopyactModel.php(27): CodeIgniter\Debug\Exceptions->errorHandler()
#1 /public_html/monika.panensaham.com/backend/app/Models/Ultimate/CopyactModel.php(51): App\Models\Ultimate\CopyactModel->_get_datatables_query()
#2 /public_html/monika.panensaham.com/backend/app/Controllers/Ultimate/Copyactcontroller.php(34): App\Models\Ultimate\CopyactModel->get_datatables()
#3 /public_html/monika.panensaham.com/backend/vendor/codeigniter4/framework/system/CodeIgniter.php(918): App\Controllers\Ultimate\Copyactcontroller->ajax_list()
#4 /public_html/monika.panensaham.com/backend/vendor/codeigniter4/framework/system/CodeIgniter.php(404): CodeIgniter\CodeIgniter->runController()
#5 /public_html/monika.panensaham.com/backend/vendor/codeigniter4/framework/system/CodeIgniter.php(312): CodeIgniter\CodeIgniter->handleRequest()
#6 /public_html/monika.panensaham.com/backend/index.php(45): CodeIgniter\CodeIgniter->run()
#7 {main}
CRITICAL - 2022-05-10 23:01:44 --> Trying to access array offset on value of type null
#0 /public_html/monika.panensaham.com/backend/app/Models/Ultimate/CopyactModel.php(27): CodeIgniter\Debug\Exceptions->errorHandler()
#1 /public_html/monika.panensaham.com/backend/app/Models/Ultimate/CopyactModel.php(51): App\Models\Ultimate\CopyactModel->_get_datatables_query()
#2 /public_html/monika.panensaham.com/backend/app/Controllers/Ultimate/Copyactcontroller.php(34): App\Models\Ultimate\CopyactModel->get_datatables()
#3 /public_html/monika.panensaham.com/backend/vendor/codeigniter4/framework/system/CodeIgniter.php(918): App\Controllers\Ultimate\Copyactcontroller->ajax_list()
#4 /public_html/monika.panensaham.com/backend/vendor/codeigniter4/framework/system/CodeIgniter.php(404): CodeIgniter\CodeIgniter->runController()
#5 /public_html/monika.panensaham.com/backend/vendor/codeigniter4/framework/system/CodeIgniter.php(312): CodeIgniter\CodeIgniter->handleRequest()
#6 /public_html/monika.panensaham.com/backend/index.php(45): CodeIgniter\CodeIgniter->run()
#7 {main}
CRITICAL - 2022-05-10 23:02:08 --> Trying to access array offset on value of type null
#0 /public_html/monika.panensaham.com/backend/app/Models/Ultimate/CopyactModel.php(27): CodeIgniter\Debug\Exceptions->errorHandler()
#1 /public_html/monika.panensaham.com/backend/app/Models/Ultimate/CopyactModel.php(51): App\Models\Ultimate\CopyactModel->_get_datatables_query()
#2 /public_html/monika.panensaham.com/backend/app/Controllers/Ultimate/Copyactcontroller.php(34): App\Models\Ultimate\CopyactModel->get_datatables()
#3 /public_html/monika.panensaham.com/backend/vendor/codeigniter4/framework/system/CodeIgniter.php(918): App\Controllers\Ultimate\Copyactcontroller->ajax_list()
#4 /public_html/monika.panensaham.com/backend/vendor/codeigniter4/framework/system/CodeIgniter.php(404): CodeIgniter\CodeIgniter->runController()
#5 /public_html/monika.panensaham.com/backend/vendor/codeigniter4/framework/system/CodeIgniter.php(312): CodeIgniter\CodeIgniter->handleRequest()
#6 /public_html/monika.panensaham.com/backend/index.php(45): CodeIgniter\CodeIgniter->run()
#7 {main}
CRITICAL - 2022-05-10 23:02:14 --> Trying to access array offset on value of type null
#0 /public_html/monika.panensaham.com/backend/app/Models/Ultimate/CopyactModel.php(27): CodeIgniter\Debug\Exceptions->errorHandler()
#1 /public_html/monika.panensaham.com/backend/app/Models/Ultimate/CopyactModel.php(51): App\Models\Ultimate\CopyactModel->_get_datatables_query()
#2 /public_html/monika.panensaham.com/backend/app/Controllers/Ultimate/Copyactcontroller.php(34): App\Models\Ultimate\CopyactModel->get_datatables()
#3 /public_html/monika.panensaham.com/backend/vendor/codeigniter4/framework/system/CodeIgniter.php(918): App\Controllers\Ultimate\Copyactcontroller->ajax_list()
#4 /public_html/monika.panensaham.com/backend/vendor/codeigniter4/framework/system/CodeIgniter.php(404): CodeIgniter\CodeIgniter->runController()
#5 /public_html/monika.panensaham.com/backend/vendor/codeigniter4/framework/system/CodeIgniter.php(312): CodeIgniter\CodeIgniter->handleRequest()
#6 /public_html/monika.panensaham.com/backend/index.php(45): CodeIgniter\CodeIgniter->run()
#7 {main}
CRITICAL - 2022-05-10 23:02:15 --> Trying to access array offset on value of type null
#0 /public_html/monika.panensaham.com/backend/app/Models/Ultimate/CopyactModel.php(27): CodeIgniter\Debug\Exceptions->errorHandler()
#1 /public_html/monika.panensaham.com/backend/app/Models/Ultimate/CopyactModel.php(51): App\Models\Ultimate\CopyactModel->_get_datatables_query()
#2 /public_html/monika.panensaham.com/backend/app/Controllers/Ultimate/Copyactcontroller.php(34): App\Models\Ultimate\CopyactModel->get_datatables()
#3 /public_html/monika.panensaham.com/backend/vendor/codeigniter4/framework/system/CodeIgniter.php(918): App\Controllers\Ultimate\Copyactcontroller->ajax_list()
#4 /public_html/monika.panensaham.com/backend/vendor/codeigniter4/framework/system/CodeIgniter.php(404): CodeIgniter\CodeIgniter->runController()
#5 /public_html/monika.panensaham.com/backend/vendor/codeigniter4/framework/system/CodeIgniter.php(312): CodeIgniter\CodeIgniter->handleRequest()
#6 /public_html/monika.panensaham.com/backend/index.php(45): CodeIgniter\CodeIgniter->run()
#7 {main}
CRITICAL - 2022-05-10 23:32:30 --> Undefined variable: type
#0 /public_html/monika.panensaham.com/backend/app/Views/menuultimate/add_ultimatefactsheet.php(29): CodeIgniter\Debug\Exceptions->errorHandler()
#1 /public_html/monika.panensaham.com/backend/vendor/codeigniter4/framework/system/View/View.php(246): include('/public_html/mo...')
#2 /public_html/monika.panensaham.com/backend/vendor/codeigniter4/framework/system/View/View.php(525): CodeIgniter\View\View->render()
#3 /public_html/monika.panensaham.com/backend/app/Views/menuultimate/view_ultimatefactsheet.php(54): CodeIgniter\View\View->include()
#4 /public_html/monika.panensaham.com/backend/vendor/codeigniter4/framework/system/View/View.php(246): include('/public_html/mo...')
#5 /public_html/monika.panensaham.com/backend/vendor/codeigniter4/framework/system/Common.php(1119): CodeIgniter\View\View->render()
#6 /public_html/monika.panensaham.com/backend/app/Controllers/Ultimate/Factsheetcontroller.php(16): view()
#7 /public_html/monika.panensaham.com/backend/vendor/codeigniter4/framework/system/CodeIgniter.php(918): App\Controllers\Ultimate\Factsheetcontroller->index()
#8 /public_html/monika.panensaham.com/backend/vendor/codeigniter4/framework/system/CodeIgniter.php(404): CodeIgniter\CodeIgniter->runController()
#9 /public_html/monika.panensaham.com/backend/vendor/codeigniter4/framework/system/CodeIgniter.php(312): CodeIgniter\CodeIgniter->handleRequest()
#10 /public_html/monika.panensaham.com/backend/index.php(45): CodeIgniter\CodeIgniter->run()
#11 {main}
CRITICAL - 2022-05-10 23:32:31 --> Undefined variable: type
#0 /public_html/monika.panensaham.com/backend/app/Views/menuultimate/add_ultimatefactsheet.php(29): CodeIgniter\Debug\Exceptions->errorHandler()
#1 /public_html/monika.panensaham.com/backend/vendor/codeigniter4/framework/system/View/View.php(246): include('/public_html/mo...')
#2 /public_html/monika.panensaham.com/backend/vendor/codeigniter4/framework/system/View/View.php(525): CodeIgniter\View\View->render()
#3 /public_html/monika.panensaham.com/backend/app/Views/menuultimate/view_ultimatefactsheet.php(54): CodeIgniter\View\View->include()
#4 /public_html/monika.panensaham.com/backend/vendor/codeigniter4/framework/system/View/View.php(246): include('/public_html/mo...')
#5 /public_html/monika.panensaham.com/backend/vendor/codeigniter4/framework/system/Common.php(1119): CodeIgniter\View\View->render()
#6 /public_html/monika.panensaham.com/backend/app/Controllers/Ultimate/Factsheetcontroller.php(16): view()
#7 /public_html/monika.panensaham.com/backend/vendor/codeigniter4/framework/system/CodeIgniter.php(918): App\Controllers\Ultimate\Factsheetcontroller->index()
#8 /public_html/monika.panensaham.com/backend/vendor/codeigniter4/framework/system/CodeIgniter.php(404): CodeIgniter\CodeIgniter->runController()
#9 /public_html/monika.panensaham.com/backend/vendor/codeigniter4/framework/system/CodeIgniter.php(312): CodeIgniter\CodeIgniter->handleRequest()
#10 /public_html/monika.panensaham.com/backend/index.php(45): CodeIgniter\CodeIgniter->run()
#11 {main}
CRITICAL - 2022-05-10 23:36:21 --> Undefined variable: type
#0 /public_html/monika.panensaham.com/backend/app/Views/menuultimate/add_ultimatefactsheet.php(29): CodeIgniter\Debug\Exceptions->errorHandler()
#1 /public_html/monika.panensaham.com/backend/vendor/codeigniter4/framework/system/View/View.php(246): include('/public_html/mo...')
#2 /public_html/monika.panensaham.com/backend/vendor/codeigniter4/framework/system/View/View.php(525): CodeIgniter\View\View->render()
#3 /public_html/monika.panensaham.com/backend/app/Views/menuultimate/view_ultimatefactsheet.php(54): CodeIgniter\View\View->include()
#4 /public_html/monika.panensaham.com/backend/vendor/codeigniter4/framework/system/View/View.php(246): include('/public_html/mo...')
#5 /public_html/monika.panensaham.com/backend/vendor/codeigniter4/framework/system/Common.php(1119): CodeIgniter\View\View->render()
#6 /public_html/monika.panensaham.com/backend/app/Controllers/Ultimate/Factsheetcontroller.php(16): view()
#7 /public_html/monika.panensaham.com/backend/vendor/codeigniter4/framework/system/CodeIgniter.php(918): App\Controllers\Ultimate\Factsheetcontroller->index()
#8 /public_html/monika.panensaham.com/backend/vendor/codeigniter4/framework/system/CodeIgniter.php(404): CodeIgniter\CodeIgniter->runController()
#9 /public_html/monika.panensaham.com/backend/vendor/codeigniter4/framework/system/CodeIgniter.php(312): CodeIgniter\CodeIgniter->handleRequest()
#10 /public_html/monika.panensaham.com/backend/index.php(45): CodeIgniter\CodeIgniter->run()
#11 {main}
CRITICAL - 2022-05-10 23:36:22 --> Undefined variable: type
#0 /public_html/monika.panensaham.com/backend/app/Views/menuultimate/edit_ultimatefactsheet.php(30): CodeIgniter\Debug\Exceptions->errorHandler()
#1 /public_html/monika.panensaham.com/backend/vendor/codeigniter4/framework/system/View/View.php(246): include('/public_html/mo...')
#2 /public_html/monika.panensaham.com/backend/vendor/codeigniter4/framework/system/View/View.php(525): CodeIgniter\View\View->render()
#3 /public_html/monika.panensaham.com/backend/app/Views/menuultimate/view_ultimatefactsheet.php(55): CodeIgniter\View\View->include()
#4 /public_html/monika.panensaham.com/backend/vendor/codeigniter4/framework/system/View/View.php(246): include('/public_html/mo...')
#5 /public_html/monika.panensaham.com/backend/vendor/codeigniter4/framework/system/Common.php(1119): CodeIgniter\View\View->render()
#6 /public_html/monika.panensaham.com/backend/app/Controllers/Ultimate/Factsheetcontroller.php(16): view()
#7 /public_html/monika.panensaham.com/backend/vendor/codeigniter4/framework/system/CodeIgniter.php(918): App\Controllers\Ultimate\Factsheetcontroller->index()
#8 /public_html/monika.panensaham.com/backend/vendor/codeigniter4/framework/system/CodeIgniter.php(404): CodeIgniter\CodeIgniter->runController()
#9 /public_html/monika.panensaham.com/backend/vendor/codeigniter4/framework/system/CodeIgniter.php(312): CodeIgniter\CodeIgniter->handleRequest()
#10 /public_html/monika.panensaham.com/backend/index.php(45): CodeIgniter\CodeIgniter->run()
#11 {main}
CRITICAL - 2022-05-10 23:36:23 --> Undefined variable: type
#0 /public_html/monika.panensaham.com/backend/app/Views/menuultimate/edit_ultimatefactsheet.php(30): CodeIgniter\Debug\Exceptions->errorHandler()
#1 /public_html/monika.panensaham.com/backend/vendor/codeigniter4/framework/system/View/View.php(246): include('/public_html/mo...')
#2 /public_html/monika.panensaham.com/backend/vendor/codeigniter4/framework/system/View/View.php(525): CodeIgniter\View\View->render()
#3 /public_html/monika.panensaham.com/backend/app/Views/menuultimate/view_ultimatefactsheet.php(55): CodeIgniter\View\View->include()
#4 /public_html/monika.panensaham.com/backend/vendor/codeigniter4/framework/system/View/View.php(246): include('/public_html/mo...')
#5 /public_html/monika.panensaham.com/backend/vendor/codeigniter4/framework/system/Common.php(1119): CodeIgniter\View\View->render()
#6 /public_html/monika.panensaham.com/backend/app/Controllers/Ultimate/Factsheetcontroller.php(16): view()
#7 /public_html/monika.panensaham.com/backend/vendor/codeigniter4/framework/system/CodeIgniter.php(918): App\Controllers\Ultimate\Factsheetcontroller->index()
#8 /public_html/monika.panensaham.com/backend/vendor/codeigniter4/framework/system/CodeIgniter.php(404): CodeIgniter\CodeIgniter->runController()
#9 /public_html/monika.panensaham.com/backend/vendor/codeigniter4/framework/system/CodeIgniter.php(312): CodeIgniter\CodeIgniter->handleRequest()
#10 /public_html/monika.panensaham.com/backend/index.php(45): CodeIgniter\CodeIgniter->run()
#11 {main}
CRITICAL - 2022-05-10 23:36:23 --> Undefined variable: type
#0 /public_html/monika.panensaham.com/backend/app/Views/menuultimate/edit_ultimatefactsheet.php(30): CodeIgniter\Debug\Exceptions->errorHandler()
#1 /public_html/monika.panensaham.com/backend/vendor/codeigniter4/framework/system/View/View.php(246): include('/public_html/mo...')
#2 /public_html/monika.panensaham.com/backend/vendor/codeigniter4/framework/system/View/View.php(525): CodeIgniter\View\View->render()
#3 /public_html/monika.panensaham.com/backend/app/Views/menuultimate/view_ultimatefactsheet.php(55): CodeIgniter\View\View->include()
#4 /public_html/monika.panensaham.com/backend/vendor/codeigniter4/framework/system/View/View.php(246): include('/public_html/mo...')
#5 /public_html/monika.panensaham.com/backend/vendor/codeigniter4/framework/system/Common.php(1119): CodeIgniter\View\View->render()
#6 /public_html/monika.panensaham.com/backend/app/Controllers/Ultimate/Factsheetcontroller.php(16): view()
#7 /public_html/monika.panensaham.com/backend/vendor/codeigniter4/framework/system/CodeIgniter.php(918): App\Controllers\Ultimate\Factsheetcontroller->index()
#8 /public_html/monika.panensaham.com/backend/vendor/codeigniter4/framework/system/CodeIgniter.php(404): CodeIgniter\CodeIgniter->runController()
#9 /public_html/monika.panensaham.com/backend/vendor/codeigniter4/framework/system/CodeIgniter.php(312): CodeIgniter\CodeIgniter->handleRequest()
#10 /public_html/monika.panensaham.com/backend/index.php(45): CodeIgniter\CodeIgniter->run()
#11 {main}
