CRITICAL - 2022-03-24 03:08:35 --> Call to undefined method App\Models\Information\TypeModel::getResultArray
#0 /public_html/monika.panensaham.com/backend/app/Controllers/Information/Bursaemitencontroller.php(24): CodeIgniter\Model->__call()
#1 /public_html/monika.panensaham.com/backend/vendor/codeigniter4/framework/system/CodeIgniter.php(918): App\Controllers\Information\Bursaemitencontroller->index()
#2 /public_html/monika.panensaham.com/backend/vendor/codeigniter4/framework/system/CodeIgniter.php(404): CodeIgniter\CodeIgniter->runController()
#3 /public_html/monika.panensaham.com/backend/vendor/codeigniter4/framework/system/CodeIgniter.php(312): CodeIgniter\CodeIgniter->handleRequest()
#4 /public_html/monika.panensaham.com/backend/index.php(45): CodeIgniter\CodeIgniter->run()
#5 {main}
CRITICAL - 2022-03-24 03:18:08 --> Call to undefined method App\Models\Information\TypeModel::getResultArray
#0 /public_html/monika.panensaham.com/backend/app/Controllers/Information/Bursaemitencontroller.php(25): CodeIgniter\Model->__call()
#1 /public_html/monika.panensaham.com/backend/vendor/codeigniter4/framework/system/CodeIgniter.php(918): App\Controllers\Information\Bursaemitencontroller->index()
#2 /public_html/monika.panensaham.com/backend/vendor/codeigniter4/framework/system/CodeIgniter.php(404): CodeIgniter\CodeIgniter->runController()
#3 /public_html/monika.panensaham.com/backend/vendor/codeigniter4/framework/system/CodeIgniter.php(312): CodeIgniter\CodeIgniter->handleRequest()
#4 /public_html/monika.panensaham.com/backend/index.php(45): CodeIgniter\CodeIgniter->run()
#5 {main}
CRITICAL - 2022-03-24 20:40:31 --> File not found: public/assets/img/news/PENG2403220303.jpg
#0 /public_html/monika.panensaham.com/backend/vendor/codeigniter4/framework/system/Files/File.php(74): CodeIgniter\Files\Exceptions\FileNotFoundException::forFileNotFound()
#1 /public_html/monika.panensaham.com/backend/vendor/codeigniter4/framework/system/Images/Handlers/BaseHandler.php(171): CodeIgniter\Files\File->__construct()
#2 /public_html/monika.panensaham.com/backend/app/Controllers/Information/Bursaemitencontroller.php(150): CodeIgniter\Images\Handlers\BaseHandler->withFile()
#3 /public_html/monika.panensaham.com/backend/app/Controllers/Information/Bursaemitencontroller.php(244): App\Controllers\Information\Bursaemitencontroller->compressImg()
#4 /public_html/monika.panensaham.com/backend/vendor/codeigniter4/framework/system/CodeIgniter.php(918): App\Controllers\Information\Bursaemitencontroller->simpandata()
#5 /public_html/monika.panensaham.com/backend/vendor/codeigniter4/framework/system/CodeIgniter.php(404): CodeIgniter\CodeIgniter->runController()
#6 /public_html/monika.panensaham.com/backend/vendor/codeigniter4/framework/system/CodeIgniter.php(312): CodeIgniter\CodeIgniter->handleRequest()
#7 /public_html/monika.panensaham.com/backend/index.php(45): CodeIgniter\CodeIgniter->run()
#8 {main}
CRITICAL - 2022-03-24 20:40:43 --> File not found: public/assets/img/news/PENG2403220303.jpg
#0 /public_html/monika.panensaham.com/backend/vendor/codeigniter4/framework/system/Files/File.php(74): CodeIgniter\Files\Exceptions\FileNotFoundException::forFileNotFound()
#1 /public_html/monika.panensaham.com/backend/vendor/codeigniter4/framework/system/Images/Handlers/BaseHandler.php(171): CodeIgniter\Files\File->__construct()
#2 /public_html/monika.panensaham.com/backend/app/Controllers/Information/Bursaemitencontroller.php(150): CodeIgniter\Images\Handlers\BaseHandler->withFile()
#3 /public_html/monika.panensaham.com/backend/app/Controllers/Information/Bursaemitencontroller.php(244): App\Controllers\Information\Bursaemitencontroller->compressImg()
#4 /public_html/monika.panensaham.com/backend/vendor/codeigniter4/framework/system/CodeIgniter.php(918): App\Controllers\Information\Bursaemitencontroller->simpandata()
#5 /public_html/monika.panensaham.com/backend/vendor/codeigniter4/framework/system/CodeIgniter.php(404): CodeIgniter\CodeIgniter->runController()
#6 /public_html/monika.panensaham.com/backend/vendor/codeigniter4/framework/system/CodeIgniter.php(312): CodeIgniter\CodeIgniter->handleRequest()
#7 /public_html/monika.panensaham.com/backend/index.php(45): CodeIgniter\CodeIgniter->run()
#8 {main}
CRITICAL - 2022-03-24 21:08:04 --> Call to undefined method App\Models\Information\CategoryModel::getResultArray
#0 /public_html/monika.panensaham.com/backend/app/Controllers/Information/Bursaemitencontroller.php(25): CodeIgniter\Model->__call()
#1 /public_html/monika.panensaham.com/backend/vendor/codeigniter4/framework/system/CodeIgniter.php(918): App\Controllers\Information\Bursaemitencontroller->index()
#2 /public_html/monika.panensaham.com/backend/vendor/codeigniter4/framework/system/CodeIgniter.php(404): CodeIgniter\CodeIgniter->runController()
#3 /public_html/monika.panensaham.com/backend/vendor/codeigniter4/framework/system/CodeIgniter.php(312): CodeIgniter\CodeIgniter->handleRequest()
#4 /public_html/monika.panensaham.com/backend/index.php(45): CodeIgniter\CodeIgniter->run()
#5 {main}
CRITICAL - 2022-03-24 21:08:07 --> Call to undefined method App\Models\Information\CategoryModel::getResultArray
#0 /public_html/monika.panensaham.com/backend/app/Controllers/Information/Bursaemitencontroller.php(25): CodeIgniter\Model->__call()
#1 /public_html/monika.panensaham.com/backend/vendor/codeigniter4/framework/system/CodeIgniter.php(918): App\Controllers\Information\Bursaemitencontroller->index()
#2 /public_html/monika.panensaham.com/backend/vendor/codeigniter4/framework/system/CodeIgniter.php(404): CodeIgniter\CodeIgniter->runController()
#3 /public_html/monika.panensaham.com/backend/vendor/codeigniter4/framework/system/CodeIgniter.php(312): CodeIgniter\CodeIgniter->handleRequest()
#4 /public_html/monika.panensaham.com/backend/index.php(45): CodeIgniter\CodeIgniter->run()
#5 {main}
CRITICAL - 2022-03-24 21:09:57 --> Call to undefined method App\Models\Information\CategoryModel::getResult
#0 /public_html/monika.panensaham.com/backend/app/Controllers/Information/Bursaemitencontroller.php(25): CodeIgniter\Model->__call()
#1 /public_html/monika.panensaham.com/backend/vendor/codeigniter4/framework/system/CodeIgniter.php(918): App\Controllers\Information\Bursaemitencontroller->index()
#2 /public_html/monika.panensaham.com/backend/vendor/codeigniter4/framework/system/CodeIgniter.php(404): CodeIgniter\CodeIgniter->runController()
#3 /public_html/monika.panensaham.com/backend/vendor/codeigniter4/framework/system/CodeIgniter.php(312): CodeIgniter\CodeIgniter->handleRequest()
#4 /public_html/monika.panensaham.com/backend/index.php(45): CodeIgniter\CodeIgniter->run()
#5 {main}
CRITICAL - 2022-03-24 21:13:50 --> Cannot use object of type mysqli as array
#0 /public_html/monika.panensaham.com/backend/vendor/codeigniter4/framework/system/View/View.php(246): include()
#1 /public_html/monika.panensaham.com/backend/vendor/codeigniter4/framework/system/View/View.php(525): CodeIgniter\View\View->render()
#2 /public_html/monika.panensaham.com/backend/app/Views/menuinformation/view_infobursaemiten.php(66): CodeIgniter\View\View->include()
#3 /public_html/monika.panensaham.com/backend/vendor/codeigniter4/framework/system/View/View.php(246): include('/public_html/mo...')
#4 /public_html/monika.panensaham.com/backend/vendor/codeigniter4/framework/system/Common.php(1119): CodeIgniter\View\View->render()
#5 /public_html/monika.panensaham.com/backend/app/Controllers/Information/Bursaemitencontroller.php(33): view()
#6 /public_html/monika.panensaham.com/backend/vendor/codeigniter4/framework/system/CodeIgniter.php(918): App\Controllers\Information\Bursaemitencontroller->index()
#7 /public_html/monika.panensaham.com/backend/vendor/codeigniter4/framework/system/CodeIgniter.php(404): CodeIgniter\CodeIgniter->runController()
#8 /public_html/monika.panensaham.com/backend/vendor/codeigniter4/framework/system/CodeIgniter.php(312): CodeIgniter\CodeIgniter->handleRequest()
#9 /public_html/monika.panensaham.com/backend/index.php(45): CodeIgniter\CodeIgniter->run()
#10 {main}
CRITICAL - 2022-03-24 21:13:57 --> Cannot use object of type mysqli as array
#0 /public_html/monika.panensaham.com/backend/vendor/codeigniter4/framework/system/View/View.php(246): include()
#1 /public_html/monika.panensaham.com/backend/vendor/codeigniter4/framework/system/View/View.php(525): CodeIgniter\View\View->render()
#2 /public_html/monika.panensaham.com/backend/app/Views/menuinformation/view_infobursaemiten.php(66): CodeIgniter\View\View->include()
#3 /public_html/monika.panensaham.com/backend/vendor/codeigniter4/framework/system/View/View.php(246): include('/public_html/mo...')
#4 /public_html/monika.panensaham.com/backend/vendor/codeigniter4/framework/system/Common.php(1119): CodeIgniter\View\View->render()
#5 /public_html/monika.panensaham.com/backend/app/Controllers/Information/Bursaemitencontroller.php(33): view()
#6 /public_html/monika.panensaham.com/backend/vendor/codeigniter4/framework/system/CodeIgniter.php(918): App\Controllers\Information\Bursaemitencontroller->index()
#7 /public_html/monika.panensaham.com/backend/vendor/codeigniter4/framework/system/CodeIgniter.php(404): CodeIgniter\CodeIgniter->runController()
#8 /public_html/monika.panensaham.com/backend/vendor/codeigniter4/framework/system/CodeIgniter.php(312): CodeIgniter\CodeIgniter->handleRequest()
#9 /public_html/monika.panensaham.com/backend/index.php(45): CodeIgniter\CodeIgniter->run()
#10 {main}
CRITICAL - 2022-03-24 21:14:35 --> Call to undefined method CodeIgniter\Database\MySQLi\Builder::resultArray()
#0 /public_html/monika.panensaham.com/backend/vendor/codeigniter4/framework/system/CodeIgniter.php(918): App\Controllers\Information\Bursaemitencontroller->index()
#1 /public_html/monika.panensaham.com/backend/vendor/codeigniter4/framework/system/CodeIgniter.php(404): CodeIgniter\CodeIgniter->runController()
#2 /public_html/monika.panensaham.com/backend/vendor/codeigniter4/framework/system/CodeIgniter.php(312): CodeIgniter\CodeIgniter->handleRequest()
#3 /public_html/monika.panensaham.com/backend/index.php(45): CodeIgniter\CodeIgniter->run()
#4 {main}
CRITICAL - 2022-03-24 21:14:48 --> Call to undefined method CodeIgniter\Database\MySQLi\Builder::getResultArray()
#0 /public_html/monika.panensaham.com/backend/vendor/codeigniter4/framework/system/CodeIgniter.php(918): App\Controllers\Information\Bursaemitencontroller->index()
#1 /public_html/monika.panensaham.com/backend/vendor/codeigniter4/framework/system/CodeIgniter.php(404): CodeIgniter\CodeIgniter->runController()
#2 /public_html/monika.panensaham.com/backend/vendor/codeigniter4/framework/system/CodeIgniter.php(312): CodeIgniter\CodeIgniter->handleRequest()
#3 /public_html/monika.panensaham.com/backend/index.php(45): CodeIgniter\CodeIgniter->run()
#4 {main}
CRITICAL - 2022-03-24 21:14:50 --> Call to undefined method CodeIgniter\Database\MySQLi\Builder::getResultArray()
#0 /public_html/monika.panensaham.com/backend/vendor/codeigniter4/framework/system/CodeIgniter.php(918): App\Controllers\Information\Bursaemitencontroller->index()
#1 /public_html/monika.panensaham.com/backend/vendor/codeigniter4/framework/system/CodeIgniter.php(404): CodeIgniter\CodeIgniter->runController()
#2 /public_html/monika.panensaham.com/backend/vendor/codeigniter4/framework/system/CodeIgniter.php(312): CodeIgniter\CodeIgniter->handleRequest()
#3 /public_html/monika.panensaham.com/backend/index.php(45): CodeIgniter\CodeIgniter->run()
#4 {main}
CRITICAL - 2022-03-24 21:14:51 --> Call to undefined method CodeIgniter\Database\MySQLi\Builder::getResultArray()
#0 /public_html/monika.panensaham.com/backend/vendor/codeigniter4/framework/system/CodeIgniter.php(918): App\Controllers\Information\Bursaemitencontroller->index()
#1 /public_html/monika.panensaham.com/backend/vendor/codeigniter4/framework/system/CodeIgniter.php(404): CodeIgniter\CodeIgniter->runController()
#2 /public_html/monika.panensaham.com/backend/vendor/codeigniter4/framework/system/CodeIgniter.php(312): CodeIgniter\CodeIgniter->handleRequest()
#3 /public_html/monika.panensaham.com/backend/index.php(45): CodeIgniter\CodeIgniter->run()
#4 {main}
CRITICAL - 2022-03-24 21:14:53 --> Call to undefined method CodeIgniter\Database\MySQLi\Builder::getResultArray()
#0 /public_html/monika.panensaham.com/backend/vendor/codeigniter4/framework/system/CodeIgniter.php(918): App\Controllers\Information\Bursaemitencontroller->index()
#1 /public_html/monika.panensaham.com/backend/vendor/codeigniter4/framework/system/CodeIgniter.php(404): CodeIgniter\CodeIgniter->runController()
#2 /public_html/monika.panensaham.com/backend/vendor/codeigniter4/framework/system/CodeIgniter.php(312): CodeIgniter\CodeIgniter->handleRequest()
#3 /public_html/monika.panensaham.com/backend/index.php(45): CodeIgniter\CodeIgniter->run()
#4 {main}
CRITICAL - 2022-03-24 21:19:20 --> Call to undefined method CodeIgniter\Database\MySQLi\Builder::leftjoin()
#0 /public_html/monika.panensaham.com/backend/app/Controllers/Information/Bursaemitencontroller.php(47): App\Models\Information\BursaemitenModel->__construct()
#1 /public_html/monika.panensaham.com/backend/vendor/codeigniter4/framework/system/CodeIgniter.php(918): App\Controllers\Information\Bursaemitencontroller->ajax_list()
#2 /public_html/monika.panensaham.com/backend/vendor/codeigniter4/framework/system/CodeIgniter.php(404): CodeIgniter\CodeIgniter->runController()
#3 /public_html/monika.panensaham.com/backend/vendor/codeigniter4/framework/system/CodeIgniter.php(312): CodeIgniter\CodeIgniter->handleRequest()
#4 /public_html/monika.panensaham.com/backend/index.php(45): CodeIgniter\CodeIgniter->run()
#5 {main}
CRITICAL - 2022-03-24 21:19:28 --> Call to undefined method CodeIgniter\Database\MySQLi\Builder::leftjoin()
#0 /public_html/monika.panensaham.com/backend/app/Controllers/Information/Bursaemitencontroller.php(47): App\Models\Information\BursaemitenModel->__construct()
#1 /public_html/monika.panensaham.com/backend/vendor/codeigniter4/framework/system/CodeIgniter.php(918): App\Controllers\Information\Bursaemitencontroller->ajax_list()
#2 /public_html/monika.panensaham.com/backend/vendor/codeigniter4/framework/system/CodeIgniter.php(404): CodeIgniter\CodeIgniter->runController()
#3 /public_html/monika.panensaham.com/backend/vendor/codeigniter4/framework/system/CodeIgniter.php(312): CodeIgniter\CodeIgniter->handleRequest()
#4 /public_html/monika.panensaham.com/backend/index.php(45): CodeIgniter\CodeIgniter->run()
#5 {main}
CRITICAL - 2022-03-24 21:43:32 --> syntax error, unexpected ''type'' (T_CONSTANT_ENCAPSED_STRING), expecting ']'
#0 /public_html/monika.panensaham.com/backend/vendor/codeigniter4/framework/system/Autoloader/Autoloader.php(296): CodeIgniter\Autoloader\Autoloader->requireFile()
#1 /public_html/monika.panensaham.com/backend/vendor/codeigniter4/framework/system/Autoloader/Autoloader.php(258): CodeIgniter\Autoloader\Autoloader->loadInNamespace()
#2 [internal function]: CodeIgniter\Autoloader\Autoloader->loadClass()
#3 [internal function]: spl_autoload_call()
#4 /public_html/monika.panensaham.com/backend/vendor/codeigniter4/framework/system/CodeIgniter.php(869): class_exists()
#5 /public_html/monika.panensaham.com/backend/vendor/codeigniter4/framework/system/CodeIgniter.php(394): CodeIgniter\CodeIgniter->startController()
#6 /public_html/monika.panensaham.com/backend/vendor/codeigniter4/framework/system/CodeIgniter.php(312): CodeIgniter\CodeIgniter->handleRequest()
#7 /public_html/monika.panensaham.com/backend/index.php(45): CodeIgniter\CodeIgniter->run()
#8 {main}
CRITICAL - 2022-03-24 21:43:34 --> syntax error, unexpected ''type'' (T_CONSTANT_ENCAPSED_STRING), expecting ']'
#0 /public_html/monika.panensaham.com/backend/vendor/codeigniter4/framework/system/Autoloader/Autoloader.php(296): CodeIgniter\Autoloader\Autoloader->requireFile()
#1 /public_html/monika.panensaham.com/backend/vendor/codeigniter4/framework/system/Autoloader/Autoloader.php(258): CodeIgniter\Autoloader\Autoloader->loadInNamespace()
#2 [internal function]: CodeIgniter\Autoloader\Autoloader->loadClass()
#3 [internal function]: spl_autoload_call()
#4 /public_html/monika.panensaham.com/backend/vendor/codeigniter4/framework/system/CodeIgniter.php(869): class_exists()
#5 /public_html/monika.panensaham.com/backend/vendor/codeigniter4/framework/system/CodeIgniter.php(394): CodeIgniter\CodeIgniter->startController()
#6 /public_html/monika.panensaham.com/backend/vendor/codeigniter4/framework/system/CodeIgniter.php(312): CodeIgniter\CodeIgniter->handleRequest()
#7 /public_html/monika.panensaham.com/backend/index.php(45): CodeIgniter\CodeIgniter->run()
#8 {main}
CRITICAL - 2022-03-24 22:03:08 --> Too few arguments to function App\Models\Information\CategoryModel::__construct(), 0 passed in /public_html/monika.panensaham.com/backend/app/Controllers/Information/Bursaemitencontroller.php on line 137 and exactly 1 expected
#0 /public_html/monika.panensaham.com/backend/app/Controllers/Information/Bursaemitencontroller.php(137): App\Models\Information\CategoryModel->__construct()
#1 /public_html/monika.panensaham.com/backend/vendor/codeigniter4/framework/system/CodeIgniter.php(918): App\Controllers\Information\Bursaemitencontroller->filterJenis()
#2 /public_html/monika.panensaham.com/backend/vendor/codeigniter4/framework/system/CodeIgniter.php(404): CodeIgniter\CodeIgniter->runController()
#3 /public_html/monika.panensaham.com/backend/vendor/codeigniter4/framework/system/CodeIgniter.php(312): CodeIgniter\CodeIgniter->handleRequest()
#4 /public_html/monika.panensaham.com/backend/index.php(45): CodeIgniter\CodeIgniter->run()
#5 {main}
CRITICAL - 2022-03-24 22:03:14 --> Too few arguments to function App\Models\Information\CategoryModel::__construct(), 0 passed in /public_html/monika.panensaham.com/backend/app/Controllers/Information/Bursaemitencontroller.php on line 137 and exactly 1 expected
#0 /public_html/monika.panensaham.com/backend/app/Controllers/Information/Bursaemitencontroller.php(137): App\Models\Information\CategoryModel->__construct()
#1 /public_html/monika.panensaham.com/backend/vendor/codeigniter4/framework/system/CodeIgniter.php(918): App\Controllers\Information\Bursaemitencontroller->filterJenis()
#2 /public_html/monika.panensaham.com/backend/vendor/codeigniter4/framework/system/CodeIgniter.php(404): CodeIgniter\CodeIgniter->runController()
#3 /public_html/monika.panensaham.com/backend/vendor/codeigniter4/framework/system/CodeIgniter.php(312): CodeIgniter\CodeIgniter->handleRequest()
#4 /public_html/monika.panensaham.com/backend/index.php(45): CodeIgniter\CodeIgniter->run()
#5 {main}
CRITICAL - 2022-03-24 22:19:15 --> Too few arguments to function App\Models\Information\CategoryModel::__construct(), 0 passed in /public_html/monika.panensaham.com/backend/app/Controllers/Information/Bursaemitencontroller.php on line 137 and exactly 1 expected
#0 /public_html/monika.panensaham.com/backend/app/Controllers/Information/Bursaemitencontroller.php(137): App\Models\Information\CategoryModel->__construct()
#1 /public_html/monika.panensaham.com/backend/vendor/codeigniter4/framework/system/CodeIgniter.php(918): App\Controllers\Information\Bursaemitencontroller->filterJenis()
#2 /public_html/monika.panensaham.com/backend/vendor/codeigniter4/framework/system/CodeIgniter.php(404): CodeIgniter\CodeIgniter->runController()
#3 /public_html/monika.panensaham.com/backend/vendor/codeigniter4/framework/system/CodeIgniter.php(312): CodeIgniter\CodeIgniter->handleRequest()
#4 /public_html/monika.panensaham.com/backend/index.php(45): CodeIgniter\CodeIgniter->run()
#5 {main}
CRITICAL - 2022-03-24 22:25:22 --> unlink(public/assets/img/bursaemiten/PENG2403220313.jpg): No such file or directory
#0 [internal function]: CodeIgniter\Debug\Exceptions->errorHandler()
#1 /public_html/monika.panensaham.com/backend/app/Controllers/Information/Bursaemitencontroller.php(507): unlink()
#2 /public_html/monika.panensaham.com/backend/vendor/codeigniter4/framework/system/CodeIgniter.php(918): App\Controllers\Information\Bursaemitencontroller->hapusdata()
#3 /public_html/monika.panensaham.com/backend/vendor/codeigniter4/framework/system/CodeIgniter.php(404): CodeIgniter\CodeIgniter->runController()
#4 /public_html/monika.panensaham.com/backend/vendor/codeigniter4/framework/system/CodeIgniter.php(312): CodeIgniter\CodeIgniter->handleRequest()
#5 /public_html/monika.panensaham.com/backend/index.php(45): CodeIgniter\CodeIgniter->run()
#6 {main}
CRITICAL - 2022-03-24 22:25:37 --> unlink(public/assets/img/bursaemiten/PENG2403220313.jpg): No such file or directory
#0 [internal function]: CodeIgniter\Debug\Exceptions->errorHandler()
#1 /public_html/monika.panensaham.com/backend/app/Controllers/Information/Bursaemitencontroller.php(507): unlink()
#2 /public_html/monika.panensaham.com/backend/vendor/codeigniter4/framework/system/CodeIgniter.php(918): App\Controllers\Information\Bursaemitencontroller->hapusdata()
#3 /public_html/monika.panensaham.com/backend/vendor/codeigniter4/framework/system/CodeIgniter.php(404): CodeIgniter\CodeIgniter->runController()
#4 /public_html/monika.panensaham.com/backend/vendor/codeigniter4/framework/system/CodeIgniter.php(312): CodeIgniter\CodeIgniter->handleRequest()
#5 /public_html/monika.panensaham.com/backend/index.php(45): CodeIgniter\CodeIgniter->run()
#6 {main}
CRITICAL - 2022-03-24 22:28:02 --> Too few arguments to function App\Models\Information\CategoryModel::__construct(), 0 passed in /public_html/monika.panensaham.com/backend/app/Controllers/Information/Bursaemitencontroller.php on line 137 and exactly 1 expected
#0 /public_html/monika.panensaham.com/backend/app/Controllers/Information/Bursaemitencontroller.php(137): App\Models\Information\CategoryModel->__construct()
#1 /public_html/monika.panensaham.com/backend/vendor/codeigniter4/framework/system/CodeIgniter.php(918): App\Controllers\Information\Bursaemitencontroller->filterJenis()
#2 /public_html/monika.panensaham.com/backend/vendor/codeigniter4/framework/system/CodeIgniter.php(404): CodeIgniter\CodeIgniter->runController()
#3 /public_html/monika.panensaham.com/backend/vendor/codeigniter4/framework/system/CodeIgniter.php(312): CodeIgniter\CodeIgniter->handleRequest()
#4 /public_html/monika.panensaham.com/backend/index.php(45): CodeIgniter\CodeIgniter->run()
#5 {main}
