CRITICAL - 2022-02-16 02:02:21 --> fopen(/public_html/monika.panensaham.com/backend/writable/session/ci_session9fvvjki76pfdj7gp3lktiaa2r9ppeogj): failed to open stream: Permission denied
#0 [internal function]: CodeIgniter\Debug\Exceptions->errorHandler()
#1 /public_html/monika.panensaham.com/backend/vendor/codeigniter4/framework/system/Session/Handlers/FileHandler.php(174): fopen()
#2 [internal function]: CodeIgniter\Session\Handlers\FileHandler->read()
#3 /public_html/monika.panensaham.com/backend/vendor/codeigniter4/framework/system/Session/Session.php(1005): session_start()
#4 /public_html/monika.panensaham.com/backend/vendor/codeigniter4/framework/system/Session/Session.php(240): CodeIgniter\Session\Session->startSession()
#5 /public_html/monika.panensaham.com/backend/vendor/codeigniter4/framework/system/Config/Services.php(788): CodeIgniter\Session\Session->start()
#6 /public_html/monika.panensaham.com/backend/vendor/codeigniter4/framework/system/Config/BaseService.php(123): CodeIgniter\Config\Services::session()
#7 /public_html/monika.panensaham.com/backend/vendor/codeigniter4/framework/system/Config/Services.php(769): CodeIgniter\Config\BaseService::getSharedInstance()
#8 /public_html/monika.panensaham.com/backend/app/Controllers/BaseController.php(43): CodeIgniter\Config\Services::session()
#9 /public_html/monika.panensaham.com/backend/vendor/codeigniter4/framework/system/CodeIgniter.php(891): App\Controllers\BaseController->initController()
#10 /public_html/monika.panensaham.com/backend/vendor/codeigniter4/framework/system/CodeIgniter.php(399): CodeIgniter\CodeIgniter->createController()
#11 /public_html/monika.panensaham.com/backend/vendor/codeigniter4/framework/system/CodeIgniter.php(312): CodeIgniter\CodeIgniter->handleRequest()
#12 /public_html/monika.panensaham.com/backend/index.php(45): CodeIgniter\CodeIgniter->run()
#13 {main}
CRITICAL - 2022-02-16 02:02:21 --> fopen(/public_html/monika.panensaham.com/backend/writable/session/ci_session9fvvjki76pfdj7gp3lktiaa2r9ppeogj): failed to open stream: Permission denied
#0 [internal function]: CodeIgniter\Debug\Exceptions->errorHandler()
#1 /public_html/monika.panensaham.com/backend/vendor/codeigniter4/framework/system/Session/Handlers/FileHandler.php(174): fopen()
#2 [internal function]: CodeIgniter\Session\Handlers\FileHandler->read()
#3 /public_html/monika.panensaham.com/backend/vendor/codeigniter4/framework/system/Session/Session.php(1005): session_start()
#4 /public_html/monika.panensaham.com/backend/vendor/codeigniter4/framework/system/Session/Session.php(240): CodeIgniter\Session\Session->startSession()
#5 /public_html/monika.panensaham.com/backend/vendor/codeigniter4/framework/system/Config/Services.php(788): CodeIgniter\Session\Session->start()
#6 /public_html/monika.panensaham.com/backend/vendor/codeigniter4/framework/system/Config/BaseService.php(123): CodeIgniter\Config\Services::session()
#7 /public_html/monika.panensaham.com/backend/vendor/codeigniter4/framework/system/Config/Services.php(769): CodeIgniter\Config\BaseService::getSharedInstance()
#8 /public_html/monika.panensaham.com/backend/app/Controllers/BaseController.php(43): CodeIgniter\Config\Services::session()
#9 /public_html/monika.panensaham.com/backend/vendor/codeigniter4/framework/system/CodeIgniter.php(891): App\Controllers\BaseController->initController()
#10 /public_html/monika.panensaham.com/backend/vendor/codeigniter4/framework/system/CodeIgniter.php(399): CodeIgniter\CodeIgniter->createController()
#11 /public_html/monika.panensaham.com/backend/vendor/codeigniter4/framework/system/CodeIgniter.php(312): CodeIgniter\CodeIgniter->handleRequest()
#12 /public_html/monika.panensaham.com/backend/index.php(45): CodeIgniter\CodeIgniter->run()
#13 {main}
CRITICAL - 2022-02-16 02:04:38 --> fopen(/public_html/monika.panensaham.com/backend/writable/session/ci_sessionsfvlnbjkb6o649k0golvbqp88vls6nrn): failed to open stream: Permission denied
#0 [internal function]: CodeIgniter\Debug\Exceptions->errorHandler()
#1 /public_html/monika.panensaham.com/backend/vendor/codeigniter4/framework/system/Session/Handlers/FileHandler.php(174): fopen()
#2 [internal function]: CodeIgniter\Session\Handlers\FileHandler->read()
#3 /public_html/monika.panensaham.com/backend/vendor/codeigniter4/framework/system/Session/Session.php(1005): session_start()
#4 /public_html/monika.panensaham.com/backend/vendor/codeigniter4/framework/system/Session/Session.php(240): CodeIgniter\Session\Session->startSession()
#5 /public_html/monika.panensaham.com/backend/vendor/codeigniter4/framework/system/Config/Services.php(788): CodeIgniter\Session\Session->start()
#6 /public_html/monika.panensaham.com/backend/vendor/codeigniter4/framework/system/Config/BaseService.php(123): CodeIgniter\Config\Services::session()
#7 /public_html/monika.panensaham.com/backend/vendor/codeigniter4/framework/system/Config/Services.php(769): CodeIgniter\Config\BaseService::getSharedInstance()
#8 /public_html/monika.panensaham.com/backend/app/Controllers/BaseController.php(43): CodeIgniter\Config\Services::session()
#9 /public_html/monika.panensaham.com/backend/vendor/codeigniter4/framework/system/CodeIgniter.php(891): App\Controllers\BaseController->initController()
#10 /public_html/monika.panensaham.com/backend/vendor/codeigniter4/framework/system/CodeIgniter.php(399): CodeIgniter\CodeIgniter->createController()
#11 /public_html/monika.panensaham.com/backend/vendor/codeigniter4/framework/system/CodeIgniter.php(312): CodeIgniter\CodeIgniter->handleRequest()
#12 /public_html/monika.panensaham.com/backend/index.php(45): CodeIgniter\CodeIgniter->run()
#13 {main}
CRITICAL - 2022-02-16 02:04:41 --> fopen(/public_html/monika.panensaham.com/backend/writable/session/ci_sessionsfvlnbjkb6o649k0golvbqp88vls6nrn): failed to open stream: Permission denied
#0 [internal function]: CodeIgniter\Debug\Exceptions->errorHandler()
#1 /public_html/monika.panensaham.com/backend/vendor/codeigniter4/framework/system/Session/Handlers/FileHandler.php(174): fopen()
#2 [internal function]: CodeIgniter\Session\Handlers\FileHandler->read()
#3 /public_html/monika.panensaham.com/backend/vendor/codeigniter4/framework/system/Session/Session.php(1005): session_start()
#4 /public_html/monika.panensaham.com/backend/vendor/codeigniter4/framework/system/Session/Session.php(240): CodeIgniter\Session\Session->startSession()
#5 /public_html/monika.panensaham.com/backend/vendor/codeigniter4/framework/system/Config/Services.php(788): CodeIgniter\Session\Session->start()
#6 /public_html/monika.panensaham.com/backend/vendor/codeigniter4/framework/system/Config/BaseService.php(123): CodeIgniter\Config\Services::session()
#7 /public_html/monika.panensaham.com/backend/vendor/codeigniter4/framework/system/Config/Services.php(769): CodeIgniter\Config\BaseService::getSharedInstance()
#8 /public_html/monika.panensaham.com/backend/app/Controllers/BaseController.php(43): CodeIgniter\Config\Services::session()
#9 /public_html/monika.panensaham.com/backend/vendor/codeigniter4/framework/system/CodeIgniter.php(891): App\Controllers\BaseController->initController()
#10 /public_html/monika.panensaham.com/backend/vendor/codeigniter4/framework/system/CodeIgniter.php(399): CodeIgniter\CodeIgniter->createController()
#11 /public_html/monika.panensaham.com/backend/vendor/codeigniter4/framework/system/CodeIgniter.php(312): CodeIgniter\CodeIgniter->handleRequest()
#12 /public_html/monika.panensaham.com/backend/index.php(45): CodeIgniter\CodeIgniter->run()
#13 {main}
CRITICAL - 2022-02-16 02:04:57 --> fopen(/public_html/monika.panensaham.com/backend/writable/session/ci_sessionsfvlnbjkb6o649k0golvbqp88vls6nrn): failed to open stream: Permission denied
#0 [internal function]: CodeIgniter\Debug\Exceptions->errorHandler()
#1 /public_html/monika.panensaham.com/backend/vendor/codeigniter4/framework/system/Session/Handlers/FileHandler.php(174): fopen()
#2 [internal function]: CodeIgniter\Session\Handlers\FileHandler->read()
#3 /public_html/monika.panensaham.com/backend/vendor/codeigniter4/framework/system/Session/Session.php(1005): session_start()
#4 /public_html/monika.panensaham.com/backend/vendor/codeigniter4/framework/system/Session/Session.php(240): CodeIgniter\Session\Session->startSession()
#5 /public_html/monika.panensaham.com/backend/vendor/codeigniter4/framework/system/Config/Services.php(788): CodeIgniter\Session\Session->start()
#6 /public_html/monika.panensaham.com/backend/vendor/codeigniter4/framework/system/Config/BaseService.php(123): CodeIgniter\Config\Services::session()
#7 /public_html/monika.panensaham.com/backend/vendor/codeigniter4/framework/system/Config/Services.php(769): CodeIgniter\Config\BaseService::getSharedInstance()
#8 /public_html/monika.panensaham.com/backend/app/Controllers/BaseController.php(43): CodeIgniter\Config\Services::session()
#9 /public_html/monika.panensaham.com/backend/vendor/codeigniter4/framework/system/CodeIgniter.php(891): App\Controllers\BaseController->initController()
#10 /public_html/monika.panensaham.com/backend/vendor/codeigniter4/framework/system/CodeIgniter.php(399): CodeIgniter\CodeIgniter->createController()
#11 /public_html/monika.panensaham.com/backend/vendor/codeigniter4/framework/system/CodeIgniter.php(312): CodeIgniter\CodeIgniter->handleRequest()
#12 /public_html/monika.panensaham.com/backend/index.php(45): CodeIgniter\CodeIgniter->run()
#13 {main}
