CRITICAL - 2021-04-15 20:56:36 --> Call to a member function getPost() on null
#0 /public_html/backend/vendor/codeigniter4/framework/system/CodeIgniter.php(918): App\Controllers\CheckApi->checkKomunitas()
#1 /public_html/backend/vendor/codeigniter4/framework/system/CodeIgniter.php(404): CodeIgniter\CodeIgniter->runController(Object(App\Controllers\CheckApi))
#2 /public_html/backend/vendor/codeigniter4/framework/system/CodeIgniter.php(312): CodeIgniter\CodeIgniter->handleRequest(NULL, Object(Config\Cache), false)
#3 /public_html/backend/index.php(45): CodeIgniter\CodeIgniter->run()
#4 {main}
CRITICAL - 2021-04-15 21:00:23 --> Call to a member function post() on null
#0 /public_html/backend/vendor/codeigniter4/framework/system/CodeIgniter.php(918): App\Controllers\CheckApi->checkKomunitas()
#1 /public_html/backend/vendor/codeigniter4/framework/system/CodeIgniter.php(404): CodeIgniter\CodeIgniter->runController(Object(App\Controllers\CheckApi))
#2 /public_html/backend/vendor/codeigniter4/framework/system/CodeIgniter.php(312): CodeIgniter\CodeIgniter->handleRequest(NULL, Object(Config\Cache), false)
#3 /public_html/backend/index.php(45): CodeIgniter\CodeIgniter->run()
#4 {main}
CRITICAL - 2021-04-15 21:11:18 --> Call to a member function check() on null
#0 /public_html/backend/vendor/codeigniter4/framework/system/CodeIgniter.php(918): App\Controllers\CheckApi->checkKomunitas()
#1 /public_html/backend/vendor/codeigniter4/framework/system/CodeIgniter.php(404): CodeIgniter\CodeIgniter->runController(Object(App\Controllers\CheckApi))
#2 /public_html/backend/vendor/codeigniter4/framework/system/CodeIgniter.php(312): CodeIgniter\CodeIgniter->handleRequest(NULL, Object(Config\Cache), false)
#3 /public_html/backend/index.php(45): CodeIgniter\CodeIgniter->run()
#4 {main}
CRITICAL - 2021-04-15 21:11:58 --> Call to a member function check() on null
#0 /public_html/backend/vendor/codeigniter4/framework/system/CodeIgniter.php(918): App\Controllers\CheckApi->checkKomunitas()
#1 /public_html/backend/vendor/codeigniter4/framework/system/CodeIgniter.php(404): CodeIgniter\CodeIgniter->runController(Object(App\Controllers\CheckApi))
#2 /public_html/backend/vendor/codeigniter4/framework/system/CodeIgniter.php(312): CodeIgniter\CodeIgniter->handleRequest(NULL, Object(Config\Cache), false)
#3 /public_html/backend/index.php(45): CodeIgniter\CodeIgniter->run()
#4 {main}
CRITICAL - 2021-04-15 21:29:10 --> Call to a member function check() on null
#0 /public_html/backend/vendor/codeigniter4/framework/system/CodeIgniter.php(918): App\Controllers\CheckApi->checkKomunitas()
#1 /public_html/backend/vendor/codeigniter4/framework/system/CodeIgniter.php(404): CodeIgniter\CodeIgniter->runController(Object(App\Controllers\CheckApi))
#2 /public_html/backend/vendor/codeigniter4/framework/system/CodeIgniter.php(312): CodeIgniter\CodeIgniter->handleRequest(NULL, Object(Config\Cache), false)
#3 /public_html/backend/index.php(45): CodeIgniter\CodeIgniter->run()
#4 {main}
CRITICAL - 2021-04-15 21:30:06 --> syntax error, unexpected '=>' (T_DOUBLE_ARROW), expecting ')'
#0 /public_html/backend/vendor/codeigniter4/framework/system/Autoloader/Autoloader.php(296): CodeIgniter\Autoloader\Autoloader->requireFile('/public_html/ba...')
#1 /public_html/backend/vendor/codeigniter4/framework/system/Autoloader/Autoloader.php(258): CodeIgniter\Autoloader\Autoloader->loadInNamespace('App\\Models\\Komu...')
#2 [internal function]: CodeIgniter\Autoloader\Autoloader->loadClass('App\\Models\\Komu...')
#3 /public_html/backend/app/Controllers/CheckApi.php(11): spl_autoload_call('App\\Models\\Komu...')
#4 /public_html/backend/vendor/codeigniter4/framework/system/CodeIgniter.php(890): App\Controllers\CheckApi->__construct()
#5 /public_html/backend/vendor/codeigniter4/framework/system/CodeIgniter.php(399): CodeIgniter\CodeIgniter->createController()
#6 /public_html/backend/vendor/codeigniter4/framework/system/CodeIgniter.php(312): CodeIgniter\CodeIgniter->handleRequest(NULL, Object(Config\Cache), false)
#7 /public_html/backend/index.php(45): CodeIgniter\CodeIgniter->run()
#8 {main}
CRITICAL - 2021-04-15 21:31:02 --> syntax error, unexpected '=>' (T_DOUBLE_ARROW), expecting ')'
#0 /public_html/backend/vendor/codeigniter4/framework/system/Autoloader/Autoloader.php(296): CodeIgniter\Autoloader\Autoloader->requireFile('/public_html/ba...')
#1 /public_html/backend/vendor/codeigniter4/framework/system/Autoloader/Autoloader.php(258): CodeIgniter\Autoloader\Autoloader->loadInNamespace('App\\Models\\Komu...')
#2 [internal function]: CodeIgniter\Autoloader\Autoloader->loadClass('App\\Models\\Komu...')
#3 /public_html/backend/app/Controllers/CheckApi.php(11): spl_autoload_call('App\\Models\\Komu...')
#4 /public_html/backend/vendor/codeigniter4/framework/system/CodeIgniter.php(890): App\Controllers\CheckApi->__construct()
#5 /public_html/backend/vendor/codeigniter4/framework/system/CodeIgniter.php(399): CodeIgniter\CodeIgniter->createController()
#6 /public_html/backend/vendor/codeigniter4/framework/system/CodeIgniter.php(312): CodeIgniter\CodeIgniter->handleRequest(NULL, Object(Config\Cache), false)
#7 /public_html/backend/index.php(45): CodeIgniter\CodeIgniter->run()
#8 {main}
