CRITICAL - 2021-01-22 00:12:21 --> Table 'panen_saham.m_fitur_paket' doesn't exist
#0 /home/webdev/backend/vendor/codeigniter4/framework/system/Database/MySQLi/Connection.php(331): mysqli->query('SELECT *\nFROM `...')
#1 /home/webdev/backend/vendor/codeigniter4/framework/system/Database/BaseConnection.php(741): CodeIgniter\Database\MySQLi\Connection->execute('SELECT *\nFROM `...')
#2 /home/webdev/backend/vendor/codeigniter4/framework/system/Database/BaseConnection.php(669): CodeIgniter\Database\BaseConnection->simpleQuery('SELECT *\nFROM `...')
#3 /home/webdev/backend/vendor/codeigniter4/framework/system/Database/BaseBuilder.php(1860): CodeIgniter\Database\BaseConnection->query('SELECT *\nFROM `...', Array, false)
#4 /home/webdev/backend/app/Models/Package/FeatureModel.php(54): CodeIgniter\Database\BaseBuilder->get()
#5 /home/webdev/backend/app/Controllers/Package/Featurecontroller.php(43): App\Models\Package\FeatureModel->get_datatables()
#6 /home/webdev/backend/vendor/codeigniter4/framework/system/CodeIgniter.php(918): App\Controllers\Package\Featurecontroller->ajax_list()
#7 /home/webdev/backend/vendor/codeigniter4/framework/system/CodeIgniter.php(404): CodeIgniter\CodeIgniter->runController(Object(App\Controllers\Package\Featurecontroller))
#8 /home/webdev/backend/vendor/codeigniter4/framework/system/CodeIgniter.php(312): CodeIgniter\CodeIgniter->handleRequest(NULL, Object(Config\Cache), false)
#9 /home/webdev/backend/index.php(45): CodeIgniter\CodeIgniter->run()
#10 {main}
CRITICAL - 2021-01-22 00:13:23 --> Table 'panen_saham.m_fitur_paket' doesn't exist
#0 /home/webdev/backend/vendor/codeigniter4/framework/system/Database/MySQLi/Connection.php(331): mysqli->query('SELECT *\nFROM `...')
#1 /home/webdev/backend/vendor/codeigniter4/framework/system/Database/BaseConnection.php(741): CodeIgniter\Database\MySQLi\Connection->execute('SELECT *\nFROM `...')
#2 /home/webdev/backend/vendor/codeigniter4/framework/system/Database/BaseConnection.php(669): CodeIgniter\Database\BaseConnection->simpleQuery('SELECT *\nFROM `...')
#3 /home/webdev/backend/vendor/codeigniter4/framework/system/Database/BaseBuilder.php(1860): CodeIgniter\Database\BaseConnection->query('SELECT *\nFROM `...', Array, false)
#4 /home/webdev/backend/app/Models/Package/FeatureModel.php(54): CodeIgniter\Database\BaseBuilder->get()
#5 /home/webdev/backend/app/Controllers/Package/Featurecontroller.php(43): App\Models\Package\FeatureModel->get_datatables()
#6 /home/webdev/backend/vendor/codeigniter4/framework/system/CodeIgniter.php(918): App\Controllers\Package\Featurecontroller->ajax_list()
#7 /home/webdev/backend/vendor/codeigniter4/framework/system/CodeIgniter.php(404): CodeIgniter\CodeIgniter->runController(Object(App\Controllers\Package\Featurecontroller))
#8 /home/webdev/backend/vendor/codeigniter4/framework/system/CodeIgniter.php(312): CodeIgniter\CodeIgniter->handleRequest(NULL, Object(Config\Cache), false)
#9 /home/webdev/backend/index.php(45): CodeIgniter\CodeIgniter->run()
#10 {main}
CRITICAL - 2021-01-22 00:24:08 --> Table 'panen_saham.m_fitur_paket' doesn't exist
#0 /home/webdev/backend/vendor/codeigniter4/framework/system/Database/MySQLi/Connection.php(331): mysqli->query('SELECT *\nFROM `...')
#1 /home/webdev/backend/vendor/codeigniter4/framework/system/Database/BaseConnection.php(741): CodeIgniter\Database\MySQLi\Connection->execute('SELECT *\nFROM `...')
#2 /home/webdev/backend/vendor/codeigniter4/framework/system/Database/BaseConnection.php(669): CodeIgniter\Database\BaseConnection->simpleQuery('SELECT *\nFROM `...')
#3 /home/webdev/backend/vendor/codeigniter4/framework/system/Database/BaseBuilder.php(1860): CodeIgniter\Database\BaseConnection->query('SELECT *\nFROM `...', Array, false)
#4 /home/webdev/backend/app/Models/Package/FeatureModel.php(54): CodeIgniter\Database\BaseBuilder->get()
#5 /home/webdev/backend/app/Controllers/Package/Featurecontroller.php(43): App\Models\Package\FeatureModel->get_datatables()
#6 /home/webdev/backend/vendor/codeigniter4/framework/system/CodeIgniter.php(918): App\Controllers\Package\Featurecontroller->ajax_list()
#7 /home/webdev/backend/vendor/codeigniter4/framework/system/CodeIgniter.php(404): CodeIgniter\CodeIgniter->runController(Object(App\Controllers\Package\Featurecontroller))
#8 /home/webdev/backend/vendor/codeigniter4/framework/system/CodeIgniter.php(312): CodeIgniter\CodeIgniter->handleRequest(NULL, Object(Config\Cache), false)
#9 /home/webdev/backend/index.php(45): CodeIgniter\CodeIgniter->run()
#10 {main}
CRITICAL - 2021-01-22 00:24:16 --> Table 'panen_saham.m_fitur_paket' doesn't exist
#0 /home/webdev/backend/vendor/codeigniter4/framework/system/Database/MySQLi/Connection.php(331): mysqli->query('SELECT *\nFROM `...')
#1 /home/webdev/backend/vendor/codeigniter4/framework/system/Database/BaseConnection.php(741): CodeIgniter\Database\MySQLi\Connection->execute('SELECT *\nFROM `...')
#2 /home/webdev/backend/vendor/codeigniter4/framework/system/Database/BaseConnection.php(669): CodeIgniter\Database\BaseConnection->simpleQuery('SELECT *\nFROM `...')
#3 /home/webdev/backend/vendor/codeigniter4/framework/system/Database/BaseBuilder.php(1860): CodeIgniter\Database\BaseConnection->query('SELECT *\nFROM `...', Array, false)
#4 /home/webdev/backend/app/Models/Package/FeatureModel.php(54): CodeIgniter\Database\BaseBuilder->get()
#5 /home/webdev/backend/app/Controllers/Package/Featurecontroller.php(43): App\Models\Package\FeatureModel->get_datatables()
#6 /home/webdev/backend/vendor/codeigniter4/framework/system/CodeIgniter.php(918): App\Controllers\Package\Featurecontroller->ajax_list()
#7 /home/webdev/backend/vendor/codeigniter4/framework/system/CodeIgniter.php(404): CodeIgniter\CodeIgniter->runController(Object(App\Controllers\Package\Featurecontroller))
#8 /home/webdev/backend/vendor/codeigniter4/framework/system/CodeIgniter.php(312): CodeIgniter\CodeIgniter->handleRequest(NULL, Object(Config\Cache), false)
#9 /home/webdev/backend/index.php(45): CodeIgniter\CodeIgniter->run()
#10 {main}
CRITICAL - 2021-01-22 00:36:31 --> Table 'panen_saham.m_fitur_paket' doesn't exist
#0 /home/webdev/backend/vendor/codeigniter4/framework/system/Database/MySQLi/Connection.php(331): mysqli->query('SELECT *\nFROM `...')
#1 /home/webdev/backend/vendor/codeigniter4/framework/system/Database/BaseConnection.php(741): CodeIgniter\Database\MySQLi\Connection->execute('SELECT *\nFROM `...')
#2 /home/webdev/backend/vendor/codeigniter4/framework/system/Database/BaseConnection.php(669): CodeIgniter\Database\BaseConnection->simpleQuery('SELECT *\nFROM `...')
#3 /home/webdev/backend/vendor/codeigniter4/framework/system/Database/BaseBuilder.php(1860): CodeIgniter\Database\BaseConnection->query('SELECT *\nFROM `...', Array, false)
#4 /home/webdev/backend/app/Models/Package/FeatureModel.php(54): CodeIgniter\Database\BaseBuilder->get()
#5 /home/webdev/backend/app/Controllers/Package/Featurecontroller.php(43): App\Models\Package\FeatureModel->get_datatables()
#6 /home/webdev/backend/vendor/codeigniter4/framework/system/CodeIgniter.php(918): App\Controllers\Package\Featurecontroller->ajax_list()
#7 /home/webdev/backend/vendor/codeigniter4/framework/system/CodeIgniter.php(404): CodeIgniter\CodeIgniter->runController(Object(App\Controllers\Package\Featurecontroller))
#8 /home/webdev/backend/vendor/codeigniter4/framework/system/CodeIgniter.php(312): CodeIgniter\CodeIgniter->handleRequest(NULL, Object(Config\Cache), false)
#9 /home/webdev/backend/index.php(45): CodeIgniter\CodeIgniter->run()
#10 {main}
CRITICAL - 2021-01-22 00:37:26 --> syntax error, unexpected 'if' (T_IF), expecting function (T_FUNCTION) or const (T_CONST)
#0 /home/webdev/backend/vendor/codeigniter4/framework/system/Autoloader/Autoloader.php(296): CodeIgniter\Autoloader\Autoloader->requireFile('/home/webdev/ba...')
#1 /home/webdev/backend/vendor/codeigniter4/framework/system/Autoloader/Autoloader.php(258): CodeIgniter\Autoloader\Autoloader->loadInNamespace('App\\Controllers...')
#2 [internal function]: CodeIgniter\Autoloader\Autoloader->loadClass('App\\Controllers...')
#3 [internal function]: spl_autoload_call('App\\Controllers...')
#4 /home/webdev/backend/vendor/codeigniter4/framework/system/CodeIgniter.php(869): class_exists('\\App\\Controller...', true)
#5 /home/webdev/backend/vendor/codeigniter4/framework/system/CodeIgniter.php(394): CodeIgniter\CodeIgniter->startController()
#6 /home/webdev/backend/vendor/codeigniter4/framework/system/CodeIgniter.php(312): CodeIgniter\CodeIgniter->handleRequest(NULL, Object(Config\Cache), false)
#7 /home/webdev/backend/index.php(45): CodeIgniter\CodeIgniter->run()
#8 {main}
CRITICAL - 2021-01-22 00:38:22 --> Invalid file: menumedia/view_imagefilter.php
#0 /home/webdev/backend/vendor/codeigniter4/framework/system/View/View.php(228): CodeIgniter\Exceptions\FrameworkException::forInvalidFile('menumedia/view_...')
#1 /home/webdev/backend/vendor/codeigniter4/framework/system/Common.php(1119): CodeIgniter\View\View->render('menumedia/view_...', Array, true)
#2 /home/webdev/backend/app/Controllers/Media/Imagemedcontroller.php(16): view('menumedia/view_...')
#3 /home/webdev/backend/vendor/codeigniter4/framework/system/CodeIgniter.php(918): App\Controllers\Media\Imagemedcontroller->index()
#4 /home/webdev/backend/vendor/codeigniter4/framework/system/CodeIgniter.php(404): CodeIgniter\CodeIgniter->runController(Object(App\Controllers\Media\Imagemedcontroller))
#5 /home/webdev/backend/vendor/codeigniter4/framework/system/CodeIgniter.php(312): CodeIgniter\CodeIgniter->handleRequest(NULL, Object(Config\Cache), false)
#6 /home/webdev/backend/index.php(45): CodeIgniter\CodeIgniter->run()
#7 {main}
CRITICAL - 2021-01-22 00:38:37 --> Invalid file: menumedia/view_imagefilter.php
#0 /home/webdev/backend/vendor/codeigniter4/framework/system/View/View.php(228): CodeIgniter\Exceptions\FrameworkException::forInvalidFile('menumedia/view_...')
#1 /home/webdev/backend/vendor/codeigniter4/framework/system/Common.php(1119): CodeIgniter\View\View->render('menumedia/view_...', Array, true)
#2 /home/webdev/backend/app/Controllers/Media/Imagemedcontroller.php(16): view('menumedia/view_...')
#3 /home/webdev/backend/vendor/codeigniter4/framework/system/CodeIgniter.php(918): App\Controllers\Media\Imagemedcontroller->index()
#4 /home/webdev/backend/vendor/codeigniter4/framework/system/CodeIgniter.php(404): CodeIgniter\CodeIgniter->runController(Object(App\Controllers\Media\Imagemedcontroller))
#5 /home/webdev/backend/vendor/codeigniter4/framework/system/CodeIgniter.php(312): CodeIgniter\CodeIgniter->handleRequest(NULL, Object(Config\Cache), false)
#6 /home/webdev/backend/index.php(45): CodeIgniter\CodeIgniter->run()
#7 {main}
CRITICAL - 2021-01-22 00:58:32 --> Class 'App\Models\Media\ImagemedModel' not found
#0 /home/webdev/backend/vendor/codeigniter4/framework/system/CodeIgniter.php(918): App\Controllers\Media\Imagemedcontroller->ajax_list()
#1 /home/webdev/backend/vendor/codeigniter4/framework/system/CodeIgniter.php(404): CodeIgniter\CodeIgniter->runController(Object(App\Controllers\Media\Imagemedcontroller))
#2 /home/webdev/backend/vendor/codeigniter4/framework/system/CodeIgniter.php(312): CodeIgniter\CodeIgniter->handleRequest(NULL, Object(Config\Cache), false)
#3 /home/webdev/backend/index.php(45): CodeIgniter\CodeIgniter->run()
#4 {main}
CRITICAL - 2021-01-22 00:58:45 --> Class 'App\Models\Media\ImagemedModel' not found
#0 /home/webdev/backend/vendor/codeigniter4/framework/system/CodeIgniter.php(918): App\Controllers\Media\Imagemedcontroller->ajax_list()
#1 /home/webdev/backend/vendor/codeigniter4/framework/system/CodeIgniter.php(404): CodeIgniter\CodeIgniter->runController(Object(App\Controllers\Media\Imagemedcontroller))
#2 /home/webdev/backend/vendor/codeigniter4/framework/system/CodeIgniter.php(312): CodeIgniter\CodeIgniter->handleRequest(NULL, Object(Config\Cache), false)
#3 /home/webdev/backend/index.php(45): CodeIgniter\CodeIgniter->run()
#4 {main}
CRITICAL - 2021-01-22 01:18:58 --> syntax error, unexpected 'select' (T_STRING)
#0 /home/webdev/backend/vendor/codeigniter4/framework/system/Autoloader/Autoloader.php(296): CodeIgniter\Autoloader\Autoloader->requireFile('/home/webdev/ba...')
#1 /home/webdev/backend/vendor/codeigniter4/framework/system/Autoloader/Autoloader.php(258): CodeIgniter\Autoloader\Autoloader->loadInNamespace('App\\Models\\Medi...')
#2 [internal function]: CodeIgniter\Autoloader\Autoloader->loadClass('App\\Models\\Medi...')
#3 /home/webdev/backend/app/Controllers/Media/Imagemedcontroller.php(30): spl_autoload_call('App\\Models\\Medi...')
#4 /home/webdev/backend/vendor/codeigniter4/framework/system/CodeIgniter.php(918): App\Controllers\Media\Imagemedcontroller->ajax_list()
#5 /home/webdev/backend/vendor/codeigniter4/framework/system/CodeIgniter.php(404): CodeIgniter\CodeIgniter->runController(Object(App\Controllers\Media\Imagemedcontroller))
#6 /home/webdev/backend/vendor/codeigniter4/framework/system/CodeIgniter.php(312): CodeIgniter\CodeIgniter->handleRequest(NULL, Object(Config\Cache), false)
#7 /home/webdev/backend/index.php(45): CodeIgniter\CodeIgniter->run()
#8 {main}
CRITICAL - 2021-01-22 01:19:05 --> syntax error, unexpected 'select' (T_STRING)
#0 /home/webdev/backend/vendor/codeigniter4/framework/system/Autoloader/Autoloader.php(296): CodeIgniter\Autoloader\Autoloader->requireFile('/home/webdev/ba...')
#1 /home/webdev/backend/vendor/codeigniter4/framework/system/Autoloader/Autoloader.php(258): CodeIgniter\Autoloader\Autoloader->loadInNamespace('App\\Models\\Medi...')
#2 [internal function]: CodeIgniter\Autoloader\Autoloader->loadClass('App\\Models\\Medi...')
#3 /home/webdev/backend/app/Controllers/Media/Imagemedcontroller.php(30): spl_autoload_call('App\\Models\\Medi...')
#4 /home/webdev/backend/vendor/codeigniter4/framework/system/CodeIgniter.php(918): App\Controllers\Media\Imagemedcontroller->ajax_list()
#5 /home/webdev/backend/vendor/codeigniter4/framework/system/CodeIgniter.php(404): CodeIgniter\CodeIgniter->runController(Object(App\Controllers\Media\Imagemedcontroller))
#6 /home/webdev/backend/vendor/codeigniter4/framework/system/CodeIgniter.php(312): CodeIgniter\CodeIgniter->handleRequest(NULL, Object(Config\Cache), false)
#7 /home/webdev/backend/index.php(45): CodeIgniter\CodeIgniter->run()
#8 {main}
CRITICAL - 2021-01-22 01:53:15 --> syntax error, unexpected '10' (T_LNUMBER)
#0 /home/webdev/backend/vendor/codeigniter4/framework/system/Autoloader/Autoloader.php(296): CodeIgniter\Autoloader\Autoloader->requireFile('/home/webdev/ba...')
#1 /home/webdev/backend/vendor/codeigniter4/framework/system/Autoloader/Autoloader.php(258): CodeIgniter\Autoloader\Autoloader->loadInNamespace('App\\Controllers...')
#2 [internal function]: CodeIgniter\Autoloader\Autoloader->loadClass('App\\Controllers...')
#3 [internal function]: spl_autoload_call('App\\Controllers...')
#4 /home/webdev/backend/vendor/codeigniter4/framework/system/CodeIgniter.php(869): class_exists('\\App\\Controller...', true)
#5 /home/webdev/backend/vendor/codeigniter4/framework/system/CodeIgniter.php(394): CodeIgniter\CodeIgniter->startController()
#6 /home/webdev/backend/vendor/codeigniter4/framework/system/CodeIgniter.php(312): CodeIgniter\CodeIgniter->handleRequest(NULL, Object(Config\Cache), false)
#7 /home/webdev/backend/index.php(45): CodeIgniter\CodeIgniter->run()
#8 {main}
CRITICAL - 2021-01-22 01:53:26 --> syntax error, unexpected '10' (T_LNUMBER)
#0 /home/webdev/backend/vendor/codeigniter4/framework/system/Autoloader/Autoloader.php(296): CodeIgniter\Autoloader\Autoloader->requireFile('/home/webdev/ba...')
#1 /home/webdev/backend/vendor/codeigniter4/framework/system/Autoloader/Autoloader.php(258): CodeIgniter\Autoloader\Autoloader->loadInNamespace('App\\Controllers...')
#2 [internal function]: CodeIgniter\Autoloader\Autoloader->loadClass('App\\Controllers...')
#3 [internal function]: spl_autoload_call('App\\Controllers...')
#4 /home/webdev/backend/vendor/codeigniter4/framework/system/CodeIgniter.php(869): class_exists('\\App\\Controller...', true)
#5 /home/webdev/backend/vendor/codeigniter4/framework/system/CodeIgniter.php(394): CodeIgniter\CodeIgniter->startController()
#6 /home/webdev/backend/vendor/codeigniter4/framework/system/CodeIgniter.php(312): CodeIgniter\CodeIgniter->handleRequest(NULL, Object(Config\Cache), false)
#7 /home/webdev/backend/index.php(45): CodeIgniter\CodeIgniter->run()
#8 {main}
CRITICAL - 2021-01-22 02:06:34 --> syntax error, unexpected 'vertical' (T_STRING)
#0 /home/webdev/backend/vendor/codeigniter4/framework/system/Autoloader/Autoloader.php(296): CodeIgniter\Autoloader\Autoloader->requireFile('/home/webdev/ba...')
#1 /home/webdev/backend/vendor/codeigniter4/framework/system/Autoloader/Autoloader.php(258): CodeIgniter\Autoloader\Autoloader->loadInNamespace('App\\Controllers...')
#2 [internal function]: CodeIgniter\Autoloader\Autoloader->loadClass('App\\Controllers...')
#3 [internal function]: spl_autoload_call('App\\Controllers...')
#4 /home/webdev/backend/vendor/codeigniter4/framework/system/CodeIgniter.php(869): class_exists('\\App\\Controller...', true)
#5 /home/webdev/backend/vendor/codeigniter4/framework/system/CodeIgniter.php(394): CodeIgniter\CodeIgniter->startController()
#6 /home/webdev/backend/vendor/codeigniter4/framework/system/CodeIgniter.php(312): CodeIgniter\CodeIgniter->handleRequest(NULL, Object(Config\Cache), false)
#7 /home/webdev/backend/index.php(45): CodeIgniter\CodeIgniter->run()
#8 {main}
CRITICAL - 2021-01-22 03:26:32 --> Call to undefined method CodeIgniter\Database\MySQLi\Result::where()
#0 /home/webdev/backend/app/Controllers/Media/Imagemedcontroller.php(21): App\Models\Media\FiltermedModel->getkodefilter('Gambar')
#1 /home/webdev/backend/vendor/codeigniter4/framework/system/CodeIgniter.php(918): App\Controllers\Media\Imagemedcontroller->index()
#2 /home/webdev/backend/vendor/codeigniter4/framework/system/CodeIgniter.php(404): CodeIgniter\CodeIgniter->runController(Object(App\Controllers\Media\Imagemedcontroller))
#3 /home/webdev/backend/vendor/codeigniter4/framework/system/CodeIgniter.php(312): CodeIgniter\CodeIgniter->handleRequest(NULL, Object(Config\Cache), false)
#4 /home/webdev/backend/index.php(45): CodeIgniter\CodeIgniter->run()
#5 {main}
CRITICAL - 2021-01-22 04:28:56 --> Could not move file php0OnEBp to public/assets/img/allimg/ ()
#0 /home/webdev/backend/vendor/codeigniter4/framework/system/HTTP/Files/UploadedFile.php(187): CodeIgniter\HTTP\Exceptions\HTTPException::forMoveFailed('php0OnEBp', 'public/assets/i...', '')
#1 /home/webdev/backend/app/Controllers/Media/Imagemedcontroller.php(189): CodeIgniter\HTTP\Files\UploadedFile->move('public/assets/i...', 'KMED004.png')
#2 /home/webdev/backend/vendor/codeigniter4/framework/system/CodeIgniter.php(918): App\Controllers\Media\Imagemedcontroller->simpandata()
#3 /home/webdev/backend/vendor/codeigniter4/framework/system/CodeIgniter.php(404): CodeIgniter\CodeIgniter->runController(Object(App\Controllers\Media\Imagemedcontroller))
#4 /home/webdev/backend/vendor/codeigniter4/framework/system/CodeIgniter.php(312): CodeIgniter\CodeIgniter->handleRequest(NULL, Object(Config\Cache), false)
#5 /home/webdev/backend/index.php(45): CodeIgniter\CodeIgniter->run()
#6 {main}
CRITICAL - 2021-01-22 08:19:01 --> Undefined variable: filename
#0 /home/webdev/backend/app/Controllers/Media/Imagemedcontroller.php(315): CodeIgniter\Debug\Exceptions->errorHandler(8, 'Undefined varia...', '/home/webdev/ba...', 315, Array)
#1 /home/webdev/backend/vendor/codeigniter4/framework/system/CodeIgniter.php(918): App\Controllers\Media\Imagemedcontroller->hapusdata()
#2 /home/webdev/backend/vendor/codeigniter4/framework/system/CodeIgniter.php(404): CodeIgniter\CodeIgniter->runController(Object(App\Controllers\Media\Imagemedcontroller))
#3 /home/webdev/backend/vendor/codeigniter4/framework/system/CodeIgniter.php(312): CodeIgniter\CodeIgniter->handleRequest(NULL, Object(Config\Cache), false)
#4 /home/webdev/backend/index.php(45): CodeIgniter\CodeIgniter->run()
#5 {main}
CRITICAL - 2021-01-22 09:57:21 --> Invalid file: menumedia/editimg_mediaimage.php
#0 /home/webdev/backend/vendor/codeigniter4/framework/system/View/View.php(228): CodeIgniter\Exceptions\FrameworkException::forInvalidFile('menumedia/editi...')
#1 /home/webdev/backend/vendor/codeigniter4/framework/system/View/View.php(525): CodeIgniter\View\View->render('menumedia/editi...', NULL, true)
#2 /home/webdev/backend/app/Views/menumedia/view_mediaimage.php(68): CodeIgniter\View\View->include('menumedia/editi...')
#3 /home/webdev/backend/vendor/codeigniter4/framework/system/View/View.php(246): include('/home/webdev/ba...')
#4 /home/webdev/backend/vendor/codeigniter4/framework/system/Common.php(1119): CodeIgniter\View\View->render('menumedia/view_...', Array, true)
#5 /home/webdev/backend/app/Controllers/Media/Imagemedcontroller.php(23): view('menumedia/view_...', Array)
#6 /home/webdev/backend/vendor/codeigniter4/framework/system/CodeIgniter.php(918): App\Controllers\Media\Imagemedcontroller->index()
#7 /home/webdev/backend/vendor/codeigniter4/framework/system/CodeIgniter.php(404): CodeIgniter\CodeIgniter->runController(Object(App\Controllers\Media\Imagemedcontroller))
#8 /home/webdev/backend/vendor/codeigniter4/framework/system/CodeIgniter.php(312): CodeIgniter\CodeIgniter->handleRequest(NULL, Object(Config\Cache), false)
#9 /home/webdev/backend/index.php(45): CodeIgniter\CodeIgniter->run()
#10 {main}
CRITICAL - 2021-01-22 10:08:30 --> unlink(public/assets/img/allimg/): Is a directory
#0 [internal function]: CodeIgniter\Debug\Exceptions->errorHandler(2, 'unlink(public/a...', '/home/webdev/ba...', 384, Array)
#1 /home/webdev/backend/app/Controllers/Media/Imagemedcontroller.php(384): unlink('public/assets/i...')
#2 /home/webdev/backend/vendor/codeigniter4/framework/system/CodeIgniter.php(918): App\Controllers\Media\Imagemedcontroller->perbaruigambar()
#3 /home/webdev/backend/vendor/codeigniter4/framework/system/CodeIgniter.php(404): CodeIgniter\CodeIgniter->runController(Object(App\Controllers\Media\Imagemedcontroller))
#4 /home/webdev/backend/vendor/codeigniter4/framework/system/CodeIgniter.php(312): CodeIgniter\CodeIgniter->handleRequest(NULL, Object(Config\Cache), false)
#5 /home/webdev/backend/index.php(45): CodeIgniter\CodeIgniter->run()
#6 {main}
CRITICAL - 2021-01-22 10:09:35 --> unlink(public/assets/img/allimg/): Is a directory
#0 [internal function]: CodeIgniter\Debug\Exceptions->errorHandler(2, 'unlink(public/a...', '/home/webdev/ba...', 384, Array)
#1 /home/webdev/backend/app/Controllers/Media/Imagemedcontroller.php(384): unlink('public/assets/i...')
#2 /home/webdev/backend/vendor/codeigniter4/framework/system/CodeIgniter.php(918): App\Controllers\Media\Imagemedcontroller->perbaruigambar()
#3 /home/webdev/backend/vendor/codeigniter4/framework/system/CodeIgniter.php(404): CodeIgniter\CodeIgniter->runController(Object(App\Controllers\Media\Imagemedcontroller))
#4 /home/webdev/backend/vendor/codeigniter4/framework/system/CodeIgniter.php(312): CodeIgniter\CodeIgniter->handleRequest(NULL, Object(Config\Cache), false)
#5 /home/webdev/backend/index.php(45): CodeIgniter\CodeIgniter->run()
#6 {main}
CRITICAL - 2021-01-22 10:09:40 --> unlink(public/assets/img/allimg/): Is a directory
#0 [internal function]: CodeIgniter\Debug\Exceptions->errorHandler(2, 'unlink(public/a...', '/home/webdev/ba...', 384, Array)
#1 /home/webdev/backend/app/Controllers/Media/Imagemedcontroller.php(384): unlink('public/assets/i...')
#2 /home/webdev/backend/vendor/codeigniter4/framework/system/CodeIgniter.php(918): App\Controllers\Media\Imagemedcontroller->perbaruigambar()
#3 /home/webdev/backend/vendor/codeigniter4/framework/system/CodeIgniter.php(404): CodeIgniter\CodeIgniter->runController(Object(App\Controllers\Media\Imagemedcontroller))
#4 /home/webdev/backend/vendor/codeigniter4/framework/system/CodeIgniter.php(312): CodeIgniter\CodeIgniter->handleRequest(NULL, Object(Config\Cache), false)
#5 /home/webdev/backend/index.php(45): CodeIgniter\CodeIgniter->run()
#6 {main}
CRITICAL - 2021-01-22 10:11:51 --> unlink(public/assets/img/allimg/): Is a directory
#0 [internal function]: CodeIgniter\Debug\Exceptions->errorHandler(2, 'unlink(public/a...', '/home/webdev/ba...', 384, Array)
#1 /home/webdev/backend/app/Controllers/Media/Imagemedcontroller.php(384): unlink('public/assets/i...')
#2 /home/webdev/backend/vendor/codeigniter4/framework/system/CodeIgniter.php(918): App\Controllers\Media\Imagemedcontroller->perbaruigambar()
#3 /home/webdev/backend/vendor/codeigniter4/framework/system/CodeIgniter.php(404): CodeIgniter\CodeIgniter->runController(Object(App\Controllers\Media\Imagemedcontroller))
#4 /home/webdev/backend/vendor/codeigniter4/framework/system/CodeIgniter.php(312): CodeIgniter\CodeIgniter->handleRequest(NULL, Object(Config\Cache), false)
#5 /home/webdev/backend/index.php(45): CodeIgniter\CodeIgniter->run()
#6 {main}
CRITICAL - 2021-01-22 10:16:04 --> unlink(public/assets/img/allimg/): Is a directory
#0 [internal function]: CodeIgniter\Debug\Exceptions->errorHandler(2, 'unlink(public/a...', '/home/webdev/ba...', 384, Array)
#1 /home/webdev/backend/app/Controllers/Media/Imagemedcontroller.php(384): unlink('public/assets/i...')
#2 /home/webdev/backend/vendor/codeigniter4/framework/system/CodeIgniter.php(918): App\Controllers\Media\Imagemedcontroller->perbaruigambar()
#3 /home/webdev/backend/vendor/codeigniter4/framework/system/CodeIgniter.php(404): CodeIgniter\CodeIgniter->runController(Object(App\Controllers\Media\Imagemedcontroller))
#4 /home/webdev/backend/vendor/codeigniter4/framework/system/CodeIgniter.php(312): CodeIgniter\CodeIgniter->handleRequest(NULL, Object(Config\Cache), false)
#5 /home/webdev/backend/index.php(45): CodeIgniter\CodeIgniter->run()
#6 {main}
CRITICAL - 2021-01-22 10:19:09 --> unlink(public/assets/img/allimg/): Is a directory
#0 [internal function]: CodeIgniter\Debug\Exceptions->errorHandler(2, 'unlink(public/a...', '/home/webdev/ba...', 384, Array)
#1 /home/webdev/backend/app/Controllers/Media/Imagemedcontroller.php(384): unlink('public/assets/i...')
#2 /home/webdev/backend/vendor/codeigniter4/framework/system/CodeIgniter.php(918): App\Controllers\Media\Imagemedcontroller->perbaruigambar()
#3 /home/webdev/backend/vendor/codeigniter4/framework/system/CodeIgniter.php(404): CodeIgniter\CodeIgniter->runController(Object(App\Controllers\Media\Imagemedcontroller))
#4 /home/webdev/backend/vendor/codeigniter4/framework/system/CodeIgniter.php(312): CodeIgniter\CodeIgniter->handleRequest(NULL, Object(Config\Cache), false)
#5 /home/webdev/backend/index.php(45): CodeIgniter\CodeIgniter->run()
#6 {main}
CRITICAL - 2021-01-22 10:34:17 --> Undefined index: link_media
#0 /home/webdev/backend/app/Controllers/Media/Imagemedcontroller.php(382): CodeIgniter\Debug\Exceptions->errorHandler(8, 'Undefined index...', '/home/webdev/ba...', 382, Array)
#1 /home/webdev/backend/vendor/codeigniter4/framework/system/CodeIgniter.php(918): App\Controllers\Media\Imagemedcontroller->perbaruigambar()
#2 /home/webdev/backend/vendor/codeigniter4/framework/system/CodeIgniter.php(404): CodeIgniter\CodeIgniter->runController(Object(App\Controllers\Media\Imagemedcontroller))
#3 /home/webdev/backend/vendor/codeigniter4/framework/system/CodeIgniter.php(312): CodeIgniter\CodeIgniter->handleRequest(NULL, Object(Config\Cache), false)
#4 /home/webdev/backend/index.php(45): CodeIgniter\CodeIgniter->run()
#5 {main}
CRITICAL - 2021-01-22 10:35:59 --> Undefined index: link_media
#0 /home/webdev/backend/app/Controllers/Media/Imagemedcontroller.php(382): CodeIgniter\Debug\Exceptions->errorHandler(8, 'Undefined index...', '/home/webdev/ba...', 382, Array)
#1 /home/webdev/backend/vendor/codeigniter4/framework/system/CodeIgniter.php(918): App\Controllers\Media\Imagemedcontroller->perbaruigambar()
#2 /home/webdev/backend/vendor/codeigniter4/framework/system/CodeIgniter.php(404): CodeIgniter\CodeIgniter->runController(Object(App\Controllers\Media\Imagemedcontroller))
#3 /home/webdev/backend/vendor/codeigniter4/framework/system/CodeIgniter.php(312): CodeIgniter\CodeIgniter->handleRequest(NULL, Object(Config\Cache), false)
#4 /home/webdev/backend/index.php(45): CodeIgniter\CodeIgniter->run()
#5 {main}
CRITICAL - 2021-01-22 10:40:13 --> Undefined index: link_media
#0 /home/webdev/backend/app/Controllers/Media/Imagemedcontroller.php(382): CodeIgniter\Debug\Exceptions->errorHandler(8, 'Undefined index...', '/home/webdev/ba...', 382, Array)
#1 /home/webdev/backend/vendor/codeigniter4/framework/system/CodeIgniter.php(918): App\Controllers\Media\Imagemedcontroller->perbaruigambar()
#2 /home/webdev/backend/vendor/codeigniter4/framework/system/CodeIgniter.php(404): CodeIgniter\CodeIgniter->runController(Object(App\Controllers\Media\Imagemedcontroller))
#3 /home/webdev/backend/vendor/codeigniter4/framework/system/CodeIgniter.php(312): CodeIgniter\CodeIgniter->handleRequest(NULL, Object(Config\Cache), false)
#4 /home/webdev/backend/index.php(45): CodeIgniter\CodeIgniter->run()
#5 {main}
CRITICAL - 2021-01-22 10:42:09 --> Undefined variable: m_news
#0 /home/webdev/backend/app/Controllers/Media/Imagemedcontroller.php(397): CodeIgniter\Debug\Exceptions->errorHandler(8, 'Undefined varia...', '/home/webdev/ba...', 397, Array)
#1 /home/webdev/backend/vendor/codeigniter4/framework/system/CodeIgniter.php(918): App\Controllers\Media\Imagemedcontroller->perbaruigambar()
#2 /home/webdev/backend/vendor/codeigniter4/framework/system/CodeIgniter.php(404): CodeIgniter\CodeIgniter->runController(Object(App\Controllers\Media\Imagemedcontroller))
#3 /home/webdev/backend/vendor/codeigniter4/framework/system/CodeIgniter.php(312): CodeIgniter\CodeIgniter->handleRequest(NULL, Object(Config\Cache), false)
#4 /home/webdev/backend/index.php(45): CodeIgniter\CodeIgniter->run()
#5 {main}
