CRITICAL - 2022-03-19 12:36:21 --> Could not move file phpoxfIYu to public/assets/img/wtcarticle/ ()
#0 /public_html/monika.panensaham.com/backend/vendor/codeigniter4/framework/system/HTTP/Files/UploadedFile.php(187): CodeIgniter\HTTP\Exceptions\HTTPException::forMoveFailed()
#1 /public_html/monika.panensaham.com/backend/app/Controllers/Ultimate/Wtcactioncontroller.php(460): CodeIgniter\HTTP\Files\UploadedFile->move()
#2 /public_html/monika.panensaham.com/backend/vendor/codeigniter4/framework/system/CodeIgniter.php(918): App\Controllers\Ultimate\Wtcactioncontroller->uploadGambar()
#3 /public_html/monika.panensaham.com/backend/vendor/codeigniter4/framework/system/CodeIgniter.php(404): CodeIgniter\CodeIgniter->runController()
#4 /public_html/monika.panensaham.com/backend/vendor/codeigniter4/framework/system/CodeIgniter.php(312): CodeIgniter\CodeIgniter->handleRequest()
#5 /public_html/monika.panensaham.com/backend/index.php(45): CodeIgniter\CodeIgniter->run()
#6 {main}
CRITICAL - 2022-03-19 12:36:45 --> Could not move file phpDUzt1r to public/assets/img/wtcarticle/ ()
#0 /public_html/monika.panensaham.com/backend/vendor/codeigniter4/framework/system/HTTP/Files/UploadedFile.php(187): CodeIgniter\HTTP\Exceptions\HTTPException::forMoveFailed()
#1 /public_html/monika.panensaham.com/backend/app/Controllers/Ultimate/Wtcactioncontroller.php(460): CodeIgniter\HTTP\Files\UploadedFile->move()
#2 /public_html/monika.panensaham.com/backend/vendor/codeigniter4/framework/system/CodeIgniter.php(918): App\Controllers\Ultimate\Wtcactioncontroller->uploadGambar()
#3 /public_html/monika.panensaham.com/backend/vendor/codeigniter4/framework/system/CodeIgniter.php(404): CodeIgniter\CodeIgniter->runController()
#4 /public_html/monika.panensaham.com/backend/vendor/codeigniter4/framework/system/CodeIgniter.php(312): CodeIgniter\CodeIgniter->handleRequest()
#5 /public_html/monika.panensaham.com/backend/index.php(45): CodeIgniter\CodeIgniter->run()
#6 {main}
CRITICAL - 2022-03-19 12:38:38 --> Could not move file phpBtzD6K to public/assets/img/wtcarticle/ ()
#0 /public_html/monika.panensaham.com/backend/vendor/codeigniter4/framework/system/HTTP/Files/UploadedFile.php(187): CodeIgniter\HTTP\Exceptions\HTTPException::forMoveFailed()
#1 /public_html/monika.panensaham.com/backend/app/Controllers/Ultimate/Wtcactioncontroller.php(460): CodeIgniter\HTTP\Files\UploadedFile->move()
#2 /public_html/monika.panensaham.com/backend/vendor/codeigniter4/framework/system/CodeIgniter.php(918): App\Controllers\Ultimate\Wtcactioncontroller->uploadGambar()
#3 /public_html/monika.panensaham.com/backend/vendor/codeigniter4/framework/system/CodeIgniter.php(404): CodeIgniter\CodeIgniter->runController()
#4 /public_html/monika.panensaham.com/backend/vendor/codeigniter4/framework/system/CodeIgniter.php(312): CodeIgniter\CodeIgniter->handleRequest()
#5 /public_html/monika.panensaham.com/backend/index.php(45): CodeIgniter\CodeIgniter->run()
#6 {main}
CRITICAL - 2022-03-19 12:41:17 --> Could not move file php53zKSI to public/assets/img/wtcarticle/ ()
#0 /public_html/monika.panensaham.com/backend/vendor/codeigniter4/framework/system/HTTP/Files/UploadedFile.php(187): CodeIgniter\HTTP\Exceptions\HTTPException::forMoveFailed()
#1 /public_html/monika.panensaham.com/backend/app/Controllers/Ultimate/Wtcactioncontroller.php(460): CodeIgniter\HTTP\Files\UploadedFile->move()
#2 /public_html/monika.panensaham.com/backend/vendor/codeigniter4/framework/system/CodeIgniter.php(918): App\Controllers\Ultimate\Wtcactioncontroller->uploadGambar()
#3 /public_html/monika.panensaham.com/backend/vendor/codeigniter4/framework/system/CodeIgniter.php(404): CodeIgniter\CodeIgniter->runController()
#4 /public_html/monika.panensaham.com/backend/vendor/codeigniter4/framework/system/CodeIgniter.php(312): CodeIgniter\CodeIgniter->handleRequest()
#5 /public_html/monika.panensaham.com/backend/index.php(45): CodeIgniter\CodeIgniter->run()
#6 {main}
CRITICAL - 2022-03-19 12:41:24 --> Could not move file php9HAk8a to public/assets/img/wtcarticle/ ()
#0 /public_html/monika.panensaham.com/backend/vendor/codeigniter4/framework/system/HTTP/Files/UploadedFile.php(187): CodeIgniter\HTTP\Exceptions\HTTPException::forMoveFailed()
#1 /public_html/monika.panensaham.com/backend/app/Controllers/Ultimate/Wtcactioncontroller.php(460): CodeIgniter\HTTP\Files\UploadedFile->move()
#2 /public_html/monika.panensaham.com/backend/vendor/codeigniter4/framework/system/CodeIgniter.php(918): App\Controllers\Ultimate\Wtcactioncontroller->uploadGambar()
#3 /public_html/monika.panensaham.com/backend/vendor/codeigniter4/framework/system/CodeIgniter.php(404): CodeIgniter\CodeIgniter->runController()
#4 /public_html/monika.panensaham.com/backend/vendor/codeigniter4/framework/system/CodeIgniter.php(312): CodeIgniter\CodeIgniter->handleRequest()
#5 /public_html/monika.panensaham.com/backend/index.php(45): CodeIgniter\CodeIgniter->run()
#6 {main}
CRITICAL - 2022-03-19 12:42:11 --> Could not move file php1pMewp to public/assets/img/wtcarticle/ ()
#0 /public_html/monika.panensaham.com/backend/vendor/codeigniter4/framework/system/HTTP/Files/UploadedFile.php(187): CodeIgniter\HTTP\Exceptions\HTTPException::forMoveFailed()
#1 /public_html/monika.panensaham.com/backend/app/Controllers/Ultimate/Wtcactioncontroller.php(460): CodeIgniter\HTTP\Files\UploadedFile->move()
#2 /public_html/monika.panensaham.com/backend/vendor/codeigniter4/framework/system/CodeIgniter.php(918): App\Controllers\Ultimate\Wtcactioncontroller->uploadGambar()
#3 /public_html/monika.panensaham.com/backend/vendor/codeigniter4/framework/system/CodeIgniter.php(404): CodeIgniter\CodeIgniter->runController()
#4 /public_html/monika.panensaham.com/backend/vendor/codeigniter4/framework/system/CodeIgniter.php(312): CodeIgniter\CodeIgniter->handleRequest()
#5 /public_html/monika.panensaham.com/backend/index.php(45): CodeIgniter\CodeIgniter->run()
#6 {main}
CRITICAL - 2022-03-19 12:43:58 --> Could not move file phpfehFiW to public/assets/img/wtcarticle/ ()
#0 /public_html/monika.panensaham.com/backend/vendor/codeigniter4/framework/system/HTTP/Files/UploadedFile.php(187): CodeIgniter\HTTP\Exceptions\HTTPException::forMoveFailed()
#1 /public_html/monika.panensaham.com/backend/app/Controllers/Ultimate/Wtcactioncontroller.php(460): CodeIgniter\HTTP\Files\UploadedFile->move()
#2 /public_html/monika.panensaham.com/backend/vendor/codeigniter4/framework/system/CodeIgniter.php(918): App\Controllers\Ultimate\Wtcactioncontroller->uploadGambar()
#3 /public_html/monika.panensaham.com/backend/vendor/codeigniter4/framework/system/CodeIgniter.php(404): CodeIgniter\CodeIgniter->runController()
#4 /public_html/monika.panensaham.com/backend/vendor/codeigniter4/framework/system/CodeIgniter.php(312): CodeIgniter\CodeIgniter->handleRequest()
#5 /public_html/monika.panensaham.com/backend/index.php(45): CodeIgniter\CodeIgniter->run()
#6 {main}
CRITICAL - 2022-03-19 12:44:38 --> Could not move file phpDOAPws to public/assets/img/wtcarticle/ ()
#0 /public_html/monika.panensaham.com/backend/vendor/codeigniter4/framework/system/HTTP/Files/UploadedFile.php(187): CodeIgniter\HTTP\Exceptions\HTTPException::forMoveFailed()
#1 /public_html/monika.panensaham.com/backend/app/Controllers/Ultimate/Wtcactioncontroller.php(460): CodeIgniter\HTTP\Files\UploadedFile->move()
#2 /public_html/monika.panensaham.com/backend/vendor/codeigniter4/framework/system/CodeIgniter.php(918): App\Controllers\Ultimate\Wtcactioncontroller->uploadGambar()
#3 /public_html/monika.panensaham.com/backend/vendor/codeigniter4/framework/system/CodeIgniter.php(404): CodeIgniter\CodeIgniter->runController()
#4 /public_html/monika.panensaham.com/backend/vendor/codeigniter4/framework/system/CodeIgniter.php(312): CodeIgniter\CodeIgniter->handleRequest()
#5 /public_html/monika.panensaham.com/backend/index.php(45): CodeIgniter\CodeIgniter->run()
#6 {main}
