CRITICAL - 2022-08-07 05:18:07 --> Unable to connect to the database.
#0 /var/www/html/monika.panensaham.com/backend/vendor/codeigniter4/framework/system/Database/BaseConnection.php(646): CodeIgniter\Database\BaseConnection->initialize()
#1 /var/www/html/monika.panensaham.com/backend/vendor/codeigniter4/framework/system/Database/BaseBuilder.php(1860): CodeIgniter\Database\BaseConnection->query()
#2 /var/www/html/monika.panensaham.com/backend/vendor/codeigniter4/framework/system/Model.php(404): CodeIgniter\Database\BaseBuilder->get()
#3 /var/www/html/monika.panensaham.com/backend/app/Models/LoginModel.php(9): CodeIgniter\Model->find()
#4 /var/www/html/monika.panensaham.com/backend/app/Controllers/Login.php(70): App\Models\LoginModel->login()
#5 /var/www/html/monika.panensaham.com/backend/vendor/codeigniter4/framework/system/CodeIgniter.php(918): App\Controllers\Login->auth()
#6 /var/www/html/monika.panensaham.com/backend/vendor/codeigniter4/framework/system/CodeIgniter.php(404): CodeIgniter\CodeIgniter->runController()
#7 /var/www/html/monika.panensaham.com/backend/vendor/codeigniter4/framework/system/CodeIgniter.php(312): CodeIgniter\CodeIgniter->handleRequest()
#8 /var/www/html/monika.panensaham.com/backend/index.php(45): CodeIgniter\CodeIgniter->run()
#9 {main}
CRITICAL - 2022-08-07 05:18:09 --> Unable to connect to the database.
#0 /var/www/html/monika.panensaham.com/backend/vendor/codeigniter4/framework/system/Database/BaseConnection.php(646): CodeIgniter\Database\BaseConnection->initialize()
#1 /var/www/html/monika.panensaham.com/backend/vendor/codeigniter4/framework/system/Database/BaseBuilder.php(1860): CodeIgniter\Database\BaseConnection->query()
#2 /var/www/html/monika.panensaham.com/backend/vendor/codeigniter4/framework/system/Model.php(404): CodeIgniter\Database\BaseBuilder->get()
#3 /var/www/html/monika.panensaham.com/backend/app/Models/LoginModel.php(9): CodeIgniter\Model->find()
#4 /var/www/html/monika.panensaham.com/backend/app/Controllers/Login.php(70): App\Models\LoginModel->login()
#5 /var/www/html/monika.panensaham.com/backend/vendor/codeigniter4/framework/system/CodeIgniter.php(918): App\Controllers\Login->auth()
#6 /var/www/html/monika.panensaham.com/backend/vendor/codeigniter4/framework/system/CodeIgniter.php(404): CodeIgniter\CodeIgniter->runController()
#7 /var/www/html/monika.panensaham.com/backend/vendor/codeigniter4/framework/system/CodeIgniter.php(312): CodeIgniter\CodeIgniter->handleRequest()
#8 /var/www/html/monika.panensaham.com/backend/index.php(45): CodeIgniter\CodeIgniter->run()
#9 {main}
CRITICAL - 2022-08-07 05:18:13 --> Unable to connect to the database.
#0 /var/www/html/monika.panensaham.com/backend/vendor/codeigniter4/framework/system/Database/BaseConnection.php(646): CodeIgniter\Database\BaseConnection->initialize()
#1 /var/www/html/monika.panensaham.com/backend/vendor/codeigniter4/framework/system/Database/BaseBuilder.php(1860): CodeIgniter\Database\BaseConnection->query()
#2 /var/www/html/monika.panensaham.com/backend/vendor/codeigniter4/framework/system/Model.php(404): CodeIgniter\Database\BaseBuilder->get()
#3 /var/www/html/monika.panensaham.com/backend/app/Models/LoginModel.php(9): CodeIgniter\Model->find()
#4 /var/www/html/monika.panensaham.com/backend/app/Controllers/Login.php(70): App\Models\LoginModel->login()
#5 /var/www/html/monika.panensaham.com/backend/vendor/codeigniter4/framework/system/CodeIgniter.php(918): App\Controllers\Login->auth()
#6 /var/www/html/monika.panensaham.com/backend/vendor/codeigniter4/framework/system/CodeIgniter.php(404): CodeIgniter\CodeIgniter->runController()
#7 /var/www/html/monika.panensaham.com/backend/vendor/codeigniter4/framework/system/CodeIgniter.php(312): CodeIgniter\CodeIgniter->handleRequest()
#8 /var/www/html/monika.panensaham.com/backend/index.php(45): CodeIgniter\CodeIgniter->run()
#9 {main}
CRITICAL - 2022-08-07 05:19:03 --> Unable to connect to the database.
#0 /var/www/html/monika.panensaham.com/backend/vendor/codeigniter4/framework/system/Database/BaseConnection.php(646): CodeIgniter\Database\BaseConnection->initialize()
#1 /var/www/html/monika.panensaham.com/backend/vendor/codeigniter4/framework/system/Database/BaseBuilder.php(1860): CodeIgniter\Database\BaseConnection->query()
#2 /var/www/html/monika.panensaham.com/backend/vendor/codeigniter4/framework/system/Model.php(404): CodeIgniter\Database\BaseBuilder->get()
#3 /var/www/html/monika.panensaham.com/backend/app/Models/LoginModel.php(9): CodeIgniter\Model->find()
#4 /var/www/html/monika.panensaham.com/backend/app/Controllers/Login.php(70): App\Models\LoginModel->login()
#5 /var/www/html/monika.panensaham.com/backend/vendor/codeigniter4/framework/system/CodeIgniter.php(918): App\Controllers\Login->auth()
#6 /var/www/html/monika.panensaham.com/backend/vendor/codeigniter4/framework/system/CodeIgniter.php(404): CodeIgniter\CodeIgniter->runController()
#7 /var/www/html/monika.panensaham.com/backend/vendor/codeigniter4/framework/system/CodeIgniter.php(312): CodeIgniter\CodeIgniter->handleRequest()
#8 /var/www/html/monika.panensaham.com/backend/index.php(45): CodeIgniter\CodeIgniter->run()
#9 {main}
CRITICAL - 2022-08-07 05:20:02 --> Unable to connect to the database.
#0 /var/www/html/monika.panensaham.com/backend/vendor/codeigniter4/framework/system/Database/BaseConnection.php(646): CodeIgniter\Database\BaseConnection->initialize()
#1 /var/www/html/monika.panensaham.com/backend/vendor/codeigniter4/framework/system/Database/BaseBuilder.php(1860): CodeIgniter\Database\BaseConnection->query()
#2 /var/www/html/monika.panensaham.com/backend/vendor/codeigniter4/framework/system/Model.php(404): CodeIgniter\Database\BaseBuilder->get()
#3 /var/www/html/monika.panensaham.com/backend/app/Models/LoginModel.php(9): CodeIgniter\Model->find()
#4 /var/www/html/monika.panensaham.com/backend/app/Controllers/Login.php(70): App\Models\LoginModel->login()
#5 /var/www/html/monika.panensaham.com/backend/vendor/codeigniter4/framework/system/CodeIgniter.php(918): App\Controllers\Login->auth()
#6 /var/www/html/monika.panensaham.com/backend/vendor/codeigniter4/framework/system/CodeIgniter.php(404): CodeIgniter\CodeIgniter->runController()
#7 /var/www/html/monika.panensaham.com/backend/vendor/codeigniter4/framework/system/CodeIgniter.php(312): CodeIgniter\CodeIgniter->handleRequest()
#8 /var/www/html/monika.panensaham.com/backend/index.php(45): CodeIgniter\CodeIgniter->run()
#9 {main}
CRITICAL - 2022-08-07 05:20:04 --> Unable to connect to the database.
#0 /var/www/html/monika.panensaham.com/backend/vendor/codeigniter4/framework/system/Database/BaseConnection.php(646): CodeIgniter\Database\BaseConnection->initialize()
#1 /var/www/html/monika.panensaham.com/backend/vendor/codeigniter4/framework/system/Database/BaseBuilder.php(1860): CodeIgniter\Database\BaseConnection->query()
#2 /var/www/html/monika.panensaham.com/backend/vendor/codeigniter4/framework/system/Model.php(404): CodeIgniter\Database\BaseBuilder->get()
#3 /var/www/html/monika.panensaham.com/backend/app/Models/LoginModel.php(9): CodeIgniter\Model->find()
#4 /var/www/html/monika.panensaham.com/backend/app/Controllers/Login.php(70): App\Models\LoginModel->login()
#5 /var/www/html/monika.panensaham.com/backend/vendor/codeigniter4/framework/system/CodeIgniter.php(918): App\Controllers\Login->auth()
#6 /var/www/html/monika.panensaham.com/backend/vendor/codeigniter4/framework/system/CodeIgniter.php(404): CodeIgniter\CodeIgniter->runController()
#7 /var/www/html/monika.panensaham.com/backend/vendor/codeigniter4/framework/system/CodeIgniter.php(312): CodeIgniter\CodeIgniter->handleRequest()
#8 /var/www/html/monika.panensaham.com/backend/index.php(45): CodeIgniter\CodeIgniter->run()
#9 {main}
CRITICAL - 2022-08-07 05:20:13 --> Unable to connect to the database.
#0 /var/www/html/monika.panensaham.com/backend/vendor/codeigniter4/framework/system/Database/BaseConnection.php(646): CodeIgniter\Database\BaseConnection->initialize()
#1 /var/www/html/monika.panensaham.com/backend/vendor/codeigniter4/framework/system/Database/BaseBuilder.php(1860): CodeIgniter\Database\BaseConnection->query()
#2 /var/www/html/monika.panensaham.com/backend/vendor/codeigniter4/framework/system/Model.php(404): CodeIgniter\Database\BaseBuilder->get()
#3 /var/www/html/monika.panensaham.com/backend/app/Models/LoginModel.php(9): CodeIgniter\Model->find()
#4 /var/www/html/monika.panensaham.com/backend/app/Controllers/Login.php(70): App\Models\LoginModel->login()
#5 /var/www/html/monika.panensaham.com/backend/vendor/codeigniter4/framework/system/CodeIgniter.php(918): App\Controllers\Login->auth()
#6 /var/www/html/monika.panensaham.com/backend/vendor/codeigniter4/framework/system/CodeIgniter.php(404): CodeIgniter\CodeIgniter->runController()
#7 /var/www/html/monika.panensaham.com/backend/vendor/codeigniter4/framework/system/CodeIgniter.php(312): CodeIgniter\CodeIgniter->handleRequest()
#8 /var/www/html/monika.panensaham.com/backend/index.php(45): CodeIgniter\CodeIgniter->run()
#9 {main}
CRITICAL - 2022-08-07 05:20:58 --> Unable to connect to the database.
#0 /var/www/html/monika.panensaham.com/backend/vendor/codeigniter4/framework/system/Database/BaseConnection.php(646): CodeIgniter\Database\BaseConnection->initialize()
#1 /var/www/html/monika.panensaham.com/backend/vendor/codeigniter4/framework/system/Database/BaseBuilder.php(1860): CodeIgniter\Database\BaseConnection->query()
#2 /var/www/html/monika.panensaham.com/backend/vendor/codeigniter4/framework/system/Model.php(404): CodeIgniter\Database\BaseBuilder->get()
#3 /var/www/html/monika.panensaham.com/backend/app/Models/LoginModel.php(9): CodeIgniter\Model->find()
#4 /var/www/html/monika.panensaham.com/backend/app/Controllers/Login.php(70): App\Models\LoginModel->login()
#5 /var/www/html/monika.panensaham.com/backend/vendor/codeigniter4/framework/system/CodeIgniter.php(918): App\Controllers\Login->auth()
#6 /var/www/html/monika.panensaham.com/backend/vendor/codeigniter4/framework/system/CodeIgniter.php(404): CodeIgniter\CodeIgniter->runController()
#7 /var/www/html/monika.panensaham.com/backend/vendor/codeigniter4/framework/system/CodeIgniter.php(312): CodeIgniter\CodeIgniter->handleRequest()
#8 /var/www/html/monika.panensaham.com/backend/index.php(45): CodeIgniter\CodeIgniter->run()
#9 {main}
CRITICAL - 2022-08-07 05:28:16 --> Unable to connect to the database.
#0 /var/www/html/monika.panensaham.com/backend/vendor/codeigniter4/framework/system/Database/BaseConnection.php(646): CodeIgniter\Database\BaseConnection->initialize()
#1 /var/www/html/monika.panensaham.com/backend/vendor/codeigniter4/framework/system/Database/BaseBuilder.php(1860): CodeIgniter\Database\BaseConnection->query()
#2 /var/www/html/monika.panensaham.com/backend/vendor/codeigniter4/framework/system/Model.php(404): CodeIgniter\Database\BaseBuilder->get()
#3 /var/www/html/monika.panensaham.com/backend/app/Models/LoginModel.php(9): CodeIgniter\Model->find()
#4 /var/www/html/monika.panensaham.com/backend/app/Controllers/Login.php(70): App\Models\LoginModel->login()
#5 /var/www/html/monika.panensaham.com/backend/vendor/codeigniter4/framework/system/CodeIgniter.php(918): App\Controllers\Login->auth()
#6 /var/www/html/monika.panensaham.com/backend/vendor/codeigniter4/framework/system/CodeIgniter.php(404): CodeIgniter\CodeIgniter->runController()
#7 /var/www/html/monika.panensaham.com/backend/vendor/codeigniter4/framework/system/CodeIgniter.php(312): CodeIgniter\CodeIgniter->handleRequest()
#8 /var/www/html/monika.panensaham.com/backend/index.php(45): CodeIgniter\CodeIgniter->run()
#9 {main}
CRITICAL - 2022-08-07 05:28:20 --> Unable to connect to the database.
#0 /var/www/html/monika.panensaham.com/backend/vendor/codeigniter4/framework/system/Database/BaseConnection.php(646): CodeIgniter\Database\BaseConnection->initialize()
#1 /var/www/html/monika.panensaham.com/backend/vendor/codeigniter4/framework/system/Database/BaseBuilder.php(1860): CodeIgniter\Database\BaseConnection->query()
#2 /var/www/html/monika.panensaham.com/backend/vendor/codeigniter4/framework/system/Model.php(404): CodeIgniter\Database\BaseBuilder->get()
#3 /var/www/html/monika.panensaham.com/backend/app/Models/LoginModel.php(9): CodeIgniter\Model->find()
#4 /var/www/html/monika.panensaham.com/backend/app/Controllers/Login.php(70): App\Models\LoginModel->login()
#5 /var/www/html/monika.panensaham.com/backend/vendor/codeigniter4/framework/system/CodeIgniter.php(918): App\Controllers\Login->auth()
#6 /var/www/html/monika.panensaham.com/backend/vendor/codeigniter4/framework/system/CodeIgniter.php(404): CodeIgniter\CodeIgniter->runController()
#7 /var/www/html/monika.panensaham.com/backend/vendor/codeigniter4/framework/system/CodeIgniter.php(312): CodeIgniter\CodeIgniter->handleRequest()
#8 /var/www/html/monika.panensaham.com/backend/index.php(45): CodeIgniter\CodeIgniter->run()
#9 {main}
CRITICAL - 2022-08-07 06:25:12 --> Unable to connect to the database.
#0 /var/www/html/monika.panensaham.com/backend/vendor/codeigniter4/framework/system/Database/BaseConnection.php(646): CodeIgniter\Database\BaseConnection->initialize()
#1 /var/www/html/monika.panensaham.com/backend/vendor/codeigniter4/framework/system/Database/BaseBuilder.php(1860): CodeIgniter\Database\BaseConnection->query()
#2 /var/www/html/monika.panensaham.com/backend/vendor/codeigniter4/framework/system/Model.php(404): CodeIgniter\Database\BaseBuilder->get()
#3 /var/www/html/monika.panensaham.com/backend/app/Models/LoginModel.php(9): CodeIgniter\Model->find()
#4 /var/www/html/monika.panensaham.com/backend/app/Controllers/Login.php(70): App\Models\LoginModel->login()
#5 /var/www/html/monika.panensaham.com/backend/vendor/codeigniter4/framework/system/CodeIgniter.php(918): App\Controllers\Login->auth()
#6 /var/www/html/monika.panensaham.com/backend/vendor/codeigniter4/framework/system/CodeIgniter.php(404): CodeIgniter\CodeIgniter->runController()
#7 /var/www/html/monika.panensaham.com/backend/vendor/codeigniter4/framework/system/CodeIgniter.php(312): CodeIgniter\CodeIgniter->handleRequest()
#8 /var/www/html/monika.panensaham.com/backend/index.php(45): CodeIgniter\CodeIgniter->run()
#9 {main}
CRITICAL - 2022-08-07 08:09:45 --> Unable to connect to the database.
#0 /var/www/html/monika.panensaham.com/backend/vendor/codeigniter4/framework/system/Database/BaseConnection.php(646): CodeIgniter\Database\BaseConnection->initialize()
#1 /var/www/html/monika.panensaham.com/backend/vendor/codeigniter4/framework/system/Database/BaseBuilder.php(1860): CodeIgniter\Database\BaseConnection->query()
#2 /var/www/html/monika.panensaham.com/backend/vendor/codeigniter4/framework/system/Model.php(404): CodeIgniter\Database\BaseBuilder->get()
#3 /var/www/html/monika.panensaham.com/backend/app/Models/LoginModel.php(9): CodeIgniter\Model->find()
#4 /var/www/html/monika.panensaham.com/backend/app/Controllers/Login.php(70): App\Models\LoginModel->login()
#5 /var/www/html/monika.panensaham.com/backend/vendor/codeigniter4/framework/system/CodeIgniter.php(918): App\Controllers\Login->auth()
#6 /var/www/html/monika.panensaham.com/backend/vendor/codeigniter4/framework/system/CodeIgniter.php(404): CodeIgniter\CodeIgniter->runController()
#7 /var/www/html/monika.panensaham.com/backend/vendor/codeigniter4/framework/system/CodeIgniter.php(312): CodeIgniter\CodeIgniter->handleRequest()
#8 /var/www/html/monika.panensaham.com/backend/index.php(45): CodeIgniter\CodeIgniter->run()
#9 {main}
CRITICAL - 2022-08-07 08:09:57 --> Unable to connect to the database.
#0 /var/www/html/monika.panensaham.com/backend/vendor/codeigniter4/framework/system/Database/BaseConnection.php(646): CodeIgniter\Database\BaseConnection->initialize()
#1 /var/www/html/monika.panensaham.com/backend/vendor/codeigniter4/framework/system/Database/BaseBuilder.php(1860): CodeIgniter\Database\BaseConnection->query()
#2 /var/www/html/monika.panensaham.com/backend/vendor/codeigniter4/framework/system/Model.php(404): CodeIgniter\Database\BaseBuilder->get()
#3 /var/www/html/monika.panensaham.com/backend/app/Models/LoginModel.php(9): CodeIgniter\Model->find()
#4 /var/www/html/monika.panensaham.com/backend/app/Controllers/Login.php(70): App\Models\LoginModel->login()
#5 /var/www/html/monika.panensaham.com/backend/vendor/codeigniter4/framework/system/CodeIgniter.php(918): App\Controllers\Login->auth()
#6 /var/www/html/monika.panensaham.com/backend/vendor/codeigniter4/framework/system/CodeIgniter.php(404): CodeIgniter\CodeIgniter->runController()
#7 /var/www/html/monika.panensaham.com/backend/vendor/codeigniter4/framework/system/CodeIgniter.php(312): CodeIgniter\CodeIgniter->handleRequest()
#8 /var/www/html/monika.panensaham.com/backend/index.php(45): CodeIgniter\CodeIgniter->run()
#9 {main}
CRITICAL - 2022-08-07 08:10:14 --> Unable to connect to the database.
#0 /var/www/html/monika.panensaham.com/backend/vendor/codeigniter4/framework/system/Database/BaseConnection.php(646): CodeIgniter\Database\BaseConnection->initialize()
#1 /var/www/html/monika.panensaham.com/backend/vendor/codeigniter4/framework/system/Database/BaseBuilder.php(1860): CodeIgniter\Database\BaseConnection->query()
#2 /var/www/html/monika.panensaham.com/backend/vendor/codeigniter4/framework/system/Model.php(404): CodeIgniter\Database\BaseBuilder->get()
#3 /var/www/html/monika.panensaham.com/backend/app/Models/LoginModel.php(9): CodeIgniter\Model->find()
#4 /var/www/html/monika.panensaham.com/backend/app/Controllers/Login.php(70): App\Models\LoginModel->login()
#5 /var/www/html/monika.panensaham.com/backend/vendor/codeigniter4/framework/system/CodeIgniter.php(918): App\Controllers\Login->auth()
#6 /var/www/html/monika.panensaham.com/backend/vendor/codeigniter4/framework/system/CodeIgniter.php(404): CodeIgniter\CodeIgniter->runController()
#7 /var/www/html/monika.panensaham.com/backend/vendor/codeigniter4/framework/system/CodeIgniter.php(312): CodeIgniter\CodeIgniter->handleRequest()
#8 /var/www/html/monika.panensaham.com/backend/index.php(45): CodeIgniter\CodeIgniter->run()
#9 {main}
CRITICAL - 2022-08-07 08:10:56 --> Unable to connect to the database.
#0 /var/www/html/monika.panensaham.com/backend/vendor/codeigniter4/framework/system/Database/BaseConnection.php(646): CodeIgniter\Database\BaseConnection->initialize()
#1 /var/www/html/monika.panensaham.com/backend/vendor/codeigniter4/framework/system/Database/BaseBuilder.php(1860): CodeIgniter\Database\BaseConnection->query()
#2 /var/www/html/monika.panensaham.com/backend/vendor/codeigniter4/framework/system/Model.php(404): CodeIgniter\Database\BaseBuilder->get()
#3 /var/www/html/monika.panensaham.com/backend/app/Models/LoginModel.php(9): CodeIgniter\Model->find()
#4 /var/www/html/monika.panensaham.com/backend/app/Controllers/Login.php(70): App\Models\LoginModel->login()
#5 /var/www/html/monika.panensaham.com/backend/vendor/codeigniter4/framework/system/CodeIgniter.php(918): App\Controllers\Login->auth()
#6 /var/www/html/monika.panensaham.com/backend/vendor/codeigniter4/framework/system/CodeIgniter.php(404): CodeIgniter\CodeIgniter->runController()
#7 /var/www/html/monika.panensaham.com/backend/vendor/codeigniter4/framework/system/CodeIgniter.php(312): CodeIgniter\CodeIgniter->handleRequest()
#8 /var/www/html/monika.panensaham.com/backend/index.php(45): CodeIgniter\CodeIgniter->run()
#9 {main}
CRITICAL - 2022-08-07 08:11:02 --> Unable to connect to the database.
#0 /var/www/html/monika.panensaham.com/backend/vendor/codeigniter4/framework/system/Database/BaseConnection.php(646): CodeIgniter\Database\BaseConnection->initialize()
#1 /var/www/html/monika.panensaham.com/backend/vendor/codeigniter4/framework/system/Database/BaseBuilder.php(1860): CodeIgniter\Database\BaseConnection->query()
#2 /var/www/html/monika.panensaham.com/backend/vendor/codeigniter4/framework/system/Model.php(404): CodeIgniter\Database\BaseBuilder->get()
#3 /var/www/html/monika.panensaham.com/backend/app/Models/LoginModel.php(9): CodeIgniter\Model->find()
#4 /var/www/html/monika.panensaham.com/backend/app/Controllers/Login.php(70): App\Models\LoginModel->login()
#5 /var/www/html/monika.panensaham.com/backend/vendor/codeigniter4/framework/system/CodeIgniter.php(918): App\Controllers\Login->auth()
#6 /var/www/html/monika.panensaham.com/backend/vendor/codeigniter4/framework/system/CodeIgniter.php(404): CodeIgniter\CodeIgniter->runController()
#7 /var/www/html/monika.panensaham.com/backend/vendor/codeigniter4/framework/system/CodeIgniter.php(312): CodeIgniter\CodeIgniter->handleRequest()
#8 /var/www/html/monika.panensaham.com/backend/index.php(45): CodeIgniter\CodeIgniter->run()
#9 {main}
CRITICAL - 2022-08-07 08:11:07 --> Unable to connect to the database.
#0 /var/www/html/monika.panensaham.com/backend/vendor/codeigniter4/framework/system/Database/BaseConnection.php(646): CodeIgniter\Database\BaseConnection->initialize()
#1 /var/www/html/monika.panensaham.com/backend/vendor/codeigniter4/framework/system/Database/BaseBuilder.php(1860): CodeIgniter\Database\BaseConnection->query()
#2 /var/www/html/monika.panensaham.com/backend/vendor/codeigniter4/framework/system/Model.php(404): CodeIgniter\Database\BaseBuilder->get()
#3 /var/www/html/monika.panensaham.com/backend/app/Models/LoginModel.php(9): CodeIgniter\Model->find()
#4 /var/www/html/monika.panensaham.com/backend/app/Controllers/Login.php(70): App\Models\LoginModel->login()
#5 /var/www/html/monika.panensaham.com/backend/vendor/codeigniter4/framework/system/CodeIgniter.php(918): App\Controllers\Login->auth()
#6 /var/www/html/monika.panensaham.com/backend/vendor/codeigniter4/framework/system/CodeIgniter.php(404): CodeIgniter\CodeIgniter->runController()
#7 /var/www/html/monika.panensaham.com/backend/vendor/codeigniter4/framework/system/CodeIgniter.php(312): CodeIgniter\CodeIgniter->handleRequest()
#8 /var/www/html/monika.panensaham.com/backend/index.php(45): CodeIgniter\CodeIgniter->run()
#9 {main}
CRITICAL - 2022-08-07 08:12:28 --> Unable to connect to the database.
#0 /var/www/html/monika.panensaham.com/backend/vendor/codeigniter4/framework/system/Database/BaseConnection.php(646): CodeIgniter\Database\BaseConnection->initialize()
#1 /var/www/html/monika.panensaham.com/backend/vendor/codeigniter4/framework/system/Database/BaseBuilder.php(1860): CodeIgniter\Database\BaseConnection->query()
#2 /var/www/html/monika.panensaham.com/backend/vendor/codeigniter4/framework/system/Model.php(404): CodeIgniter\Database\BaseBuilder->get()
#3 /var/www/html/monika.panensaham.com/backend/app/Models/LoginModel.php(9): CodeIgniter\Model->find()
#4 /var/www/html/monika.panensaham.com/backend/app/Controllers/Login.php(70): App\Models\LoginModel->login()
#5 /var/www/html/monika.panensaham.com/backend/vendor/codeigniter4/framework/system/CodeIgniter.php(918): App\Controllers\Login->auth()
#6 /var/www/html/monika.panensaham.com/backend/vendor/codeigniter4/framework/system/CodeIgniter.php(404): CodeIgniter\CodeIgniter->runController()
#7 /var/www/html/monika.panensaham.com/backend/vendor/codeigniter4/framework/system/CodeIgniter.php(312): CodeIgniter\CodeIgniter->handleRequest()
#8 /var/www/html/monika.panensaham.com/backend/index.php(45): CodeIgniter\CodeIgniter->run()
#9 {main}
CRITICAL - 2022-08-07 08:14:28 --> Unable to connect to the database.
#0 /var/www/html/monika.panensaham.com/backend/vendor/codeigniter4/framework/system/Database/BaseConnection.php(646): CodeIgniter\Database\BaseConnection->initialize()
#1 /var/www/html/monika.panensaham.com/backend/vendor/codeigniter4/framework/system/Database/BaseBuilder.php(1860): CodeIgniter\Database\BaseConnection->query()
#2 /var/www/html/monika.panensaham.com/backend/vendor/codeigniter4/framework/system/Model.php(404): CodeIgniter\Database\BaseBuilder->get()
#3 /var/www/html/monika.panensaham.com/backend/app/Models/LoginModel.php(9): CodeIgniter\Model->find()
#4 /var/www/html/monika.panensaham.com/backend/app/Controllers/Login.php(70): App\Models\LoginModel->login()
#5 /var/www/html/monika.panensaham.com/backend/vendor/codeigniter4/framework/system/CodeIgniter.php(918): App\Controllers\Login->auth()
#6 /var/www/html/monika.panensaham.com/backend/vendor/codeigniter4/framework/system/CodeIgniter.php(404): CodeIgniter\CodeIgniter->runController()
#7 /var/www/html/monika.panensaham.com/backend/vendor/codeigniter4/framework/system/CodeIgniter.php(312): CodeIgniter\CodeIgniter->handleRequest()
#8 /var/www/html/monika.panensaham.com/backend/index.php(45): CodeIgniter\CodeIgniter->run()
#9 {main}
CRITICAL - 2022-08-07 08:25:45 --> Unable to connect to the database.
#0 /var/www/html/monika.panensaham.com/backend/vendor/codeigniter4/framework/system/Database/BaseConnection.php(646): CodeIgniter\Database\BaseConnection->initialize()
#1 /var/www/html/monika.panensaham.com/backend/vendor/codeigniter4/framework/system/Database/BaseBuilder.php(1860): CodeIgniter\Database\BaseConnection->query()
#2 /var/www/html/monika.panensaham.com/backend/vendor/codeigniter4/framework/system/Model.php(404): CodeIgniter\Database\BaseBuilder->get()
#3 /var/www/html/monika.panensaham.com/backend/app/Models/LoginModel.php(9): CodeIgniter\Model->find()
#4 /var/www/html/monika.panensaham.com/backend/app/Controllers/Login.php(70): App\Models\LoginModel->login()
#5 /var/www/html/monika.panensaham.com/backend/vendor/codeigniter4/framework/system/CodeIgniter.php(918): App\Controllers\Login->auth()
#6 /var/www/html/monika.panensaham.com/backend/vendor/codeigniter4/framework/system/CodeIgniter.php(404): CodeIgniter\CodeIgniter->runController()
#7 /var/www/html/monika.panensaham.com/backend/vendor/codeigniter4/framework/system/CodeIgniter.php(312): CodeIgniter\CodeIgniter->handleRequest()
#8 /var/www/html/monika.panensaham.com/backend/index.php(45): CodeIgniter\CodeIgniter->run()
#9 {main}
CRITICAL - 2022-08-07 08:33:17 --> Unable to connect to the database.
#0 /var/www/html/monika.panensaham.com/backend/vendor/codeigniter4/framework/system/Database/BaseConnection.php(646): CodeIgniter\Database\BaseConnection->initialize()
#1 /var/www/html/monika.panensaham.com/backend/vendor/codeigniter4/framework/system/Database/BaseBuilder.php(1860): CodeIgniter\Database\BaseConnection->query()
#2 /var/www/html/monika.panensaham.com/backend/vendor/codeigniter4/framework/system/Model.php(404): CodeIgniter\Database\BaseBuilder->get()
#3 /var/www/html/monika.panensaham.com/backend/app/Models/LoginModel.php(9): CodeIgniter\Model->find()
#4 /var/www/html/monika.panensaham.com/backend/app/Controllers/Login.php(70): App\Models\LoginModel->login()
#5 /var/www/html/monika.panensaham.com/backend/vendor/codeigniter4/framework/system/CodeIgniter.php(918): App\Controllers\Login->auth()
#6 /var/www/html/monika.panensaham.com/backend/vendor/codeigniter4/framework/system/CodeIgniter.php(404): CodeIgniter\CodeIgniter->runController()
#7 /var/www/html/monika.panensaham.com/backend/vendor/codeigniter4/framework/system/CodeIgniter.php(312): CodeIgniter\CodeIgniter->handleRequest()
#8 /var/www/html/monika.panensaham.com/backend/index.php(45): CodeIgniter\CodeIgniter->run()
#9 {main}
