CRITICAL - 2022-05-17 08:52:09 --> Duplicate entry 'BSEM1605220552' for key 'PRIMARY'
#0 /public_html/monika.panensaham.com/backend/vendor/codeigniter4/framework/system/Database/MySQLi/Connection.php(331): mysqli->query()
#1 /public_html/monika.panensaham.com/backend/vendor/codeigniter4/framework/system/Database/BaseConnection.php(741): CodeIgniter\Database\MySQLi\Connection->execute()
#2 /public_html/monika.panensaham.com/backend/vendor/codeigniter4/framework/system/Database/BaseConnection.php(669): CodeIgniter\Database\BaseConnection->simpleQuery()
#3 /public_html/monika.panensaham.com/backend/vendor/codeigniter4/framework/system/Database/BaseBuilder.php(2249): CodeIgniter\Database\BaseConnection->query()
#4 /public_html/monika.panensaham.com/backend/vendor/codeigniter4/framework/system/Model.php(755): CodeIgniter\Database\BaseBuilder->insert()
#5 /public_html/monika.panensaham.com/backend/app/Controllers/Information/Bursaemitencontroller.php(310): CodeIgniter\Model->insert()
#6 /public_html/monika.panensaham.com/backend/vendor/codeigniter4/framework/system/CodeIgniter.php(918): App\Controllers\Information\Bursaemitencontroller->simpandata()
#7 /public_html/monika.panensaham.com/backend/vendor/codeigniter4/framework/system/CodeIgniter.php(404): CodeIgniter\CodeIgniter->runController()
#8 /public_html/monika.panensaham.com/backend/vendor/codeigniter4/framework/system/CodeIgniter.php(312): CodeIgniter\CodeIgniter->handleRequest()
#9 /public_html/monika.panensaham.com/backend/index.php(45): CodeIgniter\CodeIgniter->run()
#10 {main}
CRITICAL - 2022-05-17 08:54:54 --> Duplicate entry 'BSEM1605220531' for key 'PRIMARY'
#0 /public_html/monika.panensaham.com/backend/vendor/codeigniter4/framework/system/Database/MySQLi/Connection.php(331): mysqli->query()
#1 /public_html/monika.panensaham.com/backend/vendor/codeigniter4/framework/system/Database/BaseConnection.php(741): CodeIgniter\Database\MySQLi\Connection->execute()
#2 /public_html/monika.panensaham.com/backend/vendor/codeigniter4/framework/system/Database/BaseConnection.php(669): CodeIgniter\Database\BaseConnection->simpleQuery()
#3 /public_html/monika.panensaham.com/backend/vendor/codeigniter4/framework/system/Database/BaseBuilder.php(2249): CodeIgniter\Database\BaseConnection->query()
#4 /public_html/monika.panensaham.com/backend/vendor/codeigniter4/framework/system/Model.php(755): CodeIgniter\Database\BaseBuilder->insert()
#5 /public_html/monika.panensaham.com/backend/app/Controllers/Information/Bursaemitencontroller.php(310): CodeIgniter\Model->insert()
#6 /public_html/monika.panensaham.com/backend/vendor/codeigniter4/framework/system/CodeIgniter.php(918): App\Controllers\Information\Bursaemitencontroller->simpandata()
#7 /public_html/monika.panensaham.com/backend/vendor/codeigniter4/framework/system/CodeIgniter.php(404): CodeIgniter\CodeIgniter->runController()
#8 /public_html/monika.panensaham.com/backend/vendor/codeigniter4/framework/system/CodeIgniter.php(312): CodeIgniter\CodeIgniter->handleRequest()
#9 /public_html/monika.panensaham.com/backend/index.php(45): CodeIgniter\CodeIgniter->run()
#10 {main}
CRITICAL - 2022-05-17 08:58:43 --> Duplicate entry 'BSEM1605220527' for key 'PRIMARY'
#0 /public_html/monika.panensaham.com/backend/vendor/codeigniter4/framework/system/Database/MySQLi/Connection.php(331): mysqli->query()
#1 /public_html/monika.panensaham.com/backend/vendor/codeigniter4/framework/system/Database/BaseConnection.php(741): CodeIgniter\Database\MySQLi\Connection->execute()
#2 /public_html/monika.panensaham.com/backend/vendor/codeigniter4/framework/system/Database/BaseConnection.php(669): CodeIgniter\Database\BaseConnection->simpleQuery()
#3 /public_html/monika.panensaham.com/backend/vendor/codeigniter4/framework/system/Database/BaseBuilder.php(2249): CodeIgniter\Database\BaseConnection->query()
#4 /public_html/monika.panensaham.com/backend/vendor/codeigniter4/framework/system/Model.php(755): CodeIgniter\Database\BaseBuilder->insert()
#5 /public_html/monika.panensaham.com/backend/app/Controllers/Information/Bursaemitencontroller.php(310): CodeIgniter\Model->insert()
#6 /public_html/monika.panensaham.com/backend/vendor/codeigniter4/framework/system/CodeIgniter.php(918): App\Controllers\Information\Bursaemitencontroller->simpandata()
#7 /public_html/monika.panensaham.com/backend/vendor/codeigniter4/framework/system/CodeIgniter.php(404): CodeIgniter\CodeIgniter->runController()
#8 /public_html/monika.panensaham.com/backend/vendor/codeigniter4/framework/system/CodeIgniter.php(312): CodeIgniter\CodeIgniter->handleRequest()
#9 /public_html/monika.panensaham.com/backend/index.php(45): CodeIgniter\CodeIgniter->run()
#10 {main}
CRITICAL - 2022-05-17 09:10:16 --> Duplicate entry 'BSEM1605220514' for key 'PRIMARY'
#0 /public_html/monika.panensaham.com/backend/vendor/codeigniter4/framework/system/Database/MySQLi/Connection.php(331): mysqli->query()
#1 /public_html/monika.panensaham.com/backend/vendor/codeigniter4/framework/system/Database/BaseConnection.php(741): CodeIgniter\Database\MySQLi\Connection->execute()
#2 /public_html/monika.panensaham.com/backend/vendor/codeigniter4/framework/system/Database/BaseConnection.php(669): CodeIgniter\Database\BaseConnection->simpleQuery()
#3 /public_html/monika.panensaham.com/backend/vendor/codeigniter4/framework/system/Database/BaseBuilder.php(2249): CodeIgniter\Database\BaseConnection->query()
#4 /public_html/monika.panensaham.com/backend/vendor/codeigniter4/framework/system/Model.php(755): CodeIgniter\Database\BaseBuilder->insert()
#5 /public_html/monika.panensaham.com/backend/app/Controllers/Information/Bursaemitencontroller.php(310): CodeIgniter\Model->insert()
#6 /public_html/monika.panensaham.com/backend/vendor/codeigniter4/framework/system/CodeIgniter.php(918): App\Controllers\Information\Bursaemitencontroller->simpandata()
#7 /public_html/monika.panensaham.com/backend/vendor/codeigniter4/framework/system/CodeIgniter.php(404): CodeIgniter\CodeIgniter->runController()
#8 /public_html/monika.panensaham.com/backend/vendor/codeigniter4/framework/system/CodeIgniter.php(312): CodeIgniter\CodeIgniter->handleRequest()
#9 /public_html/monika.panensaham.com/backend/index.php(45): CodeIgniter\CodeIgniter->run()
#10 {main}
CRITICAL - 2022-05-17 09:34:54 --> Duplicate entry 'BSEM1605220547' for key 'PRIMARY'
#0 /public_html/monika.panensaham.com/backend/vendor/codeigniter4/framework/system/Database/MySQLi/Connection.php(331): mysqli->query()
#1 /public_html/monika.panensaham.com/backend/vendor/codeigniter4/framework/system/Database/BaseConnection.php(741): CodeIgniter\Database\MySQLi\Connection->execute()
#2 /public_html/monika.panensaham.com/backend/vendor/codeigniter4/framework/system/Database/BaseConnection.php(669): CodeIgniter\Database\BaseConnection->simpleQuery()
#3 /public_html/monika.panensaham.com/backend/vendor/codeigniter4/framework/system/Database/BaseBuilder.php(2249): CodeIgniter\Database\BaseConnection->query()
#4 /public_html/monika.panensaham.com/backend/vendor/codeigniter4/framework/system/Model.php(755): CodeIgniter\Database\BaseBuilder->insert()
#5 /public_html/monika.panensaham.com/backend/app/Controllers/Information/Bursaemitencontroller.php(310): CodeIgniter\Model->insert()
#6 /public_html/monika.panensaham.com/backend/vendor/codeigniter4/framework/system/CodeIgniter.php(918): App\Controllers\Information\Bursaemitencontroller->simpandata()
#7 /public_html/monika.panensaham.com/backend/vendor/codeigniter4/framework/system/CodeIgniter.php(404): CodeIgniter\CodeIgniter->runController()
#8 /public_html/monika.panensaham.com/backend/vendor/codeigniter4/framework/system/CodeIgniter.php(312): CodeIgniter\CodeIgniter->handleRequest()
#9 /public_html/monika.panensaham.com/backend/index.php(45): CodeIgniter\CodeIgniter->run()
#10 {main}
CRITICAL - 2022-05-17 09:37:03 --> Duplicate entry 'BSEM1605220520' for key 'PRIMARY'
#0 /public_html/monika.panensaham.com/backend/vendor/codeigniter4/framework/system/Database/MySQLi/Connection.php(331): mysqli->query()
#1 /public_html/monika.panensaham.com/backend/vendor/codeigniter4/framework/system/Database/BaseConnection.php(741): CodeIgniter\Database\MySQLi\Connection->execute()
#2 /public_html/monika.panensaham.com/backend/vendor/codeigniter4/framework/system/Database/BaseConnection.php(669): CodeIgniter\Database\BaseConnection->simpleQuery()
#3 /public_html/monika.panensaham.com/backend/vendor/codeigniter4/framework/system/Database/BaseBuilder.php(2249): CodeIgniter\Database\BaseConnection->query()
#4 /public_html/monika.panensaham.com/backend/vendor/codeigniter4/framework/system/Model.php(755): CodeIgniter\Database\BaseBuilder->insert()
#5 /public_html/monika.panensaham.com/backend/app/Controllers/Information/Bursaemitencontroller.php(310): CodeIgniter\Model->insert()
#6 /public_html/monika.panensaham.com/backend/vendor/codeigniter4/framework/system/CodeIgniter.php(918): App\Controllers\Information\Bursaemitencontroller->simpandata()
#7 /public_html/monika.panensaham.com/backend/vendor/codeigniter4/framework/system/CodeIgniter.php(404): CodeIgniter\CodeIgniter->runController()
#8 /public_html/monika.panensaham.com/backend/vendor/codeigniter4/framework/system/CodeIgniter.php(312): CodeIgniter\CodeIgniter->handleRequest()
#9 /public_html/monika.panensaham.com/backend/index.php(45): CodeIgniter\CodeIgniter->run()
#10 {main}
CRITICAL - 2022-05-17 09:46:18 --> Duplicate entry 'BSEM1605220529' for key 'PRIMARY'
#0 /public_html/monika.panensaham.com/backend/vendor/codeigniter4/framework/system/Database/MySQLi/Connection.php(331): mysqli->query()
#1 /public_html/monika.panensaham.com/backend/vendor/codeigniter4/framework/system/Database/BaseConnection.php(741): CodeIgniter\Database\MySQLi\Connection->execute()
#2 /public_html/monika.panensaham.com/backend/vendor/codeigniter4/framework/system/Database/BaseConnection.php(669): CodeIgniter\Database\BaseConnection->simpleQuery()
#3 /public_html/monika.panensaham.com/backend/vendor/codeigniter4/framework/system/Database/BaseBuilder.php(2249): CodeIgniter\Database\BaseConnection->query()
#4 /public_html/monika.panensaham.com/backend/vendor/codeigniter4/framework/system/Model.php(755): CodeIgniter\Database\BaseBuilder->insert()
#5 /public_html/monika.panensaham.com/backend/app/Controllers/Information/Bursaemitencontroller.php(310): CodeIgniter\Model->insert()
#6 /public_html/monika.panensaham.com/backend/vendor/codeigniter4/framework/system/CodeIgniter.php(918): App\Controllers\Information\Bursaemitencontroller->simpandata()
#7 /public_html/monika.panensaham.com/backend/vendor/codeigniter4/framework/system/CodeIgniter.php(404): CodeIgniter\CodeIgniter->runController()
#8 /public_html/monika.panensaham.com/backend/vendor/codeigniter4/framework/system/CodeIgniter.php(312): CodeIgniter\CodeIgniter->handleRequest()
#9 /public_html/monika.panensaham.com/backend/index.php(45): CodeIgniter\CodeIgniter->run()
#10 {main}
CRITICAL - 2022-05-17 10:37:38 --> Duplicate entry 'BSEM1605220506' for key 'PRIMARY'
#0 /public_html/monika.panensaham.com/backend/vendor/codeigniter4/framework/system/Database/MySQLi/Connection.php(331): mysqli->query()
#1 /public_html/monika.panensaham.com/backend/vendor/codeigniter4/framework/system/Database/BaseConnection.php(741): CodeIgniter\Database\MySQLi\Connection->execute()
#2 /public_html/monika.panensaham.com/backend/vendor/codeigniter4/framework/system/Database/BaseConnection.php(669): CodeIgniter\Database\BaseConnection->simpleQuery()
#3 /public_html/monika.panensaham.com/backend/vendor/codeigniter4/framework/system/Database/BaseBuilder.php(2249): CodeIgniter\Database\BaseConnection->query()
#4 /public_html/monika.panensaham.com/backend/vendor/codeigniter4/framework/system/Model.php(755): CodeIgniter\Database\BaseBuilder->insert()
#5 /public_html/monika.panensaham.com/backend/app/Controllers/Information/Bursaemitencontroller.php(310): CodeIgniter\Model->insert()
#6 /public_html/monika.panensaham.com/backend/vendor/codeigniter4/framework/system/CodeIgniter.php(918): App\Controllers\Information\Bursaemitencontroller->simpandata()
#7 /public_html/monika.panensaham.com/backend/vendor/codeigniter4/framework/system/CodeIgniter.php(404): CodeIgniter\CodeIgniter->runController()
#8 /public_html/monika.panensaham.com/backend/vendor/codeigniter4/framework/system/CodeIgniter.php(312): CodeIgniter\CodeIgniter->handleRequest()
#9 /public_html/monika.panensaham.com/backend/index.php(45): CodeIgniter\CodeIgniter->run()
#10 {main}
CRITICAL - 2022-05-17 10:38:25 --> Duplicate entry 'BSEM1605220554' for key 'PRIMARY'
#0 /public_html/monika.panensaham.com/backend/vendor/codeigniter4/framework/system/Database/MySQLi/Connection.php(331): mysqli->query()
#1 /public_html/monika.panensaham.com/backend/vendor/codeigniter4/framework/system/Database/BaseConnection.php(741): CodeIgniter\Database\MySQLi\Connection->execute()
#2 /public_html/monika.panensaham.com/backend/vendor/codeigniter4/framework/system/Database/BaseConnection.php(669): CodeIgniter\Database\BaseConnection->simpleQuery()
#3 /public_html/monika.panensaham.com/backend/vendor/codeigniter4/framework/system/Database/BaseBuilder.php(2249): CodeIgniter\Database\BaseConnection->query()
#4 /public_html/monika.panensaham.com/backend/vendor/codeigniter4/framework/system/Model.php(755): CodeIgniter\Database\BaseBuilder->insert()
#5 /public_html/monika.panensaham.com/backend/app/Controllers/Information/Bursaemitencontroller.php(310): CodeIgniter\Model->insert()
#6 /public_html/monika.panensaham.com/backend/vendor/codeigniter4/framework/system/CodeIgniter.php(918): App\Controllers\Information\Bursaemitencontroller->simpandata()
#7 /public_html/monika.panensaham.com/backend/vendor/codeigniter4/framework/system/CodeIgniter.php(404): CodeIgniter\CodeIgniter->runController()
#8 /public_html/monika.panensaham.com/backend/vendor/codeigniter4/framework/system/CodeIgniter.php(312): CodeIgniter\CodeIgniter->handleRequest()
#9 /public_html/monika.panensaham.com/backend/index.php(45): CodeIgniter\CodeIgniter->run()
#10 {main}
CRITICAL - 2022-05-17 16:00:03 --> Duplicate entry 'BSEM1705220556' for key 'PRIMARY'
#0 /public_html/monika.panensaham.com/backend/vendor/codeigniter4/framework/system/Database/MySQLi/Connection.php(331): mysqli->query()
#1 /public_html/monika.panensaham.com/backend/vendor/codeigniter4/framework/system/Database/BaseConnection.php(741): CodeIgniter\Database\MySQLi\Connection->execute()
#2 /public_html/monika.panensaham.com/backend/vendor/codeigniter4/framework/system/Database/BaseConnection.php(669): CodeIgniter\Database\BaseConnection->simpleQuery()
#3 /public_html/monika.panensaham.com/backend/vendor/codeigniter4/framework/system/Database/BaseBuilder.php(2249): CodeIgniter\Database\BaseConnection->query()
#4 /public_html/monika.panensaham.com/backend/vendor/codeigniter4/framework/system/Model.php(755): CodeIgniter\Database\BaseBuilder->insert()
#5 /public_html/monika.panensaham.com/backend/app/Controllers/Information/Bursaemitencontroller.php(310): CodeIgniter\Model->insert()
#6 /public_html/monika.panensaham.com/backend/vendor/codeigniter4/framework/system/CodeIgniter.php(918): App\Controllers\Information\Bursaemitencontroller->simpandata()
#7 /public_html/monika.panensaham.com/backend/vendor/codeigniter4/framework/system/CodeIgniter.php(404): CodeIgniter\CodeIgniter->runController()
#8 /public_html/monika.panensaham.com/backend/vendor/codeigniter4/framework/system/CodeIgniter.php(312): CodeIgniter\CodeIgniter->handleRequest()
#9 /public_html/monika.panensaham.com/backend/index.php(45): CodeIgniter\CodeIgniter->run()
#10 {main}
CRITICAL - 2022-05-17 16:02:03 --> Duplicate entry 'BSEM1705220527' for key 'PRIMARY'
#0 /public_html/monika.panensaham.com/backend/vendor/codeigniter4/framework/system/Database/MySQLi/Connection.php(331): mysqli->query()
#1 /public_html/monika.panensaham.com/backend/vendor/codeigniter4/framework/system/Database/BaseConnection.php(741): CodeIgniter\Database\MySQLi\Connection->execute()
#2 /public_html/monika.panensaham.com/backend/vendor/codeigniter4/framework/system/Database/BaseConnection.php(669): CodeIgniter\Database\BaseConnection->simpleQuery()
#3 /public_html/monika.panensaham.com/backend/vendor/codeigniter4/framework/system/Database/BaseBuilder.php(2249): CodeIgniter\Database\BaseConnection->query()
#4 /public_html/monika.panensaham.com/backend/vendor/codeigniter4/framework/system/Model.php(755): CodeIgniter\Database\BaseBuilder->insert()
#5 /public_html/monika.panensaham.com/backend/app/Controllers/Information/Bursaemitencontroller.php(310): CodeIgniter\Model->insert()
#6 /public_html/monika.panensaham.com/backend/vendor/codeigniter4/framework/system/CodeIgniter.php(918): App\Controllers\Information\Bursaemitencontroller->simpandata()
#7 /public_html/monika.panensaham.com/backend/vendor/codeigniter4/framework/system/CodeIgniter.php(404): CodeIgniter\CodeIgniter->runController()
#8 /public_html/monika.panensaham.com/backend/vendor/codeigniter4/framework/system/CodeIgniter.php(312): CodeIgniter\CodeIgniter->handleRequest()
#9 /public_html/monika.panensaham.com/backend/index.php(45): CodeIgniter\CodeIgniter->run()
#10 {main}
CRITICAL - 2022-05-17 16:03:18 --> Duplicate entry 'BSEM1705220534' for key 'PRIMARY'
#0 /public_html/monika.panensaham.com/backend/vendor/codeigniter4/framework/system/Database/MySQLi/Connection.php(331): mysqli->query()
#1 /public_html/monika.panensaham.com/backend/vendor/codeigniter4/framework/system/Database/BaseConnection.php(741): CodeIgniter\Database\MySQLi\Connection->execute()
#2 /public_html/monika.panensaham.com/backend/vendor/codeigniter4/framework/system/Database/BaseConnection.php(669): CodeIgniter\Database\BaseConnection->simpleQuery()
#3 /public_html/monika.panensaham.com/backend/vendor/codeigniter4/framework/system/Database/BaseBuilder.php(2249): CodeIgniter\Database\BaseConnection->query()
#4 /public_html/monika.panensaham.com/backend/vendor/codeigniter4/framework/system/Model.php(755): CodeIgniter\Database\BaseBuilder->insert()
#5 /public_html/monika.panensaham.com/backend/app/Controllers/Information/Bursaemitencontroller.php(310): CodeIgniter\Model->insert()
#6 /public_html/monika.panensaham.com/backend/vendor/codeigniter4/framework/system/CodeIgniter.php(918): App\Controllers\Information\Bursaemitencontroller->simpandata()
#7 /public_html/monika.panensaham.com/backend/vendor/codeigniter4/framework/system/CodeIgniter.php(404): CodeIgniter\CodeIgniter->runController()
#8 /public_html/monika.panensaham.com/backend/vendor/codeigniter4/framework/system/CodeIgniter.php(312): CodeIgniter\CodeIgniter->handleRequest()
#9 /public_html/monika.panensaham.com/backend/index.php(45): CodeIgniter\CodeIgniter->run()
#10 {main}
CRITICAL - 2022-05-17 20:23:27 --> Trying to access array offset on value of type null
#0 /public_html/monika.panensaham.com/backend/app/Models/Ultimate/DailyactModel.php(27): CodeIgniter\Debug\Exceptions->errorHandler()
#1 /public_html/monika.panensaham.com/backend/app/Models/Ultimate/DailyactModel.php(51): App\Models\Ultimate\DailyactModel->_get_datatables_query()
#2 /public_html/monika.panensaham.com/backend/app/Controllers/Ultimate/Dailyactcontroller.php(33): App\Models\Ultimate\DailyactModel->get_datatables()
#3 /public_html/monika.panensaham.com/backend/vendor/codeigniter4/framework/system/CodeIgniter.php(918): App\Controllers\Ultimate\Dailyactcontroller->ajax_list()
#4 /public_html/monika.panensaham.com/backend/vendor/codeigniter4/framework/system/CodeIgniter.php(404): CodeIgniter\CodeIgniter->runController()
#5 /public_html/monika.panensaham.com/backend/vendor/codeigniter4/framework/system/CodeIgniter.php(312): CodeIgniter\CodeIgniter->handleRequest()
#6 /public_html/monika.panensaham.com/backend/index.php(45): CodeIgniter\CodeIgniter->run()
#7 {main}
CRITICAL - 2022-05-17 20:34:03 --> Trying to access array offset on value of type null
#0 /public_html/monika.panensaham.com/backend/app/Models/Ultimate/DailyactModel.php(27): CodeIgniter\Debug\Exceptions->errorHandler()
#1 /public_html/monika.panensaham.com/backend/app/Models/Ultimate/DailyactModel.php(51): App\Models\Ultimate\DailyactModel->_get_datatables_query()
#2 /public_html/monika.panensaham.com/backend/app/Controllers/Ultimate/Dailyactcontroller.php(33): App\Models\Ultimate\DailyactModel->get_datatables()
#3 /public_html/monika.panensaham.com/backend/vendor/codeigniter4/framework/system/CodeIgniter.php(918): App\Controllers\Ultimate\Dailyactcontroller->ajax_list()
#4 /public_html/monika.panensaham.com/backend/vendor/codeigniter4/framework/system/CodeIgniter.php(404): CodeIgniter\CodeIgniter->runController()
#5 /public_html/monika.panensaham.com/backend/vendor/codeigniter4/framework/system/CodeIgniter.php(312): CodeIgniter\CodeIgniter->handleRequest()
#6 /public_html/monika.panensaham.com/backend/index.php(45): CodeIgniter\CodeIgniter->run()
#7 {main}
CRITICAL - 2022-05-17 22:23:26 --> Undefined variable: totalTime
#0 /public_html/monika.panensaham.com/backend/vendor/codeigniter4/framework/system/Debug/Toolbar/Views/toolbar.tpl.php(56): CodeIgniter\Debug\Exceptions->errorHandler()
#1 /public_html/monika.panensaham.com/backend/vendor/codeigniter4/framework/system/Debug/Toolbar.php(498): include('/public_html/mo...')
#2 /public_html/monika.panensaham.com/backend/vendor/codeigniter4/framework/system/Debug/Toolbar.php(455): CodeIgniter\Debug\Toolbar->format()
#3 /public_html/monika.panensaham.com/backend/app/Config/Events.php(50): CodeIgniter\Debug\Toolbar->respond()
#4 [internal function]: CodeIgniter\Events\Events::Config\{closure}()
#5 /public_html/monika.panensaham.com/backend/vendor/codeigniter4/framework/system/Events/Events.php(188): call_user_func()
#6 /public_html/monika.panensaham.com/backend/vendor/codeigniter4/framework/system/CodeIgniter.php(293): CodeIgniter\Events\Events::trigger()
#7 /public_html/monika.panensaham.com/backend/index.php(45): CodeIgniter\CodeIgniter->run()
#8 {main}
