CRITICAL - 2022-09-15 03:03:08 --> Undefined variable: totalTime
#0 D:\xampp74\htdocs\dev-monika-ps-lokal\backend\vendor\codeigniter4\framework\system\Debug\Toolbar\Views\toolbar.tpl.php(56): CodeIgniter\Debug\Exceptions->errorHandler(8, 'Undefined varia...', 'D:\\xampp74\\htdo...', 56, Array)
#1 D:\xampp74\htdocs\dev-monika-ps-lokal\backend\vendor\codeigniter4\framework\system\Debug\Toolbar.php(498): include('D:\\xampp74\\htdo...')
#2 D:\xampp74\htdocs\dev-monika-ps-lokal\backend\vendor\codeigniter4\framework\system\Debug\Toolbar.php(455): CodeIgniter\Debug\Toolbar->format(Array, 'html')
#3 D:\xampp74\htdocs\dev-monika-ps-lokal\backend\app\Config\Events.php(50): CodeIgniter\Debug\Toolbar->respond()
#4 [internal function]: CodeIgniter\Events\Events::Config\{closure}()
#5 D:\xampp74\htdocs\dev-monika-ps-lokal\backend\vendor\codeigniter4\framework\system\Events\Events.php(188): call_user_func(Object(Closure))
#6 D:\xampp74\htdocs\dev-monika-ps-lokal\backend\vendor\codeigniter4\framework\system\CodeIgniter.php(293): CodeIgniter\Events\Events::trigger('pre_system')
#7 D:\xampp74\htdocs\dev-monika-ps-lokal\backend\index.php(45): CodeIgniter\CodeIgniter->run()
#8 {main}
CRITICAL - 2022-09-15 03:03:19 --> Undefined index: isi
#0 D:\xampp74\htdocs\dev-monika-ps-lokal\backend\app\Controllers\Information\Newscontroller.php(406): CodeIgniter\Debug\Exceptions->errorHandler(8, 'Undefined index...', 'D:\\xampp74\\htdo...', 406, Array)
#1 D:\xampp74\htdocs\dev-monika-ps-lokal\backend\vendor\codeigniter4\framework\system\CodeIgniter.php(918): App\Controllers\Information\Newscontroller->perbaruidata()
#2 D:\xampp74\htdocs\dev-monika-ps-lokal\backend\vendor\codeigniter4\framework\system\CodeIgniter.php(404): CodeIgniter\CodeIgniter->runController(Object(App\Controllers\Information\Newscontroller))
#3 D:\xampp74\htdocs\dev-monika-ps-lokal\backend\vendor\codeigniter4\framework\system\CodeIgniter.php(312): CodeIgniter\CodeIgniter->handleRequest(NULL, Object(Config\Cache), false)
#4 D:\xampp74\htdocs\dev-monika-ps-lokal\backend\index.php(45): CodeIgniter\CodeIgniter->run()
#5 {main}
CRITICAL - 2022-09-15 03:14:49 --> Unknown column 'id' in 'where clause'
#0 D:\xampp74\htdocs\dev-monika-ps-lokal\backend\vendor\codeigniter4\framework\system\Database\MySQLi\Connection.php(331): mysqli->query('SELECT `jenis_p...')
#1 D:\xampp74\htdocs\dev-monika-ps-lokal\backend\vendor\codeigniter4\framework\system\Database\BaseConnection.php(741): CodeIgniter\Database\MySQLi\Connection->execute('SELECT `jenis_p...')
#2 D:\xampp74\htdocs\dev-monika-ps-lokal\backend\vendor\codeigniter4\framework\system\Database\BaseConnection.php(669): CodeIgniter\Database\BaseConnection->simpleQuery('SELECT `jenis_p...')
#3 D:\xampp74\htdocs\dev-monika-ps-lokal\backend\vendor\codeigniter4\framework\system\Database\BaseBuilder.php(2019): CodeIgniter\Database\BaseConnection->query('SELECT `jenis_p...', Array, false)
#4 D:\xampp74\htdocs\dev-monika-ps-lokal\backend\app\Controllers\Information\Newscontroller.php(408): CodeIgniter\Database\BaseBuilder->getWhere(Array)
#5 D:\xampp74\htdocs\dev-monika-ps-lokal\backend\vendor\codeigniter4\framework\system\CodeIgniter.php(918): App\Controllers\Information\Newscontroller->perbaruidata()
#6 D:\xampp74\htdocs\dev-monika-ps-lokal\backend\vendor\codeigniter4\framework\system\CodeIgniter.php(404): CodeIgniter\CodeIgniter->runController(Object(App\Controllers\Information\Newscontroller))
#7 D:\xampp74\htdocs\dev-monika-ps-lokal\backend\vendor\codeigniter4\framework\system\CodeIgniter.php(312): CodeIgniter\CodeIgniter->handleRequest(NULL, Object(Config\Cache), false)
#8 D:\xampp74\htdocs\dev-monika-ps-lokal\backend\index.php(45): CodeIgniter\CodeIgniter->run()
#9 {main}
CRITICAL - 2022-09-15 03:28:03 --> Undefined property: App\Controllers\Information\Newscontroller::$db
#0 D:\xampp74\htdocs\dev-monika-ps-lokal\backend\app\Controllers\Information\Newscontroller.php(419): CodeIgniter\Debug\Exceptions->errorHandler(8, 'Undefined prope...', 'D:\\xampp74\\htdo...', 419, Array)
#1 D:\xampp74\htdocs\dev-monika-ps-lokal\backend\vendor\codeigniter4\framework\system\CodeIgniter.php(918): App\Controllers\Information\Newscontroller->perbaruidata()
#2 D:\xampp74\htdocs\dev-monika-ps-lokal\backend\vendor\codeigniter4\framework\system\CodeIgniter.php(404): CodeIgniter\CodeIgniter->runController(Object(App\Controllers\Information\Newscontroller))
#3 D:\xampp74\htdocs\dev-monika-ps-lokal\backend\vendor\codeigniter4\framework\system\CodeIgniter.php(312): CodeIgniter\CodeIgniter->handleRequest(NULL, Object(Config\Cache), false)
#4 D:\xampp74\htdocs\dev-monika-ps-lokal\backend\index.php(45): CodeIgniter\CodeIgniter->run()
#5 {main}
CRITICAL - 2022-09-15 03:28:03 --> Uncaught CodeIgniter\Format\Exceptions\FormatException: Failed to parse json string, error: "Type is not supported". in D:\xampp74\htdocs\dev-monika-ps-lokal\backend\vendor\codeigniter4\framework\system\Format\Exceptions\FormatException.php:9
Stack trace:
#0 D:\xampp74\htdocs\dev-monika-ps-lokal\backend\vendor\codeigniter4\framework\system\Format\JSONFormatter.php(71): CodeIgniter\Format\Exceptions\FormatException::forInvalidJSON('Type is not sup...')
#1 D:\xampp74\htdocs\dev-monika-ps-lokal\backend\vendor\codeigniter4\framework\system\API\ResponseTrait.php(414): CodeIgniter\Format\JSONFormatter->format(Array)
#2 D:\xampp74\htdocs\dev-monika-ps-lokal\backend\vendor\codeigniter4\framework\system\API\ResponseTrait.php(134): CodeIgniter\Debug\Exceptions->format(Array)
#3 D:\xampp74\htdocs\dev-monika-ps-lokal\backend\vendor\codeigniter4\framework\system\Debug\Exceptions.php(168): CodeIgniter\Debug\Exceptions->respond(Array, 500)
#4 [internal function]: CodeIgniter\Debug\Exceptions->exceptionHandler(Object(ErrorEx
#0 [internal function]: CodeIgniter\Debug\Exceptions->shutdownHandler()
#1 {main}
CRITICAL - 2022-09-15 03:28:52 --> Undefined property: App\Controllers\Information\Newscontroller::$db
#0 D:\xampp74\htdocs\dev-monika-ps-lokal\backend\app\Controllers\Information\Newscontroller.php(419): CodeIgniter\Debug\Exceptions->errorHandler(8, 'Undefined prope...', 'D:\\xampp74\\htdo...', 419, Array)
#1 D:\xampp74\htdocs\dev-monika-ps-lokal\backend\vendor\codeigniter4\framework\system\CodeIgniter.php(918): App\Controllers\Information\Newscontroller->perbaruidata()
#2 D:\xampp74\htdocs\dev-monika-ps-lokal\backend\vendor\codeigniter4\framework\system\CodeIgniter.php(404): CodeIgniter\CodeIgniter->runController(Object(App\Controllers\Information\Newscontroller))
#3 D:\xampp74\htdocs\dev-monika-ps-lokal\backend\vendor\codeigniter4\framework\system\CodeIgniter.php(312): CodeIgniter\CodeIgniter->handleRequest(NULL, Object(Config\Cache), false)
#4 D:\xampp74\htdocs\dev-monika-ps-lokal\backend\index.php(45): CodeIgniter\CodeIgniter->run()
#5 {main}
CRITICAL - 2022-09-15 03:28:52 --> Uncaught CodeIgniter\Format\Exceptions\FormatException: Failed to parse json string, error: "Type is not supported". in D:\xampp74\htdocs\dev-monika-ps-lokal\backend\vendor\codeigniter4\framework\system\Format\Exceptions\FormatException.php:9
Stack trace:
#0 D:\xampp74\htdocs\dev-monika-ps-lokal\backend\vendor\codeigniter4\framework\system\Format\JSONFormatter.php(71): CodeIgniter\Format\Exceptions\FormatException::forInvalidJSON('Type is not sup...')
#1 D:\xampp74\htdocs\dev-monika-ps-lokal\backend\vendor\codeigniter4\framework\system\API\ResponseTrait.php(414): CodeIgniter\Format\JSONFormatter->format(Array)
#2 D:\xampp74\htdocs\dev-monika-ps-lokal\backend\vendor\codeigniter4\framework\system\API\ResponseTrait.php(134): CodeIgniter\Debug\Exceptions->format(Array)
#3 D:\xampp74\htdocs\dev-monika-ps-lokal\backend\vendor\codeigniter4\framework\system\Debug\Exceptions.php(168): CodeIgniter\Debug\Exceptions->respond(Array, 500)
#4 [internal function]: CodeIgniter\Debug\Exceptions->exceptionHandler(Object(ErrorEx
#0 [internal function]: CodeIgniter\Debug\Exceptions->shutdownHandler()
#1 {main}
CRITICAL - 2022-09-15 03:28:59 --> Undefined property: App\Controllers\Information\Newscontroller::$db
#0 D:\xampp74\htdocs\dev-monika-ps-lokal\backend\app\Controllers\Information\Newscontroller.php(419): CodeIgniter\Debug\Exceptions->errorHandler(8, 'Undefined prope...', 'D:\\xampp74\\htdo...', 419, Array)
#1 D:\xampp74\htdocs\dev-monika-ps-lokal\backend\vendor\codeigniter4\framework\system\CodeIgniter.php(918): App\Controllers\Information\Newscontroller->perbaruidata()
#2 D:\xampp74\htdocs\dev-monika-ps-lokal\backend\vendor\codeigniter4\framework\system\CodeIgniter.php(404): CodeIgniter\CodeIgniter->runController(Object(App\Controllers\Information\Newscontroller))
#3 D:\xampp74\htdocs\dev-monika-ps-lokal\backend\vendor\codeigniter4\framework\system\CodeIgniter.php(312): CodeIgniter\CodeIgniter->handleRequest(NULL, Object(Config\Cache), false)
#4 D:\xampp74\htdocs\dev-monika-ps-lokal\backend\index.php(45): CodeIgniter\CodeIgniter->run()
#5 {main}
CRITICAL - 2022-09-15 03:28:59 --> Uncaught CodeIgniter\Format\Exceptions\FormatException: Failed to parse json string, error: "Type is not supported". in D:\xampp74\htdocs\dev-monika-ps-lokal\backend\vendor\codeigniter4\framework\system\Format\Exceptions\FormatException.php:9
Stack trace:
#0 D:\xampp74\htdocs\dev-monika-ps-lokal\backend\vendor\codeigniter4\framework\system\Format\JSONFormatter.php(71): CodeIgniter\Format\Exceptions\FormatException::forInvalidJSON('Type is not sup...')
#1 D:\xampp74\htdocs\dev-monika-ps-lokal\backend\vendor\codeigniter4\framework\system\API\ResponseTrait.php(414): CodeIgniter\Format\JSONFormatter->format(Array)
#2 D:\xampp74\htdocs\dev-monika-ps-lokal\backend\vendor\codeigniter4\framework\system\API\ResponseTrait.php(134): CodeIgniter\Debug\Exceptions->format(Array)
#3 D:\xampp74\htdocs\dev-monika-ps-lokal\backend\vendor\codeigniter4\framework\system\Debug\Exceptions.php(168): CodeIgniter\Debug\Exceptions->respond(Array, 500)
#4 [internal function]: CodeIgniter\Debug\Exceptions->exceptionHandler(Object(ErrorEx
#0 [internal function]: CodeIgniter\Debug\Exceptions->shutdownHandler()
#1 {main}
CRITICAL - 2022-09-15 03:29:27 --> Undefined property: App\Controllers\Information\Newscontroller::$db
#0 D:\xampp74\htdocs\dev-monika-ps-lokal\backend\app\Controllers\Information\Newscontroller.php(419): CodeIgniter\Debug\Exceptions->errorHandler(8, 'Undefined prope...', 'D:\\xampp74\\htdo...', 419, Array)
#1 D:\xampp74\htdocs\dev-monika-ps-lokal\backend\vendor\codeigniter4\framework\system\CodeIgniter.php(918): App\Controllers\Information\Newscontroller->perbaruidata()
#2 D:\xampp74\htdocs\dev-monika-ps-lokal\backend\vendor\codeigniter4\framework\system\CodeIgniter.php(404): CodeIgniter\CodeIgniter->runController(Object(App\Controllers\Information\Newscontroller))
#3 D:\xampp74\htdocs\dev-monika-ps-lokal\backend\vendor\codeigniter4\framework\system\CodeIgniter.php(312): CodeIgniter\CodeIgniter->handleRequest(NULL, Object(Config\Cache), false)
#4 D:\xampp74\htdocs\dev-monika-ps-lokal\backend\index.php(45): CodeIgniter\CodeIgniter->run()
#5 {main}
CRITICAL - 2022-09-15 03:29:27 --> Uncaught CodeIgniter\Format\Exceptions\FormatException: Failed to parse json string, error: "Type is not supported". in D:\xampp74\htdocs\dev-monika-ps-lokal\backend\vendor\codeigniter4\framework\system\Format\Exceptions\FormatException.php:9
Stack trace:
#0 D:\xampp74\htdocs\dev-monika-ps-lokal\backend\vendor\codeigniter4\framework\system\Format\JSONFormatter.php(71): CodeIgniter\Format\Exceptions\FormatException::forInvalidJSON('Type is not sup...')
#1 D:\xampp74\htdocs\dev-monika-ps-lokal\backend\vendor\codeigniter4\framework\system\API\ResponseTrait.php(414): CodeIgniter\Format\JSONFormatter->format(Array)
#2 D:\xampp74\htdocs\dev-monika-ps-lokal\backend\vendor\codeigniter4\framework\system\API\ResponseTrait.php(134): CodeIgniter\Debug\Exceptions->format(Array)
#3 D:\xampp74\htdocs\dev-monika-ps-lokal\backend\vendor\codeigniter4\framework\system\Debug\Exceptions.php(168): CodeIgniter\Debug\Exceptions->respond(Array, 500)
#4 [internal function]: CodeIgniter\Debug\Exceptions->exceptionHandler(Object(ErrorEx
#0 [internal function]: CodeIgniter\Debug\Exceptions->shutdownHandler()
#1 {main}
CRITICAL - 2022-09-15 03:29:36 --> Undefined property: App\Controllers\Information\Newscontroller::$db
#0 D:\xampp74\htdocs\dev-monika-ps-lokal\backend\app\Controllers\Information\Newscontroller.php(419): CodeIgniter\Debug\Exceptions->errorHandler(8, 'Undefined prope...', 'D:\\xampp74\\htdo...', 419, Array)
#1 D:\xampp74\htdocs\dev-monika-ps-lokal\backend\vendor\codeigniter4\framework\system\CodeIgniter.php(918): App\Controllers\Information\Newscontroller->perbaruidata()
#2 D:\xampp74\htdocs\dev-monika-ps-lokal\backend\vendor\codeigniter4\framework\system\CodeIgniter.php(404): CodeIgniter\CodeIgniter->runController(Object(App\Controllers\Information\Newscontroller))
#3 D:\xampp74\htdocs\dev-monika-ps-lokal\backend\vendor\codeigniter4\framework\system\CodeIgniter.php(312): CodeIgniter\CodeIgniter->handleRequest(NULL, Object(Config\Cache), false)
#4 D:\xampp74\htdocs\dev-monika-ps-lokal\backend\index.php(45): CodeIgniter\CodeIgniter->run()
#5 {main}
CRITICAL - 2022-09-15 03:29:36 --> Uncaught CodeIgniter\Format\Exceptions\FormatException: Failed to parse json string, error: "Type is not supported". in D:\xampp74\htdocs\dev-monika-ps-lokal\backend\vendor\codeigniter4\framework\system\Format\Exceptions\FormatException.php:9
Stack trace:
#0 D:\xampp74\htdocs\dev-monika-ps-lokal\backend\vendor\codeigniter4\framework\system\Format\JSONFormatter.php(71): CodeIgniter\Format\Exceptions\FormatException::forInvalidJSON('Type is not sup...')
#1 D:\xampp74\htdocs\dev-monika-ps-lokal\backend\vendor\codeigniter4\framework\system\API\ResponseTrait.php(414): CodeIgniter\Format\JSONFormatter->format(Array)
#2 D:\xampp74\htdocs\dev-monika-ps-lokal\backend\vendor\codeigniter4\framework\system\API\ResponseTrait.php(134): CodeIgniter\Debug\Exceptions->format(Array)
#3 D:\xampp74\htdocs\dev-monika-ps-lokal\backend\vendor\codeigniter4\framework\system\Debug\Exceptions.php(168): CodeIgniter\Debug\Exceptions->respond(Array, 500)
#4 [internal function]: CodeIgniter\Debug\Exceptions->exceptionHandler(Object(ErrorEx
#0 [internal function]: CodeIgniter\Debug\Exceptions->shutdownHandler()
#1 {main}
CRITICAL - 2022-09-15 03:30:59 --> Undefined property: App\Controllers\Information\Newscontroller::$db
#0 D:\xampp74\htdocs\dev-monika-ps-lokal\backend\app\Controllers\Information\Newscontroller.php(419): CodeIgniter\Debug\Exceptions->errorHandler(8, 'Undefined prope...', 'D:\\xampp74\\htdo...', 419, Array)
#1 D:\xampp74\htdocs\dev-monika-ps-lokal\backend\vendor\codeigniter4\framework\system\CodeIgniter.php(918): App\Controllers\Information\Newscontroller->perbaruidata()
#2 D:\xampp74\htdocs\dev-monika-ps-lokal\backend\vendor\codeigniter4\framework\system\CodeIgniter.php(404): CodeIgniter\CodeIgniter->runController(Object(App\Controllers\Information\Newscontroller))
#3 D:\xampp74\htdocs\dev-monika-ps-lokal\backend\vendor\codeigniter4\framework\system\CodeIgniter.php(312): CodeIgniter\CodeIgniter->handleRequest(NULL, Object(Config\Cache), false)
#4 D:\xampp74\htdocs\dev-monika-ps-lokal\backend\index.php(45): CodeIgniter\CodeIgniter->run()
#5 {main}
CRITICAL - 2022-09-15 03:30:59 --> Uncaught CodeIgniter\Format\Exceptions\FormatException: Failed to parse json string, error: "Type is not supported". in D:\xampp74\htdocs\dev-monika-ps-lokal\backend\vendor\codeigniter4\framework\system\Format\Exceptions\FormatException.php:9
Stack trace:
#0 D:\xampp74\htdocs\dev-monika-ps-lokal\backend\vendor\codeigniter4\framework\system\Format\JSONFormatter.php(71): CodeIgniter\Format\Exceptions\FormatException::forInvalidJSON('Type is not sup...')
#1 D:\xampp74\htdocs\dev-monika-ps-lokal\backend\vendor\codeigniter4\framework\system\API\ResponseTrait.php(414): CodeIgniter\Format\JSONFormatter->format(Array)
#2 D:\xampp74\htdocs\dev-monika-ps-lokal\backend\vendor\codeigniter4\framework\system\API\ResponseTrait.php(134): CodeIgniter\Debug\Exceptions->format(Array)
#3 D:\xampp74\htdocs\dev-monika-ps-lokal\backend\vendor\codeigniter4\framework\system\Debug\Exceptions.php(168): CodeIgniter\Debug\Exceptions->respond(Array, 500)
#4 [internal function]: CodeIgniter\Debug\Exceptions->exceptionHandler(Object(ErrorEx
#0 [internal function]: CodeIgniter\Debug\Exceptions->shutdownHandler()
#1 {main}
CRITICAL - 2022-09-15 03:36:26 --> Undefined property: CodeIgniter\Database\MySQLi\Result::$jenis_pengumuman
#0 D:\xampp74\htdocs\dev-monika-ps-lokal\backend\app\Controllers\Information\Newscontroller.php(410): CodeIgniter\Debug\Exceptions->errorHandler(8, 'Undefined prope...', 'D:\\xampp74\\htdo...', 410, Array)
#1 D:\xampp74\htdocs\dev-monika-ps-lokal\backend\vendor\codeigniter4\framework\system\CodeIgniter.php(918): App\Controllers\Information\Newscontroller->perbaruidata()
#2 D:\xampp74\htdocs\dev-monika-ps-lokal\backend\vendor\codeigniter4\framework\system\CodeIgniter.php(404): CodeIgniter\CodeIgniter->runController(Object(App\Controllers\Information\Newscontroller))
#3 D:\xampp74\htdocs\dev-monika-ps-lokal\backend\vendor\codeigniter4\framework\system\CodeIgniter.php(312): CodeIgniter\CodeIgniter->handleRequest(NULL, Object(Config\Cache), false)
#4 D:\xampp74\htdocs\dev-monika-ps-lokal\backend\index.php(45): CodeIgniter\CodeIgniter->run()
#5 {main}
