CRITICAL - 2021-01-29 01:05:24 --> Invalid file: menuinformation/add_infofaq.php
#0 /home/webdev/backend/vendor/codeigniter4/framework/system/View/View.php(228): CodeIgniter\Exceptions\FrameworkException::forInvalidFile('menuinformation...')
#1 /home/webdev/backend/vendor/codeigniter4/framework/system/View/View.php(525): CodeIgniter\View\View->render('menuinformation...', NULL, true)
#2 /home/webdev/backend/app/Views/menuinformation/view_infofaq.php(64): CodeIgniter\View\View->include('menuinformation...')
#3 /home/webdev/backend/vendor/codeigniter4/framework/system/View/View.php(246): include('/home/webdev/ba...')
#4 /home/webdev/backend/vendor/codeigniter4/framework/system/Common.php(1119): CodeIgniter\View\View->render('menuinformation...', Array, true)
#5 /home/webdev/backend/app/Controllers/Information/Faqcontroller.php(16): view('menuinformation...')
#6 /home/webdev/backend/vendor/codeigniter4/framework/system/CodeIgniter.php(918): App\Controllers\Information\Faqcontroller->index()
#7 /home/webdev/backend/vendor/codeigniter4/framework/system/CodeIgniter.php(404): CodeIgniter\CodeIgniter->runController(Object(App\Controllers\Information\Faqcontroller))
#8 /home/webdev/backend/vendor/codeigniter4/framework/system/CodeIgniter.php(312): CodeIgniter\CodeIgniter->handleRequest(NULL, Object(Config\Cache), false)
#9 /home/webdev/backend/index.php(45): CodeIgniter\CodeIgniter->run()
#10 {main}
CRITICAL - 2021-01-29 03:46:54 --> file_get_contents(http://192.168.13.11/formbotps/gambar/w.gif): failed to open stream: HTTP request failed! HTTP/1.1 404 Not Found

#0 [internal function]: CodeIgniter\Debug\Exceptions->errorHandler(2, 'file_get_conten...', '/home/webdev/ba...', 24, Array)
#1 /home/webdev/backend/app/Controllers/Chart.php(24): file_get_contents('http://192.168....')
#2 /home/webdev/backend/vendor/codeigniter4/framework/system/CodeIgniter.php(918): App\Controllers\Chart->index()
#3 /home/webdev/backend/vendor/codeigniter4/framework/system/CodeIgniter.php(404): CodeIgniter\CodeIgniter->runController(Object(App\Controllers\Chart))
#4 /home/webdev/backend/vendor/codeigniter4/framework/system/CodeIgniter.php(312): CodeIgniter\CodeIgniter->handleRequest(NULL, Object(Config\Cache), false)
#5 /home/webdev/backend/index.php(45): CodeIgniter\CodeIgniter->run()
#6 {main}
