CRITICAL - 2021-03-07 23:10:53 --> Unable to connect to the database.
#0 /home/webdev/backend/vendor/codeigniter4/framework/system/Database/BaseConnection.php(646): CodeIgniter\Database\BaseConnection->initialize()
#1 /home/webdev/backend/vendor/codeigniter4/framework/system/Database/BaseBuilder.php(1860): CodeIgniter\Database\BaseConnection->query('SELECT *\nFROM `...', Array, false)
#2 /home/webdev/backend/vendor/codeigniter4/framework/system/Model.php(404): CodeIgniter\Database\BaseBuilder->get()
#3 /home/webdev/backend/app/Models/LoginModel.php(9): CodeIgniter\Model->find()
#4 /home/webdev/backend/app/Controllers/Login.php(65): App\Models\LoginModel->login('admin@admin.com')
#5 /home/webdev/backend/vendor/codeigniter4/framework/system/CodeIgniter.php(918): App\Controllers\Login->auth()
#6 /home/webdev/backend/vendor/codeigniter4/framework/system/CodeIgniter.php(404): CodeIgniter\CodeIgniter->runController(Object(App\Controllers\Login))
#7 /home/webdev/backend/vendor/codeigniter4/framework/system/CodeIgniter.php(312): CodeIgniter\CodeIgniter->handleRequest(NULL, Object(Config\Cache), false)
#8 /home/webdev/backend/index.php(45): CodeIgniter\CodeIgniter->run()
#9 {main}
CRITICAL - 2021-03-07 23:11:00 --> Unable to connect to the database.
#0 /home/webdev/backend/vendor/codeigniter4/framework/system/Database/BaseConnection.php(646): CodeIgniter\Database\BaseConnection->initialize()
#1 /home/webdev/backend/vendor/codeigniter4/framework/system/Database/BaseBuilder.php(1860): CodeIgniter\Database\BaseConnection->query('SELECT *\nFROM `...', Array, false)
#2 /home/webdev/backend/vendor/codeigniter4/framework/system/Model.php(404): CodeIgniter\Database\BaseBuilder->get()
#3 /home/webdev/backend/app/Models/LoginModel.php(9): CodeIgniter\Model->find()
#4 /home/webdev/backend/app/Controllers/Login.php(65): App\Models\LoginModel->login('admin@admin.com')
#5 /home/webdev/backend/vendor/codeigniter4/framework/system/CodeIgniter.php(918): App\Controllers\Login->auth()
#6 /home/webdev/backend/vendor/codeigniter4/framework/system/CodeIgniter.php(404): CodeIgniter\CodeIgniter->runController(Object(App\Controllers\Login))
#7 /home/webdev/backend/vendor/codeigniter4/framework/system/CodeIgniter.php(312): CodeIgniter\CodeIgniter->handleRequest(NULL, Object(Config\Cache), false)
#8 /home/webdev/backend/index.php(45): CodeIgniter\CodeIgniter->run()
#9 {main}
CRITICAL - 2021-03-07 23:12:47 --> Unable to connect to the database.
#0 /home/webdev/backend/vendor/codeigniter4/framework/system/Database/BaseConnection.php(646): CodeIgniter\Database\BaseConnection->initialize()
#1 /home/webdev/backend/vendor/codeigniter4/framework/system/Database/BaseBuilder.php(1860): CodeIgniter\Database\BaseConnection->query('SELECT *\nFROM `...', Array, false)
#2 /home/webdev/backend/vendor/codeigniter4/framework/system/Model.php(404): CodeIgniter\Database\BaseBuilder->get()
#3 /home/webdev/backend/app/Models/LoginModel.php(9): CodeIgniter\Model->find()
#4 /home/webdev/backend/app/Controllers/Login.php(65): App\Models\LoginModel->login('admin@admin.com')
#5 /home/webdev/backend/vendor/codeigniter4/framework/system/CodeIgniter.php(918): App\Controllers\Login->auth()
#6 /home/webdev/backend/vendor/codeigniter4/framework/system/CodeIgniter.php(404): CodeIgniter\CodeIgniter->runController(Object(App\Controllers\Login))
#7 /home/webdev/backend/vendor/codeigniter4/framework/system/CodeIgniter.php(312): CodeIgniter\CodeIgniter->handleRequest(NULL, Object(Config\Cache), false)
#8 /home/webdev/backend/index.php(45): CodeIgniter\CodeIgniter->run()
#9 {main}
CRITICAL - 2021-03-07 23:13:03 --> Unable to connect to the database.
#0 /home/webdev/backend/vendor/codeigniter4/framework/system/Database/BaseConnection.php(646): CodeIgniter\Database\BaseConnection->initialize()
#1 /home/webdev/backend/vendor/codeigniter4/framework/system/Database/BaseBuilder.php(1860): CodeIgniter\Database\BaseConnection->query('SELECT *\nFROM `...', Array, false)
#2 /home/webdev/backend/vendor/codeigniter4/framework/system/Model.php(404): CodeIgniter\Database\BaseBuilder->get()
#3 /home/webdev/backend/app/Models/LoginModel.php(9): CodeIgniter\Model->find()
#4 /home/webdev/backend/app/Controllers/Login.php(65): App\Models\LoginModel->login('admin@admin.com')
#5 /home/webdev/backend/vendor/codeigniter4/framework/system/CodeIgniter.php(918): App\Controllers\Login->auth()
#6 /home/webdev/backend/vendor/codeigniter4/framework/system/CodeIgniter.php(404): CodeIgniter\CodeIgniter->runController(Object(App\Controllers\Login))
#7 /home/webdev/backend/vendor/codeigniter4/framework/system/CodeIgniter.php(312): CodeIgniter\CodeIgniter->handleRequest(NULL, Object(Config\Cache), false)
#8 /home/webdev/backend/index.php(45): CodeIgniter\CodeIgniter->run()
#9 {main}
CRITICAL - 2021-03-07 23:13:15 --> Unable to connect to the database.
#0 /home/webdev/backend/vendor/codeigniter4/framework/system/Database/BaseConnection.php(646): CodeIgniter\Database\BaseConnection->initialize()
#1 /home/webdev/backend/vendor/codeigniter4/framework/system/Database/BaseBuilder.php(1860): CodeIgniter\Database\BaseConnection->query('SELECT *\nFROM `...', Array, false)
#2 /home/webdev/backend/vendor/codeigniter4/framework/system/Model.php(404): CodeIgniter\Database\BaseBuilder->get()
#3 /home/webdev/backend/app/Models/LoginModel.php(9): CodeIgniter\Model->find()
#4 /home/webdev/backend/app/Controllers/Login.php(65): App\Models\LoginModel->login('admin@admin.com')
#5 /home/webdev/backend/vendor/codeigniter4/framework/system/CodeIgniter.php(918): App\Controllers\Login->auth()
#6 /home/webdev/backend/vendor/codeigniter4/framework/system/CodeIgniter.php(404): CodeIgniter\CodeIgniter->runController(Object(App\Controllers\Login))
#7 /home/webdev/backend/vendor/codeigniter4/framework/system/CodeIgniter.php(312): CodeIgniter\CodeIgniter->handleRequest(NULL, Object(Config\Cache), false)
#8 /home/webdev/backend/index.php(45): CodeIgniter\CodeIgniter->run()
#9 {main}
CRITICAL - 2021-03-07 23:14:19 --> Unable to connect to the database.
#0 /home/webdev/backend/vendor/codeigniter4/framework/system/Database/BaseConnection.php(646): CodeIgniter\Database\BaseConnection->initialize()
#1 /home/webdev/backend/vendor/codeigniter4/framework/system/Database/BaseBuilder.php(1860): CodeIgniter\Database\BaseConnection->query('SELECT *\nFROM `...', Array, false)
#2 /home/webdev/backend/vendor/codeigniter4/framework/system/Model.php(404): CodeIgniter\Database\BaseBuilder->get()
#3 /home/webdev/backend/app/Models/LoginModel.php(9): CodeIgniter\Model->find()
#4 /home/webdev/backend/app/Controllers/Login.php(65): App\Models\LoginModel->login('jono@jsm.co')
#5 /home/webdev/backend/vendor/codeigniter4/framework/system/CodeIgniter.php(918): App\Controllers\Login->auth()
#6 /home/webdev/backend/vendor/codeigniter4/framework/system/CodeIgniter.php(404): CodeIgniter\CodeIgniter->runController(Object(App\Controllers\Login))
#7 /home/webdev/backend/vendor/codeigniter4/framework/system/CodeIgniter.php(312): CodeIgniter\CodeIgniter->handleRequest(NULL, Object(Config\Cache), false)
#8 /home/webdev/backend/index.php(45): CodeIgniter\CodeIgniter->run()
#9 {main}
CRITICAL - 2021-03-07 23:14:26 --> Unable to connect to the database.
#0 /home/webdev/backend/vendor/codeigniter4/framework/system/Database/BaseConnection.php(646): CodeIgniter\Database\BaseConnection->initialize()
#1 /home/webdev/backend/vendor/codeigniter4/framework/system/Database/BaseBuilder.php(1860): CodeIgniter\Database\BaseConnection->query('SELECT *\nFROM `...', Array, false)
#2 /home/webdev/backend/vendor/codeigniter4/framework/system/Model.php(404): CodeIgniter\Database\BaseBuilder->get()
#3 /home/webdev/backend/app/Models/LoginModel.php(9): CodeIgniter\Model->find()
#4 /home/webdev/backend/app/Controllers/Login.php(65): App\Models\LoginModel->login('jono@jsm.co')
#5 /home/webdev/backend/vendor/codeigniter4/framework/system/CodeIgniter.php(918): App\Controllers\Login->auth()
#6 /home/webdev/backend/vendor/codeigniter4/framework/system/CodeIgniter.php(404): CodeIgniter\CodeIgniter->runController(Object(App\Controllers\Login))
#7 /home/webdev/backend/vendor/codeigniter4/framework/system/CodeIgniter.php(312): CodeIgniter\CodeIgniter->handleRequest(NULL, Object(Config\Cache), false)
#8 /home/webdev/backend/index.php(45): CodeIgniter\CodeIgniter->run()
#9 {main}
CRITICAL - 2021-03-07 23:14:36 --> Unable to connect to the database.
#0 /home/webdev/backend/vendor/codeigniter4/framework/system/Database/BaseConnection.php(646): CodeIgniter\Database\BaseConnection->initialize()
#1 /home/webdev/backend/vendor/codeigniter4/framework/system/Database/BaseBuilder.php(1860): CodeIgniter\Database\BaseConnection->query('SELECT *\nFROM `...', Array, false)
#2 /home/webdev/backend/vendor/codeigniter4/framework/system/Model.php(404): CodeIgniter\Database\BaseBuilder->get()
#3 /home/webdev/backend/app/Models/LoginModel.php(9): CodeIgniter\Model->find()
#4 /home/webdev/backend/app/Controllers/Login.php(65): App\Models\LoginModel->login('udin@trl.co')
#5 /home/webdev/backend/vendor/codeigniter4/framework/system/CodeIgniter.php(918): App\Controllers\Login->auth()
#6 /home/webdev/backend/vendor/codeigniter4/framework/system/CodeIgniter.php(404): CodeIgniter\CodeIgniter->runController(Object(App\Controllers\Login))
#7 /home/webdev/backend/vendor/codeigniter4/framework/system/CodeIgniter.php(312): CodeIgniter\CodeIgniter->handleRequest(NULL, Object(Config\Cache), false)
#8 /home/webdev/backend/index.php(45): CodeIgniter\CodeIgniter->run()
#9 {main}
CRITICAL - 2021-03-07 23:14:40 --> Unable to connect to the database.
#0 /home/webdev/backend/vendor/codeigniter4/framework/system/Database/BaseConnection.php(646): CodeIgniter\Database\BaseConnection->initialize()
#1 /home/webdev/backend/vendor/codeigniter4/framework/system/Database/BaseBuilder.php(1860): CodeIgniter\Database\BaseConnection->query('SELECT *\nFROM `...', Array, false)
#2 /home/webdev/backend/vendor/codeigniter4/framework/system/Model.php(404): CodeIgniter\Database\BaseBuilder->get()
#3 /home/webdev/backend/app/Models/LoginModel.php(9): CodeIgniter\Model->find()
#4 /home/webdev/backend/app/Controllers/Login.php(65): App\Models\LoginModel->login('udin@trl.co')
#5 /home/webdev/backend/vendor/codeigniter4/framework/system/CodeIgniter.php(918): App\Controllers\Login->auth()
#6 /home/webdev/backend/vendor/codeigniter4/framework/system/CodeIgniter.php(404): CodeIgniter\CodeIgniter->runController(Object(App\Controllers\Login))
#7 /home/webdev/backend/vendor/codeigniter4/framework/system/CodeIgniter.php(312): CodeIgniter\CodeIgniter->handleRequest(NULL, Object(Config\Cache), false)
#8 /home/webdev/backend/index.php(45): CodeIgniter\CodeIgniter->run()
#9 {main}
CRITICAL - 2021-03-07 23:15:39 --> Unable to connect to the database.
#0 /home/webdev/backend/vendor/codeigniter4/framework/system/Database/BaseConnection.php(646): CodeIgniter\Database\BaseConnection->initialize()
#1 /home/webdev/backend/vendor/codeigniter4/framework/system/Database/BaseBuilder.php(1860): CodeIgniter\Database\BaseConnection->query('SELECT *\nFROM `...', Array, false)
#2 /home/webdev/backend/vendor/codeigniter4/framework/system/Model.php(404): CodeIgniter\Database\BaseBuilder->get()
#3 /home/webdev/backend/app/Models/LoginModel.php(9): CodeIgniter\Model->find()
#4 /home/webdev/backend/app/Controllers/Login.php(65): App\Models\LoginModel->login('jono@jsm.co')
#5 /home/webdev/backend/vendor/codeigniter4/framework/system/CodeIgniter.php(918): App\Controllers\Login->auth()
#6 /home/webdev/backend/vendor/codeigniter4/framework/system/CodeIgniter.php(404): CodeIgniter\CodeIgniter->runController(Object(App\Controllers\Login))
#7 /home/webdev/backend/vendor/codeigniter4/framework/system/CodeIgniter.php(312): CodeIgniter\CodeIgniter->handleRequest(NULL, Object(Config\Cache), false)
#8 /home/webdev/backend/index.php(45): CodeIgniter\CodeIgniter->run()
#9 {main}
CRITICAL - 2021-03-07 23:16:09 --> Unable to connect to the database.
#0 /home/webdev/backend/vendor/codeigniter4/framework/system/Database/BaseConnection.php(646): CodeIgniter\Database\BaseConnection->initialize()
#1 /home/webdev/backend/vendor/codeigniter4/framework/system/Database/BaseBuilder.php(1860): CodeIgniter\Database\BaseConnection->query('SELECT *\nFROM `...', Array, false)
#2 /home/webdev/backend/vendor/codeigniter4/framework/system/Model.php(404): CodeIgniter\Database\BaseBuilder->get()
#3 /home/webdev/backend/app/Models/LoginModel.php(9): CodeIgniter\Model->find()
#4 /home/webdev/backend/app/Controllers/Login.php(65): App\Models\LoginModel->login('udin@trl.co')
#5 /home/webdev/backend/vendor/codeigniter4/framework/system/CodeIgniter.php(918): App\Controllers\Login->auth()
#6 /home/webdev/backend/vendor/codeigniter4/framework/system/CodeIgniter.php(404): CodeIgniter\CodeIgniter->runController(Object(App\Controllers\Login))
#7 /home/webdev/backend/vendor/codeigniter4/framework/system/CodeIgniter.php(312): CodeIgniter\CodeIgniter->handleRequest(NULL, Object(Config\Cache), false)
#8 /home/webdev/backend/index.php(45): CodeIgniter\CodeIgniter->run()
#9 {main}
CRITICAL - 2021-03-07 23:18:03 --> Unable to connect to the database.
#0 /home/webdev/backend/vendor/codeigniter4/framework/system/Database/BaseConnection.php(646): CodeIgniter\Database\BaseConnection->initialize()
#1 /home/webdev/backend/vendor/codeigniter4/framework/system/Database/BaseBuilder.php(1860): CodeIgniter\Database\BaseConnection->query('SELECT *\nFROM `...', Array, false)
#2 /home/webdev/backend/vendor/codeigniter4/framework/system/Model.php(404): CodeIgniter\Database\BaseBuilder->get()
#3 /home/webdev/backend/app/Models/LoginModel.php(9): CodeIgniter\Model->find()
#4 /home/webdev/backend/app/Controllers/Login.php(65): App\Models\LoginModel->login('admin@admin.com')
#5 /home/webdev/backend/vendor/codeigniter4/framework/system/CodeIgniter.php(918): App\Controllers\Login->auth()
#6 /home/webdev/backend/vendor/codeigniter4/framework/system/CodeIgniter.php(404): CodeIgniter\CodeIgniter->runController(Object(App\Controllers\Login))
#7 /home/webdev/backend/vendor/codeigniter4/framework/system/CodeIgniter.php(312): CodeIgniter\CodeIgniter->handleRequest(NULL, Object(Config\Cache), false)
#8 /home/webdev/backend/index.php(45): CodeIgniter\CodeIgniter->run()
#9 {main}
