CRITICAL - 2022-06-05 08:27:31 --> Trying to access array offset on value of type null
#0 /public_html/monika.panensaham.com/backend/app/Models/Billing/InvoiceModel.php(33): CodeIgniter\Debug\Exceptions->errorHandler()
#1 /public_html/monika.panensaham.com/backend/app/Models/Billing/InvoiceModel.php(57): App\Models\Billing\InvoiceModel->_get_datatables_query()
#2 /public_html/monika.panensaham.com/backend/app/Controllers/Billing/Invoicecontroller.php(160): App\Models\Billing\InvoiceModel->get_datatables()
#3 /public_html/monika.panensaham.com/backend/vendor/codeigniter4/framework/system/CodeIgniter.php(918): App\Controllers\Billing\Invoicecontroller->filterdata()
#4 /public_html/monika.panensaham.com/backend/vendor/codeigniter4/framework/system/CodeIgniter.php(404): CodeIgniter\CodeIgniter->runController()
#5 /public_html/monika.panensaham.com/backend/vendor/codeigniter4/framework/system/CodeIgniter.php(312): CodeIgniter\CodeIgniter->handleRequest()
#6 /public_html/monika.panensaham.com/backend/index.php(45): CodeIgniter\CodeIgniter->run()
#7 {main}
CRITICAL - 2022-06-05 08:27:47 --> Trying to access array offset on value of type null
#0 /public_html/monika.panensaham.com/backend/app/Models/Billing/InvoiceModel.php(33): CodeIgniter\Debug\Exceptions->errorHandler()
#1 /public_html/monika.panensaham.com/backend/app/Models/Billing/InvoiceModel.php(57): App\Models\Billing\InvoiceModel->_get_datatables_query()
#2 /public_html/monika.panensaham.com/backend/app/Controllers/Billing/Invoicecontroller.php(160): App\Models\Billing\InvoiceModel->get_datatables()
#3 /public_html/monika.panensaham.com/backend/vendor/codeigniter4/framework/system/CodeIgniter.php(918): App\Controllers\Billing\Invoicecontroller->filterdata()
#4 /public_html/monika.panensaham.com/backend/vendor/codeigniter4/framework/system/CodeIgniter.php(404): CodeIgniter\CodeIgniter->runController()
#5 /public_html/monika.panensaham.com/backend/vendor/codeigniter4/framework/system/CodeIgniter.php(312): CodeIgniter\CodeIgniter->handleRequest()
#6 /public_html/monika.panensaham.com/backend/index.php(45): CodeIgniter\CodeIgniter->run()
#7 {main}
CRITICAL - 2022-06-05 08:30:02 --> Trying to access array offset on value of type null
#0 /public_html/monika.panensaham.com/backend/app/Models/Billing/InvoiceModel.php(33): CodeIgniter\Debug\Exceptions->errorHandler()
#1 /public_html/monika.panensaham.com/backend/app/Models/Billing/InvoiceModel.php(57): App\Models\Billing\InvoiceModel->_get_datatables_query()
#2 /public_html/monika.panensaham.com/backend/app/Controllers/Billing/Invoicecontroller.php(160): App\Models\Billing\InvoiceModel->get_datatables()
#3 /public_html/monika.panensaham.com/backend/vendor/codeigniter4/framework/system/CodeIgniter.php(918): App\Controllers\Billing\Invoicecontroller->filterdata()
#4 /public_html/monika.panensaham.com/backend/vendor/codeigniter4/framework/system/CodeIgniter.php(404): CodeIgniter\CodeIgniter->runController()
#5 /public_html/monika.panensaham.com/backend/vendor/codeigniter4/framework/system/CodeIgniter.php(312): CodeIgniter\CodeIgniter->handleRequest()
#6 /public_html/monika.panensaham.com/backend/index.php(45): CodeIgniter\CodeIgniter->run()
#7 {main}
CRITICAL - 2022-06-05 20:11:04 --> Trying to access array offset on value of type null
#0 /public_html/monika.panensaham.com/backend/app/Models/Ultimate/DailyactModel.php(27): CodeIgniter\Debug\Exceptions->errorHandler()
#1 /public_html/monika.panensaham.com/backend/app/Models/Ultimate/DailyactModel.php(51): App\Models\Ultimate\DailyactModel->_get_datatables_query()
#2 /public_html/monika.panensaham.com/backend/app/Controllers/Ultimate/Dailyactcontroller.php(33): App\Models\Ultimate\DailyactModel->get_datatables()
#3 /public_html/monika.panensaham.com/backend/vendor/codeigniter4/framework/system/CodeIgniter.php(918): App\Controllers\Ultimate\Dailyactcontroller->ajax_list()
#4 /public_html/monika.panensaham.com/backend/vendor/codeigniter4/framework/system/CodeIgniter.php(404): CodeIgniter\CodeIgniter->runController()
#5 /public_html/monika.panensaham.com/backend/vendor/codeigniter4/framework/system/CodeIgniter.php(312): CodeIgniter\CodeIgniter->handleRequest()
#6 /public_html/monika.panensaham.com/backend/index.php(45): CodeIgniter\CodeIgniter->run()
#7 {main}
CRITICAL - 2022-06-05 20:16:29 --> Trying to access array offset on value of type null
#0 /public_html/monika.panensaham.com/backend/app/Models/Ultimate/DailyactModel.php(27): CodeIgniter\Debug\Exceptions->errorHandler()
#1 /public_html/monika.panensaham.com/backend/app/Models/Ultimate/DailyactModel.php(51): App\Models\Ultimate\DailyactModel->_get_datatables_query()
#2 /public_html/monika.panensaham.com/backend/app/Controllers/Ultimate/Dailyactcontroller.php(33): App\Models\Ultimate\DailyactModel->get_datatables()
#3 /public_html/monika.panensaham.com/backend/vendor/codeigniter4/framework/system/CodeIgniter.php(918): App\Controllers\Ultimate\Dailyactcontroller->ajax_list()
#4 /public_html/monika.panensaham.com/backend/vendor/codeigniter4/framework/system/CodeIgniter.php(404): CodeIgniter\CodeIgniter->runController()
#5 /public_html/monika.panensaham.com/backend/vendor/codeigniter4/framework/system/CodeIgniter.php(312): CodeIgniter\CodeIgniter->handleRequest()
#6 /public_html/monika.panensaham.com/backend/index.php(45): CodeIgniter\CodeIgniter->run()
#7 {main}
CRITICAL - 2022-06-05 23:08:29 --> unlink(public/assets/img/bursaemiten/): Is a directory
#0 [internal function]: CodeIgniter\Debug\Exceptions->errorHandler()
#1 /public_html/monika.panensaham.com/backend/app/Controllers/Information/Bursaemitencontroller.php(615): unlink()
#2 /public_html/monika.panensaham.com/backend/vendor/codeigniter4/framework/system/CodeIgniter.php(918): App\Controllers\Information\Bursaemitencontroller->perbaruipdf()
#3 /public_html/monika.panensaham.com/backend/vendor/codeigniter4/framework/system/CodeIgniter.php(404): CodeIgniter\CodeIgniter->runController()
#4 /public_html/monika.panensaham.com/backend/vendor/codeigniter4/framework/system/CodeIgniter.php(312): CodeIgniter\CodeIgniter->handleRequest()
#5 /public_html/monika.panensaham.com/backend/index.php(45): CodeIgniter\CodeIgniter->run()
#6 {main}
CRITICAL - 2022-06-05 23:20:35 --> Column 'kode_jenis_pengumuman' in where clause is ambiguous
#0 /public_html/monika.panensaham.com/backend/vendor/codeigniter4/framework/system/Database/MySQLi/Connection.php(331): mysqli->query()
#1 /public_html/monika.panensaham.com/backend/vendor/codeigniter4/framework/system/Database/BaseConnection.php(741): CodeIgniter\Database\MySQLi\Connection->execute()
#2 /public_html/monika.panensaham.com/backend/vendor/codeigniter4/framework/system/Database/BaseConnection.php(669): CodeIgniter\Database\BaseConnection->simpleQuery()
#3 /public_html/monika.panensaham.com/backend/vendor/codeigniter4/framework/system/Database/BaseBuilder.php(1860): CodeIgniter\Database\BaseConnection->query()
#4 /public_html/monika.panensaham.com/backend/app/Models/Information/BursaemitenModel.php(59): CodeIgniter\Database\BaseBuilder->get()
#5 /public_html/monika.panensaham.com/backend/app/Controllers/Information/Bursaemitencontroller.php(48): App\Models\Information\BursaemitenModel->get_datatables()
#6 /public_html/monika.panensaham.com/backend/vendor/codeigniter4/framework/system/CodeIgniter.php(918): App\Controllers\Information\Bursaemitencontroller->ajax_list()
#7 /public_html/monika.panensaham.com/backend/vendor/codeigniter4/framework/system/CodeIgniter.php(404): CodeIgniter\CodeIgniter->runController()
#8 /public_html/monika.panensaham.com/backend/vendor/codeigniter4/framework/system/CodeIgniter.php(312): CodeIgniter\CodeIgniter->handleRequest()
#9 /public_html/monika.panensaham.com/backend/index.php(45): CodeIgniter\CodeIgniter->run()
#10 {main}
CRITICAL - 2022-06-05 23:20:38 --> Column 'kode_jenis_pengumuman' in where clause is ambiguous
#0 /public_html/monika.panensaham.com/backend/vendor/codeigniter4/framework/system/Database/MySQLi/Connection.php(331): mysqli->query()
#1 /public_html/monika.panensaham.com/backend/vendor/codeigniter4/framework/system/Database/BaseConnection.php(741): CodeIgniter\Database\MySQLi\Connection->execute()
#2 /public_html/monika.panensaham.com/backend/vendor/codeigniter4/framework/system/Database/BaseConnection.php(669): CodeIgniter\Database\BaseConnection->simpleQuery()
#3 /public_html/monika.panensaham.com/backend/vendor/codeigniter4/framework/system/Database/BaseBuilder.php(1860): CodeIgniter\Database\BaseConnection->query()
#4 /public_html/monika.panensaham.com/backend/app/Models/Information/BursaemitenModel.php(59): CodeIgniter\Database\BaseBuilder->get()
#5 /public_html/monika.panensaham.com/backend/app/Controllers/Information/Bursaemitencontroller.php(48): App\Models\Information\BursaemitenModel->get_datatables()
#6 /public_html/monika.panensaham.com/backend/vendor/codeigniter4/framework/system/CodeIgniter.php(918): App\Controllers\Information\Bursaemitencontroller->ajax_list()
#7 /public_html/monika.panensaham.com/backend/vendor/codeigniter4/framework/system/CodeIgniter.php(404): CodeIgniter\CodeIgniter->runController()
#8 /public_html/monika.panensaham.com/backend/vendor/codeigniter4/framework/system/CodeIgniter.php(312): CodeIgniter\CodeIgniter->handleRequest()
#9 /public_html/monika.panensaham.com/backend/index.php(45): CodeIgniter\CodeIgniter->run()
#10 {main}
CRITICAL - 2022-06-05 23:21:15 --> Column 'kode_jenis_pengumuman' in where clause is ambiguous
#0 /public_html/monika.panensaham.com/backend/vendor/codeigniter4/framework/system/Database/MySQLi/Connection.php(331): mysqli->query()
#1 /public_html/monika.panensaham.com/backend/vendor/codeigniter4/framework/system/Database/BaseConnection.php(741): CodeIgniter\Database\MySQLi\Connection->execute()
#2 /public_html/monika.panensaham.com/backend/vendor/codeigniter4/framework/system/Database/BaseConnection.php(669): CodeIgniter\Database\BaseConnection->simpleQuery()
#3 /public_html/monika.panensaham.com/backend/vendor/codeigniter4/framework/system/Database/BaseBuilder.php(1860): CodeIgniter\Database\BaseConnection->query()
#4 /public_html/monika.panensaham.com/backend/app/Models/Information/BursaemitenModel.php(59): CodeIgniter\Database\BaseBuilder->get()
#5 /public_html/monika.panensaham.com/backend/app/Controllers/Information/Bursaemitencontroller.php(48): App\Models\Information\BursaemitenModel->get_datatables()
#6 /public_html/monika.panensaham.com/backend/vendor/codeigniter4/framework/system/CodeIgniter.php(918): App\Controllers\Information\Bursaemitencontroller->ajax_list()
#7 /public_html/monika.panensaham.com/backend/vendor/codeigniter4/framework/system/CodeIgniter.php(404): CodeIgniter\CodeIgniter->runController()
#8 /public_html/monika.panensaham.com/backend/vendor/codeigniter4/framework/system/CodeIgniter.php(312): CodeIgniter\CodeIgniter->handleRequest()
#9 /public_html/monika.panensaham.com/backend/index.php(45): CodeIgniter\CodeIgniter->run()
#10 {main}
CRITICAL - 2022-06-05 23:21:18 --> Column 'kode_jenis_pengumuman' in where clause is ambiguous
#0 /public_html/monika.panensaham.com/backend/vendor/codeigniter4/framework/system/Database/MySQLi/Connection.php(331): mysqli->query()
#1 /public_html/monika.panensaham.com/backend/vendor/codeigniter4/framework/system/Database/BaseConnection.php(741): CodeIgniter\Database\MySQLi\Connection->execute()
#2 /public_html/monika.panensaham.com/backend/vendor/codeigniter4/framework/system/Database/BaseConnection.php(669): CodeIgniter\Database\BaseConnection->simpleQuery()
#3 /public_html/monika.panensaham.com/backend/vendor/codeigniter4/framework/system/Database/BaseBuilder.php(1860): CodeIgniter\Database\BaseConnection->query()
#4 /public_html/monika.panensaham.com/backend/app/Models/Information/BursaemitenModel.php(59): CodeIgniter\Database\BaseBuilder->get()
#5 /public_html/monika.panensaham.com/backend/app/Controllers/Information/Bursaemitencontroller.php(48): App\Models\Information\BursaemitenModel->get_datatables()
#6 /public_html/monika.panensaham.com/backend/vendor/codeigniter4/framework/system/CodeIgniter.php(918): App\Controllers\Information\Bursaemitencontroller->ajax_list()
#7 /public_html/monika.panensaham.com/backend/vendor/codeigniter4/framework/system/CodeIgniter.php(404): CodeIgniter\CodeIgniter->runController()
#8 /public_html/monika.panensaham.com/backend/vendor/codeigniter4/framework/system/CodeIgniter.php(312): CodeIgniter\CodeIgniter->handleRequest()
#9 /public_html/monika.panensaham.com/backend/index.php(45): CodeIgniter\CodeIgniter->run()
#10 {main}
CRITICAL - 2022-06-05 23:21:33 --> Column 'kode_jenis_pengumuman' in where clause is ambiguous
#0 /public_html/monika.panensaham.com/backend/vendor/codeigniter4/framework/system/Database/MySQLi/Connection.php(331): mysqli->query()
#1 /public_html/monika.panensaham.com/backend/vendor/codeigniter4/framework/system/Database/BaseConnection.php(741): CodeIgniter\Database\MySQLi\Connection->execute()
#2 /public_html/monika.panensaham.com/backend/vendor/codeigniter4/framework/system/Database/BaseConnection.php(669): CodeIgniter\Database\BaseConnection->simpleQuery()
#3 /public_html/monika.panensaham.com/backend/vendor/codeigniter4/framework/system/Database/BaseBuilder.php(1860): CodeIgniter\Database\BaseConnection->query()
#4 /public_html/monika.panensaham.com/backend/app/Models/Information/BursaemitenModel.php(59): CodeIgniter\Database\BaseBuilder->get()
#5 /public_html/monika.panensaham.com/backend/app/Controllers/Information/Bursaemitencontroller.php(48): App\Models\Information\BursaemitenModel->get_datatables()
#6 /public_html/monika.panensaham.com/backend/vendor/codeigniter4/framework/system/CodeIgniter.php(918): App\Controllers\Information\Bursaemitencontroller->ajax_list()
#7 /public_html/monika.panensaham.com/backend/vendor/codeigniter4/framework/system/CodeIgniter.php(404): CodeIgniter\CodeIgniter->runController()
#8 /public_html/monika.panensaham.com/backend/vendor/codeigniter4/framework/system/CodeIgniter.php(312): CodeIgniter\CodeIgniter->handleRequest()
#9 /public_html/monika.panensaham.com/backend/index.php(45): CodeIgniter\CodeIgniter->run()
#10 {main}
