CRITICAL - 2021-05-17 21:13:22 --> syntax error, unexpected '?>'
#0 /public_html/backend/vendor/codeigniter4/framework/system/View/View.php(525): CodeIgniter\View\View->render('components/side...', NULL, true)
#1 /public_html/backend/app/Views/components/template_admin.php(67): CodeIgniter\View\View->include('components/side...')
#2 /public_html/backend/vendor/codeigniter4/framework/system/View/View.php(246): include('/public_html/ba...')
#3 /public_html/backend/vendor/codeigniter4/framework/system/View/View.php(257): CodeIgniter\View\View->render('components/temp...', Array, true)
#4 /public_html/backend/vendor/codeigniter4/framework/system/Common.php(1119): CodeIgniter\View\View->render('menuaccount/sub...', Array, true)
#5 /public_html/backend/app/Controllers/Account/Master/Komunitascontroller.php(16): view('menuaccount/sub...')
#6 /public_html/backend/vendor/codeigniter4/framework/system/CodeIgniter.php(918): App\Controllers\Account\Master\Komunitascontroller->index()
#7 /public_html/backend/vendor/codeigniter4/framework/system/CodeIgniter.php(404): CodeIgniter\CodeIgniter->runController(Object(App\Controllers\Account\Master\Komunitascontroller))
#8 /public_html/backend/vendor/codeigniter4/framework/system/CodeIgniter.php(312): CodeIgniter\CodeIgniter->handleRequest(NULL, Object(Config\Cache), false)
#9 /public_html/backend/index.php(45): CodeIgniter\CodeIgniter->run()
#10 {main}
CRITICAL - 2021-05-17 21:13:24 --> syntax error, unexpected '?>'
#0 /public_html/backend/vendor/codeigniter4/framework/system/View/View.php(525): CodeIgniter\View\View->render('components/side...', NULL, true)
#1 /public_html/backend/app/Views/components/template_admin.php(67): CodeIgniter\View\View->include('components/side...')
#2 /public_html/backend/vendor/codeigniter4/framework/system/View/View.php(246): include('/public_html/ba...')
#3 /public_html/backend/vendor/codeigniter4/framework/system/View/View.php(257): CodeIgniter\View\View->render('components/temp...', Array, true)
#4 /public_html/backend/vendor/codeigniter4/framework/system/Common.php(1119): CodeIgniter\View\View->render('view_dashboard', Array, true)
#5 /public_html/backend/app/Controllers/Dashboard.php(13): view('view_dashboard')
#6 /public_html/backend/vendor/codeigniter4/framework/system/CodeIgniter.php(918): App\Controllers\Dashboard->index()
#7 /public_html/backend/vendor/codeigniter4/framework/system/CodeIgniter.php(404): CodeIgniter\CodeIgniter->runController(Object(App\Controllers\Dashboard))
#8 /public_html/backend/vendor/codeigniter4/framework/system/CodeIgniter.php(312): CodeIgniter\CodeIgniter->handleRequest(NULL, Object(Config\Cache), false)
#9 /public_html/backend/index.php(45): CodeIgniter\CodeIgniter->run()
#10 {main}
CRITICAL - 2021-05-17 21:13:27 --> syntax error, unexpected '?>'
#0 /public_html/backend/vendor/codeigniter4/framework/system/View/View.php(525): CodeIgniter\View\View->render('components/side...', NULL, true)
#1 /public_html/backend/app/Views/components/template_admin.php(67): CodeIgniter\View\View->include('components/side...')
#2 /public_html/backend/vendor/codeigniter4/framework/system/View/View.php(246): include('/public_html/ba...')
#3 /public_html/backend/vendor/codeigniter4/framework/system/View/View.php(257): CodeIgniter\View\View->render('components/temp...', Array, true)
#4 /public_html/backend/vendor/codeigniter4/framework/system/Common.php(1119): CodeIgniter\View\View->render('view_dashboard', Array, true)
#5 /public_html/backend/app/Controllers/Dashboard.php(13): view('view_dashboard')
#6 /public_html/backend/vendor/codeigniter4/framework/system/CodeIgniter.php(918): App\Controllers\Dashboard->index()
#7 /public_html/backend/vendor/codeigniter4/framework/system/CodeIgniter.php(404): CodeIgniter\CodeIgniter->runController(Object(App\Controllers\Dashboard))
#8 /public_html/backend/vendor/codeigniter4/framework/system/CodeIgniter.php(312): CodeIgniter\CodeIgniter->handleRequest(NULL, Object(Config\Cache), false)
#9 /public_html/backend/index.php(45): CodeIgniter\CodeIgniter->run()
#10 {main}
