CRITICAL - 2022-04-27 01:24:11 --> Illegal parameter data types varchar and row for operation '='
#0 /public_html/monika.panensaham.com/backend/vendor/codeigniter4/framework/system/Database/MySQLi/Connection.php(331): mysqli->query()
#1 /public_html/monika.panensaham.com/backend/vendor/codeigniter4/framework/system/Database/BaseConnection.php(741): CodeIgniter\Database\MySQLi\Connection->execute()
#2 /public_html/monika.panensaham.com/backend/vendor/codeigniter4/framework/system/Database/BaseConnection.php(669): CodeIgniter\Database\BaseConnection->simpleQuery()
#3 /public_html/monika.panensaham.com/backend/vendor/codeigniter4/framework/system/Database/BaseBuilder.php(1860): CodeIgniter\Database\BaseConnection->query()
#4 /public_html/monika.panensaham.com/backend/vendor/codeigniter4/framework/system/Model.php(404): CodeIgniter\Database\BaseBuilder->get()
#5 /public_html/monika.panensaham.com/backend/app/Controllers/Information/Newscontroller.php(25): CodeIgniter\Model->find()
#6 /public_html/monika.panensaham.com/backend/vendor/codeigniter4/framework/system/CodeIgniter.php(918): App\Controllers\Information\Newscontroller->index()
#7 /public_html/monika.panensaham.com/backend/vendor/codeigniter4/framework/system/CodeIgniter.php(404): CodeIgniter\CodeIgniter->runController()
#8 /public_html/monika.panensaham.com/backend/vendor/codeigniter4/framework/system/CodeIgniter.php(312): CodeIgniter\CodeIgniter->handleRequest()
#9 /public_html/monika.panensaham.com/backend/index.php(45): CodeIgniter\CodeIgniter->run()
#10 {main}
CRITICAL - 2022-04-27 01:24:12 --> Illegal parameter data types varchar and row for operation '='
#0 /public_html/monika.panensaham.com/backend/vendor/codeigniter4/framework/system/Database/MySQLi/Connection.php(331): mysqli->query()
#1 /public_html/monika.panensaham.com/backend/vendor/codeigniter4/framework/system/Database/BaseConnection.php(741): CodeIgniter\Database\MySQLi\Connection->execute()
#2 /public_html/monika.panensaham.com/backend/vendor/codeigniter4/framework/system/Database/BaseConnection.php(669): CodeIgniter\Database\BaseConnection->simpleQuery()
#3 /public_html/monika.panensaham.com/backend/vendor/codeigniter4/framework/system/Database/BaseBuilder.php(1860): CodeIgniter\Database\BaseConnection->query()
#4 /public_html/monika.panensaham.com/backend/vendor/codeigniter4/framework/system/Model.php(404): CodeIgniter\Database\BaseBuilder->get()
#5 /public_html/monika.panensaham.com/backend/app/Controllers/Information/Newscontroller.php(25): CodeIgniter\Model->find()
#6 /public_html/monika.panensaham.com/backend/vendor/codeigniter4/framework/system/CodeIgniter.php(918): App\Controllers\Information\Newscontroller->index()
#7 /public_html/monika.panensaham.com/backend/vendor/codeigniter4/framework/system/CodeIgniter.php(404): CodeIgniter\CodeIgniter->runController()
#8 /public_html/monika.panensaham.com/backend/vendor/codeigniter4/framework/system/CodeIgniter.php(312): CodeIgniter\CodeIgniter->handleRequest()
#9 /public_html/monika.panensaham.com/backend/index.php(45): CodeIgniter\CodeIgniter->run()
#10 {main}
CRITICAL - 2022-04-27 01:24:17 --> Illegal parameter data types varchar and row for operation '='
#0 /public_html/monika.panensaham.com/backend/vendor/codeigniter4/framework/system/Database/MySQLi/Connection.php(331): mysqli->query()
#1 /public_html/monika.panensaham.com/backend/vendor/codeigniter4/framework/system/Database/BaseConnection.php(741): CodeIgniter\Database\MySQLi\Connection->execute()
#2 /public_html/monika.panensaham.com/backend/vendor/codeigniter4/framework/system/Database/BaseConnection.php(669): CodeIgniter\Database\BaseConnection->simpleQuery()
#3 /public_html/monika.panensaham.com/backend/vendor/codeigniter4/framework/system/Database/BaseBuilder.php(1860): CodeIgniter\Database\BaseConnection->query()
#4 /public_html/monika.panensaham.com/backend/vendor/codeigniter4/framework/system/Model.php(404): CodeIgniter\Database\BaseBuilder->get()
#5 /public_html/monika.panensaham.com/backend/app/Controllers/Information/Newscontroller.php(25): CodeIgniter\Model->find()
#6 /public_html/monika.panensaham.com/backend/vendor/codeigniter4/framework/system/CodeIgniter.php(918): App\Controllers\Information\Newscontroller->index()
#7 /public_html/monika.panensaham.com/backend/vendor/codeigniter4/framework/system/CodeIgniter.php(404): CodeIgniter\CodeIgniter->runController()
#8 /public_html/monika.panensaham.com/backend/vendor/codeigniter4/framework/system/CodeIgniter.php(312): CodeIgniter\CodeIgniter->handleRequest()
#9 /public_html/monika.panensaham.com/backend/index.php(45): CodeIgniter\CodeIgniter->run()
#10 {main}
CRITICAL - 2022-04-27 03:26:29 --> syntax error, unexpected ']', expecting ')'
#0 /public_html/monika.panensaham.com/backend/vendor/codeigniter4/framework/system/Autoloader/Autoloader.php(296): CodeIgniter\Autoloader\Autoloader->requireFile()
#1 /public_html/monika.panensaham.com/backend/vendor/codeigniter4/framework/system/Autoloader/Autoloader.php(258): CodeIgniter\Autoloader\Autoloader->loadInNamespace()
#2 [internal function]: CodeIgniter\Autoloader\Autoloader->loadClass()
#3 [internal function]: spl_autoload_call()
#4 /public_html/monika.panensaham.com/backend/vendor/codeigniter4/framework/system/CodeIgniter.php(869): class_exists()
#5 /public_html/monika.panensaham.com/backend/vendor/codeigniter4/framework/system/CodeIgniter.php(394): CodeIgniter\CodeIgniter->startController()
#6 /public_html/monika.panensaham.com/backend/vendor/codeigniter4/framework/system/CodeIgniter.php(312): CodeIgniter\CodeIgniter->handleRequest()
#7 /public_html/monika.panensaham.com/backend/index.php(45): CodeIgniter\CodeIgniter->run()
#8 {main}
CRITICAL - 2022-04-27 03:26:29 --> syntax error, unexpected ']', expecting ')'
#0 /public_html/monika.panensaham.com/backend/vendor/codeigniter4/framework/system/Autoloader/Autoloader.php(296): CodeIgniter\Autoloader\Autoloader->requireFile()
#1 /public_html/monika.panensaham.com/backend/vendor/codeigniter4/framework/system/Autoloader/Autoloader.php(258): CodeIgniter\Autoloader\Autoloader->loadInNamespace()
#2 [internal function]: CodeIgniter\Autoloader\Autoloader->loadClass()
#3 [internal function]: spl_autoload_call()
#4 /public_html/monika.panensaham.com/backend/vendor/codeigniter4/framework/system/CodeIgniter.php(869): class_exists()
#5 /public_html/monika.panensaham.com/backend/vendor/codeigniter4/framework/system/CodeIgniter.php(394): CodeIgniter\CodeIgniter->startController()
#6 /public_html/monika.panensaham.com/backend/vendor/codeigniter4/framework/system/CodeIgniter.php(312): CodeIgniter\CodeIgniter->handleRequest()
#7 /public_html/monika.panensaham.com/backend/index.php(45): CodeIgniter\CodeIgniter->run()
#8 {main}
CRITICAL - 2022-04-27 15:27:17 --> Undefined variable: imageNamePdf
#0 /public_html/monika.panensaham.com/backend/app/Controllers/Information/Bursaemitencontroller.php(301): CodeIgniter\Debug\Exceptions->errorHandler()
#1 /public_html/monika.panensaham.com/backend/vendor/codeigniter4/framework/system/CodeIgniter.php(918): App\Controllers\Information\Bursaemitencontroller->simpandata()
#2 /public_html/monika.panensaham.com/backend/vendor/codeigniter4/framework/system/CodeIgniter.php(404): CodeIgniter\CodeIgniter->runController()
#3 /public_html/monika.panensaham.com/backend/vendor/codeigniter4/framework/system/CodeIgniter.php(312): CodeIgniter\CodeIgniter->handleRequest()
#4 /public_html/monika.panensaham.com/backend/index.php(45): CodeIgniter\CodeIgniter->run()
#5 {main}
CRITICAL - 2022-04-27 19:57:30 --> Trying to access array offset on value of type null
#0 /public_html/monika.panensaham.com/backend/app/Models/Ultimate/DailyactModel.php(27): CodeIgniter\Debug\Exceptions->errorHandler()
#1 /public_html/monika.panensaham.com/backend/app/Models/Ultimate/DailyactModel.php(51): App\Models\Ultimate\DailyactModel->_get_datatables_query()
#2 /public_html/monika.panensaham.com/backend/app/Controllers/Ultimate/Dailyactcontroller.php(33): App\Models\Ultimate\DailyactModel->get_datatables()
#3 /public_html/monika.panensaham.com/backend/vendor/codeigniter4/framework/system/CodeIgniter.php(918): App\Controllers\Ultimate\Dailyactcontroller->ajax_list()
#4 /public_html/monika.panensaham.com/backend/vendor/codeigniter4/framework/system/CodeIgniter.php(404): CodeIgniter\CodeIgniter->runController()
#5 /public_html/monika.panensaham.com/backend/vendor/codeigniter4/framework/system/CodeIgniter.php(312): CodeIgniter\CodeIgniter->handleRequest()
#6 /public_html/monika.panensaham.com/backend/index.php(45): CodeIgniter\CodeIgniter->run()
#7 {main}
CRITICAL - 2022-04-27 20:01:02 --> Trying to access array offset on value of type null
#0 /public_html/monika.panensaham.com/backend/app/Models/Ultimate/DailyactModel.php(27): CodeIgniter\Debug\Exceptions->errorHandler()
#1 /public_html/monika.panensaham.com/backend/app/Models/Ultimate/DailyactModel.php(51): App\Models\Ultimate\DailyactModel->_get_datatables_query()
#2 /public_html/monika.panensaham.com/backend/app/Controllers/Ultimate/Dailyactcontroller.php(33): App\Models\Ultimate\DailyactModel->get_datatables()
#3 /public_html/monika.panensaham.com/backend/vendor/codeigniter4/framework/system/CodeIgniter.php(918): App\Controllers\Ultimate\Dailyactcontroller->ajax_list()
#4 /public_html/monika.panensaham.com/backend/vendor/codeigniter4/framework/system/CodeIgniter.php(404): CodeIgniter\CodeIgniter->runController()
#5 /public_html/monika.panensaham.com/backend/vendor/codeigniter4/framework/system/CodeIgniter.php(312): CodeIgniter\CodeIgniter->handleRequest()
#6 /public_html/monika.panensaham.com/backend/index.php(45): CodeIgniter\CodeIgniter->run()
#7 {main}
CRITICAL - 2022-04-27 21:47:31 --> Trying to access array offset on value of type null
#0 /public_html/monika.panensaham.com/backend/app/Models/Billing/InvoiceModel.php(33): CodeIgniter\Debug\Exceptions->errorHandler()
#1 /public_html/monika.panensaham.com/backend/app/Models/Billing/InvoiceModel.php(57): App\Models\Billing\InvoiceModel->_get_datatables_query()
#2 /public_html/monika.panensaham.com/backend/app/Controllers/Billing/Invoicecontroller.php(160): App\Models\Billing\InvoiceModel->get_datatables()
#3 /public_html/monika.panensaham.com/backend/vendor/codeigniter4/framework/system/CodeIgniter.php(918): App\Controllers\Billing\Invoicecontroller->filterdata()
#4 /public_html/monika.panensaham.com/backend/vendor/codeigniter4/framework/system/CodeIgniter.php(404): CodeIgniter\CodeIgniter->runController()
#5 /public_html/monika.panensaham.com/backend/vendor/codeigniter4/framework/system/CodeIgniter.php(312): CodeIgniter\CodeIgniter->handleRequest()
#6 /public_html/monika.panensaham.com/backend/index.php(45): CodeIgniter\CodeIgniter->run()
#7 {main}
CRITICAL - 2022-04-27 21:47:34 --> Trying to access array offset on value of type null
#0 /public_html/monika.panensaham.com/backend/app/Models/Billing/InvoiceModel.php(33): CodeIgniter\Debug\Exceptions->errorHandler()
#1 /public_html/monika.panensaham.com/backend/app/Models/Billing/InvoiceModel.php(57): App\Models\Billing\InvoiceModel->_get_datatables_query()
#2 /public_html/monika.panensaham.com/backend/app/Controllers/Billing/Invoicecontroller.php(160): App\Models\Billing\InvoiceModel->get_datatables()
#3 /public_html/monika.panensaham.com/backend/vendor/codeigniter4/framework/system/CodeIgniter.php(918): App\Controllers\Billing\Invoicecontroller->filterdata()
#4 /public_html/monika.panensaham.com/backend/vendor/codeigniter4/framework/system/CodeIgniter.php(404): CodeIgniter\CodeIgniter->runController()
#5 /public_html/monika.panensaham.com/backend/vendor/codeigniter4/framework/system/CodeIgniter.php(312): CodeIgniter\CodeIgniter->handleRequest()
#6 /public_html/monika.panensaham.com/backend/index.php(45): CodeIgniter\CodeIgniter->run()
#7 {main}
CRITICAL - 2022-04-27 21:47:46 --> Trying to access array offset on value of type null
#0 /public_html/monika.panensaham.com/backend/app/Models/Billing/InvoiceModel.php(33): CodeIgniter\Debug\Exceptions->errorHandler()
#1 /public_html/monika.panensaham.com/backend/app/Models/Billing/InvoiceModel.php(57): App\Models\Billing\InvoiceModel->_get_datatables_query()
#2 /public_html/monika.panensaham.com/backend/app/Controllers/Billing/Invoicecontroller.php(160): App\Models\Billing\InvoiceModel->get_datatables()
#3 /public_html/monika.panensaham.com/backend/vendor/codeigniter4/framework/system/CodeIgniter.php(918): App\Controllers\Billing\Invoicecontroller->filterdata()
#4 /public_html/monika.panensaham.com/backend/vendor/codeigniter4/framework/system/CodeIgniter.php(404): CodeIgniter\CodeIgniter->runController()
#5 /public_html/monika.panensaham.com/backend/vendor/codeigniter4/framework/system/CodeIgniter.php(312): CodeIgniter\CodeIgniter->handleRequest()
#6 /public_html/monika.panensaham.com/backend/index.php(45): CodeIgniter\CodeIgniter->run()
#7 {main}
CRITICAL - 2022-04-27 21:48:43 --> Trying to access array offset on value of type null
#0 /public_html/monika.panensaham.com/backend/app/Models/Billing/InvoiceModel.php(33): CodeIgniter\Debug\Exceptions->errorHandler()
#1 /public_html/monika.panensaham.com/backend/app/Models/Billing/InvoiceModel.php(57): App\Models\Billing\InvoiceModel->_get_datatables_query()
#2 /public_html/monika.panensaham.com/backend/app/Controllers/Billing/Invoicecontroller.php(160): App\Models\Billing\InvoiceModel->get_datatables()
#3 /public_html/monika.panensaham.com/backend/vendor/codeigniter4/framework/system/CodeIgniter.php(918): App\Controllers\Billing\Invoicecontroller->filterdata()
#4 /public_html/monika.panensaham.com/backend/vendor/codeigniter4/framework/system/CodeIgniter.php(404): CodeIgniter\CodeIgniter->runController()
#5 /public_html/monika.panensaham.com/backend/vendor/codeigniter4/framework/system/CodeIgniter.php(312): CodeIgniter\CodeIgniter->handleRequest()
#6 /public_html/monika.panensaham.com/backend/index.php(45): CodeIgniter\CodeIgniter->run()
#7 {main}
CRITICAL - 2022-04-27 22:27:42 --> unlink(public/assets/img/bursaemiten/): Is a directory
#0 [internal function]: CodeIgniter\Debug\Exceptions->errorHandler()
#1 /public_html/monika.panensaham.com/backend/app/Controllers/Information/Bursaemitencontroller.php(659): unlink()
#2 /public_html/monika.panensaham.com/backend/vendor/codeigniter4/framework/system/CodeIgniter.php(918): App\Controllers\Information\Bursaemitencontroller->hapusdata()
#3 /public_html/monika.panensaham.com/backend/vendor/codeigniter4/framework/system/CodeIgniter.php(404): CodeIgniter\CodeIgniter->runController()
#4 /public_html/monika.panensaham.com/backend/vendor/codeigniter4/framework/system/CodeIgniter.php(312): CodeIgniter\CodeIgniter->handleRequest()
#5 /public_html/monika.panensaham.com/backend/index.php(45): CodeIgniter\CodeIgniter->run()
#6 {main}
CRITICAL - 2022-04-27 22:28:53 --> unlink(public/assets/img/bursaemiten/): Is a directory
#0 [internal function]: CodeIgniter\Debug\Exceptions->errorHandler()
#1 /public_html/monika.panensaham.com/backend/app/Controllers/Information/Bursaemitencontroller.php(659): unlink()
#2 /public_html/monika.panensaham.com/backend/vendor/codeigniter4/framework/system/CodeIgniter.php(918): App\Controllers\Information\Bursaemitencontroller->hapusdata()
#3 /public_html/monika.panensaham.com/backend/vendor/codeigniter4/framework/system/CodeIgniter.php(404): CodeIgniter\CodeIgniter->runController()
#4 /public_html/monika.panensaham.com/backend/vendor/codeigniter4/framework/system/CodeIgniter.php(312): CodeIgniter\CodeIgniter->handleRequest()
#5 /public_html/monika.panensaham.com/backend/index.php(45): CodeIgniter\CodeIgniter->run()
#6 {main}
