CRITICAL - 2022-03-26 10:39:29 --> syntax error, unexpected '}'
#0 /public_html/monika.panensaham.com/backend/vendor/codeigniter4/framework/system/Autoloader/Autoloader.php(296): CodeIgniter\Autoloader\Autoloader->requireFile()
#1 /public_html/monika.panensaham.com/backend/vendor/codeigniter4/framework/system/Autoloader/Autoloader.php(258): CodeIgniter\Autoloader\Autoloader->loadInNamespace()
#2 [internal function]: CodeIgniter\Autoloader\Autoloader->loadClass()
#3 [internal function]: spl_autoload_call()
#4 /public_html/monika.panensaham.com/backend/vendor/codeigniter4/framework/system/CodeIgniter.php(869): class_exists()
#5 /public_html/monika.panensaham.com/backend/vendor/codeigniter4/framework/system/CodeIgniter.php(394): CodeIgniter\CodeIgniter->startController()
#6 /public_html/monika.panensaham.com/backend/vendor/codeigniter4/framework/system/CodeIgniter.php(312): CodeIgniter\CodeIgniter->handleRequest()
#7 /public_html/monika.panensaham.com/backend/index.php(45): CodeIgniter\CodeIgniter->run()
#8 {main}
CRITICAL - 2022-03-26 10:39:30 --> syntax error, unexpected '}'
#0 /public_html/monika.panensaham.com/backend/vendor/codeigniter4/framework/system/Autoloader/Autoloader.php(296): CodeIgniter\Autoloader\Autoloader->requireFile()
#1 /public_html/monika.panensaham.com/backend/vendor/codeigniter4/framework/system/Autoloader/Autoloader.php(258): CodeIgniter\Autoloader\Autoloader->loadInNamespace()
#2 [internal function]: CodeIgniter\Autoloader\Autoloader->loadClass()
#3 [internal function]: spl_autoload_call()
#4 /public_html/monika.panensaham.com/backend/vendor/codeigniter4/framework/system/CodeIgniter.php(869): class_exists()
#5 /public_html/monika.panensaham.com/backend/vendor/codeigniter4/framework/system/CodeIgniter.php(394): CodeIgniter\CodeIgniter->startController()
#6 /public_html/monika.panensaham.com/backend/vendor/codeigniter4/framework/system/CodeIgniter.php(312): CodeIgniter\CodeIgniter->handleRequest()
#7 /public_html/monika.panensaham.com/backend/index.php(45): CodeIgniter\CodeIgniter->run()
#8 {main}
CRITICAL - 2022-03-26 10:39:42 --> syntax error, unexpected '}'
#0 /public_html/monika.panensaham.com/backend/vendor/codeigniter4/framework/system/Autoloader/Autoloader.php(296): CodeIgniter\Autoloader\Autoloader->requireFile()
#1 /public_html/monika.panensaham.com/backend/vendor/codeigniter4/framework/system/Autoloader/Autoloader.php(258): CodeIgniter\Autoloader\Autoloader->loadInNamespace()
#2 [internal function]: CodeIgniter\Autoloader\Autoloader->loadClass()
#3 [internal function]: spl_autoload_call()
#4 /public_html/monika.panensaham.com/backend/vendor/codeigniter4/framework/system/CodeIgniter.php(869): class_exists()
#5 /public_html/monika.panensaham.com/backend/vendor/codeigniter4/framework/system/CodeIgniter.php(394): CodeIgniter\CodeIgniter->startController()
#6 /public_html/monika.panensaham.com/backend/vendor/codeigniter4/framework/system/CodeIgniter.php(312): CodeIgniter\CodeIgniter->handleRequest()
#7 /public_html/monika.panensaham.com/backend/index.php(45): CodeIgniter\CodeIgniter->run()
#8 {main}
CRITICAL - 2022-03-26 10:40:53 --> syntax error, unexpected '}'
#0 /public_html/monika.panensaham.com/backend/vendor/codeigniter4/framework/system/Autoloader/Autoloader.php(296): CodeIgniter\Autoloader\Autoloader->requireFile()
#1 /public_html/monika.panensaham.com/backend/vendor/codeigniter4/framework/system/Autoloader/Autoloader.php(258): CodeIgniter\Autoloader\Autoloader->loadInNamespace()
#2 [internal function]: CodeIgniter\Autoloader\Autoloader->loadClass()
#3 [internal function]: spl_autoload_call()
#4 /public_html/monika.panensaham.com/backend/vendor/codeigniter4/framework/system/CodeIgniter.php(869): class_exists()
#5 /public_html/monika.panensaham.com/backend/vendor/codeigniter4/framework/system/CodeIgniter.php(394): CodeIgniter\CodeIgniter->startController()
#6 /public_html/monika.panensaham.com/backend/vendor/codeigniter4/framework/system/CodeIgniter.php(312): CodeIgniter\CodeIgniter->handleRequest()
#7 /public_html/monika.panensaham.com/backend/index.php(45): CodeIgniter\CodeIgniter->run()
#8 {main}
CRITICAL - 2022-03-26 10:40:54 --> syntax error, unexpected '}'
#0 /public_html/monika.panensaham.com/backend/vendor/codeigniter4/framework/system/Autoloader/Autoloader.php(296): CodeIgniter\Autoloader\Autoloader->requireFile()
#1 /public_html/monika.panensaham.com/backend/vendor/codeigniter4/framework/system/Autoloader/Autoloader.php(258): CodeIgniter\Autoloader\Autoloader->loadInNamespace()
#2 [internal function]: CodeIgniter\Autoloader\Autoloader->loadClass()
#3 [internal function]: spl_autoload_call()
#4 /public_html/monika.panensaham.com/backend/vendor/codeigniter4/framework/system/CodeIgniter.php(869): class_exists()
#5 /public_html/monika.panensaham.com/backend/vendor/codeigniter4/framework/system/CodeIgniter.php(394): CodeIgniter\CodeIgniter->startController()
#6 /public_html/monika.panensaham.com/backend/vendor/codeigniter4/framework/system/CodeIgniter.php(312): CodeIgniter\CodeIgniter->handleRequest()
#7 /public_html/monika.panensaham.com/backend/index.php(45): CodeIgniter\CodeIgniter->run()
#8 {main}
CRITICAL - 2022-03-26 10:40:54 --> syntax error, unexpected '}'
#0 /public_html/monika.panensaham.com/backend/vendor/codeigniter4/framework/system/Autoloader/Autoloader.php(296): CodeIgniter\Autoloader\Autoloader->requireFile()
#1 /public_html/monika.panensaham.com/backend/vendor/codeigniter4/framework/system/Autoloader/Autoloader.php(258): CodeIgniter\Autoloader\Autoloader->loadInNamespace()
#2 [internal function]: CodeIgniter\Autoloader\Autoloader->loadClass()
#3 [internal function]: spl_autoload_call()
#4 /public_html/monika.panensaham.com/backend/vendor/codeigniter4/framework/system/CodeIgniter.php(869): class_exists()
#5 /public_html/monika.panensaham.com/backend/vendor/codeigniter4/framework/system/CodeIgniter.php(394): CodeIgniter\CodeIgniter->startController()
#6 /public_html/monika.panensaham.com/backend/vendor/codeigniter4/framework/system/CodeIgniter.php(312): CodeIgniter\CodeIgniter->handleRequest()
#7 /public_html/monika.panensaham.com/backend/index.php(45): CodeIgniter\CodeIgniter->run()
#8 {main}
CRITICAL - 2022-03-26 10:40:55 --> syntax error, unexpected '}'
#0 /public_html/monika.panensaham.com/backend/vendor/codeigniter4/framework/system/Autoloader/Autoloader.php(296): CodeIgniter\Autoloader\Autoloader->requireFile()
#1 /public_html/monika.panensaham.com/backend/vendor/codeigniter4/framework/system/Autoloader/Autoloader.php(258): CodeIgniter\Autoloader\Autoloader->loadInNamespace()
#2 [internal function]: CodeIgniter\Autoloader\Autoloader->loadClass()
#3 [internal function]: spl_autoload_call()
#4 /public_html/monika.panensaham.com/backend/vendor/codeigniter4/framework/system/CodeIgniter.php(869): class_exists()
#5 /public_html/monika.panensaham.com/backend/vendor/codeigniter4/framework/system/CodeIgniter.php(394): CodeIgniter\CodeIgniter->startController()
#6 /public_html/monika.panensaham.com/backend/vendor/codeigniter4/framework/system/CodeIgniter.php(312): CodeIgniter\CodeIgniter->handleRequest()
#7 /public_html/monika.panensaham.com/backend/index.php(45): CodeIgniter\CodeIgniter->run()
#8 {main}
CRITICAL - 2022-03-26 10:40:55 --> syntax error, unexpected '}'
#0 /public_html/monika.panensaham.com/backend/vendor/codeigniter4/framework/system/Autoloader/Autoloader.php(296): CodeIgniter\Autoloader\Autoloader->requireFile()
#1 /public_html/monika.panensaham.com/backend/vendor/codeigniter4/framework/system/Autoloader/Autoloader.php(258): CodeIgniter\Autoloader\Autoloader->loadInNamespace()
#2 [internal function]: CodeIgniter\Autoloader\Autoloader->loadClass()
#3 [internal function]: spl_autoload_call()
#4 /public_html/monika.panensaham.com/backend/vendor/codeigniter4/framework/system/CodeIgniter.php(869): class_exists()
#5 /public_html/monika.panensaham.com/backend/vendor/codeigniter4/framework/system/CodeIgniter.php(394): CodeIgniter\CodeIgniter->startController()
#6 /public_html/monika.panensaham.com/backend/vendor/codeigniter4/framework/system/CodeIgniter.php(312): CodeIgniter\CodeIgniter->handleRequest()
#7 /public_html/monika.panensaham.com/backend/index.php(45): CodeIgniter\CodeIgniter->run()
#8 {main}
CRITICAL - 2022-03-26 10:40:55 --> syntax error, unexpected '}'
#0 /public_html/monika.panensaham.com/backend/vendor/codeigniter4/framework/system/Autoloader/Autoloader.php(296): CodeIgniter\Autoloader\Autoloader->requireFile()
#1 /public_html/monika.panensaham.com/backend/vendor/codeigniter4/framework/system/Autoloader/Autoloader.php(258): CodeIgniter\Autoloader\Autoloader->loadInNamespace()
#2 [internal function]: CodeIgniter\Autoloader\Autoloader->loadClass()
#3 [internal function]: spl_autoload_call()
#4 /public_html/monika.panensaham.com/backend/vendor/codeigniter4/framework/system/CodeIgniter.php(869): class_exists()
#5 /public_html/monika.panensaham.com/backend/vendor/codeigniter4/framework/system/CodeIgniter.php(394): CodeIgniter\CodeIgniter->startController()
#6 /public_html/monika.panensaham.com/backend/vendor/codeigniter4/framework/system/CodeIgniter.php(312): CodeIgniter\CodeIgniter->handleRequest()
#7 /public_html/monika.panensaham.com/backend/index.php(45): CodeIgniter\CodeIgniter->run()
#8 {main}
CRITICAL - 2022-03-26 10:40:56 --> syntax error, unexpected '}'
#0 /public_html/monika.panensaham.com/backend/vendor/codeigniter4/framework/system/Autoloader/Autoloader.php(296): CodeIgniter\Autoloader\Autoloader->requireFile()
#1 /public_html/monika.panensaham.com/backend/vendor/codeigniter4/framework/system/Autoloader/Autoloader.php(258): CodeIgniter\Autoloader\Autoloader->loadInNamespace()
#2 [internal function]: CodeIgniter\Autoloader\Autoloader->loadClass()
#3 [internal function]: spl_autoload_call()
#4 /public_html/monika.panensaham.com/backend/vendor/codeigniter4/framework/system/CodeIgniter.php(869): class_exists()
#5 /public_html/monika.panensaham.com/backend/vendor/codeigniter4/framework/system/CodeIgniter.php(394): CodeIgniter\CodeIgniter->startController()
#6 /public_html/monika.panensaham.com/backend/vendor/codeigniter4/framework/system/CodeIgniter.php(312): CodeIgniter\CodeIgniter->handleRequest()
#7 /public_html/monika.panensaham.com/backend/index.php(45): CodeIgniter\CodeIgniter->run()
#8 {main}
CRITICAL - 2022-03-26 10:40:56 --> syntax error, unexpected '}'
#0 /public_html/monika.panensaham.com/backend/vendor/codeigniter4/framework/system/Autoloader/Autoloader.php(296): CodeIgniter\Autoloader\Autoloader->requireFile()
#1 /public_html/monika.panensaham.com/backend/vendor/codeigniter4/framework/system/Autoloader/Autoloader.php(258): CodeIgniter\Autoloader\Autoloader->loadInNamespace()
#2 [internal function]: CodeIgniter\Autoloader\Autoloader->loadClass()
#3 [internal function]: spl_autoload_call()
#4 /public_html/monika.panensaham.com/backend/vendor/codeigniter4/framework/system/CodeIgniter.php(869): class_exists()
#5 /public_html/monika.panensaham.com/backend/vendor/codeigniter4/framework/system/CodeIgniter.php(394): CodeIgniter\CodeIgniter->startController()
#6 /public_html/monika.panensaham.com/backend/vendor/codeigniter4/framework/system/CodeIgniter.php(312): CodeIgniter\CodeIgniter->handleRequest()
#7 /public_html/monika.panensaham.com/backend/index.php(45): CodeIgniter\CodeIgniter->run()
#8 {main}
CRITICAL - 2022-03-26 10:40:56 --> syntax error, unexpected '}'
#0 /public_html/monika.panensaham.com/backend/vendor/codeigniter4/framework/system/Autoloader/Autoloader.php(296): CodeIgniter\Autoloader\Autoloader->requireFile()
#1 /public_html/monika.panensaham.com/backend/vendor/codeigniter4/framework/system/Autoloader/Autoloader.php(258): CodeIgniter\Autoloader\Autoloader->loadInNamespace()
#2 [internal function]: CodeIgniter\Autoloader\Autoloader->loadClass()
#3 [internal function]: spl_autoload_call()
#4 /public_html/monika.panensaham.com/backend/vendor/codeigniter4/framework/system/CodeIgniter.php(869): class_exists()
#5 /public_html/monika.panensaham.com/backend/vendor/codeigniter4/framework/system/CodeIgniter.php(394): CodeIgniter\CodeIgniter->startController()
#6 /public_html/monika.panensaham.com/backend/vendor/codeigniter4/framework/system/CodeIgniter.php(312): CodeIgniter\CodeIgniter->handleRequest()
#7 /public_html/monika.panensaham.com/backend/index.php(45): CodeIgniter\CodeIgniter->run()
#8 {main}
CRITICAL - 2022-03-26 10:40:56 --> syntax error, unexpected '}'
#0 /public_html/monika.panensaham.com/backend/vendor/codeigniter4/framework/system/Autoloader/Autoloader.php(296): CodeIgniter\Autoloader\Autoloader->requireFile()
#1 /public_html/monika.panensaham.com/backend/vendor/codeigniter4/framework/system/Autoloader/Autoloader.php(258): CodeIgniter\Autoloader\Autoloader->loadInNamespace()
#2 [internal function]: CodeIgniter\Autoloader\Autoloader->loadClass()
#3 [internal function]: spl_autoload_call()
#4 /public_html/monika.panensaham.com/backend/vendor/codeigniter4/framework/system/CodeIgniter.php(869): class_exists()
#5 /public_html/monika.panensaham.com/backend/vendor/codeigniter4/framework/system/CodeIgniter.php(394): CodeIgniter\CodeIgniter->startController()
#6 /public_html/monika.panensaham.com/backend/vendor/codeigniter4/framework/system/CodeIgniter.php(312): CodeIgniter\CodeIgniter->handleRequest()
#7 /public_html/monika.panensaham.com/backend/index.php(45): CodeIgniter\CodeIgniter->run()
#8 {main}
CRITICAL - 2022-03-26 10:40:56 --> syntax error, unexpected '}'
#0 /public_html/monika.panensaham.com/backend/vendor/codeigniter4/framework/system/Autoloader/Autoloader.php(296): CodeIgniter\Autoloader\Autoloader->requireFile()
#1 /public_html/monika.panensaham.com/backend/vendor/codeigniter4/framework/system/Autoloader/Autoloader.php(258): CodeIgniter\Autoloader\Autoloader->loadInNamespace()
#2 [internal function]: CodeIgniter\Autoloader\Autoloader->loadClass()
#3 [internal function]: spl_autoload_call()
#4 /public_html/monika.panensaham.com/backend/vendor/codeigniter4/framework/system/CodeIgniter.php(869): class_exists()
#5 /public_html/monika.panensaham.com/backend/vendor/codeigniter4/framework/system/CodeIgniter.php(394): CodeIgniter\CodeIgniter->startController()
#6 /public_html/monika.panensaham.com/backend/vendor/codeigniter4/framework/system/CodeIgniter.php(312): CodeIgniter\CodeIgniter->handleRequest()
#7 /public_html/monika.panensaham.com/backend/index.php(45): CodeIgniter\CodeIgniter->run()
#8 {main}
CRITICAL - 2022-03-26 10:40:56 --> syntax error, unexpected '}'
#0 /public_html/monika.panensaham.com/backend/vendor/codeigniter4/framework/system/Autoloader/Autoloader.php(296): CodeIgniter\Autoloader\Autoloader->requireFile()
#1 /public_html/monika.panensaham.com/backend/vendor/codeigniter4/framework/system/Autoloader/Autoloader.php(258): CodeIgniter\Autoloader\Autoloader->loadInNamespace()
#2 [internal function]: CodeIgniter\Autoloader\Autoloader->loadClass()
#3 [internal function]: spl_autoload_call()
#4 /public_html/monika.panensaham.com/backend/vendor/codeigniter4/framework/system/CodeIgniter.php(869): class_exists()
#5 /public_html/monika.panensaham.com/backend/vendor/codeigniter4/framework/system/CodeIgniter.php(394): CodeIgniter\CodeIgniter->startController()
#6 /public_html/monika.panensaham.com/backend/vendor/codeigniter4/framework/system/CodeIgniter.php(312): CodeIgniter\CodeIgniter->handleRequest()
#7 /public_html/monika.panensaham.com/backend/index.php(45): CodeIgniter\CodeIgniter->run()
#8 {main}
CRITICAL - 2022-03-26 10:40:57 --> syntax error, unexpected '}'
#0 /public_html/monika.panensaham.com/backend/vendor/codeigniter4/framework/system/Autoloader/Autoloader.php(296): CodeIgniter\Autoloader\Autoloader->requireFile()
#1 /public_html/monika.panensaham.com/backend/vendor/codeigniter4/framework/system/Autoloader/Autoloader.php(258): CodeIgniter\Autoloader\Autoloader->loadInNamespace()
#2 [internal function]: CodeIgniter\Autoloader\Autoloader->loadClass()
#3 [internal function]: spl_autoload_call()
#4 /public_html/monika.panensaham.com/backend/vendor/codeigniter4/framework/system/CodeIgniter.php(869): class_exists()
#5 /public_html/monika.panensaham.com/backend/vendor/codeigniter4/framework/system/CodeIgniter.php(394): CodeIgniter\CodeIgniter->startController()
#6 /public_html/monika.panensaham.com/backend/vendor/codeigniter4/framework/system/CodeIgniter.php(312): CodeIgniter\CodeIgniter->handleRequest()
#7 /public_html/monika.panensaham.com/backend/index.php(45): CodeIgniter\CodeIgniter->run()
#8 {main}
CRITICAL - 2022-03-26 10:40:57 --> syntax error, unexpected '}'
#0 /public_html/monika.panensaham.com/backend/vendor/codeigniter4/framework/system/Autoloader/Autoloader.php(296): CodeIgniter\Autoloader\Autoloader->requireFile()
#1 /public_html/monika.panensaham.com/backend/vendor/codeigniter4/framework/system/Autoloader/Autoloader.php(258): CodeIgniter\Autoloader\Autoloader->loadInNamespace()
#2 [internal function]: CodeIgniter\Autoloader\Autoloader->loadClass()
#3 [internal function]: spl_autoload_call()
#4 /public_html/monika.panensaham.com/backend/vendor/codeigniter4/framework/system/CodeIgniter.php(869): class_exists()
#5 /public_html/monika.panensaham.com/backend/vendor/codeigniter4/framework/system/CodeIgniter.php(394): CodeIgniter\CodeIgniter->startController()
#6 /public_html/monika.panensaham.com/backend/vendor/codeigniter4/framework/system/CodeIgniter.php(312): CodeIgniter\CodeIgniter->handleRequest()
#7 /public_html/monika.panensaham.com/backend/index.php(45): CodeIgniter\CodeIgniter->run()
#8 {main}
CRITICAL - 2022-03-26 10:40:57 --> syntax error, unexpected '}'
#0 /public_html/monika.panensaham.com/backend/vendor/codeigniter4/framework/system/Autoloader/Autoloader.php(296): CodeIgniter\Autoloader\Autoloader->requireFile()
#1 /public_html/monika.panensaham.com/backend/vendor/codeigniter4/framework/system/Autoloader/Autoloader.php(258): CodeIgniter\Autoloader\Autoloader->loadInNamespace()
#2 [internal function]: CodeIgniter\Autoloader\Autoloader->loadClass()
#3 [internal function]: spl_autoload_call()
#4 /public_html/monika.panensaham.com/backend/vendor/codeigniter4/framework/system/CodeIgniter.php(869): class_exists()
#5 /public_html/monika.panensaham.com/backend/vendor/codeigniter4/framework/system/CodeIgniter.php(394): CodeIgniter\CodeIgniter->startController()
#6 /public_html/monika.panensaham.com/backend/vendor/codeigniter4/framework/system/CodeIgniter.php(312): CodeIgniter\CodeIgniter->handleRequest()
#7 /public_html/monika.panensaham.com/backend/index.php(45): CodeIgniter\CodeIgniter->run()
#8 {main}
CRITICAL - 2022-03-26 10:40:57 --> syntax error, unexpected '}'
#0 /public_html/monika.panensaham.com/backend/vendor/codeigniter4/framework/system/Autoloader/Autoloader.php(296): CodeIgniter\Autoloader\Autoloader->requireFile()
#1 /public_html/monika.panensaham.com/backend/vendor/codeigniter4/framework/system/Autoloader/Autoloader.php(258): CodeIgniter\Autoloader\Autoloader->loadInNamespace()
#2 [internal function]: CodeIgniter\Autoloader\Autoloader->loadClass()
#3 [internal function]: spl_autoload_call()
#4 /public_html/monika.panensaham.com/backend/vendor/codeigniter4/framework/system/CodeIgniter.php(869): class_exists()
#5 /public_html/monika.panensaham.com/backend/vendor/codeigniter4/framework/system/CodeIgniter.php(394): CodeIgniter\CodeIgniter->startController()
#6 /public_html/monika.panensaham.com/backend/vendor/codeigniter4/framework/system/CodeIgniter.php(312): CodeIgniter\CodeIgniter->handleRequest()
#7 /public_html/monika.panensaham.com/backend/index.php(45): CodeIgniter\CodeIgniter->run()
#8 {main}
CRITICAL - 2022-03-26 10:40:58 --> syntax error, unexpected '}'
#0 /public_html/monika.panensaham.com/backend/vendor/codeigniter4/framework/system/Autoloader/Autoloader.php(296): CodeIgniter\Autoloader\Autoloader->requireFile()
#1 /public_html/monika.panensaham.com/backend/vendor/codeigniter4/framework/system/Autoloader/Autoloader.php(258): CodeIgniter\Autoloader\Autoloader->loadInNamespace()
#2 [internal function]: CodeIgniter\Autoloader\Autoloader->loadClass()
#3 [internal function]: spl_autoload_call()
#4 /public_html/monika.panensaham.com/backend/vendor/codeigniter4/framework/system/CodeIgniter.php(869): class_exists()
#5 /public_html/monika.panensaham.com/backend/vendor/codeigniter4/framework/system/CodeIgniter.php(394): CodeIgniter\CodeIgniter->startController()
#6 /public_html/monika.panensaham.com/backend/vendor/codeigniter4/framework/system/CodeIgniter.php(312): CodeIgniter\CodeIgniter->handleRequest()
#7 /public_html/monika.panensaham.com/backend/index.php(45): CodeIgniter\CodeIgniter->run()
#8 {main}
CRITICAL - 2022-03-26 10:40:58 --> syntax error, unexpected '}'
#0 /public_html/monika.panensaham.com/backend/vendor/codeigniter4/framework/system/Autoloader/Autoloader.php(296): CodeIgniter\Autoloader\Autoloader->requireFile()
#1 /public_html/monika.panensaham.com/backend/vendor/codeigniter4/framework/system/Autoloader/Autoloader.php(258): CodeIgniter\Autoloader\Autoloader->loadInNamespace()
#2 [internal function]: CodeIgniter\Autoloader\Autoloader->loadClass()
#3 [internal function]: spl_autoload_call()
#4 /public_html/monika.panensaham.com/backend/vendor/codeigniter4/framework/system/CodeIgniter.php(869): class_exists()
#5 /public_html/monika.panensaham.com/backend/vendor/codeigniter4/framework/system/CodeIgniter.php(394): CodeIgniter\CodeIgniter->startController()
#6 /public_html/monika.panensaham.com/backend/vendor/codeigniter4/framework/system/CodeIgniter.php(312): CodeIgniter\CodeIgniter->handleRequest()
#7 /public_html/monika.panensaham.com/backend/index.php(45): CodeIgniter\CodeIgniter->run()
#8 {main}
CRITICAL - 2022-03-26 10:40:58 --> syntax error, unexpected '}'
#0 /public_html/monika.panensaham.com/backend/vendor/codeigniter4/framework/system/Autoloader/Autoloader.php(296): CodeIgniter\Autoloader\Autoloader->requireFile()
#1 /public_html/monika.panensaham.com/backend/vendor/codeigniter4/framework/system/Autoloader/Autoloader.php(258): CodeIgniter\Autoloader\Autoloader->loadInNamespace()
#2 [internal function]: CodeIgniter\Autoloader\Autoloader->loadClass()
#3 [internal function]: spl_autoload_call()
#4 /public_html/monika.panensaham.com/backend/vendor/codeigniter4/framework/system/CodeIgniter.php(869): class_exists()
#5 /public_html/monika.panensaham.com/backend/vendor/codeigniter4/framework/system/CodeIgniter.php(394): CodeIgniter\CodeIgniter->startController()
#6 /public_html/monika.panensaham.com/backend/vendor/codeigniter4/framework/system/CodeIgniter.php(312): CodeIgniter\CodeIgniter->handleRequest()
#7 /public_html/monika.panensaham.com/backend/index.php(45): CodeIgniter\CodeIgniter->run()
#8 {main}
CRITICAL - 2022-03-26 10:40:58 --> syntax error, unexpected '}'
#0 /public_html/monika.panensaham.com/backend/vendor/codeigniter4/framework/system/Autoloader/Autoloader.php(296): CodeIgniter\Autoloader\Autoloader->requireFile()
#1 /public_html/monika.panensaham.com/backend/vendor/codeigniter4/framework/system/Autoloader/Autoloader.php(258): CodeIgniter\Autoloader\Autoloader->loadInNamespace()
#2 [internal function]: CodeIgniter\Autoloader\Autoloader->loadClass()
#3 [internal function]: spl_autoload_call()
#4 /public_html/monika.panensaham.com/backend/vendor/codeigniter4/framework/system/CodeIgniter.php(869): class_exists()
#5 /public_html/monika.panensaham.com/backend/vendor/codeigniter4/framework/system/CodeIgniter.php(394): CodeIgniter\CodeIgniter->startController()
#6 /public_html/monika.panensaham.com/backend/vendor/codeigniter4/framework/system/CodeIgniter.php(312): CodeIgniter\CodeIgniter->handleRequest()
#7 /public_html/monika.panensaham.com/backend/index.php(45): CodeIgniter\CodeIgniter->run()
#8 {main}
CRITICAL - 2022-03-26 10:40:58 --> syntax error, unexpected '}'
#0 /public_html/monika.panensaham.com/backend/vendor/codeigniter4/framework/system/Autoloader/Autoloader.php(296): CodeIgniter\Autoloader\Autoloader->requireFile()
#1 /public_html/monika.panensaham.com/backend/vendor/codeigniter4/framework/system/Autoloader/Autoloader.php(258): CodeIgniter\Autoloader\Autoloader->loadInNamespace()
#2 [internal function]: CodeIgniter\Autoloader\Autoloader->loadClass()
#3 [internal function]: spl_autoload_call()
#4 /public_html/monika.panensaham.com/backend/vendor/codeigniter4/framework/system/CodeIgniter.php(869): class_exists()
#5 /public_html/monika.panensaham.com/backend/vendor/codeigniter4/framework/system/CodeIgniter.php(394): CodeIgniter\CodeIgniter->startController()
#6 /public_html/monika.panensaham.com/backend/vendor/codeigniter4/framework/system/CodeIgniter.php(312): CodeIgniter\CodeIgniter->handleRequest()
#7 /public_html/monika.panensaham.com/backend/index.php(45): CodeIgniter\CodeIgniter->run()
#8 {main}
CRITICAL - 2022-03-26 10:54:56 --> file_exists() expects exactly 1 parameter, 2 given
#0 [internal function]: CodeIgniter\Debug\Exceptions->errorHandler()
#1 /public_html/monika.panensaham.com/backend/app/Controllers/Information/Bursaemitencontroller.php(490): file_exists()
#2 /public_html/monika.panensaham.com/backend/vendor/codeigniter4/framework/system/CodeIgniter.php(918): App\Controllers\Information\Bursaemitencontroller->perbaruigambar()
#3 /public_html/monika.panensaham.com/backend/vendor/codeigniter4/framework/system/CodeIgniter.php(404): CodeIgniter\CodeIgniter->runController()
#4 /public_html/monika.panensaham.com/backend/vendor/codeigniter4/framework/system/CodeIgniter.php(312): CodeIgniter\CodeIgniter->handleRequest()
#5 /public_html/monika.panensaham.com/backend/index.php(45): CodeIgniter\CodeIgniter->run()
#6 {main}
CRITICAL - 2022-03-26 11:15:21 --> unlink(public/assets/img/bursaemiten/1648311002_7c6bf03a36e70993e10c.jpg): No such file or directory
#0 [internal function]: CodeIgniter\Debug\Exceptions->errorHandler()
#1 /public_html/monika.panensaham.com/backend/app/Controllers/Information/Bursaemitencontroller.php(619): unlink()
#2 /public_html/monika.panensaham.com/backend/vendor/codeigniter4/framework/system/CodeIgniter.php(918): App\Controllers\Information\Bursaemitencontroller->hapusdata()
#3 /public_html/monika.panensaham.com/backend/vendor/codeigniter4/framework/system/CodeIgniter.php(404): CodeIgniter\CodeIgniter->runController()
#4 /public_html/monika.panensaham.com/backend/vendor/codeigniter4/framework/system/CodeIgniter.php(312): CodeIgniter\CodeIgniter->handleRequest()
#5 /public_html/monika.panensaham.com/backend/index.php(45): CodeIgniter\CodeIgniter->run()
#6 {main}
CRITICAL - 2022-03-26 12:02:17 --> Too few arguments to function App\Models\Information\CategoryModel::__construct(), 0 passed in /public_html/monika.panensaham.com/backend/app/Controllers/Information/Bursaemitencontroller.php on line 144 and exactly 1 expected
#0 /public_html/monika.panensaham.com/backend/app/Controllers/Information/Bursaemitencontroller.php(144): App\Models\Information\CategoryModel->__construct()
#1 /public_html/monika.panensaham.com/backend/vendor/codeigniter4/framework/system/CodeIgniter.php(918): App\Controllers\Information\Bursaemitencontroller->filterJenis()
#2 /public_html/monika.panensaham.com/backend/vendor/codeigniter4/framework/system/CodeIgniter.php(404): CodeIgniter\CodeIgniter->runController()
#3 /public_html/monika.panensaham.com/backend/vendor/codeigniter4/framework/system/CodeIgniter.php(312): CodeIgniter\CodeIgniter->handleRequest()
#4 /public_html/monika.panensaham.com/backend/index.php(45): CodeIgniter\CodeIgniter->run()
#5 {main}
