CRITICAL - 2022-09-12 11:22:34 --> Unable to connect to the database.
#0 D:\xampp74\htdocs\dev-monika-ps\panenapi\system\Database\BaseConnection.php(646): CodeIgniter\Database\BaseConnection->initialize()
#1 D:\xampp74\htdocs\dev-monika-ps\panenapi\system\Database\BaseBuilder.php(1860): CodeIgniter\Database\BaseConnection->query('SELECT *\nFROM `...', Array, false)
#2 D:\xampp74\htdocs\dev-monika-ps\panenapi\system\Model.php(506): CodeIgniter\Database\BaseBuilder->get()
#3 D:\xampp74\htdocs\dev-monika-ps\panenapi\app\Controllers\User.php(2473): CodeIgniter\Model->first()
#4 D:\xampp74\htdocs\dev-monika-ps\panenapi\system\CodeIgniter.php(918): App\Controllers\User->editPhotoProfile('TUSR1655186552')
#5 D:\xampp74\htdocs\dev-monika-ps\panenapi\system\CodeIgniter.php(404): CodeIgniter\CodeIgniter->runController(Object(App\Controllers\User))
#6 D:\xampp74\htdocs\dev-monika-ps\panenapi\system\CodeIgniter.php(312): CodeIgniter\CodeIgniter->handleRequest(NULL, Object(Config\Cache), false)
#7 D:\xampp74\htdocs\dev-monika-ps\panenapi\index.php(45): CodeIgniter\CodeIgniter->run()
#8 {main}
CRITICAL - 2022-09-12 11:25:45 --> Unable to connect to the database.
#0 D:\xampp74\htdocs\dev-monika-ps\panenapi\system\Database\BaseConnection.php(646): CodeIgniter\Database\BaseConnection->initialize()
#1 D:\xampp74\htdocs\dev-monika-ps\panenapi\system\Database\BaseBuilder.php(1860): CodeIgniter\Database\BaseConnection->query('SELECT *\nFROM `...', Array, false)
#2 D:\xampp74\htdocs\dev-monika-ps\panenapi\system\Model.php(506): CodeIgniter\Database\BaseBuilder->get()
#3 D:\xampp74\htdocs\dev-monika-ps\panenapi\app\Controllers\User.php(2473): CodeIgniter\Model->first()
#4 D:\xampp74\htdocs\dev-monika-ps\panenapi\system\CodeIgniter.php(918): App\Controllers\User->editPhotoProfile('TUSR1655186552')
#5 D:\xampp74\htdocs\dev-monika-ps\panenapi\system\CodeIgniter.php(404): CodeIgniter\CodeIgniter->runController(Object(App\Controllers\User))
#6 D:\xampp74\htdocs\dev-monika-ps\panenapi\system\CodeIgniter.php(312): CodeIgniter\CodeIgniter->handleRequest(NULL, Object(Config\Cache), false)
#7 D:\xampp74\htdocs\dev-monika-ps\panenapi\index.php(45): CodeIgniter\CodeIgniter->run()
#8 {main}
CRITICAL - 2022-09-12 02:24:04 --> syntax error, unexpected 'catch' (T_CATCH)
#0 D:\xampp74\htdocs\dev-monika-ps\panenapi\system\Autoloader\Autoloader.php(296): CodeIgniter\Autoloader\Autoloader->requireFile('D:\\xampp74\\htdo...')
#1 D:\xampp74\htdocs\dev-monika-ps\panenapi\system\Autoloader\Autoloader.php(258): CodeIgniter\Autoloader\Autoloader->loadInNamespace('App\\Controllers...')
#2 [internal function]: CodeIgniter\Autoloader\Autoloader->loadClass('App\\Controllers...')
#3 [internal function]: spl_autoload_call('App\\Controllers...')
#4 D:\xampp74\htdocs\dev-monika-ps\panenapi\system\CodeIgniter.php(869): class_exists('\\App\\Controller...', true)
#5 D:\xampp74\htdocs\dev-monika-ps\panenapi\system\CodeIgniter.php(394): CodeIgniter\CodeIgniter->startController()
#6 D:\xampp74\htdocs\dev-monika-ps\panenapi\system\CodeIgniter.php(312): CodeIgniter\CodeIgniter->handleRequest(NULL, Object(Config\Cache), false)
#7 D:\xampp74\htdocs\dev-monika-ps\panenapi\index.php(45): CodeIgniter\CodeIgniter->run()
#8 {main}
CRITICAL - 2022-09-12 14:42:55 --> Call to a member function getName() on null
#0 D:\xampp74\htdocs\dev-monika-ps\panenapi\system\CodeIgniter.php(918): App\Controllers\User->editPhotoProfile('TUSR1655186552')
#1 D:\xampp74\htdocs\dev-monika-ps\panenapi\system\CodeIgniter.php(404): CodeIgniter\CodeIgniter->runController(Object(App\Controllers\User))
#2 D:\xampp74\htdocs\dev-monika-ps\panenapi\system\CodeIgniter.php(312): CodeIgniter\CodeIgniter->handleRequest(NULL, Object(Config\Cache), false)
#3 D:\xampp74\htdocs\dev-monika-ps\panenapi\index.php(45): CodeIgniter\CodeIgniter->run()
#4 {main}
CRITICAL - 2022-09-12 14:43:57 --> Call to a member function getName() on array
#0 D:\xampp74\htdocs\dev-monika-ps\panenapi\system\CodeIgniter.php(918): App\Controllers\User->editPhotoProfile('TUSR1655186552')
#1 D:\xampp74\htdocs\dev-monika-ps\panenapi\system\CodeIgniter.php(404): CodeIgniter\CodeIgniter->runController(Object(App\Controllers\User))
#2 D:\xampp74\htdocs\dev-monika-ps\panenapi\system\CodeIgniter.php(312): CodeIgniter\CodeIgniter->handleRequest(NULL, Object(Config\Cache), false)
#3 D:\xampp74\htdocs\dev-monika-ps\panenapi\index.php(45): CodeIgniter\CodeIgniter->run()
#4 {main}
CRITICAL - 2022-09-12 14:44:11 --> Call to a member function getName() on array
#0 D:\xampp74\htdocs\dev-monika-ps\panenapi\system\CodeIgniter.php(918): App\Controllers\User->editPhotoProfile('TUSR1655186552')
#1 D:\xampp74\htdocs\dev-monika-ps\panenapi\system\CodeIgniter.php(404): CodeIgniter\CodeIgniter->runController(Object(App\Controllers\User))
#2 D:\xampp74\htdocs\dev-monika-ps\panenapi\system\CodeIgniter.php(312): CodeIgniter\CodeIgniter->handleRequest(NULL, Object(Config\Cache), false)
#3 D:\xampp74\htdocs\dev-monika-ps\panenapi\index.php(45): CodeIgniter\CodeIgniter->run()
#4 {main}
CRITICAL - 2022-09-12 14:46:57 --> Call to a member function getName() on null
#0 D:\xampp74\htdocs\dev-monika-ps\panenapi\system\CodeIgniter.php(918): App\Controllers\User->editPhotoProfile('TUSR1655186552')
#1 D:\xampp74\htdocs\dev-monika-ps\panenapi\system\CodeIgniter.php(404): CodeIgniter\CodeIgniter->runController(Object(App\Controllers\User))
#2 D:\xampp74\htdocs\dev-monika-ps\panenapi\system\CodeIgniter.php(312): CodeIgniter\CodeIgniter->handleRequest(NULL, Object(Config\Cache), false)
#3 D:\xampp74\htdocs\dev-monika-ps\panenapi\index.php(45): CodeIgniter\CodeIgniter->run()
#4 {main}
CRITICAL - 2022-09-12 14:47:00 --> Call to a member function getName() on null
#0 D:\xampp74\htdocs\dev-monika-ps\panenapi\system\CodeIgniter.php(918): App\Controllers\User->editPhotoProfile('TUSR1655186552')
#1 D:\xampp74\htdocs\dev-monika-ps\panenapi\system\CodeIgniter.php(404): CodeIgniter\CodeIgniter->runController(Object(App\Controllers\User))
#2 D:\xampp74\htdocs\dev-monika-ps\panenapi\system\CodeIgniter.php(312): CodeIgniter\CodeIgniter->handleRequest(NULL, Object(Config\Cache), false)
#3 D:\xampp74\htdocs\dev-monika-ps\panenapi\index.php(45): CodeIgniter\CodeIgniter->run()
#4 {main}
CRITICAL - 2022-09-12 14:47:01 --> Call to a member function getName() on null
#0 D:\xampp74\htdocs\dev-monika-ps\panenapi\system\CodeIgniter.php(918): App\Controllers\User->editPhotoProfile('TUSR1655186552')
#1 D:\xampp74\htdocs\dev-monika-ps\panenapi\system\CodeIgniter.php(404): CodeIgniter\CodeIgniter->runController(Object(App\Controllers\User))
#2 D:\xampp74\htdocs\dev-monika-ps\panenapi\system\CodeIgniter.php(312): CodeIgniter\CodeIgniter->handleRequest(NULL, Object(Config\Cache), false)
#3 D:\xampp74\htdocs\dev-monika-ps\panenapi\index.php(45): CodeIgniter\CodeIgniter->run()
#4 {main}
CRITICAL - 2022-09-12 14:49:46 --> Call to a member function getName() on null
#0 D:\xampp74\htdocs\dev-monika-ps\panenapi\system\CodeIgniter.php(918): App\Controllers\User->editPhotoProfile('TUSR1655186552')
#1 D:\xampp74\htdocs\dev-monika-ps\panenapi\system\CodeIgniter.php(404): CodeIgniter\CodeIgniter->runController(Object(App\Controllers\User))
#2 D:\xampp74\htdocs\dev-monika-ps\panenapi\system\CodeIgniter.php(312): CodeIgniter\CodeIgniter->handleRequest(NULL, Object(Config\Cache), false)
#3 D:\xampp74\htdocs\dev-monika-ps\panenapi\index.php(45): CodeIgniter\CodeIgniter->run()
#4 {main}
CRITICAL - 2022-09-12 14:49:48 --> Call to a member function getName() on null
#0 D:\xampp74\htdocs\dev-monika-ps\panenapi\system\CodeIgniter.php(918): App\Controllers\User->editPhotoProfile('TUSR1655186552')
#1 D:\xampp74\htdocs\dev-monika-ps\panenapi\system\CodeIgniter.php(404): CodeIgniter\CodeIgniter->runController(Object(App\Controllers\User))
#2 D:\xampp74\htdocs\dev-monika-ps\panenapi\system\CodeIgniter.php(312): CodeIgniter\CodeIgniter->handleRequest(NULL, Object(Config\Cache), false)
#3 D:\xampp74\htdocs\dev-monika-ps\panenapi\index.php(45): CodeIgniter\CodeIgniter->run()
#4 {main}
CRITICAL - 2022-09-12 14:49:49 --> Call to a member function getName() on null
#0 D:\xampp74\htdocs\dev-monika-ps\panenapi\system\CodeIgniter.php(918): App\Controllers\User->editPhotoProfile('TUSR1655186552')
#1 D:\xampp74\htdocs\dev-monika-ps\panenapi\system\CodeIgniter.php(404): CodeIgniter\CodeIgniter->runController(Object(App\Controllers\User))
#2 D:\xampp74\htdocs\dev-monika-ps\panenapi\system\CodeIgniter.php(312): CodeIgniter\CodeIgniter->handleRequest(NULL, Object(Config\Cache), false)
#3 D:\xampp74\htdocs\dev-monika-ps\panenapi\index.php(45): CodeIgniter\CodeIgniter->run()
#4 {main}
CRITICAL - 2022-09-12 14:54:00 --> Call to a member function getName() on null
#0 D:\xampp74\htdocs\dev-monika-ps\panenapi\system\CodeIgniter.php(918): App\Controllers\User->editPhotoProfile('TUSR1655186552')
#1 D:\xampp74\htdocs\dev-monika-ps\panenapi\system\CodeIgniter.php(404): CodeIgniter\CodeIgniter->runController(Object(App\Controllers\User))
#2 D:\xampp74\htdocs\dev-monika-ps\panenapi\system\CodeIgniter.php(312): CodeIgniter\CodeIgniter->handleRequest(NULL, Object(Config\Cache), false)
#3 D:\xampp74\htdocs\dev-monika-ps\panenapi\index.php(45): CodeIgniter\CodeIgniter->run()
#4 {main}
CRITICAL - 2022-09-12 14:59:30 --> Call to a member function getName() on null
#0 D:\xampp74\htdocs\dev-monika-ps\panenapi\system\CodeIgniter.php(918): App\Controllers\User->editPhotoProfile()
#1 D:\xampp74\htdocs\dev-monika-ps\panenapi\system\CodeIgniter.php(404): CodeIgniter\CodeIgniter->runController(Object(App\Controllers\User))
#2 D:\xampp74\htdocs\dev-monika-ps\panenapi\system\CodeIgniter.php(312): CodeIgniter\CodeIgniter->handleRequest(NULL, Object(Config\Cache), false)
#3 D:\xampp74\htdocs\dev-monika-ps\panenapi\index.php(45): CodeIgniter\CodeIgniter->run()
#4 {main}
