CRITICAL - 2022-07-08 16:45:26 --> Unable to connect to the database.
#0 /var/www/html/monika.panensaham.com/panenapi/system/Database/BaseConnection.php(646): CodeIgniter\Database\BaseConnection->initialize()
#1 /var/www/html/monika.panensaham.com/panenapi/system/Database/BaseBuilder.php(1860): CodeIgniter\Database\BaseConnection->query()
#2 /var/www/html/monika.panensaham.com/panenapi/system/Model.php(404): CodeIgniter\Database\BaseBuilder->get()
#3 /var/www/html/monika.panensaham.com/panenapi/app/Controllers/Notification.php(88): CodeIgniter\Model->find()
#4 /var/www/html/monika.panensaham.com/panenapi/system/CodeIgniter.php(918): App\Controllers\Notification->getRecentBroadcast()
#5 /var/www/html/monika.panensaham.com/panenapi/system/CodeIgniter.php(404): CodeIgniter\CodeIgniter->runController()
#6 /var/www/html/monika.panensaham.com/panenapi/system/CodeIgniter.php(312): CodeIgniter\CodeIgniter->handleRequest()
#7 /var/www/html/monika.panensaham.com/panenapi/index.php(45): CodeIgniter\CodeIgniter->run()
#8 {main}
CRITICAL - 2022-07-08 16:45:26 --> Unable to connect to the database.
#0 /var/www/html/monika.panensaham.com/panenapi/system/Database/BaseConnection.php(646): CodeIgniter\Database\BaseConnection->initialize()
#1 /var/www/html/monika.panensaham.com/panenapi/system/Database/BaseBuilder.php(1860): CodeIgniter\Database\BaseConnection->query()
#2 /var/www/html/monika.panensaham.com/panenapi/system/Model.php(404): CodeIgniter\Database\BaseBuilder->get()
#3 /var/www/html/monika.panensaham.com/panenapi/app/Controllers/Notification.php(134): CodeIgniter\Model->find()
#4 /var/www/html/monika.panensaham.com/panenapi/system/CodeIgniter.php(918): App\Controllers\Notification->getPaymentNotif()
#5 /var/www/html/monika.panensaham.com/panenapi/system/CodeIgniter.php(404): CodeIgniter\CodeIgniter->runController()
#6 /var/www/html/monika.panensaham.com/panenapi/system/CodeIgniter.php(312): CodeIgniter\CodeIgniter->handleRequest()
#7 /var/www/html/monika.panensaham.com/panenapi/index.php(45): CodeIgniter\CodeIgniter->run()
#8 {main}
CRITICAL - 2022-07-08 16:45:34 --> Unable to connect to the database.
#0 /var/www/html/monika.panensaham.com/panenapi/system/Database/BaseConnection.php(646): CodeIgniter\Database\BaseConnection->initialize()
#1 /var/www/html/monika.panensaham.com/panenapi/system/Database/BaseBuilder.php(1860): CodeIgniter\Database\BaseConnection->query()
#2 /var/www/html/monika.panensaham.com/panenapi/system/Model.php(404): CodeIgniter\Database\BaseBuilder->get()
#3 /var/www/html/monika.panensaham.com/panenapi/app/Controllers/Notification.php(88): CodeIgniter\Model->find()
#4 /var/www/html/monika.panensaham.com/panenapi/system/CodeIgniter.php(918): App\Controllers\Notification->getRecentBroadcast()
#5 /var/www/html/monika.panensaham.com/panenapi/system/CodeIgniter.php(404): CodeIgniter\CodeIgniter->runController()
#6 /var/www/html/monika.panensaham.com/panenapi/system/CodeIgniter.php(312): CodeIgniter\CodeIgniter->handleRequest()
#7 /var/www/html/monika.panensaham.com/panenapi/index.php(45): CodeIgniter\CodeIgniter->run()
#8 {main}
CRITICAL - 2022-07-08 16:45:35 --> Unable to connect to the database.
#0 /var/www/html/monika.panensaham.com/panenapi/system/Database/BaseConnection.php(646): CodeIgniter\Database\BaseConnection->initialize()
#1 /var/www/html/monika.panensaham.com/panenapi/system/Database/BaseBuilder.php(1860): CodeIgniter\Database\BaseConnection->query()
#2 /var/www/html/monika.panensaham.com/panenapi/system/Model.php(404): CodeIgniter\Database\BaseBuilder->get()
#3 /var/www/html/monika.panensaham.com/panenapi/app/Controllers/Notification.php(134): CodeIgniter\Model->find()
#4 /var/www/html/monika.panensaham.com/panenapi/system/CodeIgniter.php(918): App\Controllers\Notification->getPaymentNotif()
#5 /var/www/html/monika.panensaham.com/panenapi/system/CodeIgniter.php(404): CodeIgniter\CodeIgniter->runController()
#6 /var/www/html/monika.panensaham.com/panenapi/system/CodeIgniter.php(312): CodeIgniter\CodeIgniter->handleRequest()
#7 /var/www/html/monika.panensaham.com/panenapi/index.php(45): CodeIgniter\CodeIgniter->run()
#8 {main}
