CRITICAL - 2022-08-04 14:58:05 --> Unable to connect to the database.
#0 /var/www/html/monika.panensaham.com/panenapi/system/Database/BaseConnection.php(646): CodeIgniter\Database\BaseConnection->initialize()
#1 /var/www/html/monika.panensaham.com/panenapi/system/Database/BaseBuilder.php(1860): CodeIgniter\Database\BaseConnection->query()
#2 /var/www/html/monika.panensaham.com/panenapi/app/Models/StockWatchlistModel.php(29): CodeIgniter\Database\BaseBuilder->get()
#3 /var/www/html/monika.panensaham.com/panenapi/app/Controllers/Apistockreview.php(1250): App\Models\StockWatchlistModel->getDataTes()
#4 /var/www/html/monika.panensaham.com/panenapi/system/CodeIgniter.php(918): App\Controllers\Apistockreview->getWatchlist()
#5 /var/www/html/monika.panensaham.com/panenapi/system/CodeIgniter.php(404): CodeIgniter\CodeIgniter->runController()
#6 /var/www/html/monika.panensaham.com/panenapi/system/CodeIgniter.php(312): CodeIgniter\CodeIgniter->handleRequest()
#7 /var/www/html/monika.panensaham.com/panenapi/index.php(45): CodeIgniter\CodeIgniter->run()
#8 {main}
CRITICAL - 2022-08-04 14:58:05 --> Unable to connect to the database.
#0 /var/www/html/monika.panensaham.com/panenapi/system/Database/BaseConnection.php(646): CodeIgniter\Database\BaseConnection->initialize()
#1 /var/www/html/monika.panensaham.com/panenapi/system/Database/BaseBuilder.php(1860): CodeIgniter\Database\BaseConnection->query()
#2 /var/www/html/monika.panensaham.com/panenapi/app/Models/StockWatchlistModel.php(29): CodeIgniter\Database\BaseBuilder->get()
#3 /var/www/html/monika.panensaham.com/panenapi/app/Controllers/Apistockreview.php(1250): App\Models\StockWatchlistModel->getDataTes()
#4 /var/www/html/monika.panensaham.com/panenapi/system/CodeIgniter.php(918): App\Controllers\Apistockreview->getWatchlist()
#5 /var/www/html/monika.panensaham.com/panenapi/system/CodeIgniter.php(404): CodeIgniter\CodeIgniter->runController()
#6 /var/www/html/monika.panensaham.com/panenapi/system/CodeIgniter.php(312): CodeIgniter\CodeIgniter->handleRequest()
#7 /var/www/html/monika.panensaham.com/panenapi/index.php(45): CodeIgniter\CodeIgniter->run()
#8 {main}
CRITICAL - 2022-08-04 14:58:05 --> Unable to connect to the database.
#0 /var/www/html/monika.panensaham.com/panenapi/system/Database/BaseConnection.php(646): CodeIgniter\Database\BaseConnection->initialize()
#1 /var/www/html/monika.panensaham.com/panenapi/system/Database/BaseBuilder.php(1860): CodeIgniter\Database\BaseConnection->query()
#2 /var/www/html/monika.panensaham.com/panenapi/system/Model.php(404): CodeIgniter\Database\BaseBuilder->get()
#3 /var/www/html/monika.panensaham.com/panenapi/app/Controllers/Notification.php(88): CodeIgniter\Model->find()
#4 /var/www/html/monika.panensaham.com/panenapi/system/CodeIgniter.php(918): App\Controllers\Notification->getRecentBroadcast()
#5 /var/www/html/monika.panensaham.com/panenapi/system/CodeIgniter.php(404): CodeIgniter\CodeIgniter->runController()
#6 /var/www/html/monika.panensaham.com/panenapi/system/CodeIgniter.php(312): CodeIgniter\CodeIgniter->handleRequest()
#7 /var/www/html/monika.panensaham.com/panenapi/index.php(45): CodeIgniter\CodeIgniter->run()
#8 {main}
CRITICAL - 2022-08-04 14:58:06 --> Unable to connect to the database.
#0 /var/www/html/monika.panensaham.com/panenapi/system/Database/BaseConnection.php(646): CodeIgniter\Database\BaseConnection->initialize()
#1 /var/www/html/monika.panensaham.com/panenapi/system/Database/BaseBuilder.php(2456): CodeIgniter\Database\BaseConnection->query()
#2 /var/www/html/monika.panensaham.com/panenapi/system/Model.php(889): CodeIgniter\Database\BaseBuilder->update()
#3 /var/www/html/monika.panensaham.com/panenapi/app/Controllers/User.php(2131): CodeIgniter\Model->update()
#4 /var/www/html/monika.panensaham.com/panenapi/system/CodeIgniter.php(918): App\Controllers\User->editLastAccess()
#5 /var/www/html/monika.panensaham.com/panenapi/system/CodeIgniter.php(404): CodeIgniter\CodeIgniter->runController()
#6 /var/www/html/monika.panensaham.com/panenapi/system/CodeIgniter.php(312): CodeIgniter\CodeIgniter->handleRequest()
#7 /var/www/html/monika.panensaham.com/panenapi/index.php(45): CodeIgniter\CodeIgniter->run()
#8 {main}
CRITICAL - 2022-08-04 14:58:06 --> Unable to connect to the database.
#0 /var/www/html/monika.panensaham.com/panenapi/system/Database/BaseConnection.php(646): CodeIgniter\Database\BaseConnection->initialize()
#1 /var/www/html/monika.panensaham.com/panenapi/system/Database/BaseBuilder.php(1860): CodeIgniter\Database\BaseConnection->query()
#2 /var/www/html/monika.panensaham.com/panenapi/system/Model.php(404): CodeIgniter\Database\BaseBuilder->get()
#3 /var/www/html/monika.panensaham.com/panenapi/app/Controllers/Notification.php(88): CodeIgniter\Model->find()
#4 /var/www/html/monika.panensaham.com/panenapi/system/CodeIgniter.php(918): App\Controllers\Notification->getRecentBroadcast()
#5 /var/www/html/monika.panensaham.com/panenapi/system/CodeIgniter.php(404): CodeIgniter\CodeIgniter->runController()
#6 /var/www/html/monika.panensaham.com/panenapi/system/CodeIgniter.php(312): CodeIgniter\CodeIgniter->handleRequest()
#7 /var/www/html/monika.panensaham.com/panenapi/index.php(45): CodeIgniter\CodeIgniter->run()
#8 {main}
CRITICAL - 2022-08-04 14:58:06 --> Unable to connect to the database.
#0 /var/www/html/monika.panensaham.com/panenapi/system/Database/BaseConnection.php(646): CodeIgniter\Database\BaseConnection->initialize()
#1 /var/www/html/monika.panensaham.com/panenapi/system/Database/BaseBuilder.php(1860): CodeIgniter\Database\BaseConnection->query()
#2 /var/www/html/monika.panensaham.com/panenapi/app/Models/StockWatchlistModel.php(29): CodeIgniter\Database\BaseBuilder->get()
#3 /var/www/html/monika.panensaham.com/panenapi/app/Controllers/Apistockreview.php(1250): App\Models\StockWatchlistModel->getDataTes()
#4 /var/www/html/monika.panensaham.com/panenapi/system/CodeIgniter.php(918): App\Controllers\Apistockreview->getWatchlist()
#5 /var/www/html/monika.panensaham.com/panenapi/system/CodeIgniter.php(404): CodeIgniter\CodeIgniter->runController()
#6 /var/www/html/monika.panensaham.com/panenapi/system/CodeIgniter.php(312): CodeIgniter\CodeIgniter->handleRequest()
#7 /var/www/html/monika.panensaham.com/panenapi/index.php(45): CodeIgniter\CodeIgniter->run()
#8 {main}
CRITICAL - 2022-08-04 14:58:32 --> Unable to connect to the database.
#0 /var/www/html/monika.panensaham.com/panenapi/system/Database/BaseConnection.php(646): CodeIgniter\Database\BaseConnection->initialize()
#1 /var/www/html/monika.panensaham.com/panenapi/system/Database/BaseBuilder.php(1860): CodeIgniter\Database\BaseConnection->query()
#2 /var/www/html/monika.panensaham.com/panenapi/system/Model.php(404): CodeIgniter\Database\BaseBuilder->get()
#3 /var/www/html/monika.panensaham.com/panenapi/app/Controllers/Notification.php(88): CodeIgniter\Model->find()
#4 /var/www/html/monika.panensaham.com/panenapi/system/CodeIgniter.php(918): App\Controllers\Notification->getRecentBroadcast()
#5 /var/www/html/monika.panensaham.com/panenapi/system/CodeIgniter.php(404): CodeIgniter\CodeIgniter->runController()
#6 /var/www/html/monika.panensaham.com/panenapi/system/CodeIgniter.php(312): CodeIgniter\CodeIgniter->handleRequest()
#7 /var/www/html/monika.panensaham.com/panenapi/index.php(45): CodeIgniter\CodeIgniter->run()
#8 {main}
CRITICAL - 2022-08-04 14:58:33 --> Unable to connect to the database.
#0 /var/www/html/monika.panensaham.com/panenapi/system/Database/BaseConnection.php(646): CodeIgniter\Database\BaseConnection->initialize()
#1 /var/www/html/monika.panensaham.com/panenapi/system/Database/BaseBuilder.php(1860): CodeIgniter\Database\BaseConnection->query()
#2 /var/www/html/monika.panensaham.com/panenapi/system/Model.php(404): CodeIgniter\Database\BaseBuilder->get()
#3 /var/www/html/monika.panensaham.com/panenapi/app/Controllers/Notification.php(88): CodeIgniter\Model->find()
#4 /var/www/html/monika.panensaham.com/panenapi/system/CodeIgniter.php(918): App\Controllers\Notification->getRecentBroadcast()
#5 /var/www/html/monika.panensaham.com/panenapi/system/CodeIgniter.php(404): CodeIgniter\CodeIgniter->runController()
#6 /var/www/html/monika.panensaham.com/panenapi/system/CodeIgniter.php(312): CodeIgniter\CodeIgniter->handleRequest()
#7 /var/www/html/monika.panensaham.com/panenapi/index.php(45): CodeIgniter\CodeIgniter->run()
#8 {main}
CRITICAL - 2022-08-04 14:58:33 --> Unable to connect to the database.
#0 /var/www/html/monika.panensaham.com/panenapi/system/Database/BaseConnection.php(646): CodeIgniter\Database\BaseConnection->initialize()
#1 /var/www/html/monika.panensaham.com/panenapi/system/Database/BaseBuilder.php(1860): CodeIgniter\Database\BaseConnection->query()
#2 /var/www/html/monika.panensaham.com/panenapi/system/Model.php(404): CodeIgniter\Database\BaseBuilder->get()
#3 /var/www/html/monika.panensaham.com/panenapi/app/Controllers/Notification.php(88): CodeIgniter\Model->find()
#4 /var/www/html/monika.panensaham.com/panenapi/system/CodeIgniter.php(918): App\Controllers\Notification->getRecentBroadcast()
#5 /var/www/html/monika.panensaham.com/panenapi/system/CodeIgniter.php(404): CodeIgniter\CodeIgniter->runController()
#6 /var/www/html/monika.panensaham.com/panenapi/system/CodeIgniter.php(312): CodeIgniter\CodeIgniter->handleRequest()
#7 /var/www/html/monika.panensaham.com/panenapi/index.php(45): CodeIgniter\CodeIgniter->run()
#8 {main}
CRITICAL - 2022-08-04 14:58:33 --> Unable to connect to the database.
#0 /var/www/html/monika.panensaham.com/panenapi/system/Database/BaseConnection.php(646): CodeIgniter\Database\BaseConnection->initialize()
#1 /var/www/html/monika.panensaham.com/panenapi/system/Database/BaseBuilder.php(1860): CodeIgniter\Database\BaseConnection->query()
#2 /var/www/html/monika.panensaham.com/panenapi/system/Model.php(404): CodeIgniter\Database\BaseBuilder->get()
#3 /var/www/html/monika.panensaham.com/panenapi/app/Controllers/Notification.php(134): CodeIgniter\Model->find()
#4 /var/www/html/monika.panensaham.com/panenapi/system/CodeIgniter.php(918): App\Controllers\Notification->getPaymentNotif()
#5 /var/www/html/monika.panensaham.com/panenapi/system/CodeIgniter.php(404): CodeIgniter\CodeIgniter->runController()
#6 /var/www/html/monika.panensaham.com/panenapi/system/CodeIgniter.php(312): CodeIgniter\CodeIgniter->handleRequest()
#7 /var/www/html/monika.panensaham.com/panenapi/index.php(45): CodeIgniter\CodeIgniter->run()
#8 {main}
CRITICAL - 2022-08-04 14:58:34 --> Unable to connect to the database.
#0 /var/www/html/monika.panensaham.com/panenapi/system/Database/BaseConnection.php(646): CodeIgniter\Database\BaseConnection->initialize()
#1 /var/www/html/monika.panensaham.com/panenapi/system/Database/BaseBuilder.php(1860): CodeIgniter\Database\BaseConnection->query()
#2 /var/www/html/monika.panensaham.com/panenapi/system/Model.php(404): CodeIgniter\Database\BaseBuilder->get()
#3 /var/www/html/monika.panensaham.com/panenapi/app/Controllers/Notification.php(88): CodeIgniter\Model->find()
#4 /var/www/html/monika.panensaham.com/panenapi/system/CodeIgniter.php(918): App\Controllers\Notification->getRecentBroadcast()
#5 /var/www/html/monika.panensaham.com/panenapi/system/CodeIgniter.php(404): CodeIgniter\CodeIgniter->runController()
#6 /var/www/html/monika.panensaham.com/panenapi/system/CodeIgniter.php(312): CodeIgniter\CodeIgniter->handleRequest()
#7 /var/www/html/monika.panensaham.com/panenapi/index.php(45): CodeIgniter\CodeIgniter->run()
#8 {main}
CRITICAL - 2022-08-04 14:58:34 --> Unable to connect to the database.
#0 /var/www/html/monika.panensaham.com/panenapi/system/Database/BaseConnection.php(646): CodeIgniter\Database\BaseConnection->initialize()
#1 /var/www/html/monika.panensaham.com/panenapi/system/Database/BaseBuilder.php(1860): CodeIgniter\Database\BaseConnection->query()
#2 /var/www/html/monika.panensaham.com/panenapi/system/Model.php(404): CodeIgniter\Database\BaseBuilder->get()
#3 /var/www/html/monika.panensaham.com/panenapi/app/Controllers/Notification.php(88): CodeIgniter\Model->find()
#4 /var/www/html/monika.panensaham.com/panenapi/system/CodeIgniter.php(918): App\Controllers\Notification->getRecentBroadcast()
#5 /var/www/html/monika.panensaham.com/panenapi/system/CodeIgniter.php(404): CodeIgniter\CodeIgniter->runController()
#6 /var/www/html/monika.panensaham.com/panenapi/system/CodeIgniter.php(312): CodeIgniter\CodeIgniter->handleRequest()
#7 /var/www/html/monika.panensaham.com/panenapi/index.php(45): CodeIgniter\CodeIgniter->run()
#8 {main}
CRITICAL - 2022-08-04 14:58:34 --> Unable to connect to the database.
#0 /var/www/html/monika.panensaham.com/panenapi/system/Database/BaseConnection.php(646): CodeIgniter\Database\BaseConnection->initialize()
#1 /var/www/html/monika.panensaham.com/panenapi/system/Database/BaseBuilder.php(1860): CodeIgniter\Database\BaseConnection->query()
#2 /var/www/html/monika.panensaham.com/panenapi/app/Models/StockWatchlistModel.php(29): CodeIgniter\Database\BaseBuilder->get()
#3 /var/www/html/monika.panensaham.com/panenapi/app/Controllers/Apistockreview.php(1250): App\Models\StockWatchlistModel->getDataTes()
#4 /var/www/html/monika.panensaham.com/panenapi/system/CodeIgniter.php(918): App\Controllers\Apistockreview->getWatchlist()
#5 /var/www/html/monika.panensaham.com/panenapi/system/CodeIgniter.php(404): CodeIgniter\CodeIgniter->runController()
#6 /var/www/html/monika.panensaham.com/panenapi/system/CodeIgniter.php(312): CodeIgniter\CodeIgniter->handleRequest()
#7 /var/www/html/monika.panensaham.com/panenapi/index.php(45): CodeIgniter\CodeIgniter->run()
#8 {main}
CRITICAL - 2022-08-04 14:58:34 --> Unable to connect to the database.
#0 /var/www/html/monika.panensaham.com/panenapi/system/Database/BaseConnection.php(646): CodeIgniter\Database\BaseConnection->initialize()
#1 /var/www/html/monika.panensaham.com/panenapi/system/Database/BaseBuilder.php(1860): CodeIgniter\Database\BaseConnection->query()
#2 /var/www/html/monika.panensaham.com/panenapi/app/Models/StockWatchlistModel.php(29): CodeIgniter\Database\BaseBuilder->get()
#3 /var/www/html/monika.panensaham.com/panenapi/app/Controllers/Apistockreview.php(1250): App\Models\StockWatchlistModel->getDataTes()
#4 /var/www/html/monika.panensaham.com/panenapi/system/CodeIgniter.php(918): App\Controllers\Apistockreview->getWatchlist()
#5 /var/www/html/monika.panensaham.com/panenapi/system/CodeIgniter.php(404): CodeIgniter\CodeIgniter->runController()
#6 /var/www/html/monika.panensaham.com/panenapi/system/CodeIgniter.php(312): CodeIgniter\CodeIgniter->handleRequest()
#7 /var/www/html/monika.panensaham.com/panenapi/index.php(45): CodeIgniter\CodeIgniter->run()
#8 {main}
CRITICAL - 2022-08-04 14:58:34 --> Unable to connect to the database.
#0 /var/www/html/monika.panensaham.com/panenapi/system/Database/BaseConnection.php(646): CodeIgniter\Database\BaseConnection->initialize()
#1 /var/www/html/monika.panensaham.com/panenapi/system/Database/BaseBuilder.php(1860): CodeIgniter\Database\BaseConnection->query()
#2 /var/www/html/monika.panensaham.com/panenapi/app/Models/StockWatchlistModel.php(29): CodeIgniter\Database\BaseBuilder->get()
#3 /var/www/html/monika.panensaham.com/panenapi/app/Controllers/Apistockreview.php(1250): App\Models\StockWatchlistModel->getDataTes()
#4 /var/www/html/monika.panensaham.com/panenapi/system/CodeIgniter.php(918): App\Controllers\Apistockreview->getWatchlist()
#5 /var/www/html/monika.panensaham.com/panenapi/system/CodeIgniter.php(404): CodeIgniter\CodeIgniter->runController()
#6 /var/www/html/monika.panensaham.com/panenapi/system/CodeIgniter.php(312): CodeIgniter\CodeIgniter->handleRequest()
#7 /var/www/html/monika.panensaham.com/panenapi/index.php(45): CodeIgniter\CodeIgniter->run()
#8 {main}
CRITICAL - 2022-08-04 14:58:34 --> Unable to connect to the database.
#0 /var/www/html/monika.panensaham.com/panenapi/system/Database/BaseConnection.php(646): CodeIgniter\Database\BaseConnection->initialize()
#1 /var/www/html/monika.panensaham.com/panenapi/system/Database/BaseBuilder.php(1860): CodeIgniter\Database\BaseConnection->query()
#2 /var/www/html/monika.panensaham.com/panenapi/system/Model.php(404): CodeIgniter\Database\BaseBuilder->get()
#3 /var/www/html/monika.panensaham.com/panenapi/app/Controllers/Notification.php(88): CodeIgniter\Model->find()
#4 /var/www/html/monika.panensaham.com/panenapi/system/CodeIgniter.php(918): App\Controllers\Notification->getRecentBroadcast()
#5 /var/www/html/monika.panensaham.com/panenapi/system/CodeIgniter.php(404): CodeIgniter\CodeIgniter->runController()
#6 /var/www/html/monika.panensaham.com/panenapi/system/CodeIgniter.php(312): CodeIgniter\CodeIgniter->handleRequest()
#7 /var/www/html/monika.panensaham.com/panenapi/index.php(45): CodeIgniter\CodeIgniter->run()
#8 {main}
CRITICAL - 2022-08-04 14:58:35 --> Unable to connect to the database.
#0 /var/www/html/monika.panensaham.com/panenapi/system/Database/BaseConnection.php(646): CodeIgniter\Database\BaseConnection->initialize()
#1 /var/www/html/monika.panensaham.com/panenapi/system/Database/BaseBuilder.php(1860): CodeIgniter\Database\BaseConnection->query()
#2 /var/www/html/monika.panensaham.com/panenapi/app/Models/StockWatchlistModel.php(29): CodeIgniter\Database\BaseBuilder->get()
#3 /var/www/html/monika.panensaham.com/panenapi/app/Controllers/Apistockreview.php(1250): App\Models\StockWatchlistModel->getDataTes()
#4 /var/www/html/monika.panensaham.com/panenapi/system/CodeIgniter.php(918): App\Controllers\Apistockreview->getWatchlist()
#5 /var/www/html/monika.panensaham.com/panenapi/system/CodeIgniter.php(404): CodeIgniter\CodeIgniter->runController()
#6 /var/www/html/monika.panensaham.com/panenapi/system/CodeIgniter.php(312): CodeIgniter\CodeIgniter->handleRequest()
#7 /var/www/html/monika.panensaham.com/panenapi/index.php(45): CodeIgniter\CodeIgniter->run()
#8 {main}
CRITICAL - 2022-08-04 14:58:35 --> Unable to connect to the database.
#0 /var/www/html/monika.panensaham.com/panenapi/system/Database/BaseConnection.php(646): CodeIgniter\Database\BaseConnection->initialize()
#1 /var/www/html/monika.panensaham.com/panenapi/system/Database/BaseBuilder.php(1860): CodeIgniter\Database\BaseConnection->query()
#2 /var/www/html/monika.panensaham.com/panenapi/system/Model.php(404): CodeIgniter\Database\BaseBuilder->get()
#3 /var/www/html/monika.panensaham.com/panenapi/app/Controllers/Notification.php(88): CodeIgniter\Model->find()
#4 /var/www/html/monika.panensaham.com/panenapi/system/CodeIgniter.php(918): App\Controllers\Notification->getRecentBroadcast()
#5 /var/www/html/monika.panensaham.com/panenapi/system/CodeIgniter.php(404): CodeIgniter\CodeIgniter->runController()
#6 /var/www/html/monika.panensaham.com/panenapi/system/CodeIgniter.php(312): CodeIgniter\CodeIgniter->handleRequest()
#7 /var/www/html/monika.panensaham.com/panenapi/index.php(45): CodeIgniter\CodeIgniter->run()
#8 {main}
CRITICAL - 2022-08-04 14:58:36 --> Unable to connect to the database.
#0 /var/www/html/monika.panensaham.com/panenapi/system/Database/BaseConnection.php(646): CodeIgniter\Database\BaseConnection->initialize()
#1 /var/www/html/monika.panensaham.com/panenapi/system/Database/BaseBuilder.php(1860): CodeIgniter\Database\BaseConnection->query()
#2 /var/www/html/monika.panensaham.com/panenapi/system/Model.php(404): CodeIgniter\Database\BaseBuilder->get()
#3 /var/www/html/monika.panensaham.com/panenapi/app/Controllers/Notification.php(88): CodeIgniter\Model->find()
#4 /var/www/html/monika.panensaham.com/panenapi/system/CodeIgniter.php(918): App\Controllers\Notification->getRecentBroadcast()
#5 /var/www/html/monika.panensaham.com/panenapi/system/CodeIgniter.php(404): CodeIgniter\CodeIgniter->runController()
#6 /var/www/html/monika.panensaham.com/panenapi/system/CodeIgniter.php(312): CodeIgniter\CodeIgniter->handleRequest()
#7 /var/www/html/monika.panensaham.com/panenapi/index.php(45): CodeIgniter\CodeIgniter->run()
#8 {main}
CRITICAL - 2022-08-04 14:58:36 --> Unable to connect to the database.
#0 /var/www/html/monika.panensaham.com/panenapi/system/Database/BaseConnection.php(646): CodeIgniter\Database\BaseConnection->initialize()
#1 /var/www/html/monika.panensaham.com/panenapi/system/Database/BaseBuilder.php(1860): CodeIgniter\Database\BaseConnection->query()
#2 /var/www/html/monika.panensaham.com/panenapi/app/Models/StockWatchlistModel.php(29): CodeIgniter\Database\BaseBuilder->get()
#3 /var/www/html/monika.panensaham.com/panenapi/app/Controllers/Apistockreview.php(1250): App\Models\StockWatchlistModel->getDataTes()
#4 /var/www/html/monika.panensaham.com/panenapi/system/CodeIgniter.php(918): App\Controllers\Apistockreview->getWatchlist()
#5 /var/www/html/monika.panensaham.com/panenapi/system/CodeIgniter.php(404): CodeIgniter\CodeIgniter->runController()
#6 /var/www/html/monika.panensaham.com/panenapi/system/CodeIgniter.php(312): CodeIgniter\CodeIgniter->handleRequest()
#7 /var/www/html/monika.panensaham.com/panenapi/index.php(45): CodeIgniter\CodeIgniter->run()
#8 {main}
CRITICAL - 2022-08-04 14:58:37 --> Unable to connect to the database.
#0 /var/www/html/monika.panensaham.com/panenapi/system/Database/BaseConnection.php(646): CodeIgniter\Database\BaseConnection->initialize()
#1 /var/www/html/monika.panensaham.com/panenapi/system/Database/BaseBuilder.php(1860): CodeIgniter\Database\BaseConnection->query()
#2 /var/www/html/monika.panensaham.com/panenapi/system/Model.php(404): CodeIgniter\Database\BaseBuilder->get()
#3 /var/www/html/monika.panensaham.com/panenapi/app/Controllers/Notification.php(88): CodeIgniter\Model->find()
#4 /var/www/html/monika.panensaham.com/panenapi/system/CodeIgniter.php(918): App\Controllers\Notification->getRecentBroadcast()
#5 /var/www/html/monika.panensaham.com/panenapi/system/CodeIgniter.php(404): CodeIgniter\CodeIgniter->runController()
#6 /var/www/html/monika.panensaham.com/panenapi/system/CodeIgniter.php(312): CodeIgniter\CodeIgniter->handleRequest()
#7 /var/www/html/monika.panensaham.com/panenapi/index.php(45): CodeIgniter\CodeIgniter->run()
#8 {main}
CRITICAL - 2022-08-04 14:58:37 --> Unable to connect to the database.
#0 /var/www/html/monika.panensaham.com/panenapi/system/Database/BaseConnection.php(646): CodeIgniter\Database\BaseConnection->initialize()
#1 /var/www/html/monika.panensaham.com/panenapi/system/Database/BaseBuilder.php(1860): CodeIgniter\Database\BaseConnection->query()
#2 /var/www/html/monika.panensaham.com/panenapi/system/Model.php(404): CodeIgniter\Database\BaseBuilder->get()
#3 /var/www/html/monika.panensaham.com/panenapi/app/Controllers/Notification.php(88): CodeIgniter\Model->find()
#4 /var/www/html/monika.panensaham.com/panenapi/system/CodeIgniter.php(918): App\Controllers\Notification->getRecentBroadcast()
#5 /var/www/html/monika.panensaham.com/panenapi/system/CodeIgniter.php(404): CodeIgniter\CodeIgniter->runController()
#6 /var/www/html/monika.panensaham.com/panenapi/system/CodeIgniter.php(312): CodeIgniter\CodeIgniter->handleRequest()
#7 /var/www/html/monika.panensaham.com/panenapi/index.php(45): CodeIgniter\CodeIgniter->run()
#8 {main}
CRITICAL - 2022-08-04 14:58:37 --> Unable to connect to the database.
#0 /var/www/html/monika.panensaham.com/panenapi/system/Database/BaseConnection.php(646): CodeIgniter\Database\BaseConnection->initialize()
#1 /var/www/html/monika.panensaham.com/panenapi/system/Database/BaseBuilder.php(1860): CodeIgniter\Database\BaseConnection->query()
#2 /var/www/html/monika.panensaham.com/panenapi/app/Models/StockWatchlistModel.php(29): CodeIgniter\Database\BaseBuilder->get()
#3 /var/www/html/monika.panensaham.com/panenapi/app/Controllers/Apistockreview.php(1250): App\Models\StockWatchlistModel->getDataTes()
#4 /var/www/html/monika.panensaham.com/panenapi/system/CodeIgniter.php(918): App\Controllers\Apistockreview->getWatchlist()
#5 /var/www/html/monika.panensaham.com/panenapi/system/CodeIgniter.php(404): CodeIgniter\CodeIgniter->runController()
#6 /var/www/html/monika.panensaham.com/panenapi/system/CodeIgniter.php(312): CodeIgniter\CodeIgniter->handleRequest()
#7 /var/www/html/monika.panensaham.com/panenapi/index.php(45): CodeIgniter\CodeIgniter->run()
#8 {main}
